[ 2014-12-19T10:08:51+08:00 ] ::1 /whr/index.php?s=/Home/Order/url_ajaxrepair
INFO: [ app_begin ] --START--
INFO: Run Behavior\ReadHtmlCacheBehavior [ RunTime:0.000641s ]
INFO: [ app_begin ] --END-- [ RunTime:0.000984s ]
ERR: 非法操作:url_ajaxrepair

[ 2014-12-19T10:54:53+08:00 ] ::1 /whr/index.php?s=/Home/Order/url_ajax
INFO: [ app_begin ] --START--
INFO: Run Behavior\ReadHtmlCacheBehavior [ RunTime:0.000420s ]
INFO: [ app_begin ] --END-- [ RunTime:0.000698s ]
NOTIC: [8] Undefined variable: goods C:\xampp\htdocs\whr\App\Home\Controller\OrderController.class.php 第 38 行.

[ 2014-12-19T10:54:54+08:00 ] ::1 /whr/index.php?s=/Home/Order/url_ajax
INFO: [ app_begin ] --START--
INFO: Run Behavior\ReadHtmlCacheBehavior [ RunTime:0.000434s ]
INFO: [ app_begin ] --END-- [ RunTime:0.000809s ]
NOTIC: [8] Undefined variable: goods C:\xampp\htdocs\whr\App\Home\Controller\OrderController.class.php 第 38 行.

[ 2014-12-19T10:54:55+08:00 ] ::1 /whr/index.php?s=/Home/Order/url_ajax
INFO: [ app_begin ] --START--
INFO: Run Behavior\ReadHtmlCacheBehavior [ RunTime:0.000450s ]
INFO: [ app_begin ] --END-- [ RunTime:0.000712s ]
NOTIC: [8] Undefined variable: goods C:\xampp\htdocs\whr\App\Home\Controller\OrderController.class.php 第 38 行.

[ 2014-12-19T10:54:55+08:00 ] ::1 /whr/index.php?s=/Home/Order/url_ajax
INFO: [ app_begin ] --START--
INFO: Run Behavior\ReadHtmlCacheBehavior [ RunTime:0.000436s ]
INFO: [ app_begin ] --END-- [ RunTime:0.000727s ]
NOTIC: [8] Undefined variable: goods C:\xampp\htdocs\whr\App\Home\Controller\OrderController.class.php 第 38 行.

[ 2014-12-19T10:54:55+08:00 ] ::1 /whr/index.php?s=/Home/Order/url_ajax
INFO: [ app_begin ] --START--
INFO: Run Behavior\ReadHtmlCacheBehavior [ RunTime:0.000397s ]
INFO: [ app_begin ] --END-- [ RunTime:0.000665s ]
NOTIC: [8] Undefined variable: goods C:\xampp\htdocs\whr\App\Home\Controller\OrderController.class.php 第 38 行.

[ 2014-12-19T10:54:55+08:00 ] ::1 /whr/index.php?s=/Home/Order/url_ajax
INFO: [ app_begin ] --START--
INFO: Run Behavior\ReadHtmlCacheBehavior [ RunTime:0.001697s ]
INFO: [ app_begin ] --END-- [ RunTime:0.001973s ]
NOTIC: [8] Undefined variable: goods C:\xampp\htdocs\whr\App\Home\Controller\OrderController.class.php 第 38 行.

[ 2014-12-19T10:54:56+08:00 ] ::1 /whr/index.php?s=/Home/Order/url_ajax
INFO: [ app_begin ] --START--
INFO: Run Behavior\ReadHtmlCacheBehavior [ RunTime:0.000423s ]
INFO: [ app_begin ] --END-- [ RunTime:0.000682s ]
NOTIC: [8] Undefined variable: goods C:\xampp\htdocs\whr\App\Home\Controller\OrderController.class.php 第 38 行.

[ 2014-12-19T10:54:58+08:00 ] ::1 /whr/index.php?s=/Home/Order/url_ajax
INFO: [ app_begin ] --START--
INFO: Run Behavior\ReadHtmlCacheBehavior [ RunTime:0.000396s ]
INFO: [ app_begin ] --END-- [ RunTime:0.000660s ]
NOTIC: [8] Undefined variable: goods C:\xampp\htdocs\whr\App\Home\Controller\OrderController.class.php 第 38 行.

[ 2014-12-19T10:54:58+08:00 ] ::1 /whr/index.php?s=/Home/Order/url_ajax
INFO: [ app_begin ] --START--
INFO: Run Behavior\ReadHtmlCacheBehavior [ RunTime:0.000392s ]
INFO: [ app_begin ] --END-- [ RunTime:0.000658s ]
NOTIC: [8] Undefined variable: goods C:\xampp\htdocs\whr\App\Home\Controller\OrderController.class.php 第 38 行.

[ 2014-12-19T10:54:58+08:00 ] ::1 /whr/index.php?s=/Home/Order/url_ajax
INFO: [ app_begin ] --START--
INFO: Run Behavior\ReadHtmlCacheBehavior [ RunTime:0.000402s ]
INFO: [ app_begin ] --END-- [ RunTime:0.000711s ]
NOTIC: [8] Undefined variable: goods C:\xampp\htdocs\whr\App\Home\Controller\OrderController.class.php 第 38 行.

[ 2014-12-19T10:54:59+08:00 ] ::1 /whr/index.php?s=/Home/Order/url_ajax
INFO: [ app_begin ] --START--
INFO: Run Behavior\ReadHtmlCacheBehavior [ RunTime:0.000408s ]
INFO: [ app_begin ] --END-- [ RunTime:0.000684s ]
NOTIC: [8] Undefined variable: goods C:\xampp\htdocs\whr\App\Home\Controller\OrderController.class.php 第 38 行.

[ 2014-12-19T10:55:29+08:00 ] ::1 /whr/index.php?s=/Home/Order/url_ajax
INFO: [ app_begin ] --START--
INFO: Run Behavior\ReadHtmlCacheBehavior [ RunTime:0.000392s ]
INFO: [ app_begin ] --END-- [ RunTime:0.000658s ]
NOTIC: [8] Undefined variable: goods C:\xampp\htdocs\whr\App\Home\Controller\OrderController.class.php 第 38 行.

[ 2014-12-19T10:55:31+08:00 ] ::1 /whr/index.php?s=/Home/Order/url_ajax
INFO: [ app_begin ] --START--
INFO: Run Behavior\ReadHtmlCacheBehavior [ RunTime:0.000383s ]
INFO: [ app_begin ] --END-- [ RunTime:0.000640s ]
NOTIC: [8] Undefined variable: goods C:\xampp\htdocs\whr\App\Home\Controller\OrderController.class.php 第 38 行.

[ 2014-12-19T10:55:31+08:00 ] ::1 /whr/index.php?s=/Home/Order/url_ajax
INFO: [ app_begin ] --START--
INFO: Run Behavior\ReadHtmlCacheBehavior [ RunTime:0.000413s ]
INFO: [ app_begin ] --END-- [ RunTime:0.000677s ]
NOTIC: [8] Undefined variable: goods C:\xampp\htdocs\whr\App\Home\Controller\OrderController.class.php 第 38 行.

[ 2014-12-19T10:55:32+08:00 ] ::1 /whr/index.php?s=/Home/Order/url_ajax
INFO: [ app_begin ] --START--
INFO: Run Behavior\ReadHtmlCacheBehavior [ RunTime:0.000540s ]
INFO: [ app_begin ] --END-- [ RunTime:0.000963s ]
NOTIC: [8] Undefined variable: goods C:\xampp\htdocs\whr\App\Home\Controller\OrderController.class.php 第 38 行.

[ 2014-12-19T10:55:34+08:00 ] ::1 /whr/index.php?s=/Home/Order/url_ajax
INFO: [ app_begin ] --START--
INFO: Run Behavior\ReadHtmlCacheBehavior [ RunTime:0.000569s ]
INFO: [ app_begin ] --END-- [ RunTime:0.000934s ]
NOTIC: [8] Undefined variable: goods C:\xampp\htdocs\whr\App\Home\Controller\OrderController.class.php 第 38 行.

[ 2014-12-19T10:55:34+08:00 ] ::1 /whr/index.php?s=/Home/Order/url_ajax
INFO: [ app_begin ] --START--
INFO: Run Behavior\ReadHtmlCacheBehavior [ RunTime:0.000440s ]
INFO: [ app_begin ] --END-- [ RunTime:0.000759s ]
NOTIC: [8] Undefined variable: goods C:\xampp\htdocs\whr\App\Home\Controller\OrderController.class.php 第 38 行.

[ 2014-12-19T10:55:35+08:00 ] ::1 /whr/index.php?s=/Home/Order/url_ajax
INFO: [ app_begin ] --START--
INFO: Run Behavior\ReadHtmlCacheBehavior [ RunTime:0.000462s ]
INFO: [ app_begin ] --END-- [ RunTime:0.000727s ]
NOTIC: [8] Undefined variable: goods C:\xampp\htdocs\whr\App\Home\Controller\OrderController.class.php 第 38 行.

[ 2014-12-19T10:55:37+08:00 ] ::1 /whr/index.php?s=/Home/Order/url_ajax
INFO: [ app_begin ] --START--
INFO: Run Behavior\ReadHtmlCacheBehavior [ RunTime:0.000491s ]
INFO: [ app_begin ] --END-- [ RunTime:0.000869s ]
NOTIC: [8] Undefined variable: goods C:\xampp\htdocs\whr\App\Home\Controller\OrderController.class.php 第 38 行.

[ 2014-12-19T10:55:42+08:00 ] ::1 /whr/index.php?s=/Home/Order/url_ajax
INFO: [ app_begin ] --START--
INFO: Run Behavior\ReadHtmlCacheBehavior [ RunTime:0.000424s ]
INFO: [ app_begin ] --END-- [ RunTime:0.000702s ]
NOTIC: [8] Undefined variable: goods C:\xampp\htdocs\whr\App\Home\Controller\OrderController.class.php 第 38 行.

[ 2014-12-19T10:55:42+08:00 ] ::1 /whr/index.php?s=/Home/Order/url_ajax
INFO: [ app_begin ] --START--
INFO: Run Behavior\ReadHtmlCacheBehavior [ RunTime:0.000384s ]
INFO: [ app_begin ] --END-- [ RunTime:0.000640s ]
NOTIC: [8] Undefined variable: goods C:\xampp\htdocs\whr\App\Home\Controller\OrderController.class.php 第 38 行.

[ 2014-12-19T10:55:42+08:00 ] ::1 /whr/index.php?s=/Home/Order/url_ajax
INFO: [ app_begin ] --START--
INFO: Run Behavior\ReadHtmlCacheBehavior [ RunTime:0.000403s ]
INFO: [ app_begin ] --END-- [ RunTime:0.000686s ]
NOTIC: [8] Undefined variable: goods C:\xampp\htdocs\whr\App\Home\Controller\OrderController.class.php 第 38 行.

[ 2014-12-19T10:55:42+08:00 ] ::1 /whr/index.php?s=/Home/Order/url_ajax
INFO: [ app_begin ] --START--
INFO: Run Behavior\ReadHtmlCacheBehavior [ RunTime:0.000442s ]
INFO: [ app_begin ] --END-- [ RunTime:0.000888s ]
NOTIC: [8] Undefined variable: goods C:\xampp\htdocs\whr\App\Home\Controller\OrderController.class.php 第 38 行.

[ 2014-12-19T10:55:53+08:00 ] ::1 /whr/index.php?s=/Home/Order/url_ajax
INFO: [ app_begin ] --START--
INFO: Run Behavior\ReadHtmlCacheBehavior [ RunTime:0.000392s ]
INFO: [ app_begin ] --END-- [ RunTime:0.000659s ]

[ 2014-12-19T10:56:10+08:00 ] ::1 /whr/index.php?s=/Home/Order/url_ajax
INFO: [ app_begin ] --START--
INFO: Run Behavior\ReadHtmlCacheBehavior [ RunTime:0.001276s ]
INFO: [ app_begin ] --END-- [ RunTime:0.001552s ]
NOTIC: [8] Undefined variable: goods C:\xampp\htdocs\whr\App\Home\Controller\OrderController.class.php 第 40 行.

[ 2014-12-19T10:56:11+08:00 ] ::1 /whr/index.php?s=/Home/Order/url_ajax
INFO: [ app_begin ] --START--
INFO: Run Behavior\ReadHtmlCacheBehavior [ RunTime:0.000449s ]
INFO: [ app_begin ] --END-- [ RunTime:0.000715s ]
NOTIC: [8] Undefined variable: goods C:\xampp\htdocs\whr\App\Home\Controller\OrderController.class.php 第 40 行.

[ 2014-12-19T10:56:11+08:00 ] ::1 /whr/index.php?s=/Home/Order/url_ajax
INFO: [ app_begin ] --START--
INFO: Run Behavior\ReadHtmlCacheBehavior [ RunTime:0.000388s ]
INFO: [ app_begin ] --END-- [ RunTime:0.000647s ]
NOTIC: [8] Undefined variable: goods C:\xampp\htdocs\whr\App\Home\Controller\OrderController.class.php 第 40 行.

[ 2014-12-19T10:56:11+08:00 ] ::1 /whr/index.php?s=/Home/Order/url_ajax
INFO: [ app_begin ] --START--
INFO: Run Behavior\ReadHtmlCacheBehavior [ RunTime:0.000391s ]
INFO: [ app_begin ] --END-- [ RunTime:0.000662s ]
NOTIC: [8] Undefined variable: goods C:\xampp\htdocs\whr\App\Home\Controller\OrderController.class.php 第 40 行.

[ 2014-12-19T10:56:12+08:00 ] ::1 /whr/index.php?s=/Home/Order/url_ajax
INFO: [ app_begin ] --START--
INFO: Run Behavior\ReadHtmlCacheBehavior [ RunTime:0.000634s ]
INFO: [ app_begin ] --END-- [ RunTime:0.000905s ]
NOTIC: [8] Undefined variable: goods C:\xampp\htdocs\whr\App\Home\Controller\OrderController.class.php 第 40 行.

[ 2014-12-19T10:56:12+08:00 ] ::1 /whr/index.php?s=/Home/Order/url_ajax
INFO: [ app_begin ] --START--
INFO: Run Behavior\ReadHtmlCacheBehavior [ RunTime:0.000428s ]
INFO: [ app_begin ] --END-- [ RunTime:0.000690s ]
NOTIC: [8] Undefined variable: goods C:\xampp\htdocs\whr\App\Home\Controller\OrderController.class.php 第 40 行.

[ 2014-12-19T10:56:12+08:00 ] ::1 /whr/index.php?s=/Home/Order/url_ajax
INFO: [ app_begin ] --START--
INFO: Run Behavior\ReadHtmlCacheBehavior [ RunTime:0.000394s ]
INFO: [ app_begin ] --END-- [ RunTime:0.000658s ]
NOTIC: [8] Undefined variable: goods C:\xampp\htdocs\whr\App\Home\Controller\OrderController.class.php 第 40 行.

[ 2014-12-19T10:56:24+08:00 ] ::1 /whr/index.php?s=/Home/Order/url_ajax
INFO: [ app_begin ] --START--
INFO: Run Behavior\ReadHtmlCacheBehavior [ RunTime:0.000393s ]
INFO: [ app_begin ] --END-- [ RunTime:0.000658s ]
SQL: SHOW COLUMNS FROM wrt_order o [ RunTime:0.000123s ]
ERR: 1064:You have an error in your SQL syntax; check the manual that corresponds to your MySQL server version for the right syntax to use near 'o' at line 1
 [ SQL语句 ] : SHOW COLUMNS FROM wrt_order o
SQL: SELECT o.*,u.user_id,b.id,b.name,u.user_name FROM wrt_order o INNER JOIN wrt_user AS u ON u.user_id=o.user_id INNER JOIN wrt_business AS b ON b.id=o.bid  WHERE ( o.oid=1 ) LIMIT 1   [ RunTime:0.000335s ]

[ 2014-12-19T10:56:25+08:00 ] ::1 /whr/index.php?s=/Home/Order/url_ajax
INFO: [ app_begin ] --START--
INFO: Run Behavior\ReadHtmlCacheBehavior [ RunTime:0.000420s ]
INFO: [ app_begin ] --END-- [ RunTime:0.000692s ]
SQL: SHOW COLUMNS FROM wrt_order o [ RunTime:0.000213s ]
ERR: 1064:You have an error in your SQL syntax; check the manual that corresponds to your MySQL server version for the right syntax to use near 'o' at line 1
 [ SQL语句 ] : SHOW COLUMNS FROM wrt_order o
SQL: SELECT o.*,u.user_id,b.id,b.name,u.user_name FROM wrt_order o INNER JOIN wrt_user AS u ON u.user_id=o.user_id INNER JOIN wrt_business AS b ON b.id=o.bid  WHERE ( o.oid=2 ) LIMIT 1   [ RunTime:0.000419s ]

[ 2014-12-19T10:56:26+08:00 ] ::1 /whr/index.php?s=/Home/Order/url_ajax
INFO: [ app_begin ] --START--
INFO: Run Behavior\ReadHtmlCacheBehavior [ RunTime:0.000398s ]
INFO: [ app_begin ] --END-- [ RunTime:0.000714s ]
SQL: SHOW COLUMNS FROM wrt_order o [ RunTime:0.000179s ]
ERR: 1064:You have an error in your SQL syntax; check the manual that corresponds to your MySQL server version for the right syntax to use near 'o' at line 1
 [ SQL语句 ] : SHOW COLUMNS FROM wrt_order o
SQL: SELECT o.*,u.user_id,b.id,b.name,u.user_name FROM wrt_order o INNER JOIN wrt_user AS u ON u.user_id=o.user_id INNER JOIN wrt_business AS b ON b.id=o.bid  WHERE ( o.oid=2 ) LIMIT 1   [ RunTime:0.000340s ]

[ 2014-12-19T10:56:26+08:00 ] ::1 /whr/index.php?s=/Home/Order/url_ajax
INFO: [ app_begin ] --START--
INFO: Run Behavior\ReadHtmlCacheBehavior [ RunTime:0.000463s ]
INFO: [ app_begin ] --END-- [ RunTime:0.000725s ]
SQL: SHOW COLUMNS FROM wrt_order o [ RunTime:0.000173s ]
ERR: 1064:You have an error in your SQL syntax; check the manual that corresponds to your MySQL server version for the right syntax to use near 'o' at line 1
 [ SQL语句 ] : SHOW COLUMNS FROM wrt_order o
SQL: SELECT o.*,u.user_id,b.id,b.name,u.user_name FROM wrt_order o INNER JOIN wrt_user AS u ON u.user_id=o.user_id INNER JOIN wrt_business AS b ON b.id=o.bid  WHERE ( o.oid=2 ) LIMIT 1   [ RunTime:0.000363s ]

[ 2014-12-19T10:56:26+08:00 ] ::1 /whr/index.php?s=/Home/Order/url_ajax
INFO: [ app_begin ] --START--
INFO: Run Behavior\ReadHtmlCacheBehavior [ RunTime:0.000395s ]
INFO: [ app_begin ] --END-- [ RunTime:0.000663s ]
SQL: SHOW COLUMNS FROM wrt_order o [ RunTime:0.000091s ]
ERR: 1064:You have an error in your SQL syntax; check the manual that corresponds to your MySQL server version for the right syntax to use near 'o' at line 1
 [ SQL语句 ] : SHOW COLUMNS FROM wrt_order o
SQL: SELECT o.*,u.user_id,b.id,b.name,u.user_name FROM wrt_order o INNER JOIN wrt_user AS u ON u.user_id=o.user_id INNER JOIN wrt_business AS b ON b.id=o.bid  WHERE ( o.oid=2 ) LIMIT 1   [ RunTime:0.000293s ]

[ 2014-12-19T10:56:26+08:00 ] ::1 /whr/index.php?s=/Home/Order/url_ajax
INFO: [ app_begin ] --START--
INFO: Run Behavior\ReadHtmlCacheBehavior [ RunTime:0.000406s ]
INFO: [ app_begin ] --END-- [ RunTime:0.000681s ]
SQL: SHOW COLUMNS FROM wrt_order o [ RunTime:0.000278s ]
ERR: 1064:You have an error in your SQL syntax; check the manual that corresponds to your MySQL server version for the right syntax to use near 'o' at line 1
 [ SQL语句 ] : SHOW COLUMNS FROM wrt_order o
SQL: SELECT o.*,u.user_id,b.id,b.name,u.user_name FROM wrt_order o INNER JOIN wrt_user AS u ON u.user_id=o.user_id INNER JOIN wrt_business AS b ON b.id=o.bid  WHERE ( o.oid=2 ) LIMIT 1   [ RunTime:0.000483s ]

[ 2014-12-19T10:56:26+08:00 ] ::1 /whr/index.php?s=/Home/Order/url_ajax
INFO: [ app_begin ] --START--
INFO: Run Behavior\ReadHtmlCacheBehavior [ RunTime:0.000520s ]
INFO: [ app_begin ] --END-- [ RunTime:0.000786s ]
SQL: SHOW COLUMNS FROM wrt_order o [ RunTime:0.000151s ]
ERR: 1064:You have an error in your SQL syntax; check the manual that corresponds to your MySQL server version for the right syntax to use near 'o' at line 1
 [ SQL语句 ] : SHOW COLUMNS FROM wrt_order o
SQL: SELECT o.*,u.user_id,b.id,b.name,u.user_name FROM wrt_order o INNER JOIN wrt_user AS u ON u.user_id=o.user_id INNER JOIN wrt_business AS b ON b.id=o.bid  WHERE ( o.oid=2 ) LIMIT 1   [ RunTime:0.000401s ]

[ 2014-12-19T10:57:15+08:00 ] ::1 /whr/index.php?s=/Home/Order/url_ajax
INFO: [ app_begin ] --START--
INFO: Run Behavior\ReadHtmlCacheBehavior [ RunTime:0.000419s ]
INFO: [ app_begin ] --END-- [ RunTime:0.000704s ]

[ 2014-12-19T10:57:25+08:00 ] ::1 /whr/index.php?s=/Home/Order/url_ajax
INFO: [ app_begin ] --START--
INFO: Run Behavior\ReadHtmlCacheBehavior [ RunTime:0.000498s ]
INFO: [ app_begin ] --END-- [ RunTime:0.000778s ]

[ 2014-12-19T10:58:56+08:00 ] ::1 /whr/index.php?s=/Home/Order/url_ajax
INFO: [ app_begin ] --START--
INFO: Run Behavior\ReadHtmlCacheBehavior [ RunTime:0.000524s ]
INFO: [ app_begin ] --END-- [ RunTime:0.000836s ]
SQL: SHOW COLUMNS FROM wrt_order o [ RunTime:0.000179s ]
ERR: 1064:You have an error in your SQL syntax; check the manual that corresponds to your MySQL server version for the right syntax to use near 'o' at line 1
 [ SQL语句 ] : SHOW COLUMNS FROM wrt_order o
SQL: SELECT o.*,u.user_id,b.id,b.name,u.user_name FROM wrt_order o INNER JOIN wrt_user AS u ON u.user_id=o.user_id INNER JOIN wrt_business AS b ON b.id=o.bid  WHERE ( o.oid=1 ) LIMIT 1   [ RunTime:0.000413s ]

[ 2014-12-19T10:59:19+08:00 ] ::1 /whr/index.php?s=/Home/Order/url_ajax
INFO: [ app_begin ] --START--
INFO: Run Behavior\ReadHtmlCacheBehavior [ RunTime:0.000412s ]
INFO: [ app_begin ] --END-- [ RunTime:0.000687s ]
SQL: SHOW COLUMNS FROM wrt_order o [ RunTime:0.000136s ]
ERR: 1064:You have an error in your SQL syntax; check the manual that corresponds to your MySQL server version for the right syntax to use near 'o' at line 1
 [ SQL语句 ] : SHOW COLUMNS FROM wrt_order o
SQL: SELECT o.*,u.user_id,b.id,b.name,u.user_name FROM wrt_order o INNER JOIN wrt_user AS u ON u.user_id=o.user_id INNER JOIN wrt_business AS b ON b.id=o.bid  WHERE ( o.oid=1 ) LIMIT 1   [ RunTime:0.000328s ]

[ 2014-12-19T11:10:48+08:00 ] ::1 /whr/index.php?s=/Home/Order/url_ajax
INFO: [ app_begin ] --START--
INFO: Run Behavior\ReadHtmlCacheBehavior [ RunTime:0.000565s ]
INFO: [ app_begin ] --END-- [ RunTime:0.001461s ]
SQL: SHOW COLUMNS FROM wrt_order o [ RunTime:0.000195s ]
ERR: 1064:You have an error in your SQL syntax; check the manual that corresponds to your MySQL server version for the right syntax to use near 'o' at line 1
 [ SQL语句 ] : SHOW COLUMNS FROM wrt_order o
SQL: SELECT o.*,u.user_id,b.id,b.name,u.user_name FROM wrt_order o INNER JOIN wrt_user AS u ON u.user_id=o.user_id INNER JOIN wrt_business AS b ON b.id=o.bid  WHERE ( o.oid=4 ) LIMIT 1   [ RunTime:0.000553s ]

[ 2014-12-19T11:15:05+08:00 ] ::1 /whr/index.php?s=/Home/Order/url_ajax
INFO: [ app_begin ] --START--
INFO: Run Behavior\ReadHtmlCacheBehavior [ RunTime:0.000426s ]
INFO: [ app_begin ] --END-- [ RunTime:0.000709s ]
SQL: SHOW COLUMNS FROM wrt_order o [ RunTime:0.000240s ]
ERR: 1064:You have an error in your SQL syntax; check the manual that corresponds to your MySQL server version for the right syntax to use near 'o' at line 1
 [ SQL语句 ] : SHOW COLUMNS FROM wrt_order o
SQL: SELECT o.*,u.user_id,b.id,b.name,u.user_name FROM wrt_order o INNER JOIN wrt_user AS u ON u.user_id=o.user_id INNER JOIN wrt_business AS b ON b.id=o.bid  WHERE ( o.oid=1 ) LIMIT 1   [ RunTime:0.000676s ]

[ 2014-12-19T11:16:49+08:00 ] ::1 /whr/index.php?s=/Home/Order/url_ajax
INFO: [ app_begin ] --START--
INFO: Run Behavior\ReadHtmlCacheBehavior [ RunTime:0.000410s ]
INFO: [ app_begin ] --END-- [ RunTime:0.000677s ]
SQL: SHOW COLUMNS FROM wrt_order o [ RunTime:0.000210s ]
ERR: 1064:You have an error in your SQL syntax; check the manual that corresponds to your MySQL server version for the right syntax to use near 'o' at line 1
 [ SQL语句 ] : SHOW COLUMNS FROM wrt_order o
SQL: SELECT o.*,u.user_id,b.id,b.name,u.user_name FROM wrt_order o INNER JOIN wrt_user AS u ON u.user_id=o.user_id INNER JOIN wrt_business AS b ON b.id=o.bid  WHERE ( o.oid=1 ) LIMIT 1   [ RunTime:0.000370s ]

[ 2014-12-19T11:16:52+08:00 ] ::1 /whr/index.php?s=/Home/Order/url_ajax
INFO: [ app_begin ] --START--
INFO: Run Behavior\ReadHtmlCacheBehavior [ RunTime:0.000451s ]
INFO: [ app_begin ] --END-- [ RunTime:0.000850s ]
SQL: SHOW COLUMNS FROM wrt_order o [ RunTime:0.000171s ]
ERR: 1064:You have an error in your SQL syntax; check the manual that corresponds to your MySQL server version for the right syntax to use near 'o' at line 1
 [ SQL语句 ] : SHOW COLUMNS FROM wrt_order o
SQL: SELECT o.*,u.user_id,b.id,b.name,u.user_name FROM wrt_order o INNER JOIN wrt_user AS u ON u.user_id=o.user_id INNER JOIN wrt_business AS b ON b.id=o.bid  WHERE ( o.oid=1 ) LIMIT 1   [ RunTime:0.000376s ]

[ 2014-12-19T11:16:58+08:00 ] ::1 /whr/index.php?s=/Home/Order/url_ajax
INFO: [ app_begin ] --START--
INFO: Run Behavior\ReadHtmlCacheBehavior [ RunTime:0.000409s ]
INFO: [ app_begin ] --END-- [ RunTime:0.000686s ]
SQL: SHOW COLUMNS FROM wrt_order o [ RunTime:0.000179s ]
ERR: 1064:You have an error in your SQL syntax; check the manual that corresponds to your MySQL server version for the right syntax to use near 'o' at line 1
 [ SQL语句 ] : SHOW COLUMNS FROM wrt_order o
SQL: SELECT o.*,u.user_id,b.id,b.name,u.user_name FROM wrt_order o INNER JOIN wrt_user AS u ON u.user_id=o.user_id INNER JOIN wrt_business AS b ON b.id=o.bid  WHERE ( o.oid=1 ) LIMIT 1   [ RunTime:0.000368s ]

[ 2014-12-19T11:19:11+08:00 ] ::1 /whr/index.php?s=/Home/Order/url_ajax
INFO: [ app_begin ] --START--
INFO: Run Behavior\ReadHtmlCacheBehavior [ RunTime:0.000422s ]
INFO: [ app_begin ] --END-- [ RunTime:0.000707s ]
SQL: SHOW COLUMNS FROM wrt_order o [ RunTime:0.000167s ]
ERR: 1064:You have an error in your SQL syntax; check the manual that corresponds to your MySQL server version for the right syntax to use near 'o' at line 1
 [ SQL语句 ] : SHOW COLUMNS FROM wrt_order o
SQL: SELECT o.*,u.user_id,b.id,b.name,u.user_name FROM wrt_order o INNER JOIN wrt_user AS u ON u.user_id=o.user_id INNER JOIN wrt_business AS b ON b.id=o.bid  WHERE ( o.oid=1 ) LIMIT 1   [ RunTime:0.000352s ]

[ 2014-12-19T11:20:47+08:00 ] ::1 /whr/index.php?s=/Home/Order/url_ajax
INFO: [ app_begin ] --START--
INFO: Run Behavior\ReadHtmlCacheBehavior [ RunTime:0.000457s ]
INFO: [ app_begin ] --END-- [ RunTime:0.000727s ]
SQL: SHOW COLUMNS FROM wrt_order o [ RunTime:0.000087s ]
ERR: 1064:You have an error in your SQL syntax; check the manual that corresponds to your MySQL server version for the right syntax to use near 'o' at line 1
 [ SQL语句 ] : SHOW COLUMNS FROM wrt_order o
SQL: SELECT o.*,u.user_id,b.id,b.name,u.user_name FROM wrt_order o INNER JOIN wrt_user AS u ON u.user_id=o.user_id INNER JOIN wrt_business AS b ON b.id=o.bid  WHERE ( o.oid=1 ) LIMIT 1   [ RunTime:0.000323s ]

[ 2014-12-19T11:20:58+08:00 ] ::1 /whr/index.php?s=/Home/Order/url_ajax
INFO: [ app_begin ] --START--
INFO: Run Behavior\ReadHtmlCacheBehavior [ RunTime:0.000550s ]
INFO: [ app_begin ] --END-- [ RunTime:0.000991s ]
SQL: SHOW COLUMNS FROM wrt_order o [ RunTime:0.000145s ]
ERR: 1064:You have an error in your SQL syntax; check the manual that corresponds to your MySQL server version for the right syntax to use near 'o' at line 1
 [ SQL语句 ] : SHOW COLUMNS FROM wrt_order o
SQL: SELECT o.*,u.user_id,b.id,b.name,u.user_name FROM wrt_order o INNER JOIN wrt_user AS u ON u.user_id=o.user_id INNER JOIN wrt_business AS b ON b.id=o.bid  WHERE ( o.oid=1 ) LIMIT 1   [ RunTime:0.000332s ]

[ 2014-12-19T11:21:19+08:00 ] ::1 /whr/index.php?s=/Home/Order/url_ajax
INFO: [ app_begin ] --START--
INFO: Run Behavior\ReadHtmlCacheBehavior [ RunTime:0.000537s ]
INFO: [ app_begin ] --END-- [ RunTime:0.000852s ]
SQL: SHOW COLUMNS FROM wrt_order o [ RunTime:0.000174s ]
ERR: 1064:You have an error in your SQL syntax; check the manual that corresponds to your MySQL server version for the right syntax to use near 'o' at line 1
 [ SQL语句 ] : SHOW COLUMNS FROM wrt_order o
SQL: SELECT o.*,u.user_id,b.id,b.name,u.user_name FROM wrt_order o INNER JOIN wrt_user AS u ON u.user_id=o.user_id INNER JOIN wrt_business AS b ON b.id=o.bid  WHERE ( o.oid=1 ) LIMIT 1   [ RunTime:0.000401s ]

[ 2014-12-19T11:21:42+08:00 ] ::1 /whr/index.php?s=/Home/Order/url_ajax
INFO: [ app_begin ] --START--
INFO: Run Behavior\ReadHtmlCacheBehavior [ RunTime:0.000394s ]
INFO: [ app_begin ] --END-- [ RunTime:0.000650s ]
SQL: SHOW COLUMNS FROM wrt_order o [ RunTime:0.000139s ]
ERR: 1064:You have an error in your SQL syntax; check the manual that corresponds to your MySQL server version for the right syntax to use near 'o' at line 1
 [ SQL语句 ] : SHOW COLUMNS FROM wrt_order o
SQL: SELECT o.*,u.user_id,b.id,b.name,u.user_name FROM wrt_order o INNER JOIN wrt_user AS u ON u.user_id=o.user_id INNER JOIN wrt_business AS b ON b.id=o.bid  WHERE ( o.oid=1 ) LIMIT 1   [ RunTime:0.000525s ]

[ 2014-12-19T11:21:44+08:00 ] ::1 /whr/index.php?s=/Home/Order/url_ajax
INFO: [ app_begin ] --START--
INFO: Run Behavior\ReadHtmlCacheBehavior [ RunTime:0.001617s ]
INFO: [ app_begin ] --END-- [ RunTime:0.002291s ]
SQL: SHOW COLUMNS FROM wrt_order o [ RunTime:0.000142s ]
ERR: 1064:You have an error in your SQL syntax; check the manual that corresponds to your MySQL server version for the right syntax to use near 'o' at line 1
 [ SQL语句 ] : SHOW COLUMNS FROM wrt_order o
SQL: SELECT o.*,u.user_id,b.id,b.name,u.user_name FROM wrt_order o INNER JOIN wrt_user AS u ON u.user_id=o.user_id INNER JOIN wrt_business AS b ON b.id=o.bid  WHERE ( o.oid=1 ) LIMIT 1   [ RunTime:0.000394s ]

[ 2014-12-19T11:22:30+08:00 ] ::1 /whr/index.php?s=/Home/Order/url_ajax
INFO: [ app_begin ] --START--
INFO: Run Behavior\ReadHtmlCacheBehavior [ RunTime:0.000583s ]
INFO: [ app_begin ] --END-- [ RunTime:0.000898s ]
SQL: SHOW COLUMNS FROM wrt_order o [ RunTime:0.000157s ]
ERR: 1064:You have an error in your SQL syntax; check the manual that corresponds to your MySQL server version for the right syntax to use near 'o' at line 1
 [ SQL语句 ] : SHOW COLUMNS FROM wrt_order o
SQL: SELECT o.*,u.user_id,b.id,b.name,u.user_name FROM wrt_order o INNER JOIN wrt_user AS u ON u.user_id=o.user_id INNER JOIN wrt_business AS b ON b.id=o.bid  WHERE ( o.oid=1 ) LIMIT 1   [ RunTime:0.000358s ]

[ 2014-12-19T11:23:01+08:00 ] ::1 /whr/index.php?s=/Home/Order/url_ajax
INFO: [ app_begin ] --START--
INFO: Run Behavior\ReadHtmlCacheBehavior [ RunTime:0.000424s ]
INFO: [ app_begin ] --END-- [ RunTime:0.000710s ]
SQL: SHOW COLUMNS FROM wrt_order o [ RunTime:0.000259s ]
ERR: 1064:You have an error in your SQL syntax; check the manual that corresponds to your MySQL server version for the right syntax to use near 'o' at line 1
 [ SQL语句 ] : SHOW COLUMNS FROM wrt_order o
SQL: SELECT o.*,u.user_id,b.id,b.name,u.user_name FROM wrt_order o INNER JOIN wrt_user AS u ON u.user_id=o.user_id INNER JOIN wrt_business AS b ON b.id=o.bid  WHERE ( o.oid=1 ) LIMIT 1   [ RunTime:0.000357s ]

[ 2014-12-19T11:23:23+08:00 ] ::1 /whr/index.php?s=/Home/Order/url_ajax
INFO: [ app_begin ] --START--
INFO: Run Behavior\ReadHtmlCacheBehavior [ RunTime:0.000621s ]
INFO: [ app_begin ] --END-- [ RunTime:0.000952s ]
SQL: SHOW COLUMNS FROM wrt_order o [ RunTime:0.000150s ]
ERR: 1064:You have an error in your SQL syntax; check the manual that corresponds to your MySQL server version for the right syntax to use near 'o' at line 1
 [ SQL语句 ] : SHOW COLUMNS FROM wrt_order o
SQL: SELECT o.*,u.user_id,b.id,b.name,u.user_name FROM wrt_order o INNER JOIN wrt_user AS u ON u.user_id=o.user_id INNER JOIN wrt_business AS b ON b.id=o.bid  WHERE ( o.oid=1 ) LIMIT 1   [ RunTime:0.000321s ]

[ 2014-12-19T11:23:57+08:00 ] ::1 /whr/index.php?s=/Home/Order/url_ajax
INFO: [ app_begin ] --START--
INFO: Run Behavior\ReadHtmlCacheBehavior [ RunTime:0.000565s ]
INFO: [ app_begin ] --END-- [ RunTime:0.000930s ]
SQL: SHOW COLUMNS FROM wrt_order o [ RunTime:0.000120s ]
ERR: 1064:You have an error in your SQL syntax; check the manual that corresponds to your MySQL server version for the right syntax to use near 'o' at line 1
 [ SQL语句 ] : SHOW COLUMNS FROM wrt_order o
SQL: SELECT o.*,u.user_id,b.id,b.name,u.user_name FROM wrt_order o INNER JOIN wrt_user AS u ON u.user_id=o.user_id INNER JOIN wrt_business AS b ON b.id=o.bid  WHERE ( o.oid=1 ) LIMIT 1   [ RunTime:0.000306s ]

[ 2014-12-19T11:24:22+08:00 ] ::1 /whr/index.php?s=/Home/Order/url_ajax
INFO: [ app_begin ] --START--
INFO: Run Behavior\ReadHtmlCacheBehavior [ RunTime:0.000560s ]
INFO: [ app_begin ] --END-- [ RunTime:0.000910s ]
SQL: SHOW COLUMNS FROM wrt_order o [ RunTime:0.000140s ]
ERR: 1064:You have an error in your SQL syntax; check the manual that corresponds to your MySQL server version for the right syntax to use near 'o' at line 1
 [ SQL语句 ] : SHOW COLUMNS FROM wrt_order o
SQL: SELECT o.*,u.user_id,b.id,b.name,u.user_name FROM wrt_order o INNER JOIN wrt_user AS u ON u.user_id=o.user_id INNER JOIN wrt_business AS b ON b.id=o.bid  WHERE ( o.oid=1 ) LIMIT 1   [ RunTime:0.000316s ]

[ 2014-12-19T11:25:47+08:00 ] ::1 /whr/index.php?s=/Home/Order/url_ajax
INFO: [ app_begin ] --START--
INFO: Run Behavior\ReadHtmlCacheBehavior [ RunTime:0.000395s ]
INFO: [ app_begin ] --END-- [ RunTime:0.000660s ]
SQL: SHOW COLUMNS FROM wrt_order o [ RunTime:0.000218s ]
ERR: 1064:You have an error in your SQL syntax; check the manual that corresponds to your MySQL server version for the right syntax to use near 'o' at line 1
 [ SQL语句 ] : SHOW COLUMNS FROM wrt_order o
SQL: SELECT o.*,u.user_id,b.id,b.name,u.user_name FROM wrt_order o INNER JOIN wrt_user AS u ON u.user_id=o.user_id INNER JOIN wrt_business AS b ON b.id=o.bid  WHERE ( o.oid=1 ) LIMIT 1   [ RunTime:0.000419s ]

[ 2014-12-19T11:27:04+08:00 ] ::1 /whr/index.php?s=/Home/Order/url_ajax
INFO: [ app_begin ] --START--
INFO: Run Behavior\ReadHtmlCacheBehavior [ RunTime:0.000581s ]
INFO: [ app_begin ] --END-- [ RunTime:0.000907s ]
SQL: SHOW COLUMNS FROM wrt_order o [ RunTime:0.000168s ]
ERR: 1064:You have an error in your SQL syntax; check the manual that corresponds to your MySQL server version for the right syntax to use near 'o' at line 1
 [ SQL语句 ] : SHOW COLUMNS FROM wrt_order o
SQL: SELECT o.*,u.user_id,b.id,b.name,u.user_name FROM wrt_order o INNER JOIN wrt_user AS u ON u.user_id=o.user_id INNER JOIN wrt_business AS b ON b.id=o.bid  WHERE ( o.oid=1 ) LIMIT 1   [ RunTime:0.000374s ]

[ 2014-12-19T11:29:46+08:00 ] ::1 /whr/index.php?s=/Home/Order/url_ajax
INFO: [ app_begin ] --START--
INFO: Run Behavior\ReadHtmlCacheBehavior [ RunTime:0.000417s ]
INFO: [ app_begin ] --END-- [ RunTime:0.000691s ]
SQL: SHOW COLUMNS FROM wrt_order o [ RunTime:0.000181s ]
ERR: 1064:You have an error in your SQL syntax; check the manual that corresponds to your MySQL server version for the right syntax to use near 'o' at line 1
 [ SQL语句 ] : SHOW COLUMNS FROM wrt_order o
SQL: SELECT o.*,u.user_id,b.id,b.name,u.user_name FROM wrt_order o INNER JOIN wrt_user AS u ON u.user_id=o.user_id INNER JOIN wrt_business AS b ON b.id=o.bid  WHERE ( o.oid=1 ) LIMIT 1   [ RunTime:0.000359s ]

[ 2014-12-19T11:30:07+08:00 ] ::1 /whr/index.php?s=/Home/Order/url_ajax
INFO: [ app_begin ] --START--
INFO: Run Behavior\ReadHtmlCacheBehavior [ RunTime:0.000394s ]
INFO: [ app_begin ] --END-- [ RunTime:0.000656s ]
SQL: SHOW COLUMNS FROM wrt_order o [ RunTime:0.000115s ]
ERR: 1064:You have an error in your SQL syntax; check the manual that corresponds to your MySQL server version for the right syntax to use near 'o' at line 1
 [ SQL语句 ] : SHOW COLUMNS FROM wrt_order o
SQL: SELECT o.*,u.user_id,b.id,b.name,u.user_name FROM wrt_order o INNER JOIN wrt_user AS u ON u.user_id=o.user_id INNER JOIN wrt_business AS b ON b.id=o.bid  WHERE ( o.oid=1 ) LIMIT 1   [ RunTime:0.000314s ]

[ 2014-12-19T11:30:17+08:00 ] ::1 /whr/index.php?s=/Home/Order/url_ajax
INFO: [ app_begin ] --START--
INFO: Run Behavior\ReadHtmlCacheBehavior [ RunTime:0.000415s ]
INFO: [ app_begin ] --END-- [ RunTime:0.000692s ]
SQL: SHOW COLUMNS FROM wrt_order o [ RunTime:0.000165s ]
ERR: 1064:You have an error in your SQL syntax; check the manual that corresponds to your MySQL server version for the right syntax to use near 'o' at line 1
 [ SQL语句 ] : SHOW COLUMNS FROM wrt_order o
SQL: SELECT o.*,u.user_id,b.id,b.name,u.user_name FROM wrt_order o INNER JOIN wrt_user AS u ON u.user_id=o.user_id INNER JOIN wrt_business AS b ON b.id=o.bid  WHERE ( o.oid=1 ) LIMIT 1   [ RunTime:0.000350s ]

[ 2014-12-19T11:30:21+08:00 ] ::1 /whr/index.php?s=/Home/Order/url_ajax
INFO: [ app_begin ] --START--
INFO: Run Behavior\ReadHtmlCacheBehavior [ RunTime:0.001183s ]
INFO: [ app_begin ] --END-- [ RunTime:0.001480s ]
SQL: SHOW COLUMNS FROM wrt_order o [ RunTime:0.000162s ]
ERR: 1064:You have an error in your SQL syntax; check the manual that corresponds to your MySQL server version for the right syntax to use near 'o' at line 1
 [ SQL语句 ] : SHOW COLUMNS FROM wrt_order o
SQL: SELECT o.*,u.user_id,b.id,b.name,u.user_name FROM wrt_order o INNER JOIN wrt_user AS u ON u.user_id=o.user_id INNER JOIN wrt_business AS b ON b.id=o.bid  WHERE ( o.oid=1 ) LIMIT 1   [ RunTime:0.000351s ]

[ 2014-12-19T11:30:27+08:00 ] ::1 /whr/index.php?s=/Home/Order/url_ajax
INFO: [ app_begin ] --START--
INFO: Run Behavior\ReadHtmlCacheBehavior [ RunTime:0.000417s ]
INFO: [ app_begin ] --END-- [ RunTime:0.000699s ]
SQL: SHOW COLUMNS FROM wrt_order o [ RunTime:0.000104s ]
ERR: 1064:You have an error in your SQL syntax; check the manual that corresponds to your MySQL server version for the right syntax to use near 'o' at line 1
 [ SQL语句 ] : SHOW COLUMNS FROM wrt_order o
SQL: SELECT o.*,u.user_id,b.id,b.name,u.user_name FROM wrt_order o INNER JOIN wrt_user AS u ON u.user_id=o.user_id INNER JOIN wrt_business AS b ON b.id=o.bid  WHERE ( o.oid=1 ) LIMIT 1   [ RunTime:0.000338s ]

[ 2014-12-19T11:30:38+08:00 ] ::1 /whr/index.php?s=/Home/Order/url_ajax
INFO: [ app_begin ] --START--
INFO: Run Behavior\ReadHtmlCacheBehavior [ RunTime:0.000531s ]
INFO: [ app_begin ] --END-- [ RunTime:0.000841s ]
SQL: SHOW COLUMNS FROM wrt_order o [ RunTime:0.000127s ]
ERR: 1064:You have an error in your SQL syntax; check the manual that corresponds to your MySQL server version for the right syntax to use near 'o' at line 1
 [ SQL语句 ] : SHOW COLUMNS FROM wrt_order o
SQL: SELECT o.*,u.user_id,b.id,b.name,u.user_name FROM wrt_order o INNER JOIN wrt_user AS u ON u.user_id=o.user_id INNER JOIN wrt_business AS b ON b.id=o.bid  WHERE ( o.oid=1 ) LIMIT 1   [ RunTime:0.000423s ]

[ 2014-12-19T11:30:57+08:00 ] ::1 /whr/index.php?s=/Home/Order/url_ajax
INFO: [ app_begin ] --START--
INFO: Run Behavior\ReadHtmlCacheBehavior [ RunTime:0.000639s ]
INFO: [ app_begin ] --END-- [ RunTime:0.001862s ]
SQL: SHOW COLUMNS FROM wrt_order o [ RunTime:0.000171s ]
ERR: 1064:You have an error in your SQL syntax; check the manual that corresponds to your MySQL server version for the right syntax to use near 'o' at line 1
 [ SQL语句 ] : SHOW COLUMNS FROM wrt_order o
SQL: SELECT o.*,u.user_id,b.id,b.name,u.user_name FROM wrt_order o INNER JOIN wrt_user AS u ON u.user_id=o.user_id INNER JOIN wrt_business AS b ON b.id=o.bid  WHERE ( o.oid=1 ) LIMIT 1   [ RunTime:0.000381s ]

[ 2014-12-19T11:31:15+08:00 ] ::1 /whr/index.php?s=/Home/Goods/details
INFO: [ app_begin ] --START--
INFO: Run Behavior\ReadHtmlCacheBehavior [ RunTime:0.000419s ]
INFO: [ app_begin ] --END-- [ RunTime:0.000713s ]
SQL: SHOW COLUMNS FROM wrt_goods g [ RunTime:0.000190s ]
ERR: 1064:You have an error in your SQL syntax; check the manual that corresponds to your MySQL server version for the right syntax to use near 'g' at line 1
 [ SQL语句 ] : SHOW COLUMNS FROM wrt_goods g
SQL: SELECT g.*,c.cat_id,v.store_id,v.store_name,c.cat_name,r.REGION_ID,r.REGION_NAME FROM wrt_goods g INNER JOIN wrt_category AS c ON g.cat_id=c.cat_id INNER JOIN wrt_vip AS v ON v.store_id=g.store_id INNER JOIN wrt_region AS r ON g.province=r.REGION_ID  WHERE ( g.goods_id=1 ) LIMIT 1   [ RunTime:0.102811s ]

[ 2014-12-19T11:32:17+08:00 ] ::1 /whr/index.php?s=/Home/Order/url_ajax
INFO: [ app_begin ] --START--
INFO: Run Behavior\ReadHtmlCacheBehavior [ RunTime:0.001671s ]
INFO: [ app_begin ] --END-- [ RunTime:0.002193s ]
SQL: SHOW COLUMNS FROM wrt_order o [ RunTime:0.000151s ]
ERR: 1064:You have an error in your SQL syntax; check the manual that corresponds to your MySQL server version for the right syntax to use near 'o' at line 1
 [ SQL语句 ] : SHOW COLUMNS FROM wrt_order o
SQL: SELECT o.*,u.user_id,b.id,b.name,u.user_name FROM wrt_order o INNER JOIN wrt_user AS u ON u.user_id=o.user_id INNER JOIN wrt_business AS b ON b.id=o.bid  WHERE ( o.oid=1 ) LIMIT 1   [ RunTime:0.000362s ]

[ 2014-12-19T11:32:40+08:00 ] ::1 /whr/index.php?s=/Home/Order/url_ajax
INFO: [ app_begin ] --START--
INFO: Run Behavior\ReadHtmlCacheBehavior [ RunTime:0.000531s ]
INFO: [ app_begin ] --END-- [ RunTime:0.000873s ]
SQL: SHOW COLUMNS FROM wrt_order o [ RunTime:0.000168s ]
ERR: 1064:You have an error in your SQL syntax; check the manual that corresponds to your MySQL server version for the right syntax to use near 'o' at line 1
 [ SQL语句 ] : SHOW COLUMNS FROM wrt_order o
SQL: SELECT o.*,u.user_id,b.id,b.name,u.user_name FROM wrt_order o INNER JOIN wrt_user AS u ON u.user_id=o.user_id INNER JOIN wrt_business AS b ON b.id=o.bid  WHERE ( o.oid=1 ) LIMIT 1   [ RunTime:0.000424s ]

[ 2014-12-19T11:33:26+08:00 ] ::1 /whr/index.php?s=/Home/Order/url_ajax
INFO: [ app_begin ] --START--
INFO: Run Behavior\ReadHtmlCacheBehavior [ RunTime:0.000527s ]
INFO: [ app_begin ] --END-- [ RunTime:0.000854s ]
SQL: SHOW COLUMNS FROM wrt_order o [ RunTime:0.000161s ]
ERR: 1064:You have an error in your SQL syntax; check the manual that corresponds to your MySQL server version for the right syntax to use near 'o' at line 1
 [ SQL语句 ] : SHOW COLUMNS FROM wrt_order o
SQL: SELECT o.*,u.user_id,b.id,b.name,u.user_name FROM wrt_order o INNER JOIN wrt_user AS u ON u.user_id=o.user_id INNER JOIN wrt_business AS b ON b.id=o.bid  WHERE ( o.oid=1 ) LIMIT 1   [ RunTime:0.000402s ]

[ 2014-12-19T11:33:36+08:00 ] ::1 /whr/index.php?s=/Home/Order/url_ajax
INFO: [ app_begin ] --START--
INFO: Run Behavior\ReadHtmlCacheBehavior [ RunTime:0.000386s ]
INFO: [ app_begin ] --END-- [ RunTime:0.000660s ]
SQL: SHOW COLUMNS FROM wrt_order o [ RunTime:0.000239s ]
ERR: 1064:You have an error in your SQL syntax; check the manual that corresponds to your MySQL server version for the right syntax to use near 'o' at line 1
 [ SQL语句 ] : SHOW COLUMNS FROM wrt_order o
SQL: SELECT o.*,u.user_id,b.id,b.name,u.user_name FROM wrt_order o INNER JOIN wrt_user AS u ON u.user_id=o.user_id INNER JOIN wrt_business AS b ON b.id=o.bid  WHERE ( o.oid=1 ) LIMIT 1   [ RunTime:0.000435s ]

[ 2014-12-19T13:13:14+08:00 ] ::1 /whr/index.php?s=/Home/Order/url_ajax
INFO: [ app_begin ] --START--
INFO: Run Behavior\ReadHtmlCacheBehavior [ RunTime:0.000559s ]
INFO: [ app_begin ] --END-- [ RunTime:0.000934s ]
SQL: SHOW COLUMNS FROM wrt_order o [ RunTime:0.000152s ]
ERR: 1064:You have an error in your SQL syntax; check the manual that corresponds to your MySQL server version for the right syntax to use near 'o' at line 1
 [ SQL语句 ] : SHOW COLUMNS FROM wrt_order o
SQL: SELECT o.*,u.user_id,b.id,b.name,u.user_name FROM wrt_order o INNER JOIN wrt_user AS u ON u.user_id=o.user_id INNER JOIN wrt_business AS b ON b.id=o.bid  WHERE ( o.oid=1 ) LIMIT 1   [ RunTime:0.000401s ]

[ 2014-12-19T13:13:32+08:00 ] ::1 /whr/index.php?s=/Home/Order/url_ajax
INFO: [ app_begin ] --START--
INFO: Run Behavior\ReadHtmlCacheBehavior [ RunTime:0.000558s ]
INFO: [ app_begin ] --END-- [ RunTime:0.000900s ]
SQL: SHOW COLUMNS FROM wrt_order o [ RunTime:0.000102s ]
ERR: 1064:You have an error in your SQL syntax; check the manual that corresponds to your MySQL server version for the right syntax to use near 'o' at line 1
 [ SQL语句 ] : SHOW COLUMNS FROM wrt_order o
SQL: SELECT o.*,u.user_id,b.id,b.name,u.user_name FROM wrt_order o INNER JOIN wrt_user AS u ON u.user_id=o.user_id INNER JOIN wrt_business AS b ON b.id=o.bid  WHERE ( o.oid=1 ) LIMIT 1   [ RunTime:0.000299s ]

[ 2014-12-19T13:13:45+08:00 ] ::1 /whr/index.php?s=/Home/Order/url_ajax
INFO: [ app_begin ] --START--
INFO: Run Behavior\ReadHtmlCacheBehavior [ RunTime:0.000400s ]
INFO: [ app_begin ] --END-- [ RunTime:0.000668s ]
SQL: SHOW COLUMNS FROM wrt_order o [ RunTime:0.000102s ]
ERR: 1064:You have an error in your SQL syntax; check the manual that corresponds to your MySQL server version for the right syntax to use near 'o' at line 1
 [ SQL语句 ] : SHOW COLUMNS FROM wrt_order o
SQL: SELECT o.*,u.user_id,b.id,b.name,u.user_name FROM wrt_order o INNER JOIN wrt_user AS u ON u.user_id=o.user_id INNER JOIN wrt_business AS b ON b.id=o.bid  WHERE ( o.oid=1 ) LIMIT 1   [ RunTime:0.000298s ]

[ 2014-12-19T13:13:54+08:00 ] ::1 /whr/index.php?s=/Home/Order/url_ajax
INFO: [ app_begin ] --START--
INFO: Run Behavior\ReadHtmlCacheBehavior [ RunTime:0.000424s ]
INFO: [ app_begin ] --END-- [ RunTime:0.000772s ]
SQL: SHOW COLUMNS FROM wrt_order o [ RunTime:0.000126s ]
ERR: 1064:You have an error in your SQL syntax; check the manual that corresponds to your MySQL server version for the right syntax to use near 'o' at line 1
 [ SQL语句 ] : SHOW COLUMNS FROM wrt_order o
SQL: SELECT o.*,u.user_id,b.id,b.name,u.user_name FROM wrt_order o INNER JOIN wrt_user AS u ON u.user_id=o.user_id INNER JOIN wrt_business AS b ON b.id=o.bid  WHERE ( o.oid=1 ) LIMIT 1   [ RunTime:0.000342s ]

[ 2014-12-19T13:14:01+08:00 ] ::1 /whr/index.php?s=/Home/Order/url_ajax
INFO: [ app_begin ] --START--
INFO: Run Behavior\ReadHtmlCacheBehavior [ RunTime:0.000407s ]
INFO: [ app_begin ] --END-- [ RunTime:0.000678s ]
SQL: SHOW COLUMNS FROM wrt_order o [ RunTime:0.000143s ]
ERR: 1064:You have an error in your SQL syntax; check the manual that corresponds to your MySQL server version for the right syntax to use near 'o' at line 1
 [ SQL语句 ] : SHOW COLUMNS FROM wrt_order o
SQL: SELECT o.*,u.user_id,b.id,b.name,u.user_name FROM wrt_order o INNER JOIN wrt_user AS u ON u.user_id=o.user_id INNER JOIN wrt_business AS b ON b.id=o.bid  WHERE ( o.oid=1 ) LIMIT 1   [ RunTime:0.000517s ]

[ 2014-12-19T13:14:19+08:00 ] ::1 /whr/index.php?s=/Home/Order/url_ajax
INFO: [ app_begin ] --START--
INFO: Run Behavior\ReadHtmlCacheBehavior [ RunTime:0.000398s ]
INFO: [ app_begin ] --END-- [ RunTime:0.000665s ]
SQL: SHOW COLUMNS FROM wrt_order o [ RunTime:0.000126s ]
ERR: 1064:You have an error in your SQL syntax; check the manual that corresponds to your MySQL server version for the right syntax to use near 'o' at line 1
 [ SQL语句 ] : SHOW COLUMNS FROM wrt_order o
SQL: SELECT o.*,u.user_id,b.id,b.name,u.user_name FROM wrt_order o INNER JOIN wrt_user AS u ON u.user_id=o.user_id INNER JOIN wrt_business AS b ON b.id=o.bid  WHERE ( o.oid=1 ) LIMIT 1   [ RunTime:0.000319s ]

[ 2014-12-19T13:14:36+08:00 ] ::1 /whr/index.php?s=/Home/Order/url_ajax
INFO: [ app_begin ] --START--
INFO: Run Behavior\ReadHtmlCacheBehavior [ RunTime:0.000477s ]
INFO: [ app_begin ] --END-- [ RunTime:0.000789s ]
SQL: SHOW COLUMNS FROM wrt_order o [ RunTime:0.000205s ]
ERR: 1064:You have an error in your SQL syntax; check the manual that corresponds to your MySQL server version for the right syntax to use near 'o' at line 1
 [ SQL语句 ] : SHOW COLUMNS FROM wrt_order o
SQL: SELECT o.*,u.user_id,b.id,b.name,u.user_name FROM wrt_order o INNER JOIN wrt_user AS u ON u.user_id=o.user_id INNER JOIN wrt_business AS b ON b.id=o.bid  WHERE ( o.oid=1 ) LIMIT 1   [ RunTime:0.000404s ]

[ 2014-12-19T13:16:15+08:00 ] ::1 /whr/index.php?s=/Home/Order/url_ajax
INFO: [ app_begin ] --START--
INFO: Run Behavior\ReadHtmlCacheBehavior [ RunTime:0.000512s ]
INFO: [ app_begin ] --END-- [ RunTime:0.000815s ]
SQL: SHOW COLUMNS FROM wrt_order o [ RunTime:0.000133s ]
ERR: 1064:You have an error in your SQL syntax; check the manual that corresponds to your MySQL server version for the right syntax to use near 'o' at line 1
 [ SQL语句 ] : SHOW COLUMNS FROM wrt_order o
SQL: SELECT o.*,u.user_id,b.id,b.name,u.user_name FROM wrt_order o INNER JOIN wrt_user AS u ON u.user_id=o.user_id INNER JOIN wrt_business AS b ON b.id=o.bid  WHERE ( o.oid=1 ) LIMIT 1   [ RunTime:0.000435s ]

[ 2014-12-19T13:16:50+08:00 ] ::1 /whr/index.php?s=/Home/Order/url_ajax
INFO: [ app_begin ] --START--
INFO: Run Behavior\ReadHtmlCacheBehavior [ RunTime:0.000420s ]
INFO: [ app_begin ] --END-- [ RunTime:0.000717s ]
SQL: SHOW COLUMNS FROM wrt_order o [ RunTime:0.000134s ]
ERR: 1064:You have an error in your SQL syntax; check the manual that corresponds to your MySQL server version for the right syntax to use near 'o' at line 1
 [ SQL语句 ] : SHOW COLUMNS FROM wrt_order o
SQL: SELECT o.*,u.user_id,b.id,b.name,u.user_name FROM wrt_order o INNER JOIN wrt_user AS u ON u.user_id=o.user_id INNER JOIN wrt_business AS b ON b.id=o.bid  WHERE ( o.oid=2 ) LIMIT 1   [ RunTime:0.000381s ]

[ 2014-12-19T13:16:54+08:00 ] ::1 /whr/index.php?s=/Home/Order/url_ajax
INFO: [ app_begin ] --START--
INFO: Run Behavior\ReadHtmlCacheBehavior [ RunTime:0.000415s ]
INFO: [ app_begin ] --END-- [ RunTime:0.000696s ]
SQL: SHOW COLUMNS FROM wrt_order o [ RunTime:0.000194s ]
ERR: 1064:You have an error in your SQL syntax; check the manual that corresponds to your MySQL server version for the right syntax to use near 'o' at line 1
 [ SQL语句 ] : SHOW COLUMNS FROM wrt_order o
SQL: SELECT o.*,u.user_id,b.id,b.name,u.user_name FROM wrt_order o INNER JOIN wrt_user AS u ON u.user_id=o.user_id INNER JOIN wrt_business AS b ON b.id=o.bid  WHERE ( o.oid=11 ) LIMIT 1   [ RunTime:0.000373s ]

[ 2014-12-19T13:16:56+08:00 ] ::1 /whr/index.php?s=/Home/Order/url_ajax
INFO: [ app_begin ] --START--
INFO: Run Behavior\ReadHtmlCacheBehavior [ RunTime:0.000412s ]
INFO: [ app_begin ] --END-- [ RunTime:0.000697s ]
SQL: SHOW COLUMNS FROM wrt_order o [ RunTime:0.000196s ]
ERR: 1064:You have an error in your SQL syntax; check the manual that corresponds to your MySQL server version for the right syntax to use near 'o' at line 1
 [ SQL语句 ] : SHOW COLUMNS FROM wrt_order o
SQL: SELECT o.*,u.user_id,b.id,b.name,u.user_name FROM wrt_order o INNER JOIN wrt_user AS u ON u.user_id=o.user_id INNER JOIN wrt_business AS b ON b.id=o.bid  WHERE ( o.oid=6 ) LIMIT 1   [ RunTime:0.000410s ]

[ 2014-12-19T13:17:01+08:00 ] ::1 /whr/index.php?s=/Home/Order/url_ajax
INFO: [ app_begin ] --START--
INFO: Run Behavior\ReadHtmlCacheBehavior [ RunTime:0.000403s ]
INFO: [ app_begin ] --END-- [ RunTime:0.000671s ]
SQL: SHOW COLUMNS FROM wrt_order o [ RunTime:0.000178s ]
ERR: 1064:You have an error in your SQL syntax; check the manual that corresponds to your MySQL server version for the right syntax to use near 'o' at line 1
 [ SQL语句 ] : SHOW COLUMNS FROM wrt_order o
SQL: SELECT o.*,u.user_id,b.id,b.name,u.user_name FROM wrt_order o INNER JOIN wrt_user AS u ON u.user_id=o.user_id INNER JOIN wrt_business AS b ON b.id=o.bid  WHERE ( o.oid=13 ) LIMIT 1   [ RunTime:0.000355s ]

[ 2014-12-19T13:17:02+08:00 ] ::1 /whr/index.php?s=/Home/Order/url_ajax
INFO: [ app_begin ] --START--
INFO: Run Behavior\ReadHtmlCacheBehavior [ RunTime:0.000395s ]
INFO: [ app_begin ] --END-- [ RunTime:0.000661s ]
SQL: SHOW COLUMNS FROM wrt_order o [ RunTime:0.000120s ]
ERR: 1064:You have an error in your SQL syntax; check the manual that corresponds to your MySQL server version for the right syntax to use near 'o' at line 1
 [ SQL语句 ] : SHOW COLUMNS FROM wrt_order o
SQL: SELECT o.*,u.user_id,b.id,b.name,u.user_name FROM wrt_order o INNER JOIN wrt_user AS u ON u.user_id=o.user_id INNER JOIN wrt_business AS b ON b.id=o.bid  WHERE ( o.oid=12 ) LIMIT 1   [ RunTime:0.000295s ]

[ 2014-12-19T13:17:03+08:00 ] ::1 /whr/index.php?s=/Home/Order/url_ajax
INFO: [ app_begin ] --START--
INFO: Run Behavior\ReadHtmlCacheBehavior [ RunTime:0.000431s ]
INFO: [ app_begin ] --END-- [ RunTime:0.000707s ]
SQL: SHOW COLUMNS FROM wrt_order o [ RunTime:0.000199s ]
ERR: 1064:You have an error in your SQL syntax; check the manual that corresponds to your MySQL server version for the right syntax to use near 'o' at line 1
 [ SQL语句 ] : SHOW COLUMNS FROM wrt_order o
SQL: SELECT o.*,u.user_id,b.id,b.name,u.user_name FROM wrt_order o INNER JOIN wrt_user AS u ON u.user_id=o.user_id INNER JOIN wrt_business AS b ON b.id=o.bid  WHERE ( o.oid=11 ) LIMIT 1   [ RunTime:0.000335s ]

[ 2014-12-19T13:17:03+08:00 ] ::1 /whr/index.php?s=/Home/Order/url_ajax
INFO: [ app_begin ] --START--
INFO: Run Behavior\ReadHtmlCacheBehavior [ RunTime:0.000383s ]
INFO: [ app_begin ] --END-- [ RunTime:0.000640s ]
SQL: SHOW COLUMNS FROM wrt_order o [ RunTime:0.000138s ]
ERR: 1064:You have an error in your SQL syntax; check the manual that corresponds to your MySQL server version for the right syntax to use near 'o' at line 1
 [ SQL语句 ] : SHOW COLUMNS FROM wrt_order o
SQL: SELECT o.*,u.user_id,b.id,b.name,u.user_name FROM wrt_order o INNER JOIN wrt_user AS u ON u.user_id=o.user_id INNER JOIN wrt_business AS b ON b.id=o.bid  WHERE ( o.oid=6 ) LIMIT 1   [ RunTime:0.000342s ]

[ 2014-12-19T13:17:08+08:00 ] ::1 /whr/index.php?s=/Home/Order/url_ajax
INFO: [ app_begin ] --START--
INFO: Run Behavior\ReadHtmlCacheBehavior [ RunTime:0.000427s ]
INFO: [ app_begin ] --END-- [ RunTime:0.000709s ]
SQL: SHOW COLUMNS FROM wrt_order o [ RunTime:0.000129s ]
ERR: 1064:You have an error in your SQL syntax; check the manual that corresponds to your MySQL server version for the right syntax to use near 'o' at line 1
 [ SQL语句 ] : SHOW COLUMNS FROM wrt_order o
SQL: SELECT o.*,u.user_id,b.id,b.name,u.user_name FROM wrt_order o INNER JOIN wrt_user AS u ON u.user_id=o.user_id INNER JOIN wrt_business AS b ON b.id=o.bid  WHERE ( o.oid=4 ) LIMIT 1   [ RunTime:0.000341s ]

[ 2014-12-19T13:17:11+08:00 ] ::1 /whr/index.php?s=/Home/Order/url_ajax
INFO: [ app_begin ] --START--
INFO: Run Behavior\ReadHtmlCacheBehavior [ RunTime:0.000434s ]
INFO: [ app_begin ] --END-- [ RunTime:0.000761s ]
SQL: SHOW COLUMNS FROM wrt_order o [ RunTime:0.000141s ]
ERR: 1064:You have an error in your SQL syntax; check the manual that corresponds to your MySQL server version for the right syntax to use near 'o' at line 1
 [ SQL语句 ] : SHOW COLUMNS FROM wrt_order o
SQL: SELECT o.*,u.user_id,b.id,b.name,u.user_name FROM wrt_order o INNER JOIN wrt_user AS u ON u.user_id=o.user_id INNER JOIN wrt_business AS b ON b.id=o.bid  WHERE ( o.oid=6 ) LIMIT 1   [ RunTime:0.000347s ]

[ 2014-12-19T13:17:13+08:00 ] ::1 /whr/index.php?s=/Home/Order/url_ajax
INFO: [ app_begin ] --START--
INFO: Run Behavior\ReadHtmlCacheBehavior [ RunTime:0.000402s ]
INFO: [ app_begin ] --END-- [ RunTime:0.000679s ]
SQL: SHOW COLUMNS FROM wrt_order o [ RunTime:0.000211s ]
ERR: 1064:You have an error in your SQL syntax; check the manual that corresponds to your MySQL server version for the right syntax to use near 'o' at line 1
 [ SQL语句 ] : SHOW COLUMNS FROM wrt_order o
SQL: SELECT o.*,u.user_id,b.id,b.name,u.user_name FROM wrt_order o INNER JOIN wrt_user AS u ON u.user_id=o.user_id INNER JOIN wrt_business AS b ON b.id=o.bid  WHERE ( o.oid=11 ) LIMIT 1   [ RunTime:0.000389s ]

[ 2014-12-19T13:17:33+08:00 ] ::1 /whr/index.php?s=/Home/Order/url_ajax
INFO: [ app_begin ] --START--
INFO: Run Behavior\ReadHtmlCacheBehavior [ RunTime:0.000541s ]
INFO: [ app_begin ] --END-- [ RunTime:0.000862s ]
SQL: SHOW COLUMNS FROM wrt_order o [ RunTime:0.000223s ]
ERR: 1064:You have an error in your SQL syntax; check the manual that corresponds to your MySQL server version for the right syntax to use near 'o' at line 1
 [ SQL语句 ] : SHOW COLUMNS FROM wrt_order o
SQL: SELECT o.*,u.user_id,b.id,b.name,u.user_name FROM wrt_order o INNER JOIN wrt_user AS u ON u.user_id=o.user_id INNER JOIN wrt_business AS b ON b.id=o.bid  WHERE ( o.oid=13 ) LIMIT 1   [ RunTime:0.000316s ]

[ 2014-12-19T13:17:35+08:00 ] ::1 /whr/index.php?s=/Home/Order/url_ajax
INFO: [ app_begin ] --START--
INFO: Run Behavior\ReadHtmlCacheBehavior [ RunTime:0.000412s ]
INFO: [ app_begin ] --END-- [ RunTime:0.000691s ]
SQL: SHOW COLUMNS FROM wrt_order o [ RunTime:0.000169s ]
ERR: 1064:You have an error in your SQL syntax; check the manual that corresponds to your MySQL server version for the right syntax to use near 'o' at line 1
 [ SQL语句 ] : SHOW COLUMNS FROM wrt_order o
SQL: SELECT o.*,u.user_id,b.id,b.name,u.user_name FROM wrt_order o INNER JOIN wrt_user AS u ON u.user_id=o.user_id INNER JOIN wrt_business AS b ON b.id=o.bid  WHERE ( o.oid=12 ) LIMIT 1   [ RunTime:0.000336s ]

[ 2014-12-19T13:18:44+08:00 ] ::1 /whr/index.php?s=/Home/Order/url_ajax
INFO: [ app_begin ] --START--
INFO: Run Behavior\ReadHtmlCacheBehavior [ RunTime:0.000409s ]
INFO: [ app_begin ] --END-- [ RunTime:0.000682s ]
SQL: SHOW COLUMNS FROM wrt_order o [ RunTime:0.000194s ]
ERR: 1064:You have an error in your SQL syntax; check the manual that corresponds to your MySQL server version for the right syntax to use near 'o' at line 1
 [ SQL语句 ] : SHOW COLUMNS FROM wrt_order o
SQL: SELECT o.*,u.user_id,b.id,b.name,u.user_name FROM wrt_order o INNER JOIN wrt_user AS u ON u.user_id=o.user_id INNER JOIN wrt_business AS b ON b.id=o.bid  WHERE ( o.oid=6 ) LIMIT 1   [ RunTime:0.000387s ]

[ 2014-12-19T13:35:46+08:00 ] ::1 /whr/index.php?s=/Home/Order/url_ajax
INFO: [ app_begin ] --START--
INFO: Run Behavior\ReadHtmlCacheBehavior [ RunTime:0.000524s ]
INFO: [ app_begin ] --END-- [ RunTime:0.000835s ]
SQL: SHOW COLUMNS FROM wrt_order o [ RunTime:0.000172s ]
ERR: 1064:You have an error in your SQL syntax; check the manual that corresponds to your MySQL server version for the right syntax to use near 'o' at line 1
 [ SQL语句 ] : SHOW COLUMNS FROM wrt_order o
SQL: SELECT o.*,u.user_id,b.id,b.name,u.user_name FROM wrt_order o INNER JOIN wrt_user AS u ON u.user_id=o.user_id INNER JOIN wrt_business AS b ON b.id=o.bid  WHERE ( o.oid=1 ) LIMIT 1   [ RunTime:0.000379s ]

[ 2014-12-19T13:36:19+08:00 ] ::1 /whr/index.php?s=/Home/Order/url_ajax
INFO: [ app_begin ] --START--
INFO: Run Behavior\ReadHtmlCacheBehavior [ RunTime:0.000423s ]
INFO: [ app_begin ] --END-- [ RunTime:0.000691s ]
SQL: SHOW COLUMNS FROM wrt_order o [ RunTime:0.000109s ]
ERR: 1064:You have an error in your SQL syntax; check the manual that corresponds to your MySQL server version for the right syntax to use near 'o' at line 1
 [ SQL语句 ] : SHOW COLUMNS FROM wrt_order o
SQL: SELECT o.*,u.user_id,b.id,b.name,u.user_name FROM wrt_order o INNER JOIN wrt_user AS u ON u.user_id=o.user_id INNER JOIN wrt_business AS b ON b.id=o.bid  WHERE ( o.oid=1 ) LIMIT 1   [ RunTime:0.000295s ]

[ 2014-12-19T13:38:14+08:00 ] ::1 /whr/index.php?s=/Home/Order/url_ajax
INFO: [ app_begin ] --START--
INFO: Run Behavior\ReadHtmlCacheBehavior [ RunTime:0.000543s ]
INFO: [ app_begin ] --END-- [ RunTime:0.000872s ]
SQL: SHOW COLUMNS FROM wrt_order o [ RunTime:0.000108s ]
ERR: 1064:You have an error in your SQL syntax; check the manual that corresponds to your MySQL server version for the right syntax to use near 'o' at line 1
 [ SQL语句 ] : SHOW COLUMNS FROM wrt_order o
SQL: SELECT o.*,u.user_id,b.id,b.name,u.user_name FROM wrt_order o INNER JOIN wrt_user AS u ON u.user_id=o.user_id INNER JOIN wrt_business AS b ON b.id=o.bid  WHERE ( o.oid=1 ) LIMIT 1   [ RunTime:0.000316s ]

[ 2014-12-19T13:41:00+08:00 ] ::1 /whr/index.php?s=/Home/Order/url_ajax
INFO: [ app_begin ] --START--
INFO: Run Behavior\ReadHtmlCacheBehavior [ RunTime:0.000556s ]
INFO: [ app_begin ] --END-- [ RunTime:0.000908s ]
SQL: SHOW COLUMNS FROM wrt_order o [ RunTime:0.000167s ]
ERR: 1064:You have an error in your SQL syntax; check the manual that corresponds to your MySQL server version for the right syntax to use near 'o' at line 1
 [ SQL语句 ] : SHOW COLUMNS FROM wrt_order o
SQL: SELECT o.*,u.user_id,b.id,b.name,u.user_name FROM wrt_order o INNER JOIN wrt_user AS u ON u.user_id=o.user_id INNER JOIN wrt_business AS b ON b.id=o.bid  WHERE ( o.oid=1 ) LIMIT 1   [ RunTime:0.000339s ]

[ 2014-12-19T13:41:23+08:00 ] ::1 /whr/index.php?s=/Home/Order/url_ajax
INFO: [ app_begin ] --START--
INFO: Run Behavior\ReadHtmlCacheBehavior [ RunTime:0.000395s ]
INFO: [ app_begin ] --END-- [ RunTime:0.000675s ]
SQL: SHOW COLUMNS FROM wrt_order o [ RunTime:0.000154s ]
ERR: 1064:You have an error in your SQL syntax; check the manual that corresponds to your MySQL server version for the right syntax to use near 'o' at line 1
 [ SQL语句 ] : SHOW COLUMNS FROM wrt_order o
SQL: SELECT o.*,u.user_id,b.id,b.name,u.user_name FROM wrt_order o INNER JOIN wrt_user AS u ON u.user_id=o.user_id INNER JOIN wrt_business AS b ON b.id=o.bid  WHERE ( o.oid=1 ) LIMIT 1   [ RunTime:0.000438s ]

[ 2014-12-19T13:41:29+08:00 ] ::1 /whr/index.php?s=/Home/Order/url_ajax
INFO: [ app_begin ] --START--
INFO: Run Behavior\ReadHtmlCacheBehavior [ RunTime:0.001401s ]
INFO: [ app_begin ] --END-- [ RunTime:0.001724s ]
SQL: SHOW COLUMNS FROM wrt_order o [ RunTime:0.000140s ]
ERR: 1064:You have an error in your SQL syntax; check the manual that corresponds to your MySQL server version for the right syntax to use near 'o' at line 1
 [ SQL语句 ] : SHOW COLUMNS FROM wrt_order o
SQL: SELECT o.*,u.user_id,b.id,b.name,u.user_name FROM wrt_order o INNER JOIN wrt_user AS u ON u.user_id=o.user_id INNER JOIN wrt_business AS b ON b.id=o.bid  WHERE ( o.oid=1 ) LIMIT 1   [ RunTime:0.000320s ]

[ 2014-12-19T13:41:42+08:00 ] ::1 /whr/index.php?s=/Home/Order/url_ajax
INFO: [ app_begin ] --START--
INFO: Run Behavior\ReadHtmlCacheBehavior [ RunTime:0.000561s ]
INFO: [ app_begin ] --END-- [ RunTime:0.000879s ]
SQL: SHOW COLUMNS FROM wrt_order o [ RunTime:0.000148s ]
ERR: 1064:You have an error in your SQL syntax; check the manual that corresponds to your MySQL server version for the right syntax to use near 'o' at line 1
 [ SQL语句 ] : SHOW COLUMNS FROM wrt_order o
SQL: SELECT o.*,u.user_id,b.id,b.name,u.user_name FROM wrt_order o INNER JOIN wrt_user AS u ON u.user_id=o.user_id INNER JOIN wrt_business AS b ON b.id=o.bid  WHERE ( o.oid=1 ) LIMIT 1   [ RunTime:0.000371s ]

[ 2014-12-19T13:41:52+08:00 ] ::1 /whr/index.php?s=/Home/Order/url_ajax
INFO: [ app_begin ] --START--
INFO: Run Behavior\ReadHtmlCacheBehavior [ RunTime:0.000431s ]
INFO: [ app_begin ] --END-- [ RunTime:0.000753s ]
SQL: SHOW COLUMNS FROM wrt_order o [ RunTime:0.000114s ]
ERR: 1064:You have an error in your SQL syntax; check the manual that corresponds to your MySQL server version for the right syntax to use near 'o' at line 1
 [ SQL语句 ] : SHOW COLUMNS FROM wrt_order o
SQL: SELECT o.*,u.user_id,b.id,b.name,u.user_name FROM wrt_order o INNER JOIN wrt_user AS u ON u.user_id=o.user_id INNER JOIN wrt_business AS b ON b.id=o.bid  WHERE ( o.oid=1 ) LIMIT 1   [ RunTime:0.000307s ]

[ 2014-12-19T13:48:25+08:00 ] ::1 /whr/index.php?s=/Home/Order/url_ajax
INFO: [ app_begin ] --START--
INFO: Run Behavior\ReadHtmlCacheBehavior [ RunTime:0.000547s ]
INFO: [ app_begin ] --END-- [ RunTime:0.000863s ]
SQL: SHOW COLUMNS FROM wrt_order o [ RunTime:0.000088s ]
ERR: 1064:You have an error in your SQL syntax; check the manual that corresponds to your MySQL server version for the right syntax to use near 'o' at line 1
 [ SQL语句 ] : SHOW COLUMNS FROM wrt_order o
SQL: SELECT o.*,u.user_id,b.id,b.name,u.user_name FROM wrt_order o INNER JOIN wrt_user AS u ON u.user_id=o.user_id INNER JOIN wrt_business AS b ON b.id=o.bid  WHERE ( o.oid=1 ) LIMIT 1   [ RunTime:0.000318s ]

[ 2014-12-19T13:50:54+08:00 ] ::1 /whr/index.php?s=/Home/Order/url_ajax
INFO: [ app_begin ] --START--
INFO: Run Behavior\ReadHtmlCacheBehavior [ RunTime:0.000388s ]
INFO: [ app_begin ] --END-- [ RunTime:0.000665s ]
SQL: SHOW COLUMNS FROM wrt_order o [ RunTime:0.000124s ]
ERR: 1064:You have an error in your SQL syntax; check the manual that corresponds to your MySQL server version for the right syntax to use near 'o' at line 1
 [ SQL语句 ] : SHOW COLUMNS FROM wrt_order o
SQL: SELECT o.*,u.user_id,b.id,b.name,u.user_name FROM wrt_order o INNER JOIN wrt_user AS u ON u.user_id=o.user_id INNER JOIN wrt_business AS b ON b.id=o.bid  WHERE ( o.oid=1 ) LIMIT 1   [ RunTime:0.000335s ]

[ 2014-12-19T14:02:38+08:00 ] ::1 /whr/index.php?s=/Home/Order/url_ajax
INFO: [ app_begin ] --START--
INFO: Run Behavior\ReadHtmlCacheBehavior [ RunTime:0.000875s ]
INFO: [ app_begin ] --END-- [ RunTime:0.001239s ]
SQL: SHOW COLUMNS FROM wrt_order o [ RunTime:0.000205s ]
ERR: 1064:You have an error in your SQL syntax; check the manual that corresponds to your MySQL server version for the right syntax to use near 'o' at line 1
 [ SQL语句 ] : SHOW COLUMNS FROM wrt_order o
SQL: SELECT o.*,u.user_id,b.id,b.name,u.user_name FROM wrt_order o INNER JOIN wrt_user AS u ON u.user_id=o.user_id INNER JOIN wrt_business AS b ON b.id=o.bid  WHERE ( o.oid=1 ) LIMIT 1   [ RunTime:0.000372s ]

[ 2014-12-19T14:03:11+08:00 ] ::1 /whr/index.php?s=/Home/Order/url_ajax
INFO: [ app_begin ] --START--
INFO: Run Behavior\ReadHtmlCacheBehavior [ RunTime:0.000410s ]
INFO: [ app_begin ] --END-- [ RunTime:0.000692s ]
SQL: SHOW COLUMNS FROM wrt_order o [ RunTime:0.000224s ]
ERR: 1064:You have an error in your SQL syntax; check the manual that corresponds to your MySQL server version for the right syntax to use near 'o' at line 1
 [ SQL语句 ] : SHOW COLUMNS FROM wrt_order o
SQL: SELECT o.*,u.user_id,b.id,b.name,u.user_name FROM wrt_order o INNER JOIN wrt_user AS u ON u.user_id=o.user_id INNER JOIN wrt_business AS b ON b.id=o.bid  WHERE ( o.oid=1 ) LIMIT 1   [ RunTime:0.000414s ]

[ 2014-12-19T14:16:10+08:00 ] ::1 /whr/index.php?s=/Home/Order/url_ajax
INFO: [ app_begin ] --START--
INFO: Run Behavior\ReadHtmlCacheBehavior [ RunTime:0.000525s ]
INFO: [ app_begin ] --END-- [ RunTime:0.000857s ]
SQL: SHOW COLUMNS FROM wrt_order o [ RunTime:0.000113s ]
ERR: 1064:You have an error in your SQL syntax; check the manual that corresponds to your MySQL server version for the right syntax to use near 'o' at line 1
 [ SQL语句 ] : SHOW COLUMNS FROM wrt_order o
SQL: SELECT o.*,u.user_id,b.id,b.name,u.user_name FROM wrt_order o INNER JOIN wrt_user AS u ON u.user_id=o.user_id INNER JOIN wrt_business AS b ON b.id=o.bid  WHERE ( o.oid=2 ) LIMIT 1   [ RunTime:0.000350s ]

[ 2014-12-19T14:16:24+08:00 ] ::1 /whr/index.php?s=/Home/Order/url_ajax
INFO: [ app_begin ] --START--
INFO: Run Behavior\ReadHtmlCacheBehavior [ RunTime:0.000422s ]
INFO: [ app_begin ] --END-- [ RunTime:0.000707s ]
SQL: SHOW COLUMNS FROM wrt_order o [ RunTime:0.000233s ]
ERR: 1064:You have an error in your SQL syntax; check the manual that corresponds to your MySQL server version for the right syntax to use near 'o' at line 1
 [ SQL语句 ] : SHOW COLUMNS FROM wrt_order o
SQL: SELECT o.*,u.user_id,b.id,b.name,u.user_name FROM wrt_order o INNER JOIN wrt_user AS u ON u.user_id=o.user_id INNER JOIN wrt_business AS b ON b.id=o.bid  WHERE ( o.oid=1 ) LIMIT 1   [ RunTime:0.000387s ]

[ 2014-12-19T14:16:56+08:00 ] ::1 /whr/index.php?s=/Home/Order/url_ajax
INFO: [ app_begin ] --START--
INFO: Run Behavior\ReadHtmlCacheBehavior [ RunTime:0.000443s ]
INFO: [ app_begin ] --END-- [ RunTime:0.000704s ]
SQL: SHOW COLUMNS FROM wrt_order o [ RunTime:0.000122s ]
ERR: 1064:You have an error in your SQL syntax; check the manual that corresponds to your MySQL server version for the right syntax to use near 'o' at line 1
 [ SQL语句 ] : SHOW COLUMNS FROM wrt_order o
SQL: SELECT o.*,u.user_id,b.id,b.name,u.user_name FROM wrt_order o INNER JOIN wrt_user AS u ON u.user_id=o.user_id INNER JOIN wrt_business AS b ON b.id=o.bid  WHERE ( o.oid=1 ) LIMIT 1   [ RunTime:0.000331s ]

[ 2014-12-19T14:17:16+08:00 ] ::1 /whr/index.php?s=/Home/Order/url_ajax
INFO: [ app_begin ] --START--
INFO: Run Behavior\ReadHtmlCacheBehavior [ RunTime:0.000385s ]
INFO: [ app_begin ] --END-- [ RunTime:0.000660s ]
SQL: SHOW COLUMNS FROM wrt_order o [ RunTime:0.000136s ]
ERR: 1064:You have an error in your SQL syntax; check the manual that corresponds to your MySQL server version for the right syntax to use near 'o' at line 1
 [ SQL语句 ] : SHOW COLUMNS FROM wrt_order o
SQL: SELECT o.*,u.user_id,b.id,b.name,u.user_name FROM wrt_order o INNER JOIN wrt_user AS u ON u.user_id=o.user_id INNER JOIN wrt_business AS b ON b.id=o.bid  WHERE ( o.oid=1 ) LIMIT 1   [ RunTime:0.000336s ]

[ 2014-12-19T14:17:47+08:00 ] ::1 /whr/index.php?s=/Home/Order/url_ajax
INFO: [ app_begin ] --START--
INFO: Run Behavior\ReadHtmlCacheBehavior [ RunTime:0.000412s ]
INFO: [ app_begin ] --END-- [ RunTime:0.000688s ]
SQL: SHOW COLUMNS FROM wrt_order o [ RunTime:0.000108s ]
ERR: 1064:You have an error in your SQL syntax; check the manual that corresponds to your MySQL server version for the right syntax to use near 'o' at line 1
 [ SQL语句 ] : SHOW COLUMNS FROM wrt_order o
SQL: SELECT o.*,u.user_id,b.id,b.name,u.user_name FROM wrt_order o INNER JOIN wrt_user AS u ON u.user_id=o.user_id INNER JOIN wrt_business AS b ON b.id=o.bid  WHERE ( o.oid=1 ) LIMIT 1   [ RunTime:0.000297s ]

[ 2014-12-19T14:21:52+08:00 ] ::1 /whr/index.php?s=/Home/Order/url_ajax
INFO: [ app_begin ] --START--
INFO: Run Behavior\ReadHtmlCacheBehavior [ RunTime:0.000530s ]
INFO: [ app_begin ] --END-- [ RunTime:0.000842s ]
SQL: SHOW COLUMNS FROM wrt_order o [ RunTime:0.000153s ]
ERR: 1064:You have an error in your SQL syntax; check the manual that corresponds to your MySQL server version for the right syntax to use near 'o' at line 1
 [ SQL语句 ] : SHOW COLUMNS FROM wrt_order o
SQL: SELECT o.*,u.user_id,b.id,b.name,u.user_name FROM wrt_order o INNER JOIN wrt_user AS u ON u.user_id=o.user_id INNER JOIN wrt_business AS b ON b.id=o.bid  WHERE ( o.oid=1 ) LIMIT 1   [ RunTime:0.000386s ]

[ 2014-12-19T14:23:00+08:00 ] ::1 /whr/index.php?s=/Home/Order/url_ajax
INFO: [ app_begin ] --START--
INFO: Run Behavior\ReadHtmlCacheBehavior [ RunTime:0.000587s ]
INFO: [ app_begin ] --END-- [ RunTime:0.000900s ]
SQL: SHOW COLUMNS FROM wrt_order o [ RunTime:0.000118s ]
ERR: 1064:You have an error in your SQL syntax; check the manual that corresponds to your MySQL server version for the right syntax to use near 'o' at line 1
 [ SQL语句 ] : SHOW COLUMNS FROM wrt_order o
SQL: SELECT o.*,u.user_id,b.id,b.name,u.user_name FROM wrt_order o INNER JOIN wrt_user AS u ON u.user_id=o.user_id INNER JOIN wrt_business AS b ON b.id=o.bid  WHERE ( o.oid=1 ) LIMIT 1   [ RunTime:0.000321s ]

[ 2014-12-19T14:23:34+08:00 ] ::1 /whr/index.php?s=/Home/Order/url_ajax
INFO: [ app_begin ] --START--
INFO: Run Behavior\ReadHtmlCacheBehavior [ RunTime:0.000604s ]
INFO: [ app_begin ] --END-- [ RunTime:0.000919s ]
SQL: SHOW COLUMNS FROM wrt_order o [ RunTime:0.000172s ]
ERR: 1064:You have an error in your SQL syntax; check the manual that corresponds to your MySQL server version for the right syntax to use near 'o' at line 1
 [ SQL语句 ] : SHOW COLUMNS FROM wrt_order o
SQL: SELECT o.*,u.user_id,b.id,b.name,u.user_name FROM wrt_order o INNER JOIN wrt_user AS u ON u.user_id=o.user_id INNER JOIN wrt_business AS b ON b.id=o.bid  WHERE ( o.oid=1 ) LIMIT 1   [ RunTime:0.000380s ]

[ 2014-12-19T14:23:52+08:00 ] ::1 /whr/index.php?s=/Home/Order/url_ajax
INFO: [ app_begin ] --START--
INFO: Run Behavior\ReadHtmlCacheBehavior [ RunTime:0.000489s ]
INFO: [ app_begin ] --END-- [ RunTime:0.000801s ]
SQL: SHOW COLUMNS FROM wrt_order o [ RunTime:0.000146s ]
ERR: 1064:You have an error in your SQL syntax; check the manual that corresponds to your MySQL server version for the right syntax to use near 'o' at line 1
 [ SQL语句 ] : SHOW COLUMNS FROM wrt_order o
SQL: SELECT o.*,u.user_id,b.id,b.name,u.user_name FROM wrt_order o INNER JOIN wrt_user AS u ON u.user_id=o.user_id INNER JOIN wrt_business AS b ON b.id=o.bid  WHERE ( o.oid=1 ) LIMIT 1   [ RunTime:0.000342s ]

[ 2014-12-19T14:26:55+08:00 ] ::1 /whr/index.php?s=/Home/Order/url_ajax
INFO: [ app_begin ] --START--
INFO: Run Behavior\ReadHtmlCacheBehavior [ RunTime:0.000421s ]
INFO: [ app_begin ] --END-- [ RunTime:0.000702s ]
SQL: SHOW COLUMNS FROM wrt_order o [ RunTime:0.000186s ]
ERR: 1064:You have an error in your SQL syntax; check the manual that corresponds to your MySQL server version for the right syntax to use near 'o' at line 1
 [ SQL语句 ] : SHOW COLUMNS FROM wrt_order o
SQL: SELECT o.*,u.user_id,b.id,b.name,u.user_name FROM wrt_order o INNER JOIN wrt_user AS u ON u.user_id=o.user_id INNER JOIN wrt_business AS b ON b.id=o.bid  WHERE ( o.oid=1 ) LIMIT 1   [ RunTime:0.000428s ]

[ 2014-12-19T14:29:38+08:00 ] ::1 /whr/index.php?s=/Home/Order/url_ajax
INFO: [ app_begin ] --START--
INFO: Run Behavior\ReadHtmlCacheBehavior [ RunTime:0.001254s ]
INFO: [ app_begin ] --END-- [ RunTime:0.001586s ]
SQL: SHOW COLUMNS FROM wrt_order o [ RunTime:0.000176s ]
ERR: 1064:You have an error in your SQL syntax; check the manual that corresponds to your MySQL server version for the right syntax to use near 'o' at line 1
 [ SQL语句 ] : SHOW COLUMNS FROM wrt_order o
SQL: SELECT o.*,u.user_id,b.id,b.name,u.user_name FROM wrt_order o INNER JOIN wrt_user AS u ON u.user_id=o.user_id INNER JOIN wrt_business AS b ON b.id=o.bid  WHERE ( o.oid=1 ) LIMIT 1   [ RunTime:0.000386s ]

[ 2014-12-19T14:29:43+08:00 ] ::1 /whr/index.php?s=/Home/Order/url_ajax
INFO: [ app_begin ] --START--
INFO: Run Behavior\ReadHtmlCacheBehavior [ RunTime:0.000439s ]
INFO: [ app_begin ] --END-- [ RunTime:0.000715s ]
SQL: SHOW COLUMNS FROM wrt_order o [ RunTime:0.000101s ]
ERR: 1064:You have an error in your SQL syntax; check the manual that corresponds to your MySQL server version for the right syntax to use near 'o' at line 1
 [ SQL语句 ] : SHOW COLUMNS FROM wrt_order o
SQL: SELECT o.*,u.user_id,b.id,b.name,u.user_name FROM wrt_order o INNER JOIN wrt_user AS u ON u.user_id=o.user_id INNER JOIN wrt_business AS b ON b.id=o.bid  WHERE ( o.oid=2 ) LIMIT 1   [ RunTime:0.000299s ]

[ 2014-12-19T14:32:47+08:00 ] ::1 /whr/index.php?s=/Home/Order/url_ajax
INFO: [ app_begin ] --START--
INFO: Run Behavior\ReadHtmlCacheBehavior [ RunTime:0.000559s ]
INFO: [ app_begin ] --END-- [ RunTime:0.000890s ]
SQL: SHOW COLUMNS FROM wrt_order o [ RunTime:0.000110s ]
ERR: 1064:You have an error in your SQL syntax; check the manual that corresponds to your MySQL server version for the right syntax to use near 'o' at line 1
 [ SQL语句 ] : SHOW COLUMNS FROM wrt_order o
SQL: SELECT o.*,u.user_id,b.id,b.name,u.user_name FROM wrt_order o INNER JOIN wrt_user AS u ON u.user_id=o.user_id INNER JOIN wrt_business AS b ON b.id=o.bid  WHERE ( o.oid=1 ) LIMIT 1   [ RunTime:0.000319s ]

[ 2014-12-19T14:33:16+08:00 ] ::1 /whr/index.php?s=/Home/Order/url_ajax
INFO: [ app_begin ] --START--
INFO: Run Behavior\ReadHtmlCacheBehavior [ RunTime:0.000401s ]
INFO: [ app_begin ] --END-- [ RunTime:0.000691s ]
SQL: SHOW COLUMNS FROM wrt_order o [ RunTime:0.000162s ]
ERR: 1064:You have an error in your SQL syntax; check the manual that corresponds to your MySQL server version for the right syntax to use near 'o' at line 1
 [ SQL语句 ] : SHOW COLUMNS FROM wrt_order o
SQL: SELECT o.*,u.user_id,b.id,b.name,u.user_name FROM wrt_order o INNER JOIN wrt_user AS u ON u.user_id=o.user_id INNER JOIN wrt_business AS b ON b.id=o.bid  WHERE ( o.oid=1 ) LIMIT 1   [ RunTime:0.000368s ]

[ 2014-12-19T14:33:33+08:00 ] ::1 /whr/index.php?s=/Home/Order/url_ajax
INFO: [ app_begin ] --START--
INFO: Run Behavior\ReadHtmlCacheBehavior [ RunTime:0.000556s ]
INFO: [ app_begin ] --END-- [ RunTime:0.000904s ]
SQL: SHOW COLUMNS FROM wrt_order o [ RunTime:0.000240s ]
ERR: 1064:You have an error in your SQL syntax; check the manual that corresponds to your MySQL server version for the right syntax to use near 'o' at line 1
 [ SQL语句 ] : SHOW COLUMNS FROM wrt_order o
SQL: SELECT o.*,u.user_id,b.id,b.name,u.user_name FROM wrt_order o INNER JOIN wrt_user AS u ON u.user_id=o.user_id INNER JOIN wrt_business AS b ON b.id=o.bid  WHERE ( o.oid=2 ) LIMIT 1   [ RunTime:0.000402s ]

[ 2014-12-19T14:41:21+08:00 ] ::1 /whr/index.php?s=/Home/Order/url_ajax
INFO: [ app_begin ] --START--
INFO: Run Behavior\ReadHtmlCacheBehavior [ RunTime:0.000545s ]
INFO: [ app_begin ] --END-- [ RunTime:0.000867s ]
SQL: SHOW COLUMNS FROM wrt_order o [ RunTime:0.000101s ]
ERR: 1064:You have an error in your SQL syntax; check the manual that corresponds to your MySQL server version for the right syntax to use near 'o' at line 1
 [ SQL语句 ] : SHOW COLUMNS FROM wrt_order o
SQL: SELECT o.*,u.user_id,b.id,b.name,u.user_name FROM wrt_order o INNER JOIN wrt_user AS u ON u.user_id=o.user_id INNER JOIN wrt_business AS b ON b.id=o.bid  WHERE ( o.oid=1 ) LIMIT 1   [ RunTime:0.000355s ]

[ 2014-12-19T14:41:41+08:00 ] ::1 /whr/index.php?s=/Home/Order/url_ajax
INFO: [ app_begin ] --START--
INFO: Run Behavior\ReadHtmlCacheBehavior [ RunTime:0.000657s ]
INFO: [ app_begin ] --END-- [ RunTime:0.001015s ]
SQL: SHOW COLUMNS FROM wrt_order o [ RunTime:0.000107s ]
ERR: 1064:You have an error in your SQL syntax; check the manual that corresponds to your MySQL server version for the right syntax to use near 'o' at line 1
 [ SQL语句 ] : SHOW COLUMNS FROM wrt_order o
SQL: SELECT o.*,u.user_id,b.id,b.name,u.user_name FROM wrt_order o INNER JOIN wrt_user AS u ON u.user_id=o.user_id INNER JOIN wrt_business AS b ON b.id=o.bid  WHERE ( o.oid=1 ) LIMIT 1   [ RunTime:0.000326s ]

[ 2014-12-19T14:41:44+08:00 ] ::1 /whr/index.php?s=/Home/Order/url_ajax
INFO: [ app_begin ] --START--
INFO: Run Behavior\ReadHtmlCacheBehavior [ RunTime:0.000407s ]
INFO: [ app_begin ] --END-- [ RunTime:0.000679s ]
SQL: SHOW COLUMNS FROM wrt_order o [ RunTime:0.000123s ]
ERR: 1064:You have an error in your SQL syntax; check the manual that corresponds to your MySQL server version for the right syntax to use near 'o' at line 1
 [ SQL语句 ] : SHOW COLUMNS FROM wrt_order o
SQL: SELECT o.*,u.user_id,b.id,b.name,u.user_name FROM wrt_order o INNER JOIN wrt_user AS u ON u.user_id=o.user_id INNER JOIN wrt_business AS b ON b.id=o.bid  WHERE ( o.oid=1 ) LIMIT 1   [ RunTime:0.000383s ]

[ 2014-12-19T14:41:51+08:00 ] ::1 /whr/index.php?s=/Home/Order/url_ajax
INFO: [ app_begin ] --START--
INFO: Run Behavior\ReadHtmlCacheBehavior [ RunTime:0.000606s ]
INFO: [ app_begin ] --END-- [ RunTime:0.000995s ]
SQL: SHOW COLUMNS FROM wrt_order o [ RunTime:0.000137s ]
ERR: 1064:You have an error in your SQL syntax; check the manual that corresponds to your MySQL server version for the right syntax to use near 'o' at line 1
 [ SQL语句 ] : SHOW COLUMNS FROM wrt_order o
SQL: SELECT o.*,u.user_id,b.id,b.name,u.user_name FROM wrt_order o INNER JOIN wrt_user AS u ON u.user_id=o.user_id INNER JOIN wrt_business AS b ON b.id=o.bid  WHERE ( o.oid=1 ) LIMIT 1   [ RunTime:0.000362s ]

[ 2014-12-19T14:41:59+08:00 ] ::1 /whr/index.php?s=/Home/Order/url_ajax
INFO: [ app_begin ] --START--
INFO: Run Behavior\ReadHtmlCacheBehavior [ RunTime:0.000576s ]
INFO: [ app_begin ] --END-- [ RunTime:0.000927s ]
SQL: SHOW COLUMNS FROM wrt_order o [ RunTime:0.000095s ]
ERR: 1064:You have an error in your SQL syntax; check the manual that corresponds to your MySQL server version for the right syntax to use near 'o' at line 1
 [ SQL语句 ] : SHOW COLUMNS FROM wrt_order o
SQL: SELECT o.*,u.user_id,b.id,b.name,u.user_name FROM wrt_order o INNER JOIN wrt_user AS u ON u.user_id=o.user_id INNER JOIN wrt_business AS b ON b.id=o.bid  WHERE ( o.oid=1 ) LIMIT 1   [ RunTime:0.000353s ]

[ 2014-12-19T14:42:46+08:00 ] ::1 /whr/index.php?s=/Home/Order/url_ajax
INFO: [ app_begin ] --START--
INFO: Run Behavior\ReadHtmlCacheBehavior [ RunTime:0.000417s ]
INFO: [ app_begin ] --END-- [ RunTime:0.000694s ]
SQL: SHOW COLUMNS FROM wrt_order o [ RunTime:0.000158s ]
ERR: 1064:You have an error in your SQL syntax; check the manual that corresponds to your MySQL server version for the right syntax to use near 'o' at line 1
 [ SQL语句 ] : SHOW COLUMNS FROM wrt_order o
SQL: SELECT o.*,u.user_id,b.id,b.name,u.user_name FROM wrt_order o INNER JOIN wrt_user AS u ON u.user_id=o.user_id INNER JOIN wrt_business AS b ON b.id=o.bid  WHERE ( o.oid=6 ) LIMIT 1   [ RunTime:0.000346s ]

[ 2014-12-19T14:42:50+08:00 ] ::1 /whr/index.php?s=/Home/Order/url_ajax
INFO: [ app_begin ] --START--
INFO: Run Behavior\ReadHtmlCacheBehavior [ RunTime:0.001101s ]
INFO: [ app_begin ] --END-- [ RunTime:0.001393s ]
SQL: SHOW COLUMNS FROM wrt_order o [ RunTime:0.000145s ]
ERR: 1064:You have an error in your SQL syntax; check the manual that corresponds to your MySQL server version for the right syntax to use near 'o' at line 1
 [ SQL语句 ] : SHOW COLUMNS FROM wrt_order o
SQL: SELECT o.*,u.user_id,b.id,b.name,u.user_name FROM wrt_order o INNER JOIN wrt_user AS u ON u.user_id=o.user_id INNER JOIN wrt_business AS b ON b.id=o.bid  WHERE ( o.oid=4 ) LIMIT 1   [ RunTime:0.000343s ]

[ 2014-12-19T14:42:55+08:00 ] ::1 /whr/index.php?s=/Home/Month/index
ERR: 无法加载控制器:Month

[ 2014-12-19T14:42:59+08:00 ] ::1 /whr/index.php?s=/Home/Owner/index
ERR: 无法加载控制器:Owner

[ 2014-12-19T14:43:00+08:00 ] ::1 /whr/index.php?s=/Home/Owner/get
ERR: 无法加载控制器:Owner

[ 2014-12-19T14:43:01+08:00 ] ::1 /whr/index.php?s=/Home/Volume/index
ERR: 无法加载控制器:Volume

[ 2014-12-19T14:43:35+08:00 ] ::1 /whr/index.php?s=/Home/Order/url_ajax
INFO: [ app_begin ] --START--
INFO: Run Behavior\ReadHtmlCacheBehavior [ RunTime:0.000416s ]
INFO: [ app_begin ] --END-- [ RunTime:0.000697s ]
SQL: SHOW COLUMNS FROM wrt_order o [ RunTime:0.000108s ]
ERR: 1064:You have an error in your SQL syntax; check the manual that corresponds to your MySQL server version for the right syntax to use near 'o' at line 1
 [ SQL语句 ] : SHOW COLUMNS FROM wrt_order o
SQL: SELECT o.*,u.user_id,b.id,b.name,u.user_name FROM wrt_order o INNER JOIN wrt_user AS u ON u.user_id=o.user_id INNER JOIN wrt_business AS b ON b.id=o.bid  WHERE ( o.oid=1 ) LIMIT 1   [ RunTime:0.000331s ]

[ 2014-12-19T14:52:34+08:00 ] ::1 /whr/index.php?s=/Home/Order/url_ajax
INFO: [ app_begin ] --START--
INFO: Run Behavior\ReadHtmlCacheBehavior [ RunTime:0.001128s ]
INFO: [ app_begin ] --END-- [ RunTime:0.001404s ]
SQL: SHOW COLUMNS FROM wrt_order o [ RunTime:0.000149s ]
ERR: 1064:You have an error in your SQL syntax; check the manual that corresponds to your MySQL server version for the right syntax to use near 'o' at line 1
 [ SQL语句 ] : SHOW COLUMNS FROM wrt_order o
SQL: SELECT o.*,u.user_id,b.id,b.name,u.user_name FROM wrt_order o INNER JOIN wrt_user AS u ON u.user_id=o.user_id INNER JOIN wrt_business AS b ON b.id=o.bid  WHERE ( o.oid=1 ) LIMIT 1   [ RunTime:0.000361s ]

[ 2014-12-19T16:35:56+08:00 ] ::1 /whr/index.php?s=/Home/Order/urlAjaxOrderFind
INFO: [ app_begin ] --START--
INFO: Run Behavior\ReadHtmlCacheBehavior [ RunTime:0.000538s ]
INFO: [ app_begin ] --END-- [ RunTime:0.000841s ]
SQL: SHOW COLUMNS FROM wrt_order o [ RunTime:0.000239s ]
ERR: 1064:You have an error in your SQL syntax; check the manual that corresponds to your MySQL server version for the right syntax to use near 'o' at line 1
 [ SQL语句 ] : SHOW COLUMNS FROM wrt_order o
SQL: SELECT o.*,u.user_id,b.id,b.name,u.user_name FROM wrt_order o INNER JOIN wrt_user AS u ON u.user_id=o.user_id INNER JOIN wrt_business AS b ON b.id=o.bid  WHERE ( o.oid=4 ) LIMIT 1   [ RunTime:0.000408s ]

[ 2014-12-19T17:03:54+08:00 ] ::1 /whr/index.php?s=/Home/Order/urlAjaxOrderFind
INFO: [ app_begin ] --START--
INFO: Run Behavior\ReadHtmlCacheBehavior [ RunTime:0.000624s ]
INFO: [ app_begin ] --END-- [ RunTime:0.000991s ]
SQL: SHOW COLUMNS FROM wrt_order o [ RunTime:0.000170s ]
ERR: 1064:You have an error in your SQL syntax; check the manual that corresponds to your MySQL server version for the right syntax to use near 'o' at line 1
 [ SQL语句 ] : SHOW COLUMNS FROM wrt_order o
SQL: SELECT o.*,u.user_id,b.id,b.name,u.user_name FROM wrt_order o INNER JOIN wrt_user AS u ON u.user_id=o.user_id INNER JOIN wrt_business AS b ON b.id=o.bid  WHERE ( o.oid=4 ) LIMIT 1   [ RunTime:0.000403s ]

[ 2014-12-19T17:04:29+08:00 ] ::1 /whr/index.php?s=/Home/Order/urlAjaxOrderFind
INFO: [ app_begin ] --START--
INFO: Run Behavior\ReadHtmlCacheBehavior [ RunTime:0.001057s ]
INFO: [ app_begin ] --END-- [ RunTime:0.001335s ]
SQL: SHOW COLUMNS FROM wrt_order o [ RunTime:0.000170s ]
ERR: 1064:You have an error in your SQL syntax; check the manual that corresponds to your MySQL server version for the right syntax to use near 'o' at line 1
 [ SQL语句 ] : SHOW COLUMNS FROM wrt_order o
SQL: SELECT o.*,u.user_id,b.id,b.name,u.user_name FROM wrt_order o INNER JOIN wrt_user AS u ON u.user_id=o.user_id INNER JOIN wrt_business AS b ON b.id=o.bid  WHERE ( o.oid=12 ) LIMIT 1   [ RunTime:0.000404s ]

[ 2014-12-19T17:11:48+08:00 ] ::1 /whr/index.php?s=/Home/Order/urlAjaxOrderFind
INFO: [ app_begin ] --START--
INFO: Run Behavior\ReadHtmlCacheBehavior [ RunTime:0.001259s ]
INFO: [ app_begin ] --END-- [ RunTime:0.002206s ]
SQL: SHOW COLUMNS FROM wrt_order o [ RunTime:0.000132s ]
ERR: 1064:You have an error in your SQL syntax; check the manual that corresponds to your MySQL server version for the right syntax to use near 'o' at line 1
 [ SQL语句 ] : SHOW COLUMNS FROM wrt_order o
SQL: SELECT o.*,u.user_id,b.id,b.name,u.user_name FROM wrt_order o INNER JOIN wrt_user AS u ON u.user_id=o.user_id INNER JOIN wrt_business AS b ON b.id=o.bid  WHERE ( o.oid=2 ) LIMIT 1   [ RunTime:0.000386s ]

[ 2014-12-19T17:28:53+08:00 ] ::1 /whr/index.php?s=/Home/Order/urlAjaxOrderFind
INFO: [ app_begin ] --START--
INFO: Run Behavior\ReadHtmlCacheBehavior [ RunTime:0.000401s ]
INFO: [ app_begin ] --END-- [ RunTime:0.000672s ]
SQL: SHOW COLUMNS FROM wrt_order o [ RunTime:0.000123s ]
ERR: 1064:You have an error in your SQL syntax; check the manual that corresponds to your MySQL server version for the right syntax to use near 'o' at line 1
 [ SQL语句 ] : SHOW COLUMNS FROM wrt_order o
SQL: SELECT o.*,u.user_id,b.id,b.name,u.user_name FROM wrt_order o INNER JOIN wrt_user AS u ON u.user_id=o.user_id INNER JOIN wrt_business AS b ON b.id=o.bid  WHERE ( o.oid=4 ) LIMIT 1   [ RunTime:0.000339s ]

[ 2014-12-19T17:28:59+08:00 ] ::1 /whr/index.php?s=/Home/Order/urlAjaxOrderFind
INFO: [ app_begin ] --START--
INFO: Run Behavior\ReadHtmlCacheBehavior [ RunTime:0.001086s ]
INFO: [ app_begin ] --END-- [ RunTime:0.001370s ]
SQL: SHOW COLUMNS FROM wrt_order o [ RunTime:0.000137s ]
ERR: 1064:You have an error in your SQL syntax; check the manual that corresponds to your MySQL server version for the right syntax to use near 'o' at line 1
 [ SQL语句 ] : SHOW COLUMNS FROM wrt_order o
SQL: SELECT o.*,u.user_id,b.id,b.name,u.user_name FROM wrt_order o INNER JOIN wrt_user AS u ON u.user_id=o.user_id INNER JOIN wrt_business AS b ON b.id=o.bid  WHERE ( o.oid=4 ) LIMIT 1   [ RunTime:0.000331s ]

[ 2014-12-19T17:34:37+08:00 ] ::1 /whr/index.php?s=/Home/Order/urlAjaxOrderFind
INFO: [ app_begin ] --START--
INFO: Run Behavior\ReadHtmlCacheBehavior [ RunTime:0.000561s ]
INFO: [ app_begin ] --END-- [ RunTime:0.000859s ]
SQL: SHOW COLUMNS FROM wrt_order o [ RunTime:0.000111s ]
ERR: 1064:You have an error in your SQL syntax; check the manual that corresponds to your MySQL server version for the right syntax to use near 'o' at line 1
 [ SQL语句 ] : SHOW COLUMNS FROM wrt_order o
SQL: SELECT o.*,u.user_id,b.id,b.name,u.user_name FROM wrt_order o INNER JOIN wrt_user AS u ON u.user_id=o.user_id INNER JOIN wrt_business AS b ON b.id=o.bid  WHERE ( o.oid=6 ) LIMIT 1   [ RunTime:0.000337s ]

[ 2014-12-19T17:38:36+08:00 ] ::1 /whr/index.php?s=/Home/Order/urlAjaxOrderFind
INFO: [ app_begin ] --START--
INFO: Run Behavior\ReadHtmlCacheBehavior [ RunTime:0.000615s ]
INFO: [ app_begin ] --END-- [ RunTime:0.000967s ]
SQL: SHOW COLUMNS FROM wrt_order o [ RunTime:0.000118s ]
ERR: 1064:You have an error in your SQL syntax; check the manual that corresponds to your MySQL server version for the right syntax to use near 'o' at line 1
 [ SQL语句 ] : SHOW COLUMNS FROM wrt_order o
SQL: SELECT o.*,u.user_id,b.id,b.name,u.user_name FROM wrt_order o INNER JOIN wrt_user AS u ON u.user_id=o.user_id INNER JOIN wrt_business AS b ON b.id=o.bid  WHERE ( o.oid=11 ) LIMIT 1   [ RunTime:0.000307s ]

[ 2014-12-19T17:38:37+08:00 ] ::1 /whr/index.php?s=/Home/Order/urlAjaxOrderFind
INFO: [ app_begin ] --START--
INFO: Run Behavior\ReadHtmlCacheBehavior [ RunTime:0.000401s ]
INFO: [ app_begin ] --END-- [ RunTime:0.000667s ]
SQL: SHOW COLUMNS FROM wrt_order o [ RunTime:0.000172s ]
ERR: 1064:You have an error in your SQL syntax; check the manual that corresponds to your MySQL server version for the right syntax to use near 'o' at line 1
 [ SQL语句 ] : SHOW COLUMNS FROM wrt_order o
SQL: SELECT o.*,u.user_id,b.id,b.name,u.user_name FROM wrt_order o INNER JOIN wrt_user AS u ON u.user_id=o.user_id INNER JOIN wrt_business AS b ON b.id=o.bid  WHERE ( o.oid=11 ) LIMIT 1   [ RunTime:0.000309s ]

