[ 2014-12-17T09:40:17+08:00 ] ::1 /whr/index.php?s=/Home/ProInfo/url_ajaxrepair
INFO: [ app_begin ] --START--
INFO: Run Behavior\ReadHtmlCacheBehavior [ RunTime:0.002174s ]
INFO: [ app_begin ] --END-- [ RunTime:0.003059s ]
SQL: SHOW COLUMNS FROM `wrt_pro_complaints` [ RunTime:0.004826s ]
SQL: SELECT * FROM `wrt_pro_complaints` WHERE ( rid=0 ) LIMIT 1   [ RunTime:0.000290s ]

[ 2014-12-17T09:40:58+08:00 ] ::1 /whr/index.php?s=/Home/ProInfo/url_ajaxrepair
INFO: [ app_begin ] --START--
INFO: Run Behavior\ReadHtmlCacheBehavior [ RunTime:0.000552s ]
INFO: [ app_begin ] --END-- [ RunTime:0.000895s ]
SQL: SHOW COLUMNS FROM `wrt_pro_complaints` [ RunTime:0.004056s ]
SQL: SELECT * FROM `wrt_pro_complaints` WHERE ( rid=0 ) LIMIT 1   [ RunTime:0.000306s ]

[ 2014-12-17T10:23:00+08:00 ] ::1 /whr/index.php?s=/Home/ProInfo/url_ajaxActive
INFO: [ app_begin ] --START--
INFO: Run Behavior\ReadHtmlCacheBehavior [ RunTime:0.000660s ]
INFO: [ app_begin ] --END-- [ RunTime:0.001035s ]
SQL: SHOW COLUMNS FROM `wrt_pro_activity` [ RunTime:0.004472s ]
SQL: SELECT * FROM `wrt_pro_activity` WHERE ( id=3 ) LIMIT 1   [ RunTime:0.000377s ]

[ 2014-12-17T10:24:49+08:00 ] ::1 /whr/index.php?s=/Home/ProInfo/url_ajaxActive
INFO: [ app_begin ] --START--
INFO: Run Behavior\ReadHtmlCacheBehavior [ RunTime:0.000587s ]
INFO: [ app_begin ] --END-- [ RunTime:0.000942s ]
SQL: SHOW COLUMNS FROM `wrt_pro_activity` [ RunTime:0.004036s ]
SQL: SELECT * FROM `wrt_pro_activity` WHERE ( id=3 ) LIMIT 1   [ RunTime:0.000265s ]

[ 2014-12-17T10:24:51+08:00 ] ::1 /whr/index.php?s=/Home/ProInfo/url_ajaxActive
INFO: [ app_begin ] --START--
INFO: Run Behavior\ReadHtmlCacheBehavior [ RunTime:0.000525s ]
INFO: [ app_begin ] --END-- [ RunTime:0.000828s ]
SQL: SHOW COLUMNS FROM `wrt_pro_activity` [ RunTime:0.004271s ]
SQL: SELECT * FROM `wrt_pro_activity` WHERE ( id=3 ) LIMIT 1   [ RunTime:0.000284s ]

[ 2014-12-17T11:30:26+08:00 ] ::1 /whr/index.php?s=/Home/ProInfo/url_ajaxswap
INFO: [ app_begin ] --START--
INFO: Run Behavior\ReadHtmlCacheBehavior [ RunTime:0.001595s ]
INFO: [ app_begin ] --END-- [ RunTime:0.001914s ]
SQL: SHOW COLUMNS FROM `wrt_pro_idle` [ RunTime:0.004525s ]
SQL: SELECT * FROM `wrt_pro_idle` WHERE ( id=8 ) LIMIT 1   [ RunTime:0.000302s ]

[ 2014-12-17T11:30:30+08:00 ] ::1 /whr/index.php?s=/Home/ProInfo/url_ajaxswap
INFO: [ app_begin ] --START--
INFO: Run Behavior\ReadHtmlCacheBehavior [ RunTime:0.001551s ]
INFO: [ app_begin ] --END-- [ RunTime:0.001906s ]
SQL: SHOW COLUMNS FROM `wrt_pro_idle` [ RunTime:0.004430s ]
SQL: SELECT * FROM `wrt_pro_idle` WHERE ( id=11 ) LIMIT 1   [ RunTime:0.000317s ]

[ 2014-12-17T11:30:52+08:00 ] ::1 /whr/index.php?s=/Home/ProInfo/url_ajaxswap
INFO: [ app_begin ] --START--
INFO: Run Behavior\ReadHtmlCacheBehavior [ RunTime:0.000891s ]
INFO: [ app_begin ] --END-- [ RunTime:0.001302s ]
SQL: SHOW COLUMNS FROM `wrt_pro_idle` [ RunTime:0.004474s ]
SQL: SELECT * FROM `wrt_pro_idle` WHERE ( id=11 ) LIMIT 1   [ RunTime:0.000364s ]

[ 2014-12-17T11:31:10+08:00 ] ::1 /whr/index.php?s=/Home/ProInfo/url_ajaxswap
INFO: [ app_begin ] --START--
INFO: Run Behavior\ReadHtmlCacheBehavior [ RunTime:0.000425s ]
INFO: [ app_begin ] --END-- [ RunTime:0.000741s ]
SQL: SHOW COLUMNS FROM `wrt_pro_idle` [ RunTime:0.004511s ]
SQL: SELECT * FROM `wrt_pro_idle` WHERE ( id=11 ) LIMIT 1   [ RunTime:0.000276s ]

[ 2014-12-17T11:31:16+08:00 ] ::1 /whr/index.php?s=/Home/ProInfo/url_ajaxswap
INFO: [ app_begin ] --START--
INFO: Run Behavior\ReadHtmlCacheBehavior [ RunTime:0.000539s ]
INFO: [ app_begin ] --END-- [ RunTime:0.000906s ]
SQL: SHOW COLUMNS FROM `wrt_pro_idle` [ RunTime:0.004292s ]
SQL: SELECT * FROM `wrt_pro_idle` WHERE ( id=11 ) LIMIT 1   [ RunTime:0.000321s ]

[ 2014-12-17T11:31:21+08:00 ] ::1 /whr/index.php?s=/Home/ProInfo/url_ajaxswap
INFO: [ app_begin ] --START--
INFO: Run Behavior\ReadHtmlCacheBehavior [ RunTime:0.000430s ]
INFO: [ app_begin ] --END-- [ RunTime:0.000696s ]
SQL: SHOW COLUMNS FROM `wrt_pro_idle` [ RunTime:0.004750s ]
SQL: SELECT * FROM `wrt_pro_idle` WHERE ( id=11 ) LIMIT 1   [ RunTime:0.000292s ]

[ 2014-12-17T11:37:01+08:00 ] ::1 /whr/index.php?s=/Home/Activity/index
ERR: 无法加载控制器:Activity

[ 2014-12-17T12:20:45+08:00 ] ::1 /whr/index.php?s=/Home/Config/index
ERR: 无法加载控制器:Config

[ 2014-12-17T12:23:08+08:00 ] ::1 /whr/index.php?s=/Home/City/vallage
INFO: [ app_begin ] --START--
INFO: Run Behavior\ReadHtmlCacheBehavior [ RunTime:0.000454s ]
INFO: [ app_begin ] --END-- [ RunTime:0.000770s ]
INFO: [ app_end ] --START--
INFO: Run Behavior\ShowPageTraceBehavior [ RunTime:0.000522s ]
INFO: [ app_end ] --END-- [ RunTime:0.000567s ]

[ 2014-12-17T12:23:08+08:00 ] ::1 /whr/index.php?s=/Home/City/vallcage
INFO: [ app_begin ] --START--
INFO: Run Behavior\ReadHtmlCacheBehavior [ RunTime:0.000624s ]
INFO: [ app_begin ] --END-- [ RunTime:0.001019s ]
INFO: [ app_end ] --START--
INFO: Run Behavior\ShowPageTraceBehavior [ RunTime:0.000737s ]
INFO: [ app_end ] --END-- [ RunTime:0.000794s ]

[ 2014-12-17T12:23:08+08:00 ] ::1 /whr/index.php?s=/Home/City/city
INFO: [ app_begin ] --START--
INFO: Run Behavior\ReadHtmlCacheBehavior [ RunTime:0.000895s ]
INFO: [ app_begin ] --END-- [ RunTime:0.001267s ]
INFO: [ app_end ] --START--
INFO: Run Behavior\ShowPageTraceBehavior [ RunTime:0.000866s ]
INFO: [ app_end ] --END-- [ RunTime:0.000913s ]

[ 2014-12-17T12:23:21+08:00 ] ::1 /whr/index.php?s=/Home/Config/index
ERR: 无法加载控制器:Config

[ 2014-12-17T14:01:02+08:00 ] ::1 /whr/index.php?s=/Home/City/city
INFO: [ app_begin ] --START--
INFO: Run Behavior\ReadHtmlCacheBehavior [ RunTime:0.000477s ]
INFO: [ app_begin ] --END-- [ RunTime:0.000783s ]
INFO: [ app_end ] --START--
INFO: Run Behavior\ShowPageTraceBehavior [ RunTime:0.001145s ]
INFO: [ app_end ] --END-- [ RunTime:0.001209s ]

[ 2014-12-17T14:01:02+08:00 ] ::1 /whr/index.php?s=/Home/City/vallcage
INFO: [ app_begin ] --START--
INFO: Run Behavior\ReadHtmlCacheBehavior [ RunTime:0.000555s ]
INFO: [ app_begin ] --END-- [ RunTime:0.000988s ]
INFO: [ app_end ] --START--
INFO: Run Behavior\ShowPageTraceBehavior [ RunTime:0.000487s ]
INFO: [ app_end ] --END-- [ RunTime:0.000547s ]

[ 2014-12-17T14:01:02+08:00 ] ::1 /whr/index.php?s=/Home/City/vallage
INFO: [ app_begin ] --START--
INFO: Run Behavior\ReadHtmlCacheBehavior [ RunTime:0.001673s ]
INFO: [ app_begin ] --END-- [ RunTime:0.004554s ]
INFO: [ app_end ] --START--
INFO: Run Behavior\ShowPageTraceBehavior [ RunTime:0.000838s ]
INFO: [ app_end ] --END-- [ RunTime:0.000893s ]

[ 2014-12-17T14:01:02+08:00 ] ::1 /whr/index.php?s=/Home/City/city
INFO: [ app_begin ] --START--
INFO: Run Behavior\ReadHtmlCacheBehavior [ RunTime:0.000464s ]
INFO: [ app_begin ] --END-- [ RunTime:0.000801s ]
INFO: [ app_end ] --START--
INFO: Run Behavior\ShowPageTraceBehavior [ RunTime:0.000540s ]
INFO: [ app_end ] --END-- [ RunTime:0.000622s ]

[ 2014-12-17T14:02:01+08:00 ] ::1 /whr/index.php?s=/Home/ProInfo/url_ajaxCalendar
INFO: [ app_begin ] --START--
INFO: Run Behavior\ReadHtmlCacheBehavior [ RunTime:0.000784s ]
INFO: [ app_begin ] --END-- [ RunTime:0.001204s ]
SQL: SHOW COLUMNS FROM `wrt_pro_survey` [ RunTime:0.005512s ]
SQL: SELECT * FROM `wrt_pro_survey` WHERE ( id=1 ) LIMIT 1   [ RunTime:0.000436s ]

[ 2014-12-17T14:02:08+08:00 ] ::1 /whr/index.php?s=/Home/ProInfo/url_ajaxActive
INFO: [ app_begin ] --START--
INFO: Run Behavior\ReadHtmlCacheBehavior [ RunTime:0.000769s ]
INFO: [ app_begin ] --END-- [ RunTime:0.001127s ]
SQL: SHOW COLUMNS FROM `wrt_pro_activity` [ RunTime:0.004052s ]
SQL: SELECT * FROM `wrt_pro_activity` WHERE ( id=3 ) LIMIT 1   [ RunTime:0.000396s ]

[ 2014-12-17T14:02:11+08:00 ] ::1 /whr/index.php?s=/Home/ProInfo/url_ajaxActive
INFO: [ app_begin ] --START--
INFO: Run Behavior\ReadHtmlCacheBehavior [ RunTime:0.002515s ]
INFO: [ app_begin ] --END-- [ RunTime:0.002878s ]
SQL: SHOW COLUMNS FROM `wrt_pro_activity` [ RunTime:0.004415s ]
SQL: SELECT * FROM `wrt_pro_activity` WHERE ( id=4 ) LIMIT 1   [ RunTime:0.000431s ]

[ 2014-12-17T14:02:13+08:00 ] ::1 /whr/index.php?s=/Home/ProInfo/url_ajaxActive
INFO: [ app_begin ] --START--
INFO: Run Behavior\ReadHtmlCacheBehavior [ RunTime:0.001795s ]
INFO: [ app_begin ] --END-- [ RunTime:0.002232s ]
SQL: SHOW COLUMNS FROM `wrt_pro_activity` [ RunTime:0.004474s ]
SQL: SELECT * FROM `wrt_pro_activity` WHERE ( id=4 ) LIMIT 1   [ RunTime:0.000351s ]

[ 2014-12-17T14:02:15+08:00 ] ::1 /whr/index.php?s=/Home/ProInfo/url_ajaxActive
INFO: [ app_begin ] --START--
INFO: Run Behavior\ReadHtmlCacheBehavior [ RunTime:0.000753s ]
INFO: [ app_begin ] --END-- [ RunTime:0.001098s ]
SQL: SHOW COLUMNS FROM `wrt_pro_activity` [ RunTime:0.005609s ]
SQL: SELECT * FROM `wrt_pro_activity` WHERE ( id=3 ) LIMIT 1   [ RunTime:0.000309s ]

[ 2014-12-17T14:44:22+08:00 ] ::1 /whr/index.php?s=/Home/ProInfo/url_ajaxswap
INFO: [ app_begin ] --START--
INFO: Run Behavior\ReadHtmlCacheBehavior [ RunTime:0.001733s ]
INFO: [ app_begin ] --END-- [ RunTime:0.002103s ]
SQL: SHOW COLUMNS FROM `wrt_pro_idle` [ RunTime:0.004251s ]
SQL: SELECT * FROM `wrt_pro_idle` WHERE ( id=1 ) LIMIT 1   [ RunTime:0.000291s ]

[ 2014-12-17T14:44:35+08:00 ] ::1 /whr/index.php?s=/Home/ProInfo/url_ajaxActive
INFO: [ app_begin ] --START--
INFO: Run Behavior\ReadHtmlCacheBehavior [ RunTime:0.001727s ]
INFO: [ app_begin ] --END-- [ RunTime:0.002091s ]
SQL: SHOW COLUMNS FROM `wrt_pro_activity` [ RunTime:0.004303s ]
SQL: SELECT * FROM `wrt_pro_activity` WHERE ( id=3 ) LIMIT 1   [ RunTime:0.000274s ]

[ 2014-12-17T15:07:39+08:00 ] ::1 /whr/index.php?s=/Home/Business/sonCate
INFO: [ app_begin ] --START--
INFO: Run Behavior\ReadHtmlCacheBehavior [ RunTime:0.000816s ]
INFO: [ app_begin ] --END-- [ RunTime:0.001177s ]
SQL: select type_id,type_name from wrt_type where parent_id = 2 [ RunTime:0.000461s ]

[ 2014-12-17T15:08:24+08:00 ] ::1 /whr/index.php?s=/Home/Uploads/phone.html
ERR: 非法操作:phone

[ 2014-12-17T15:08:24+08:00 ] ::1 /whr/index.php?s=/Home/Uploads/phone.html
ERR: 非法操作:phone

[ 2014-12-17T15:08:24+08:00 ] ::1 /whr/index.php?s=/Home/Uploads/phone.html
ERR: 非法操作:phone

[ 2014-12-17T15:08:24+08:00 ] ::1 /whr/index.php?s=/Home/Uploads/phone.html
ERR: 非法操作:phone

[ 2014-12-17T15:12:11+08:00 ] ::1 /whr/index.php?s=/Home/Uploads/phone.html
ERR: 非法操作:phone

[ 2014-12-17T15:12:11+08:00 ] ::1 /whr/index.php?s=/Home/Uploads/phone.html
ERR: 非法操作:phone

[ 2014-12-17T15:12:11+08:00 ] ::1 /whr/index.php?s=/Home/Uploads/phone.html
ERR: 非法操作:phone

[ 2014-12-17T15:12:32+08:00 ] ::1 /whr/index.php?s=/Home/Uploads/phone.html
ERR: 非法操作:phone

[ 2014-12-17T15:15:28+08:00 ] ::1 /whr/index.php?s=/Home/Uploads/phone.html
ERR: 非法操作:phone

[ 2014-12-17T15:28:26+08:00 ] ::1 /whr/index.php?s=/Home/Business/order
ERR: 非法操作:order

[ 2014-12-17T16:17:27+08:00 ] ::1 /whr/index.php?s=/Home/Business/sonCate
INFO: [ app_begin ] --START--
INFO: Run Behavior\ReadHtmlCacheBehavior [ RunTime:0.001091s ]
INFO: [ app_begin ] --END-- [ RunTime:0.001492s ]
SQL: select type_id,type_name from wrt_type where parent_id = 5 [ RunTime:0.000380s ]

[ 2014-12-17T16:44:42+08:00 ] ::1 /whr/index.php?s=/Home/Business/goodsadd/id/4
ERR: 非法数据对象！:[picimg=>[{"pic":"http:\/\/localhost\/whr\/Uploads\/photo\/20141217\/54914256002e9.png","mid":"http:\/\/localhost\/whr\/Uploads\/photo\/20141217\/700_54914256002e9.png","name":"img01"},{"pic":"http:\/\/localhost\/whr\/Uploads\/photo\/20141217\/5491425619f5b.png","mid":"http:\/\/localhost\/whr\/Uploads\/photo\/20141217\/700_5491425619f5b.png","name":"img02"},{"pic":"http:\/\/localhost\/whr\/Uploads\/photo\/20141217\/549142562a9c3.png","mid":"http:\/\/localhost\/whr\/Uploads\/photo\/20141217\/700_549142562a9c3.png","name":"img07"},{"pic":"http:\/\/localhost\/whr\/Uploads\/photo\/20141217\/549142563e61f.png","mid":"http:\/\/localhost\/whr\/Uploads\/photo\/20141217\/700_549142563e61f.png","name":"img08 - \u526f\u672c"}]]

[ 2014-12-17T17:00:23+08:00 ] ::1 /whr/index.php?s=/Home/Config/index
ERR: 无法加载控制器:Config

[ 2014-12-17T17:04:13+08:00 ] ::1 /whr/index.php?s=/Home/Config/index
ERR: 无法加载控制器:Config

[ 2014-12-17T17:04:34+08:00 ] ::1 /whr/index.php?s=/Home/Config/index
ERR: 无法加载控制器:Config

[ 2014-12-17T17:04:42+08:00 ] ::1 /whr/index.php?s=/Home/Config/index
ERR: 无法加载控制器:Config

[ 2014-12-17T17:11:18+08:00 ] ::1 /whr/index.php?s=/Home/City/city
INFO: [ app_begin ] --START--
INFO: Run Behavior\ReadHtmlCacheBehavior [ RunTime:0.000898s ]
INFO: [ app_begin ] --END-- [ RunTime:0.001321s ]
INFO: [ app_end ] --START--
INFO: Run Behavior\ShowPageTraceBehavior [ RunTime:0.000787s ]
INFO: [ app_end ] --END-- [ RunTime:0.000836s ]

[ 2014-12-17T17:11:18+08:00 ] ::1 /whr/index.php?s=/Home/City/city
INFO: [ app_begin ] --START--
INFO: Run Behavior\ReadHtmlCacheBehavior [ RunTime:0.001172s ]
INFO: [ app_begin ] --END-- [ RunTime:0.001710s ]
INFO: [ app_end ] --START--
INFO: Run Behavior\ShowPageTraceBehavior [ RunTime:0.000883s ]
INFO: [ app_end ] --END-- [ RunTime:0.000981s ]

[ 2014-12-17T17:11:18+08:00 ] ::1 /whr/index.php?s=/Home/City/vallage
INFO: [ app_begin ] --START--
INFO: Run Behavior\ReadHtmlCacheBehavior [ RunTime:0.001053s ]
INFO: [ app_begin ] --END-- [ RunTime:0.001534s ]
INFO: [ app_end ] --START--
INFO: Run Behavior\ShowPageTraceBehavior [ RunTime:0.000849s ]
INFO: [ app_end ] --END-- [ RunTime:0.000893s ]

[ 2014-12-17T17:11:18+08:00 ] ::1 /whr/index.php?s=/Home/City/vallcage
INFO: [ app_begin ] --START--
INFO: Run Behavior\ReadHtmlCacheBehavior [ RunTime:0.000834s ]
INFO: [ app_begin ] --END-- [ RunTime:0.001230s ]
INFO: [ app_end ] --START--
INFO: Run Behavior\ShowPageTraceBehavior [ RunTime:0.000820s ]
INFO: [ app_end ] --END-- [ RunTime:0.000864s ]

[ 2014-12-17T17:12:52+08:00 ] ::1 /whr/index.php?s=/Home/Role/index
ERR: 无法加载控制器:Role

[ 2014-12-17T17:22:13+08:00 ] ::1 /whr/index.php?s=/Home/Dialy/index
ERR: 无法加载控制器:Dialy

[ 2014-12-17T17:32:35+08:00 ] ::1 /whr/index.php?s=/Home/ProInfo/url_ajaxCalendar
INFO: [ app_begin ] --START--
INFO: Run Behavior\ReadHtmlCacheBehavior [ RunTime:0.000765s ]
INFO: [ app_begin ] --END-- [ RunTime:0.001085s ]
SQL: SHOW COLUMNS FROM `wrt_pro_survey` [ RunTime:0.004637s ]
SQL: SELECT * FROM `wrt_pro_survey` WHERE ( id=2 ) LIMIT 1   [ RunTime:0.000390s ]

[ 2014-12-17T19:57:55+08:00 ] ::1 /whr/index.php?s=/Home/City/city
INFO: [ app_begin ] --START--
INFO: Run Behavior\ReadHtmlCacheBehavior [ RunTime:0.000475s ]
INFO: [ app_begin ] --END-- [ RunTime:0.000790s ]
INFO: [ app_end ] --START--
INFO: Run Behavior\ShowPageTraceBehavior [ RunTime:0.000548s ]
INFO: [ app_end ] --END-- [ RunTime:0.000591s ]

[ 2014-12-17T19:57:55+08:00 ] ::1 /whr/index.php?s=/Home/City/vallcage
INFO: [ app_begin ] --START--
INFO: Run Behavior\ReadHtmlCacheBehavior [ RunTime:0.001015s ]
INFO: [ app_begin ] --END-- [ RunTime:0.001405s ]
INFO: [ app_end ] --START--
INFO: Run Behavior\ShowPageTraceBehavior [ RunTime:0.000950s ]
INFO: [ app_end ] --END-- [ RunTime:0.000990s ]

[ 2014-12-17T19:57:55+08:00 ] ::1 /whr/index.php?s=/Home/Property/sonCate
INFO: [ app_begin ] --START--
INFO: Run Behavior\ReadHtmlCacheBehavior [ RunTime:0.000958s ]
INFO: [ app_begin ] --END-- [ RunTime:0.001352s ]
ERR: 非法操作:sonCate

[ 2014-12-17T19:57:55+08:00 ] ::1 /whr/index.php?s=/Home/City/city
INFO: [ app_begin ] --START--
INFO: Run Behavior\ReadHtmlCacheBehavior [ RunTime:0.000709s ]
INFO: [ app_begin ] --END-- [ RunTime:0.001108s ]
INFO: [ app_end ] --START--
INFO: Run Behavior\ShowPageTraceBehavior [ RunTime:0.000829s ]
INFO: [ app_end ] --END-- [ RunTime:0.000879s ]

[ 2014-12-17T19:57:55+08:00 ] ::1 /whr/index.php?s=/Home/City/vallage
INFO: [ app_begin ] --START--
INFO: Run Behavior\ReadHtmlCacheBehavior [ RunTime:0.000836s ]
INFO: [ app_begin ] --END-- [ RunTime:0.001244s ]
INFO: [ app_end ] --START--
INFO: Run Behavior\ShowPageTraceBehavior [ RunTime:0.000866s ]
INFO: [ app_end ] --END-- [ RunTime:0.000911s ]

[ 2014-12-17T19:57:58+08:00 ] ::1 /whr/index.php?s=/Home/City/vallcage
INFO: [ app_begin ] --START--
INFO: Run Behavior\ReadHtmlCacheBehavior [ RunTime:0.003016s ]
INFO: [ app_begin ] --END-- [ RunTime:0.003473s ]
INFO: [ app_end ] --START--
INFO: Run Behavior\ShowPageTraceBehavior [ RunTime:0.001832s ]
INFO: [ app_end ] --END-- [ RunTime:0.001876s ]

[ 2014-12-17T19:57:58+08:00 ] ::1 /whr/index.php?s=/Home/City/city
INFO: [ app_begin ] --START--
INFO: Run Behavior\ReadHtmlCacheBehavior [ RunTime:0.005261s ]
INFO: [ app_begin ] --END-- [ RunTime:0.005659s ]
INFO: [ app_end ] --START--
INFO: Run Behavior\ShowPageTraceBehavior [ RunTime:0.000933s ]
INFO: [ app_end ] --END-- [ RunTime:0.000974s ]

[ 2014-12-17T19:57:58+08:00 ] ::1 /whr/index.php?s=/Home/Property/sonCate
INFO: [ app_begin ] --START--
INFO: Run Behavior\ReadHtmlCacheBehavior [ RunTime:0.000776s ]
INFO: [ app_begin ] --END-- [ RunTime:0.001210s ]
ERR: 非法操作:sonCate

[ 2014-12-17T19:57:58+08:00 ] ::1 /whr/index.php?s=/Home/City/vallage
INFO: [ app_begin ] --START--
INFO: Run Behavior\ReadHtmlCacheBehavior [ RunTime:0.000957s ]
INFO: [ app_begin ] --END-- [ RunTime:0.001366s ]
INFO: [ app_end ] --START--
INFO: Run Behavior\ShowPageTraceBehavior [ RunTime:0.000906s ]
INFO: [ app_end ] --END-- [ RunTime:0.000961s ]

[ 2014-12-17T19:57:58+08:00 ] ::1 /whr/index.php?s=/Home/City/city
INFO: [ app_begin ] --START--
INFO: Run Behavior\ReadHtmlCacheBehavior [ RunTime:0.001250s ]
INFO: [ app_begin ] --END-- [ RunTime:0.001726s ]
INFO: [ app_end ] --START--
INFO: Run Behavior\ShowPageTraceBehavior [ RunTime:0.002359s ]
INFO: [ app_end ] --END-- [ RunTime:0.002546s ]

[ 2014-12-17T19:57:59+08:00 ] ::1 /whr/index.php?s=/Home/City/city
INFO: [ app_begin ] --START--
INFO: Run Behavior\ReadHtmlCacheBehavior [ RunTime:0.000570s ]
INFO: [ app_begin ] --END-- [ RunTime:0.000940s ]
INFO: [ app_end ] --START--
INFO: Run Behavior\ShowPageTraceBehavior [ RunTime:0.000588s ]
INFO: [ app_end ] --END-- [ RunTime:0.000739s ]

[ 2014-12-17T19:57:59+08:00 ] ::1 /whr/index.php?s=/Home/City/vallage
INFO: [ app_begin ] --START--
INFO: Run Behavior\ReadHtmlCacheBehavior [ RunTime:0.000783s ]
INFO: [ app_begin ] --END-- [ RunTime:0.001216s ]
INFO: [ app_end ] --START--
INFO: Run Behavior\ShowPageTraceBehavior [ RunTime:0.000724s ]
INFO: [ app_end ] --END-- [ RunTime:0.000762s ]

[ 2014-12-17T19:57:59+08:00 ] ::1 /whr/index.php?s=/Home/Village/sonCate
INFO: [ app_begin ] --START--
INFO: Run Behavior\ReadHtmlCacheBehavior [ RunTime:0.000871s ]
INFO: [ app_begin ] --END-- [ RunTime:0.001262s ]
ERR: 非法操作:sonCate

[ 2014-12-17T19:57:59+08:00 ] ::1 /whr/index.php?s=/Home/City/city
INFO: [ app_begin ] --START--
INFO: Run Behavior\ReadHtmlCacheBehavior [ RunTime:0.000896s ]
INFO: [ app_begin ] --END-- [ RunTime:0.001276s ]
INFO: [ app_end ] --START--
INFO: Run Behavior\ShowPageTraceBehavior [ RunTime:0.000828s ]
INFO: [ app_end ] --END-- [ RunTime:0.000872s ]

[ 2014-12-17T19:58:08+08:00 ] ::1 /whr/index.php?s=/Home/City/vallage
INFO: [ app_begin ] --START--
INFO: Run Behavior\ReadHtmlCacheBehavior [ RunTime:0.000463s ]
INFO: [ app_begin ] --END-- [ RunTime:0.000776s ]
INFO: [ app_end ] --START--
INFO: Run Behavior\ShowPageTraceBehavior [ RunTime:0.000545s ]
INFO: [ app_end ] --END-- [ RunTime:0.000610s ]

[ 2014-12-17T19:58:08+08:00 ] ::1 /whr/index.php?s=/Home/City/city
INFO: [ app_begin ] --START--
INFO: Run Behavior\ReadHtmlCacheBehavior [ RunTime:0.000732s ]
INFO: [ app_begin ] --END-- [ RunTime:0.001099s ]
INFO: [ app_end ] --START--
INFO: Run Behavior\ShowPageTraceBehavior [ RunTime:0.001449s ]
INFO: [ app_end ] --END-- [ RunTime:0.001485s ]

[ 2014-12-17T19:58:08+08:00 ] ::1 /whr/index.php?s=/Home/City/city
INFO: [ app_begin ] --START--
INFO: Run Behavior\ReadHtmlCacheBehavior [ RunTime:0.001020s ]
INFO: [ app_begin ] --END-- [ RunTime:0.001617s ]
INFO: [ app_end ] --START--
INFO: Run Behavior\ShowPageTraceBehavior [ RunTime:0.000799s ]
INFO: [ app_end ] --END-- [ RunTime:0.000839s ]

[ 2014-12-17T19:58:08+08:00 ] ::1 /whr/index.php?s=/Home/Village/sonCate
INFO: [ app_begin ] --START--
INFO: Run Behavior\ReadHtmlCacheBehavior [ RunTime:0.000884s ]
INFO: [ app_begin ] --END-- [ RunTime:0.001262s ]
ERR: 非法操作:sonCate

[ 2014-12-17T19:58:11+08:00 ] ::1 /whr/index.php?s=/Home/City/city
INFO: [ app_begin ] --START--
INFO: Run Behavior\ReadHtmlCacheBehavior [ RunTime:0.001656s ]
INFO: [ app_begin ] --END-- [ RunTime:0.002013s ]
SQL: select region_id,region_name from wrt_region where parent_id =6 [ RunTime:0.004219s ]

[ 2014-12-17T19:58:12+08:00 ] ::1 /whr/index.php?s=/Home/City/vallage
INFO: [ app_begin ] --START--
INFO: Run Behavior\ReadHtmlCacheBehavior [ RunTime:0.000777s ]
INFO: [ app_begin ] --END-- [ RunTime:0.001127s ]
SQL: select region_id,region_name from wrt_region where parent_id =63 [ RunTime:0.003699s ]

