[ 2014-12-18T11:06:56+08:00 ] ::1 /whr/index.php?s=/Home/City/city
INFO: [ app_begin ] --START--
INFO: Run Behavior\ReadHtmlCacheBehavior [ RunTime:0.000531s ]
INFO: [ app_begin ] --END-- [ RunTime:0.000828s ]
INFO: [ app_end ] --START--
INFO: Run Behavior\ShowPageTraceBehavior [ RunTime:0.000448s ]
INFO: [ app_end ] --END-- [ RunTime:0.000495s ]

[ 2014-12-18T11:06:56+08:00 ] ::1 /whr/index.php?s=/Home/City/vallcage
INFO: [ app_begin ] --START--
INFO: Run Behavior\ReadHtmlCacheBehavior [ RunTime:0.000489s ]
INFO: [ app_begin ] --END-- [ RunTime:0.000782s ]
INFO: [ app_end ] --START--
INFO: Run Behavior\ShowPageTraceBehavior [ RunTime:0.000511s ]
INFO: [ app_end ] --END-- [ RunTime:0.000556s ]

[ 2014-12-18T11:06:56+08:00 ] ::1 /whr/index.php?s=/Home/City/vallage
INFO: [ app_begin ] --START--
INFO: Run Behavior\ReadHtmlCacheBehavior [ RunTime:0.000597s ]
INFO: [ app_begin ] --END-- [ RunTime:0.000951s ]
INFO: [ app_end ] --START--
INFO: Run Behavior\ShowPageTraceBehavior [ RunTime:0.000603s ]
INFO: [ app_end ] --END-- [ RunTime:0.000655s ]

[ 2014-12-18T11:06:58+08:00 ] ::1 /whr/index.php?s=/Home/City/vallcage
INFO: [ app_begin ] --START--
INFO: Run Behavior\ReadHtmlCacheBehavior [ RunTime:0.000487s ]
INFO: [ app_begin ] --END-- [ RunTime:0.000807s ]
INFO: [ app_end ] --START--
INFO: Run Behavior\ShowPageTraceBehavior [ RunTime:0.000490s ]
INFO: [ app_end ] --END-- [ RunTime:0.000535s ]

[ 2014-12-18T11:06:58+08:00 ] ::1 /whr/index.php?s=/Home/City/city
INFO: [ app_begin ] --START--
INFO: Run Behavior\ReadHtmlCacheBehavior [ RunTime:0.000519s ]
INFO: [ app_begin ] --END-- [ RunTime:0.000863s ]
INFO: [ app_end ] --START--
INFO: Run Behavior\ShowPageTraceBehavior [ RunTime:0.000511s ]
INFO: [ app_end ] --END-- [ RunTime:0.000552s ]

[ 2014-12-18T11:06:58+08:00 ] ::1 /whr/index.php?s=/Home/City/vallage
INFO: [ app_begin ] --START--
INFO: Run Behavior\ReadHtmlCacheBehavior [ RunTime:0.000439s ]
INFO: [ app_begin ] --END-- [ RunTime:0.000784s ]
INFO: [ app_end ] --START--
INFO: Run Behavior\ShowPageTraceBehavior [ RunTime:0.000511s ]
INFO: [ app_end ] --END-- [ RunTime:0.000565s ]

[ 2014-12-18T11:07:03+08:00 ] ::1 /whr/index.php?s=/Home/Order/index
ERR: 无法加载控制器:Order

[ 2014-12-18T11:07:04+08:00 ] ::1 /whr/index.php?s=/Home/Order/config
ERR: 无法加载控制器:Order

[ 2014-12-18T11:07:04+08:00 ] ::1 /whr/index.php?s=/Home/Order/index
ERR: 无法加载控制器:Order

[ 2014-12-18T16:48:36+08:00 ] ::1 /whr/index.php?s=/Home/Config/details
INFO: [ app_begin ] --START--
INFO: Run Behavior\ReadHtmlCacheBehavior [ RunTime:0.000789s ]
INFO: [ app_begin ] --END-- [ RunTime:0.001143s ]
SQL: SHOW COLUMNS FROM wrt_business_shop b [ RunTime:0.000099s ]
ERR: 1064:You have an error in your SQL syntax; check the manual that corresponds to your MySQL server version for the right syntax to use near 'b' at line 1
 [ SQL语句 ] : SHOW COLUMNS FROM wrt_business_shop b
SQL: SELECT g.*,c.id as sid,c.name as sname FROM wrt_business_shop b INNER JOIN wrt_business AS c ON b.bsid=c.id  WHERE ( g.goods_id=3 ) LIMIT 1   [ RunTime:0.000159s ]
ERR: 1051:Unknown table 'g'
 [ SQL语句 ] : SELECT g.*,c.id as sid,c.name as sname FROM wrt_business_shop b INNER JOIN wrt_business AS c ON b.bsid=c.id  WHERE ( g.goods_id=3 ) LIMIT 1  

[ 2014-12-18T16:48:40+08:00 ] ::1 /whr/index.php?s=/Home/Config/details
INFO: [ app_begin ] --START--
INFO: Run Behavior\ReadHtmlCacheBehavior [ RunTime:0.001485s ]
INFO: [ app_begin ] --END-- [ RunTime:0.001823s ]
SQL: SHOW COLUMNS FROM wrt_business_shop b [ RunTime:0.000182s ]
ERR: 1064:You have an error in your SQL syntax; check the manual that corresponds to your MySQL server version for the right syntax to use near 'b' at line 1
 [ SQL语句 ] : SHOW COLUMNS FROM wrt_business_shop b
SQL: SELECT g.*,c.id as sid,c.name as sname FROM wrt_business_shop b INNER JOIN wrt_business AS c ON b.bsid=c.id  WHERE ( g.goods_id=3 ) LIMIT 1   [ RunTime:0.000209s ]
ERR: 1051:Unknown table 'g'
 [ SQL语句 ] : SELECT g.*,c.id as sid,c.name as sname FROM wrt_business_shop b INNER JOIN wrt_business AS c ON b.bsid=c.id  WHERE ( g.goods_id=3 ) LIMIT 1  

[ 2014-12-18T16:48:45+08:00 ] ::1 /whr/index.php?s=/Home/Config/details
INFO: [ app_begin ] --START--
INFO: Run Behavior\ReadHtmlCacheBehavior [ RunTime:0.000640s ]
INFO: [ app_begin ] --END-- [ RunTime:0.000957s ]
SQL: SHOW COLUMNS FROM wrt_business_shop b [ RunTime:0.000180s ]
ERR: 1064:You have an error in your SQL syntax; check the manual that corresponds to your MySQL server version for the right syntax to use near 'b' at line 1
 [ SQL语句 ] : SHOW COLUMNS FROM wrt_business_shop b
SQL: SELECT g.*,c.id as sid,c.name as sname FROM wrt_business_shop b INNER JOIN wrt_business AS c ON b.bsid=c.id  WHERE ( g.goods_id=3 ) LIMIT 1   [ RunTime:0.000195s ]
ERR: 1051:Unknown table 'g'
 [ SQL语句 ] : SELECT g.*,c.id as sid,c.name as sname FROM wrt_business_shop b INNER JOIN wrt_business AS c ON b.bsid=c.id  WHERE ( g.goods_id=3 ) LIMIT 1  

[ 2014-12-18T16:48:49+08:00 ] ::1 /whr/index.php?s=/Home/Config/details
INFO: [ app_begin ] --START--
INFO: Run Behavior\ReadHtmlCacheBehavior [ RunTime:0.000958s ]
INFO: [ app_begin ] --END-- [ RunTime:0.001469s ]
SQL: SHOW COLUMNS FROM wrt_business_shop b [ RunTime:0.000130s ]
ERR: 1064:You have an error in your SQL syntax; check the manual that corresponds to your MySQL server version for the right syntax to use near 'b' at line 1
 [ SQL语句 ] : SHOW COLUMNS FROM wrt_business_shop b
SQL: SELECT g.*,c.id as sid,c.name as sname FROM wrt_business_shop b INNER JOIN wrt_business AS c ON b.bsid=c.id  WHERE ( g.goods_id=3 ) LIMIT 1   [ RunTime:0.000135s ]
ERR: 1051:Unknown table 'g'
 [ SQL语句 ] : SELECT g.*,c.id as sid,c.name as sname FROM wrt_business_shop b INNER JOIN wrt_business AS c ON b.bsid=c.id  WHERE ( g.goods_id=3 ) LIMIT 1  

[ 2014-12-18T16:48:50+08:00 ] ::1 /whr/index.php?s=/Home/Config/details
INFO: [ app_begin ] --START--
INFO: Run Behavior\ReadHtmlCacheBehavior [ RunTime:0.000640s ]
INFO: [ app_begin ] --END-- [ RunTime:0.000987s ]
SQL: SHOW COLUMNS FROM wrt_business_shop b [ RunTime:0.000177s ]
ERR: 1064:You have an error in your SQL syntax; check the manual that corresponds to your MySQL server version for the right syntax to use near 'b' at line 1
 [ SQL语句 ] : SHOW COLUMNS FROM wrt_business_shop b
SQL: SELECT g.*,c.id as sid,c.name as sname FROM wrt_business_shop b INNER JOIN wrt_business AS c ON b.bsid=c.id  WHERE ( g.goods_id=3 ) LIMIT 1   [ RunTime:0.000291s ]
ERR: 1051:Unknown table 'g'
 [ SQL语句 ] : SELECT g.*,c.id as sid,c.name as sname FROM wrt_business_shop b INNER JOIN wrt_business AS c ON b.bsid=c.id  WHERE ( g.goods_id=3 ) LIMIT 1  

[ 2014-12-18T16:48:50+08:00 ] ::1 /whr/index.php?s=/Home/Config/details
INFO: [ app_begin ] --START--
INFO: Run Behavior\ReadHtmlCacheBehavior [ RunTime:0.000585s ]
INFO: [ app_begin ] --END-- [ RunTime:0.000903s ]
SQL: SHOW COLUMNS FROM wrt_business_shop b [ RunTime:0.000100s ]
ERR: 1064:You have an error in your SQL syntax; check the manual that corresponds to your MySQL server version for the right syntax to use near 'b' at line 1
 [ SQL语句 ] : SHOW COLUMNS FROM wrt_business_shop b
SQL: SELECT g.*,c.id as sid,c.name as sname FROM wrt_business_shop b INNER JOIN wrt_business AS c ON b.bsid=c.id  WHERE ( g.goods_id=3 ) LIMIT 1   [ RunTime:0.000145s ]
ERR: 1051:Unknown table 'g'
 [ SQL语句 ] : SELECT g.*,c.id as sid,c.name as sname FROM wrt_business_shop b INNER JOIN wrt_business AS c ON b.bsid=c.id  WHERE ( g.goods_id=3 ) LIMIT 1  

[ 2014-12-18T16:48:51+08:00 ] ::1 /whr/index.php?s=/Home/Config/details
INFO: [ app_begin ] --START--
INFO: Run Behavior\ReadHtmlCacheBehavior [ RunTime:0.000588s ]
INFO: [ app_begin ] --END-- [ RunTime:0.000953s ]
SQL: SHOW COLUMNS FROM wrt_business_shop b [ RunTime:0.000218s ]
ERR: 1064:You have an error in your SQL syntax; check the manual that corresponds to your MySQL server version for the right syntax to use near 'b' at line 1
 [ SQL语句 ] : SHOW COLUMNS FROM wrt_business_shop b
SQL: SELECT g.*,c.id as sid,c.name as sname FROM wrt_business_shop b INNER JOIN wrt_business AS c ON b.bsid=c.id  WHERE ( g.goods_id=3 ) LIMIT 1   [ RunTime:0.000215s ]
ERR: 1051:Unknown table 'g'
 [ SQL语句 ] : SELECT g.*,c.id as sid,c.name as sname FROM wrt_business_shop b INNER JOIN wrt_business AS c ON b.bsid=c.id  WHERE ( g.goods_id=3 ) LIMIT 1  

[ 2014-12-18T16:48:59+08:00 ] ::1 /whr/index.php?s=/Home/Config/details
INFO: [ app_begin ] --START--
INFO: Run Behavior\ReadHtmlCacheBehavior [ RunTime:0.000729s ]
INFO: [ app_begin ] --END-- [ RunTime:0.001187s ]
SQL: SHOW COLUMNS FROM wrt_business_shop b [ RunTime:0.000137s ]
ERR: 1064:You have an error in your SQL syntax; check the manual that corresponds to your MySQL server version for the right syntax to use near 'b' at line 1
 [ SQL语句 ] : SHOW COLUMNS FROM wrt_business_shop b
SQL: SELECT g.*,c.id as sid,c.name as sname FROM wrt_business_shop b INNER JOIN wrt_business AS c ON b.bsid=c.id  WHERE ( g.goods_id=1 ) LIMIT 1   [ RunTime:0.000168s ]
ERR: 1051:Unknown table 'g'
 [ SQL语句 ] : SELECT g.*,c.id as sid,c.name as sname FROM wrt_business_shop b INNER JOIN wrt_business AS c ON b.bsid=c.id  WHERE ( g.goods_id=1 ) LIMIT 1  

[ 2014-12-18T16:49:02+08:00 ] ::1 /whr/index.php?s=/Home/Config/details
INFO: [ app_begin ] --START--
INFO: Run Behavior\ReadHtmlCacheBehavior [ RunTime:0.000810s ]
INFO: [ app_begin ] --END-- [ RunTime:0.001275s ]
SQL: SHOW COLUMNS FROM wrt_business_shop b [ RunTime:0.000129s ]
ERR: 1064:You have an error in your SQL syntax; check the manual that corresponds to your MySQL server version for the right syntax to use near 'b' at line 1
 [ SQL语句 ] : SHOW COLUMNS FROM wrt_business_shop b
SQL: SELECT g.*,c.id as sid,c.name as sname FROM wrt_business_shop b INNER JOIN wrt_business AS c ON b.bsid=c.id  WHERE ( g.goods_id=1 ) LIMIT 1   [ RunTime:0.000192s ]
ERR: 1051:Unknown table 'g'
 [ SQL语句 ] : SELECT g.*,c.id as sid,c.name as sname FROM wrt_business_shop b INNER JOIN wrt_business AS c ON b.bsid=c.id  WHERE ( g.goods_id=1 ) LIMIT 1  

[ 2014-12-18T16:49:02+08:00 ] ::1 /whr/index.php?s=/Home/Config/details
INFO: [ app_begin ] --START--
INFO: Run Behavior\ReadHtmlCacheBehavior [ RunTime:0.000630s ]
INFO: [ app_begin ] --END-- [ RunTime:0.000982s ]
SQL: SHOW COLUMNS FROM wrt_business_shop b [ RunTime:0.000206s ]
ERR: 1064:You have an error in your SQL syntax; check the manual that corresponds to your MySQL server version for the right syntax to use near 'b' at line 1
 [ SQL语句 ] : SHOW COLUMNS FROM wrt_business_shop b
SQL: SELECT g.*,c.id as sid,c.name as sname FROM wrt_business_shop b INNER JOIN wrt_business AS c ON b.bsid=c.id  WHERE ( g.goods_id=1 ) LIMIT 1   [ RunTime:0.000207s ]
ERR: 1051:Unknown table 'g'
 [ SQL语句 ] : SELECT g.*,c.id as sid,c.name as sname FROM wrt_business_shop b INNER JOIN wrt_business AS c ON b.bsid=c.id  WHERE ( g.goods_id=1 ) LIMIT 1  

[ 2014-12-18T16:49:03+08:00 ] ::1 /whr/index.php?s=/Home/Config/details
INFO: [ app_begin ] --START--
INFO: Run Behavior\ReadHtmlCacheBehavior [ RunTime:0.000733s ]
INFO: [ app_begin ] --END-- [ RunTime:0.001133s ]
SQL: SHOW COLUMNS FROM wrt_business_shop b [ RunTime:0.000098s ]
ERR: 1064:You have an error in your SQL syntax; check the manual that corresponds to your MySQL server version for the right syntax to use near 'b' at line 1
 [ SQL语句 ] : SHOW COLUMNS FROM wrt_business_shop b
SQL: SELECT g.*,c.id as sid,c.name as sname FROM wrt_business_shop b INNER JOIN wrt_business AS c ON b.bsid=c.id  WHERE ( g.goods_id=1 ) LIMIT 1   [ RunTime:0.000167s ]
ERR: 1051:Unknown table 'g'
 [ SQL语句 ] : SELECT g.*,c.id as sid,c.name as sname FROM wrt_business_shop b INNER JOIN wrt_business AS c ON b.bsid=c.id  WHERE ( g.goods_id=1 ) LIMIT 1  

[ 2014-12-18T16:50:58+08:00 ] ::1 /whr/index.php?s=/Home/Config/details
INFO: [ app_begin ] --START--
INFO: Run Behavior\ReadHtmlCacheBehavior [ RunTime:0.000840s ]
INFO: [ app_begin ] --END-- [ RunTime:0.001206s ]
SQL: SHOW COLUMNS FROM wrt_business_shop b [ RunTime:0.000132s ]
ERR: 1064:You have an error in your SQL syntax; check the manual that corresponds to your MySQL server version for the right syntax to use near 'b' at line 1
 [ SQL语句 ] : SHOW COLUMNS FROM wrt_business_shop b
SQL: SELECT g.*,c.id as sid,c.name as sname FROM wrt_business_shop b INNER JOIN wrt_business AS c ON b.bsid=c.id  WHERE ( g.goods_id=3 ) LIMIT 1   [ RunTime:0.000186s ]
ERR: 1051:Unknown table 'g'
 [ SQL语句 ] : SELECT g.*,c.id as sid,c.name as sname FROM wrt_business_shop b INNER JOIN wrt_business AS c ON b.bsid=c.id  WHERE ( g.goods_id=3 ) LIMIT 1  

[ 2014-12-18T16:51:13+08:00 ] ::1 /whr/index.php?s=/Home/Config/details
INFO: [ app_begin ] --START--
INFO: Run Behavior\ReadHtmlCacheBehavior [ RunTime:0.000623s ]
INFO: [ app_begin ] --END-- [ RunTime:0.000950s ]
SQL: SHOW COLUMNS FROM wrt_business_shop b [ RunTime:0.000124s ]
ERR: 1064:You have an error in your SQL syntax; check the manual that corresponds to your MySQL server version for the right syntax to use near 'b' at line 1
 [ SQL语句 ] : SHOW COLUMNS FROM wrt_business_shop b
SQL: SELECT g.*,c.id as sid,c.name as sname FROM wrt_business_shop b INNER JOIN wrt_business AS c ON b.bsid=c.id  WHERE ( g.goods_id=3 ) LIMIT 1   [ RunTime:0.000156s ]
ERR: 1051:Unknown table 'g'
 [ SQL语句 ] : SELECT g.*,c.id as sid,c.name as sname FROM wrt_business_shop b INNER JOIN wrt_business AS c ON b.bsid=c.id  WHERE ( g.goods_id=3 ) LIMIT 1  

[ 2014-12-18T16:51:14+08:00 ] ::1 /whr/index.php?s=/Home/Config/details
INFO: [ app_begin ] --START--
INFO: Run Behavior\ReadHtmlCacheBehavior [ RunTime:0.000691s ]
INFO: [ app_begin ] --END-- [ RunTime:0.001101s ]
SQL: SHOW COLUMNS FROM wrt_business_shop b [ RunTime:0.000128s ]
ERR: 1064:You have an error in your SQL syntax; check the manual that corresponds to your MySQL server version for the right syntax to use near 'b' at line 1
 [ SQL语句 ] : SHOW COLUMNS FROM wrt_business_shop b
SQL: SELECT g.*,c.id as sid,c.name as sname FROM wrt_business_shop b INNER JOIN wrt_business AS c ON b.bsid=c.id  WHERE ( g.goods_id=2 ) LIMIT 1   [ RunTime:0.000278s ]
ERR: 1051:Unknown table 'g'
 [ SQL语句 ] : SELECT g.*,c.id as sid,c.name as sname FROM wrt_business_shop b INNER JOIN wrt_business AS c ON b.bsid=c.id  WHERE ( g.goods_id=2 ) LIMIT 1  

[ 2014-12-18T16:51:15+08:00 ] ::1 /whr/index.php?s=/Home/Config/details
INFO: [ app_begin ] --START--
INFO: Run Behavior\ReadHtmlCacheBehavior [ RunTime:0.000639s ]
INFO: [ app_begin ] --END-- [ RunTime:0.000989s ]
SQL: SHOW COLUMNS FROM wrt_business_shop b [ RunTime:0.000088s ]
ERR: 1064:You have an error in your SQL syntax; check the manual that corresponds to your MySQL server version for the right syntax to use near 'b' at line 1
 [ SQL语句 ] : SHOW COLUMNS FROM wrt_business_shop b
SQL: SELECT g.*,c.id as sid,c.name as sname FROM wrt_business_shop b INNER JOIN wrt_business AS c ON b.bsid=c.id  WHERE ( g.goods_id=1 ) LIMIT 1   [ RunTime:0.000128s ]
ERR: 1051:Unknown table 'g'
 [ SQL语句 ] : SELECT g.*,c.id as sid,c.name as sname FROM wrt_business_shop b INNER JOIN wrt_business AS c ON b.bsid=c.id  WHERE ( g.goods_id=1 ) LIMIT 1  

[ 2014-12-18T16:51:19+08:00 ] ::1 /whr/index.php?s=/Home/Config/details
INFO: [ app_begin ] --START--
INFO: Run Behavior\ReadHtmlCacheBehavior [ RunTime:0.000599s ]
INFO: [ app_begin ] --END-- [ RunTime:0.000921s ]
SQL: SHOW COLUMNS FROM wrt_business_shop b [ RunTime:0.000255s ]
ERR: 1064:You have an error in your SQL syntax; check the manual that corresponds to your MySQL server version for the right syntax to use near 'b' at line 1
 [ SQL语句 ] : SHOW COLUMNS FROM wrt_business_shop b
SQL: SELECT g.*,c.id as sid,c.name as sname FROM wrt_business_shop b INNER JOIN wrt_business AS c ON b.bsid=c.id  WHERE ( g.goods_id=1 ) LIMIT 1   [ RunTime:0.000204s ]
ERR: 1051:Unknown table 'g'
 [ SQL语句 ] : SELECT g.*,c.id as sid,c.name as sname FROM wrt_business_shop b INNER JOIN wrt_business AS c ON b.bsid=c.id  WHERE ( g.goods_id=1 ) LIMIT 1  

[ 2014-12-18T16:51:29+08:00 ] ::1 /whr/index.php?s=/Home/Config/details
INFO: [ app_begin ] --START--
INFO: Run Behavior\ReadHtmlCacheBehavior [ RunTime:0.000936s ]
INFO: [ app_begin ] --END-- [ RunTime:0.001368s ]
SQL: SHOW COLUMNS FROM wrt_business_shop b [ RunTime:0.000190s ]
ERR: 1064:You have an error in your SQL syntax; check the manual that corresponds to your MySQL server version for the right syntax to use near 'b' at line 1
 [ SQL语句 ] : SHOW COLUMNS FROM wrt_business_shop b
SQL: SELECT g.*,c.id as sid,c.name as sname FROM wrt_business_shop b INNER JOIN wrt_business AS c ON b.bsid=c.id  WHERE ( g.goods_id=1 ) LIMIT 1   [ RunTime:0.000209s ]
ERR: 1051:Unknown table 'g'
 [ SQL语句 ] : SELECT g.*,c.id as sid,c.name as sname FROM wrt_business_shop b INNER JOIN wrt_business AS c ON b.bsid=c.id  WHERE ( g.goods_id=1 ) LIMIT 1  

[ 2014-12-18T16:51:29+08:00 ] ::1 /whr/index.php?s=/Home/Config/details
INFO: [ app_begin ] --START--
INFO: Run Behavior\ReadHtmlCacheBehavior [ RunTime:0.000771s ]
INFO: [ app_begin ] --END-- [ RunTime:0.001132s ]
SQL: SHOW COLUMNS FROM wrt_business_shop b [ RunTime:0.000130s ]
ERR: 1064:You have an error in your SQL syntax; check the manual that corresponds to your MySQL server version for the right syntax to use near 'b' at line 1
 [ SQL语句 ] : SHOW COLUMNS FROM wrt_business_shop b
SQL: SELECT g.*,c.id as sid,c.name as sname FROM wrt_business_shop b INNER JOIN wrt_business AS c ON b.bsid=c.id  WHERE ( g.goods_id=1 ) LIMIT 1   [ RunTime:0.000188s ]
ERR: 1051:Unknown table 'g'
 [ SQL语句 ] : SELECT g.*,c.id as sid,c.name as sname FROM wrt_business_shop b INNER JOIN wrt_business AS c ON b.bsid=c.id  WHERE ( g.goods_id=1 ) LIMIT 1  

[ 2014-12-18T16:51:29+08:00 ] ::1 /whr/index.php?s=/Home/Config/details
INFO: [ app_begin ] --START--
INFO: Run Behavior\ReadHtmlCacheBehavior [ RunTime:0.000727s ]
INFO: [ app_begin ] --END-- [ RunTime:0.001043s ]
SQL: SHOW COLUMNS FROM wrt_business_shop b [ RunTime:0.000197s ]
ERR: 1064:You have an error in your SQL syntax; check the manual that corresponds to your MySQL server version for the right syntax to use near 'b' at line 1
 [ SQL语句 ] : SHOW COLUMNS FROM wrt_business_shop b
SQL: SELECT g.*,c.id as sid,c.name as sname FROM wrt_business_shop b INNER JOIN wrt_business AS c ON b.bsid=c.id  WHERE ( g.goods_id=1 ) LIMIT 1   [ RunTime:0.000230s ]
ERR: 1051:Unknown table 'g'
 [ SQL语句 ] : SELECT g.*,c.id as sid,c.name as sname FROM wrt_business_shop b INNER JOIN wrt_business AS c ON b.bsid=c.id  WHERE ( g.goods_id=1 ) LIMIT 1  

[ 2014-12-18T16:51:30+08:00 ] ::1 /whr/index.php?s=/Home/Config/details
INFO: [ app_begin ] --START--
INFO: Run Behavior\ReadHtmlCacheBehavior [ RunTime:0.000915s ]
INFO: [ app_begin ] --END-- [ RunTime:0.001501s ]
SQL: SHOW COLUMNS FROM wrt_business_shop b [ RunTime:0.000139s ]
ERR: 1064:You have an error in your SQL syntax; check the manual that corresponds to your MySQL server version for the right syntax to use near 'b' at line 1
 [ SQL语句 ] : SHOW COLUMNS FROM wrt_business_shop b
SQL: SELECT g.*,c.id as sid,c.name as sname FROM wrt_business_shop b INNER JOIN wrt_business AS c ON b.bsid=c.id  WHERE ( g.goods_id=1 ) LIMIT 1   [ RunTime:0.000207s ]
ERR: 1051:Unknown table 'g'
 [ SQL语句 ] : SELECT g.*,c.id as sid,c.name as sname FROM wrt_business_shop b INNER JOIN wrt_business AS c ON b.bsid=c.id  WHERE ( g.goods_id=1 ) LIMIT 1  

[ 2014-12-18T16:51:30+08:00 ] ::1 /whr/index.php?s=/Home/Config/details
INFO: [ app_begin ] --START--
INFO: Run Behavior\ReadHtmlCacheBehavior [ RunTime:0.000724s ]
INFO: [ app_begin ] --END-- [ RunTime:0.001047s ]
SQL: SHOW COLUMNS FROM wrt_business_shop b [ RunTime:0.000206s ]
ERR: 1064:You have an error in your SQL syntax; check the manual that corresponds to your MySQL server version for the right syntax to use near 'b' at line 1
 [ SQL语句 ] : SHOW COLUMNS FROM wrt_business_shop b
SQL: SELECT g.*,c.id as sid,c.name as sname FROM wrt_business_shop b INNER JOIN wrt_business AS c ON b.bsid=c.id  WHERE ( g.goods_id=1 ) LIMIT 1   [ RunTime:0.000226s ]
ERR: 1051:Unknown table 'g'
 [ SQL语句 ] : SELECT g.*,c.id as sid,c.name as sname FROM wrt_business_shop b INNER JOIN wrt_business AS c ON b.bsid=c.id  WHERE ( g.goods_id=1 ) LIMIT 1  

[ 2014-12-18T16:51:38+08:00 ] ::1 /whr/index.php?s=/Home/Config/details
INFO: [ app_begin ] --START--
INFO: Run Behavior\ReadHtmlCacheBehavior [ RunTime:0.001803s ]
INFO: [ app_begin ] --END-- [ RunTime:0.002374s ]
SQL: SHOW COLUMNS FROM wrt_business_shop b [ RunTime:0.000207s ]
ERR: 1064:You have an error in your SQL syntax; check the manual that corresponds to your MySQL server version for the right syntax to use near 'b' at line 1
 [ SQL语句 ] : SHOW COLUMNS FROM wrt_business_shop b
SQL: SELECT g.*,c.id as sid,c.name as sname FROM wrt_business_shop b INNER JOIN wrt_business AS c ON b.bsid=c.id  WHERE ( g.goods_id=1 ) LIMIT 1   [ RunTime:0.000224s ]
ERR: 1051:Unknown table 'g'
 [ SQL语句 ] : SELECT g.*,c.id as sid,c.name as sname FROM wrt_business_shop b INNER JOIN wrt_business AS c ON b.bsid=c.id  WHERE ( g.goods_id=1 ) LIMIT 1  

[ 2014-12-18T16:51:39+08:00 ] ::1 /whr/index.php?s=/Home/Config/details
INFO: [ app_begin ] --START--
INFO: Run Behavior\ReadHtmlCacheBehavior [ RunTime:0.000827s ]
INFO: [ app_begin ] --END-- [ RunTime:0.001173s ]
SQL: SHOW COLUMNS FROM wrt_business_shop b [ RunTime:0.000170s ]
ERR: 1064:You have an error in your SQL syntax; check the manual that corresponds to your MySQL server version for the right syntax to use near 'b' at line 1
 [ SQL语句 ] : SHOW COLUMNS FROM wrt_business_shop b
SQL: SELECT g.*,c.id as sid,c.name as sname FROM wrt_business_shop b INNER JOIN wrt_business AS c ON b.bsid=c.id  WHERE ( g.goods_id=1 ) LIMIT 1   [ RunTime:0.000184s ]
ERR: 1051:Unknown table 'g'
 [ SQL语句 ] : SELECT g.*,c.id as sid,c.name as sname FROM wrt_business_shop b INNER JOIN wrt_business AS c ON b.bsid=c.id  WHERE ( g.goods_id=1 ) LIMIT 1  

[ 2014-12-18T16:51:39+08:00 ] ::1 /whr/index.php?s=/Home/Config/details
INFO: [ app_begin ] --START--
INFO: Run Behavior\ReadHtmlCacheBehavior [ RunTime:0.000777s ]
INFO: [ app_begin ] --END-- [ RunTime:0.001129s ]
SQL: SHOW COLUMNS FROM wrt_business_shop b [ RunTime:0.000206s ]
ERR: 1064:You have an error in your SQL syntax; check the manual that corresponds to your MySQL server version for the right syntax to use near 'b' at line 1
 [ SQL语句 ] : SHOW COLUMNS FROM wrt_business_shop b
SQL: SELECT g.*,c.id as sid,c.name as sname FROM wrt_business_shop b INNER JOIN wrt_business AS c ON b.bsid=c.id  WHERE ( g.goods_id=1 ) LIMIT 1   [ RunTime:0.000213s ]
ERR: 1051:Unknown table 'g'
 [ SQL语句 ] : SELECT g.*,c.id as sid,c.name as sname FROM wrt_business_shop b INNER JOIN wrt_business AS c ON b.bsid=c.id  WHERE ( g.goods_id=1 ) LIMIT 1  

[ 2014-12-18T16:51:42+08:00 ] ::1 /whr/index.php?s=/Home/Config/details
INFO: [ app_begin ] --START--
INFO: Run Behavior\ReadHtmlCacheBehavior [ RunTime:0.001700s ]
INFO: [ app_begin ] --END-- [ RunTime:0.002069s ]
SQL: SHOW COLUMNS FROM wrt_business_shop b [ RunTime:0.000105s ]
ERR: 1064:You have an error in your SQL syntax; check the manual that corresponds to your MySQL server version for the right syntax to use near 'b' at line 1
 [ SQL语句 ] : SHOW COLUMNS FROM wrt_business_shop b
SQL: SELECT g.*,c.id as sid,c.name as sname FROM wrt_business_shop b INNER JOIN wrt_business AS c ON b.bsid=c.id  WHERE ( g.goods_id=2 ) LIMIT 1   [ RunTime:0.000195s ]
ERR: 1051:Unknown table 'g'
 [ SQL语句 ] : SELECT g.*,c.id as sid,c.name as sname FROM wrt_business_shop b INNER JOIN wrt_business AS c ON b.bsid=c.id  WHERE ( g.goods_id=2 ) LIMIT 1  

[ 2014-12-18T16:51:49+08:00 ] ::1 /whr/index.php?s=/Home/Config/details
INFO: [ app_begin ] --START--
INFO: Run Behavior\ReadHtmlCacheBehavior [ RunTime:0.000867s ]
INFO: [ app_begin ] --END-- [ RunTime:0.001284s ]
SQL: SHOW COLUMNS FROM wrt_business_shop b [ RunTime:0.000187s ]
ERR: 1064:You have an error in your SQL syntax; check the manual that corresponds to your MySQL server version for the right syntax to use near 'b' at line 1
 [ SQL语句 ] : SHOW COLUMNS FROM wrt_business_shop b
SQL: SELECT g.*,c.id as sid,c.name as sname FROM wrt_business_shop b INNER JOIN wrt_business AS c ON b.bsid=c.id  WHERE ( g.goods_id=1 ) LIMIT 1   [ RunTime:0.000203s ]
ERR: 1051:Unknown table 'g'
 [ SQL语句 ] : SELECT g.*,c.id as sid,c.name as sname FROM wrt_business_shop b INNER JOIN wrt_business AS c ON b.bsid=c.id  WHERE ( g.goods_id=1 ) LIMIT 1  

[ 2014-12-18T16:51:52+08:00 ] ::1 /whr/index.php?s=/Home/Config/details
INFO: [ app_begin ] --START--
INFO: Run Behavior\ReadHtmlCacheBehavior [ RunTime:0.000758s ]
INFO: [ app_begin ] --END-- [ RunTime:0.001090s ]
SQL: SHOW COLUMNS FROM wrt_business_shop b [ RunTime:0.000148s ]
ERR: 1064:You have an error in your SQL syntax; check the manual that corresponds to your MySQL server version for the right syntax to use near 'b' at line 1
 [ SQL语句 ] : SHOW COLUMNS FROM wrt_business_shop b
SQL: SELECT g.*,c.id as sid,c.name as sname FROM wrt_business_shop b INNER JOIN wrt_business AS c ON b.bsid=c.id  WHERE ( g.goods_id=1 ) LIMIT 1   [ RunTime:0.000205s ]
ERR: 1051:Unknown table 'g'
 [ SQL语句 ] : SELECT g.*,c.id as sid,c.name as sname FROM wrt_business_shop b INNER JOIN wrt_business AS c ON b.bsid=c.id  WHERE ( g.goods_id=1 ) LIMIT 1  

[ 2014-12-18T16:51:53+08:00 ] ::1 /whr/index.php?s=/Home/Config/details
INFO: [ app_begin ] --START--
INFO: Run Behavior\ReadHtmlCacheBehavior [ RunTime:0.000839s ]
INFO: [ app_begin ] --END-- [ RunTime:0.001217s ]
SQL: SHOW COLUMNS FROM wrt_business_shop b [ RunTime:0.000128s ]
ERR: 1064:You have an error in your SQL syntax; check the manual that corresponds to your MySQL server version for the right syntax to use near 'b' at line 1
 [ SQL语句 ] : SHOW COLUMNS FROM wrt_business_shop b
SQL: SELECT g.*,c.id as sid,c.name as sname FROM wrt_business_shop b INNER JOIN wrt_business AS c ON b.bsid=c.id  WHERE ( g.goods_id=1 ) LIMIT 1   [ RunTime:0.000179s ]
ERR: 1051:Unknown table 'g'
 [ SQL语句 ] : SELECT g.*,c.id as sid,c.name as sname FROM wrt_business_shop b INNER JOIN wrt_business AS c ON b.bsid=c.id  WHERE ( g.goods_id=1 ) LIMIT 1  

[ 2014-12-18T16:51:56+08:00 ] ::1 /whr/index.php?s=/Home/Config/details
INFO: [ app_begin ] --START--
INFO: Run Behavior\ReadHtmlCacheBehavior [ RunTime:0.001489s ]
INFO: [ app_begin ] --END-- [ RunTime:0.001888s ]
SQL: SHOW COLUMNS FROM wrt_business_shop b [ RunTime:0.000097s ]
ERR: 1064:You have an error in your SQL syntax; check the manual that corresponds to your MySQL server version for the right syntax to use near 'b' at line 1
 [ SQL语句 ] : SHOW COLUMNS FROM wrt_business_shop b
SQL: SELECT g.*,c.id as sid,c.name as sname FROM wrt_business_shop b INNER JOIN wrt_business AS c ON b.bsid=c.id  WHERE ( g.goods_id=1 ) LIMIT 1   [ RunTime:0.000187s ]
ERR: 1051:Unknown table 'g'
 [ SQL语句 ] : SELECT g.*,c.id as sid,c.name as sname FROM wrt_business_shop b INNER JOIN wrt_business AS c ON b.bsid=c.id  WHERE ( g.goods_id=1 ) LIMIT 1  

[ 2014-12-18T16:52:28+08:00 ] ::1 /whr/index.php?s=/Home/Config/details
INFO: [ app_begin ] --START--
INFO: Run Behavior\ReadHtmlCacheBehavior [ RunTime:0.000747s ]
INFO: [ app_begin ] --END-- [ RunTime:0.001113s ]
SQL: SHOW COLUMNS FROM wrt_business_shop b [ RunTime:0.000175s ]
ERR: 1064:You have an error in your SQL syntax; check the manual that corresponds to your MySQL server version for the right syntax to use near 'b' at line 1
 [ SQL语句 ] : SHOW COLUMNS FROM wrt_business_shop b
SQL: SELECT g.*,c.id as sid,c.name as sname FROM wrt_business_shop b INNER JOIN wrt_business AS c ON b.bsid=c.id  WHERE ( g.goods_id=1 ) LIMIT 1   [ RunTime:0.000214s ]
ERR: 1051:Unknown table 'g'
 [ SQL语句 ] : SELECT g.*,c.id as sid,c.name as sname FROM wrt_business_shop b INNER JOIN wrt_business AS c ON b.bsid=c.id  WHERE ( g.goods_id=1 ) LIMIT 1  

[ 2014-12-18T16:52:31+08:00 ] ::1 /whr/index.php?s=/Home/Config/details
INFO: [ app_begin ] --START--
INFO: Run Behavior\ReadHtmlCacheBehavior [ RunTime:0.000786s ]
INFO: [ app_begin ] --END-- [ RunTime:0.001103s ]
SQL: SHOW COLUMNS FROM wrt_business_shop b [ RunTime:0.000143s ]
ERR: 1064:You have an error in your SQL syntax; check the manual that corresponds to your MySQL server version for the right syntax to use near 'b' at line 1
 [ SQL语句 ] : SHOW COLUMNS FROM wrt_business_shop b
SQL: SELECT g.*,c.id as sid,c.name as sname FROM wrt_business_shop b INNER JOIN wrt_business AS c ON b.bsid=c.id  WHERE ( g.goods_id=2 ) LIMIT 1   [ RunTime:0.000167s ]
ERR: 1051:Unknown table 'g'
 [ SQL语句 ] : SELECT g.*,c.id as sid,c.name as sname FROM wrt_business_shop b INNER JOIN wrt_business AS c ON b.bsid=c.id  WHERE ( g.goods_id=2 ) LIMIT 1  

[ 2014-12-18T16:52:34+08:00 ] ::1 /whr/index.php?s=/Home/Config/details
INFO: [ app_begin ] --START--
INFO: Run Behavior\ReadHtmlCacheBehavior [ RunTime:0.000731s ]
INFO: [ app_begin ] --END-- [ RunTime:0.001089s ]
SQL: SHOW COLUMNS FROM wrt_business_shop b [ RunTime:0.000094s ]
ERR: 1064:You have an error in your SQL syntax; check the manual that corresponds to your MySQL server version for the right syntax to use near 'b' at line 1
 [ SQL语句 ] : SHOW COLUMNS FROM wrt_business_shop b
SQL: SELECT g.*,c.id as sid,c.name as sname FROM wrt_business_shop b INNER JOIN wrt_business AS c ON b.bsid=c.id  WHERE ( g.goods_id=2 ) LIMIT 1   [ RunTime:0.000194s ]
ERR: 1051:Unknown table 'g'
 [ SQL语句 ] : SELECT g.*,c.id as sid,c.name as sname FROM wrt_business_shop b INNER JOIN wrt_business AS c ON b.bsid=c.id  WHERE ( g.goods_id=2 ) LIMIT 1  

[ 2014-12-18T16:52:59+08:00 ] ::1 /whr/index.php?s=/Home/Config/details
INFO: [ app_begin ] --START--
INFO: Run Behavior\ReadHtmlCacheBehavior [ RunTime:0.000767s ]
INFO: [ app_begin ] --END-- [ RunTime:0.001114s ]
SQL: SHOW COLUMNS FROM wrt_business_shop b [ RunTime:0.000198s ]
ERR: 1064:You have an error in your SQL syntax; check the manual that corresponds to your MySQL server version for the right syntax to use near 'b' at line 1
 [ SQL语句 ] : SHOW COLUMNS FROM wrt_business_shop b
SQL: SELECT g.*,c.id as sid,c.name as sname FROM wrt_business_shop b INNER JOIN wrt_business AS c ON b.bsid=c.id  WHERE ( g.goods_id=3 ) LIMIT 1   [ RunTime:0.000210s ]
ERR: 1051:Unknown table 'g'
 [ SQL语句 ] : SELECT g.*,c.id as sid,c.name as sname FROM wrt_business_shop b INNER JOIN wrt_business AS c ON b.bsid=c.id  WHERE ( g.goods_id=3 ) LIMIT 1  

[ 2014-12-18T16:54:00+08:00 ] ::1 /whr/index.php?s=/Home/Config/details
INFO: [ app_begin ] --START--
INFO: Run Behavior\ReadHtmlCacheBehavior [ RunTime:0.001563s ]
INFO: [ app_begin ] --END-- [ RunTime:0.001880s ]
SQL: SHOW COLUMNS FROM wrt_business_shop b [ RunTime:0.000138s ]
ERR: 1064:You have an error in your SQL syntax; check the manual that corresponds to your MySQL server version for the right syntax to use near 'b' at line 1
 [ SQL语句 ] : SHOW COLUMNS FROM wrt_business_shop b
SQL: SELECT g.*,c.id as sid,c.name as sname FROM wrt_business_shop b INNER JOIN wrt_business AS c ON b.bsid=c.id  WHERE ( g.goods_id=3 ) LIMIT 1   [ RunTime:0.000169s ]
ERR: 1051:Unknown table 'g'
 [ SQL语句 ] : SELECT g.*,c.id as sid,c.name as sname FROM wrt_business_shop b INNER JOIN wrt_business AS c ON b.bsid=c.id  WHERE ( g.goods_id=3 ) LIMIT 1  

[ 2014-12-18T16:54:30+08:00 ] ::1 /whr/index.php?s=/Home/Config/details
INFO: [ app_begin ] --START--
INFO: Run Behavior\ReadHtmlCacheBehavior [ RunTime:0.001392s ]
INFO: [ app_begin ] --END-- [ RunTime:0.001795s ]
SQL: SHOW COLUMNS FROM wrt_business_shop b [ RunTime:0.000104s ]
ERR: 1064:You have an error in your SQL syntax; check the manual that corresponds to your MySQL server version for the right syntax to use near 'b' at line 1
 [ SQL语句 ] : SHOW COLUMNS FROM wrt_business_shop b
SQL: SELECT g.*,c.id as sid,c.name as sname FROM wrt_business_shop b INNER JOIN wrt_business AS c ON b.bsid=c.id  WHERE ( g.goods_id=2 ) LIMIT 1   [ RunTime:0.000149s ]
ERR: 1051:Unknown table 'g'
 [ SQL语句 ] : SELECT g.*,c.id as sid,c.name as sname FROM wrt_business_shop b INNER JOIN wrt_business AS c ON b.bsid=c.id  WHERE ( g.goods_id=2 ) LIMIT 1  

[ 2014-12-18T16:57:17+08:00 ] ::1 /whr/index.php?s=/Home/Config/details
INFO: [ app_begin ] --START--
INFO: Run Behavior\ReadHtmlCacheBehavior [ RunTime:0.000770s ]
INFO: [ app_begin ] --END-- [ RunTime:0.001083s ]
SQL: SHOW COLUMNS FROM wrt_business_shop b [ RunTime:0.000111s ]
ERR: 1064:You have an error in your SQL syntax; check the manual that corresponds to your MySQL server version for the right syntax to use near 'b' at line 1
 [ SQL语句 ] : SHOW COLUMNS FROM wrt_business_shop b
SQL: SELECT g.*,c.id as sid,c.name as sname FROM wrt_business_shop b INNER JOIN wrt_business AS c ON b.bsid=c.id  WHERE ( g.goods_id=2 ) LIMIT 1   [ RunTime:0.000169s ]
ERR: 1051:Unknown table 'g'
 [ SQL语句 ] : SELECT g.*,c.id as sid,c.name as sname FROM wrt_business_shop b INNER JOIN wrt_business AS c ON b.bsid=c.id  WHERE ( g.goods_id=2 ) LIMIT 1  

[ 2014-12-18T16:59:31+08:00 ] ::1 /whr/index.php?s=/Home/Config/details
INFO: [ app_begin ] --START--
INFO: Run Behavior\ReadHtmlCacheBehavior [ RunTime:0.000670s ]
INFO: [ app_begin ] --END-- [ RunTime:0.000999s ]

[ 2014-12-18T16:59:32+08:00 ] ::1 /whr/index.php?s=/Home/Config/details
INFO: [ app_begin ] --START--
INFO: Run Behavior\ReadHtmlCacheBehavior [ RunTime:0.000617s ]
INFO: [ app_begin ] --END-- [ RunTime:0.000962s ]

[ 2014-12-18T16:59:57+08:00 ] ::1 /whr/index.php?s=/Home/Config/details
INFO: [ app_begin ] --START--
INFO: Run Behavior\ReadHtmlCacheBehavior [ RunTime:0.000713s ]
INFO: [ app_begin ] --END-- [ RunTime:0.001048s ]
SQL: SHOW COLUMNS FROM wrt_business_shop b [ RunTime:0.000098s ]
ERR: 1064:You have an error in your SQL syntax; check the manual that corresponds to your MySQL server version for the right syntax to use near 'b' at line 1
 [ SQL语句 ] : SHOW COLUMNS FROM wrt_business_shop b
SQL: SELECT b.*,c.id as sid,c.name as sname FROM wrt_business_shop b INNER JOIN wrt_business AS c ON b.bsid=c.id  WHERE ( g.goods_id=1 ) LIMIT 1   [ RunTime:0.000184s ]
ERR: 1054:Unknown column 'g.goods_id' in 'where clause'
 [ SQL语句 ] : SELECT b.*,c.id as sid,c.name as sname FROM wrt_business_shop b INNER JOIN wrt_business AS c ON b.bsid=c.id  WHERE ( g.goods_id=1 ) LIMIT 1  

[ 2014-12-18T17:04:52+08:00 ] ::1 /whr/index.php?s=/Home/Config/details
INFO: [ app_begin ] --START--
INFO: Run Behavior\ReadHtmlCacheBehavior [ RunTime:0.000655s ]
INFO: [ app_begin ] --END-- [ RunTime:0.000984s ]
SQL: SHOW COLUMNS FROM wrt_business_shop b [ RunTime:0.000126s ]
ERR: 1064:You have an error in your SQL syntax; check the manual that corresponds to your MySQL server version for the right syntax to use near 'b' at line 1
 [ SQL语句 ] : SHOW COLUMNS FROM wrt_business_shop b
SQL: SELECT b.*,c.id as sid,c.name as sname FROM wrt_business_shop b INNER JOIN wrt_business AS c ON b.bid=c.id  WHERE ( b.bsid=1 ) LIMIT 1   [ RunTime:0.000303s ]

[ 2014-12-18T17:05:01+08:00 ] ::1 /whr/index.php?s=/Home/Config/details
INFO: [ app_begin ] --START--
INFO: Run Behavior\ReadHtmlCacheBehavior [ RunTime:0.000648s ]
INFO: [ app_begin ] --END-- [ RunTime:0.000969s ]
SQL: SHOW COLUMNS FROM wrt_business_shop b [ RunTime:0.000142s ]
ERR: 1064:You have an error in your SQL syntax; check the manual that corresponds to your MySQL server version for the right syntax to use near 'b' at line 1
 [ SQL语句 ] : SHOW COLUMNS FROM wrt_business_shop b
SQL: SELECT b.*,c.id as sid,c.name as sname FROM wrt_business_shop b INNER JOIN wrt_business AS c ON b.bid=c.id  WHERE ( b.bsid=3 ) LIMIT 1   [ RunTime:0.000355s ]

[ 2014-12-18T18:56:01+08:00 ] ::1 /whr/index.php?s=/Home/Volume/index
ERR: 无法加载控制器:Volume

[ 2014-12-18T18:56:08+08:00 ] ::1 /whr/index.php?s=/Home/ProInfo/url_ajaxdecorate
INFO: [ app_begin ] --START--
INFO: Run Behavior\ReadHtmlCacheBehavior [ RunTime:0.000647s ]
INFO: [ app_begin ] --END-- [ RunTime:0.001036s ]
SQL: SHOW COLUMNS FROM `wrt_pro_decorate` [ RunTime:0.004196s ]
SQL: SELECT * FROM `wrt_pro_decorate` WHERE ( rid=1 ) LIMIT 1   [ RunTime:0.000318s ]

[ 2014-12-18T18:56:12+08:00 ] ::1 /whr/index.php?s=/Home/ProInfo/url_ajaxhinder
INFO: [ app_begin ] --START--
INFO: Run Behavior\ReadHtmlCacheBehavior [ RunTime:0.000776s ]
INFO: [ app_begin ] --END-- [ RunTime:0.001125s ]
SQL: SHOW COLUMNS FROM `wrt_pro_repair` [ RunTime:0.004082s ]
SQL: SELECT * FROM `wrt_pro_repair` WHERE ( rid=1 ) LIMIT 1   [ RunTime:0.000307s ]

[ 2014-12-18T18:56:16+08:00 ] ::1 /whr/index.php?s=/Home/ProInfo/url_ajaxrepair
INFO: [ app_begin ] --START--
INFO: Run Behavior\ReadHtmlCacheBehavior [ RunTime:0.000792s ]
INFO: [ app_begin ] --END-- [ RunTime:0.001144s ]
SQL: SHOW COLUMNS FROM `wrt_pro_complaints` [ RunTime:0.004733s ]
SQL: SELECT * FROM `wrt_pro_complaints` WHERE ( rid=0 ) LIMIT 1   [ RunTime:0.000323s ]

