[ 2014-12-13T09:34:26+08:00 ] ::1 /whr/index.php?s=/Home/Points/index
ERR: 无法加载控制器:Points

[ 2014-12-13T09:35:51+08:00 ] ::1 /whr/index.php?s=/Home/Points/index
ERR: 模板不存在:./App/Home/View/Points/index.html

[ 2014-12-13T09:49:36+08:00 ] ::1 /whr/index.php?s=/Home/Config/index
ERR: 无法加载控制器:Config

[ 2014-12-13T09:53:45+08:00 ] ::1 /whr/index.php?s=/Home/Order/index
ERR: 无法加载控制器:Order

[ 2014-12-13T10:12:09+08:00 ] ::1 /whr/index.php?s=/Home/ProInfo/examine
ERR: 非法操作:examine

[ 2014-12-13T14:41:32+08:00 ] ::1 /whr/index.php?s=/Home/ProInfo/hinder
ERR: 非法操作:hinder

[ 2014-12-13T14:58:27+08:00 ] ::1 /whr/index.php?s=/Home/ProInfo/hinder
ERR: 非法操作:hinder

[ 2014-12-13T15:14:47+08:00 ] ::1 /whr/index.php?s=/Home/City/city
INFO: [ app_begin ] --START--
INFO: Run Behavior\ReadHtmlCacheBehavior [ RunTime:0.000526s ]
INFO: [ app_begin ] --END-- [ RunTime:0.000823s ]
SQL: select region_id,region_name from wrt_region where parent_id =20 [ RunTime:0.004413s ]

[ 2014-12-13T15:14:47+08:00 ] ::1 /whr/index.php?s=/Home/City/vallage
INFO: [ app_begin ] --START--
INFO: Run Behavior\ReadHtmlCacheBehavior [ RunTime:0.000472s ]
INFO: [ app_begin ] --END-- [ RunTime:0.000754s ]
SQL: select region_id,region_name from wrt_region where parent_id =232 [ RunTime:0.003854s ]

[ 2014-12-13T15:14:47+08:00 ] ::1 /whr/index.php?s=/Home/City/vallcage
INFO: [ app_begin ] --START--
INFO: Run Behavior\ReadHtmlCacheBehavior [ RunTime:0.000569s ]
INFO: [ app_begin ] --END-- [ RunTime:0.000936s ]
SQL: select region_id,region_name from wrt_region where REGION_ID =2336 [ RunTime:0.000305s ]

[ 2014-12-13T15:14:47+08:00 ] ::1 /whr/index.php?s=/Home/Business/sonCate
INFO: [ app_begin ] --START--
INFO: Run Behavior\ReadHtmlCacheBehavior [ RunTime:0.000814s ]
INFO: [ app_begin ] --END-- [ RunTime:0.001186s ]
SQL: select type_id,type_name from wrt_type where parent_id = 1 [ RunTime:0.000446s ]

[ 2014-12-13T15:14:47+08:00 ] ::1 /whr/index.php?s=/Home/City/city
INFO: [ app_begin ] --START--
INFO: Run Behavior\ReadHtmlCacheBehavior [ RunTime:0.000763s ]
INFO: [ app_begin ] --END-- [ RunTime:0.001165s ]
SQL: select region_id,region_name from wrt_region where parent_id =20 [ RunTime:0.005103s ]

[ 2014-12-13T15:15:31+08:00 ] ::1 /whr/index.php?s=/Home/Business/app
ERR: 非法操作:app

[ 2014-12-13T15:35:56+08:00 ] ::1 /whr/index.php?s=/Home/City/city
INFO: [ app_begin ] --START--
INFO: Run Behavior\ReadHtmlCacheBehavior [ RunTime:0.000486s ]
INFO: [ app_begin ] --END-- [ RunTime:0.000783s ]
INFO: [ app_end ] --START--
INFO: Run Behavior\ShowPageTraceBehavior [ RunTime:0.000477s ]
INFO: [ app_end ] --END-- [ RunTime:0.000519s ]

[ 2014-12-13T15:35:56+08:00 ] ::1 /whr/index.php?s=/Home/City/vallcage
INFO: [ app_begin ] --START--
INFO: Run Behavior\ReadHtmlCacheBehavior [ RunTime:0.000532s ]
INFO: [ app_begin ] --END-- [ RunTime:0.000910s ]
INFO: [ app_end ] --START--
INFO: Run Behavior\ShowPageTraceBehavior [ RunTime:0.000528s ]
INFO: [ app_end ] --END-- [ RunTime:0.000580s ]

[ 2014-12-13T15:35:56+08:00 ] ::1 /whr/index.php?s=/Home/City/vallage
INFO: [ app_begin ] --START--
INFO: Run Behavior\ReadHtmlCacheBehavior [ RunTime:0.000750s ]
INFO: [ app_begin ] --END-- [ RunTime:0.001212s ]
INFO: [ app_end ] --START--
INFO: Run Behavior\ShowPageTraceBehavior [ RunTime:0.000619s ]
INFO: [ app_end ] --END-- [ RunTime:0.000673s ]

[ 2014-12-13T15:35:56+08:00 ] ::1 /whr/index.php?s=/Home/City/city
INFO: [ app_begin ] --START--
INFO: Run Behavior\ReadHtmlCacheBehavior [ RunTime:0.000660s ]
INFO: [ app_begin ] --END-- [ RunTime:0.001061s ]
INFO: [ app_end ] --START--
INFO: Run Behavior\ShowPageTraceBehavior [ RunTime:0.000803s ]
INFO: [ app_end ] --END-- [ RunTime:0.000856s ]

[ 2014-12-13T15:36:01+08:00 ] ::1 /whr/index.php?s=/Home/City/vallcage
INFO: [ app_begin ] --START--
INFO: Run Behavior\ReadHtmlCacheBehavior [ RunTime:0.000536s ]
INFO: [ app_begin ] --END-- [ RunTime:0.000838s ]
SQL: select region_id,region_name from wrt_region where REGION_ID =2336 [ RunTime:0.000240s ]

[ 2014-12-13T15:36:01+08:00 ] ::1 /whr/index.php?s=/Home/City/city
INFO: [ app_begin ] --START--
INFO: Run Behavior\ReadHtmlCacheBehavior [ RunTime:0.000686s ]
INFO: [ app_begin ] --END-- [ RunTime:0.001007s ]
SQL: select region_id,region_name from wrt_region where parent_id =20 [ RunTime:0.004077s ]

[ 2014-12-13T15:36:01+08:00 ] ::1 /whr/index.php?s=/Home/City/city
INFO: [ app_begin ] --START--
INFO: Run Behavior\ReadHtmlCacheBehavior [ RunTime:0.000710s ]
INFO: [ app_begin ] --END-- [ RunTime:0.001167s ]
SQL: select region_id,region_name from wrt_region where parent_id =20 [ RunTime:0.003903s ]

[ 2014-12-13T15:36:01+08:00 ] ::1 /whr/index.php?s=/Home/City/vallage
INFO: [ app_begin ] --START--
INFO: Run Behavior\ReadHtmlCacheBehavior [ RunTime:0.000532s ]
INFO: [ app_begin ] --END-- [ RunTime:0.000835s ]
SQL: select region_id,region_name from wrt_region where parent_id =232 [ RunTime:0.003744s ]

[ 2014-12-13T15:36:01+08:00 ] ::1 /whr/index.php?s=/Home/Business/sonCate
INFO: [ app_begin ] --START--
INFO: Run Behavior\ReadHtmlCacheBehavior [ RunTime:0.000830s ]
INFO: [ app_begin ] --END-- [ RunTime:0.001199s ]
SQL: select type_id,type_name from wrt_type where parent_id = 1 [ RunTime:0.000406s ]

[ 2014-12-13T15:36:13+08:00 ] ::1 /whr/index.php?s=/Home/City/city
INFO: [ app_begin ] --START--
INFO: Run Behavior\ReadHtmlCacheBehavior [ RunTime:0.000517s ]
INFO: [ app_begin ] --END-- [ RunTime:0.000830s ]
SQL: select region_id,region_name from wrt_region where parent_id =20 [ RunTime:0.003948s ]

[ 2014-12-13T15:36:13+08:00 ] ::1 /whr/index.php?s=/Home/City/vallcage
INFO: [ app_begin ] --START--
INFO: Run Behavior\ReadHtmlCacheBehavior [ RunTime:0.000630s ]
INFO: [ app_begin ] --END-- [ RunTime:0.001005s ]
SQL: select region_id,region_name from wrt_region where REGION_ID =2336 [ RunTime:0.000207s ]

[ 2014-12-13T15:36:13+08:00 ] ::1 /whr/index.php?s=/Home/Business/sonCate
INFO: [ app_begin ] --START--
INFO: Run Behavior\ReadHtmlCacheBehavior [ RunTime:0.000917s ]
INFO: [ app_begin ] --END-- [ RunTime:0.001609s ]
SQL: select type_id,type_name from wrt_type where parent_id = 1 [ RunTime:0.000385s ]

[ 2014-12-13T15:36:13+08:00 ] ::1 /whr/index.php?s=/Home/City/city
INFO: [ app_begin ] --START--
INFO: Run Behavior\ReadHtmlCacheBehavior [ RunTime:0.000532s ]
INFO: [ app_begin ] --END-- [ RunTime:0.001004s ]
SQL: select region_id,region_name from wrt_region where parent_id =20 [ RunTime:0.004032s ]

[ 2014-12-13T15:36:13+08:00 ] ::1 /whr/index.php?s=/Home/City/vallage
INFO: [ app_begin ] --START--
INFO: Run Behavior\ReadHtmlCacheBehavior [ RunTime:0.001272s ]
INFO: [ app_begin ] --END-- [ RunTime:0.001834s ]
SQL: select region_id,region_name from wrt_region where parent_id =232 [ RunTime:0.003678s ]

[ 2014-12-13T15:36:23+08:00 ] ::1 /whr/index.php?s=/Home/City/vallcage
INFO: [ app_begin ] --START--
INFO: Run Behavior\ReadHtmlCacheBehavior [ RunTime:0.000494s ]
INFO: [ app_begin ] --END-- [ RunTime:0.000800s ]
SQL: select region_id,region_name from wrt_region where REGION_ID =2332 [ RunTime:0.000247s ]

[ 2014-12-13T15:36:23+08:00 ] ::1 /whr/index.php?s=/Home/City/city
INFO: [ app_begin ] --START--
INFO: Run Behavior\ReadHtmlCacheBehavior [ RunTime:0.001057s ]
INFO: [ app_begin ] --END-- [ RunTime:0.001500s ]
SQL: select region_id,region_name from wrt_region where parent_id =20 [ RunTime:0.004072s ]

[ 2014-12-13T15:36:23+08:00 ] ::1 /whr/index.php?s=/Home/Business/sonCate
INFO: [ app_begin ] --START--
INFO: Run Behavior\ReadHtmlCacheBehavior [ RunTime:0.000534s ]
INFO: [ app_begin ] --END-- [ RunTime:0.000845s ]
SQL: select type_id,type_name from wrt_type where parent_id = 2 [ RunTime:0.001055s ]

[ 2014-12-13T15:36:23+08:00 ] ::1 /whr/index.php?s=/Home/City/vallage
INFO: [ app_begin ] --START--
INFO: Run Behavior\ReadHtmlCacheBehavior [ RunTime:0.000534s ]
INFO: [ app_begin ] --END-- [ RunTime:0.000846s ]
SQL: select region_id,region_name from wrt_region where parent_id =232 [ RunTime:0.004957s ]

[ 2014-12-13T15:36:23+08:00 ] ::1 /whr/index.php?s=/Home/City/city
INFO: [ app_begin ] --START--
INFO: Run Behavior\ReadHtmlCacheBehavior [ RunTime:0.000788s ]
INFO: [ app_begin ] --END-- [ RunTime:0.001235s ]
SQL: select region_id,region_name from wrt_region where parent_id =20 [ RunTime:0.004078s ]

[ 2014-12-13T15:36:32+08:00 ] ::1 /whr/index.php?s=/Home/City/city
INFO: [ app_begin ] --START--
INFO: Run Behavior\ReadHtmlCacheBehavior [ RunTime:0.000515s ]
INFO: [ app_begin ] --END-- [ RunTime:0.000824s ]
SQL: select region_id,region_name from wrt_region where parent_id =20 [ RunTime:0.004522s ]

[ 2014-12-13T15:36:32+08:00 ] ::1 /whr/index.php?s=/Home/City/vallage
INFO: [ app_begin ] --START--
INFO: Run Behavior\ReadHtmlCacheBehavior [ RunTime:0.000517s ]
INFO: [ app_begin ] --END-- [ RunTime:0.000834s ]
SQL: select region_id,region_name from wrt_region where parent_id =232 [ RunTime:0.003862s ]

[ 2014-12-13T15:36:32+08:00 ] ::1 /whr/index.php?s=/Home/City/vallcage
INFO: [ app_begin ] --START--
INFO: Run Behavior\ReadHtmlCacheBehavior [ RunTime:0.000893s ]
INFO: [ app_begin ] --END-- [ RunTime:0.001318s ]
SQL: select region_id,region_name from wrt_region where REGION_ID =2332 [ RunTime:0.000289s ]

[ 2014-12-13T15:36:32+08:00 ] ::1 /whr/index.php?s=/Home/City/city
INFO: [ app_begin ] --START--
INFO: Run Behavior\ReadHtmlCacheBehavior [ RunTime:0.000673s ]
INFO: [ app_begin ] --END-- [ RunTime:0.001064s ]
SQL: select region_id,region_name from wrt_region where parent_id =20 [ RunTime:0.004109s ]

[ 2014-12-13T15:36:32+08:00 ] ::1 /whr/index.php?s=/Home/Business/sonCate
INFO: [ app_begin ] --START--
INFO: Run Behavior\ReadHtmlCacheBehavior [ RunTime:0.000728s ]
INFO: [ app_begin ] --END-- [ RunTime:0.002204s ]
SQL: select type_id,type_name from wrt_type where parent_id = 2 [ RunTime:0.000417s ]

[ 2014-12-13T15:36:50+08:00 ] ::1 /whr/index.php?s=/Home/City/vallcage
INFO: [ app_begin ] --START--
INFO: Run Behavior\ReadHtmlCacheBehavior [ RunTime:0.000530s ]
INFO: [ app_begin ] --END-- [ RunTime:0.000846s ]

[ 2014-12-13T15:36:50+08:00 ] ::1 /whr/index.php?s=/Home/City/city
INFO: [ app_begin ] --START--
INFO: Run Behavior\ReadHtmlCacheBehavior [ RunTime:0.000615s ]
INFO: [ app_begin ] --END-- [ RunTime:0.001113s ]
SQL: select region_id,region_name from wrt_region where parent_id =7 [ RunTime:0.003744s ]

[ 2014-12-13T15:36:50+08:00 ] ::1 /whr/index.php?s=/Home/City/vallage
INFO: [ app_begin ] --START--
INFO: Run Behavior\ReadHtmlCacheBehavior [ RunTime:0.000540s ]
INFO: [ app_begin ] --END-- [ RunTime:0.000856s ]
SQL: select region_id,region_name from wrt_region where parent_id =76 [ RunTime:0.004257s ]

[ 2014-12-13T15:36:50+08:00 ] ::1 /whr/index.php?s=/Home/City/city
INFO: [ app_begin ] --START--
INFO: Run Behavior\ReadHtmlCacheBehavior [ RunTime:0.000957s ]
INFO: [ app_begin ] --END-- [ RunTime:0.001501s ]
SQL: select region_id,region_name from wrt_region where parent_id =7 [ RunTime:0.003888s ]

[ 2014-12-13T15:36:50+08:00 ] ::1 /whr/index.php?s=/Home/Business/sonCate
INFO: [ app_begin ] --START--
INFO: Run Behavior\ReadHtmlCacheBehavior [ RunTime:0.000501s ]
INFO: [ app_begin ] --END-- [ RunTime:0.000893s ]
SQL: select type_id,type_name from wrt_type where parent_id = 6 [ RunTime:0.000446s ]

[ 2014-12-13T16:04:01+08:00 ] ::1 /whr/index.php?s=/Home/City/vallcage
INFO: [ app_begin ] --START--
INFO: Run Behavior\ReadHtmlCacheBehavior [ RunTime:0.000548s ]
INFO: [ app_begin ] --END-- [ RunTime:0.000904s ]
INFO: [ app_end ] --START--
INFO: Run Behavior\ShowPageTraceBehavior [ RunTime:0.000453s ]
INFO: [ app_end ] --END-- [ RunTime:0.000493s ]

[ 2014-12-13T16:04:01+08:00 ] ::1 /whr/index.php?s=/Home/City/vallage
INFO: [ app_begin ] --START--
INFO: Run Behavior\ReadHtmlCacheBehavior [ RunTime:0.000537s ]
INFO: [ app_begin ] --END-- [ RunTime:0.001149s ]
INFO: [ app_end ] --START--
INFO: Run Behavior\ShowPageTraceBehavior [ RunTime:0.000468s ]
INFO: [ app_end ] --END-- [ RunTime:0.000526s ]

[ 2014-12-13T16:04:01+08:00 ] ::1 /whr/index.php?s=/Home/City/city
INFO: [ app_begin ] --START--
INFO: Run Behavior\ReadHtmlCacheBehavior [ RunTime:0.000534s ]
INFO: [ app_begin ] --END-- [ RunTime:0.000874s ]
INFO: [ app_end ] --START--
INFO: Run Behavior\ShowPageTraceBehavior [ RunTime:0.000454s ]
INFO: [ app_end ] --END-- [ RunTime:0.000497s ]

[ 2014-12-13T16:04:01+08:00 ] ::1 /whr/index.php?s=/Home/City/city
INFO: [ app_begin ] --START--
INFO: Run Behavior\ReadHtmlCacheBehavior [ RunTime:0.001132s ]
INFO: [ app_begin ] --END-- [ RunTime:0.001615s ]
INFO: [ app_end ] --START--
INFO: Run Behavior\ShowPageTraceBehavior [ RunTime:0.000820s ]
INFO: [ app_end ] --END-- [ RunTime:0.000865s ]

[ 2014-12-13T16:04:02+08:00 ] ::1 /whr/index.php?s=/Home/Business/sonCate
INFO: [ app_begin ] --START--
INFO: Run Behavior\ReadHtmlCacheBehavior [ RunTime:0.000777s ]
INFO: [ app_begin ] --END-- [ RunTime:0.001136s ]
SQL: select type_id,type_name from wrt_type where parent_id = 5 [ RunTime:0.000392s ]

[ 2014-12-13T16:31:12+08:00 ] ::1 /whr/index.php?s=/Home/Goods/details
INFO: [ app_begin ] --START--
INFO: Run Behavior\ReadHtmlCacheBehavior [ RunTime:0.000481s ]
INFO: [ app_begin ] --END-- [ RunTime:0.000770s ]
SQL: SHOW COLUMNS FROM wrt_goods g [ RunTime:0.000194s ]
ERR: 1064:You have an error in your SQL syntax; check the manual that corresponds to your MySQL server version for the right syntax to use near 'g' at line 1
 [ SQL语句 ] : SHOW COLUMNS FROM wrt_goods g
SQL: SELECT g.*,c.cat_id,v.store_id,v.store_name,c.cat_name,r.REGION_ID,r.REGION_NAME FROM wrt_goods g INNER JOIN wrt_category AS c ON g.cat_id=c.cat_id INNER JOIN wrt_vip AS v ON v.store_id=g.store_id INNER JOIN wrt_region AS r ON g.province=r.REGION_ID  WHERE ( g.goods_id=1 ) LIMIT 1   [ RunTime:0.000632s ]

[ 2014-12-13T16:59:51+08:00 ] ::1 /whr/index.php?s=/Home/City/vallcage
INFO: [ app_begin ] --START--
INFO: Run Behavior\ReadHtmlCacheBehavior [ RunTime:0.000553s ]
INFO: [ app_begin ] --END-- [ RunTime:0.000864s ]
INFO: [ app_end ] --START--
INFO: Run Behavior\ShowPageTraceBehavior [ RunTime:0.000479s ]
INFO: [ app_end ] --END-- [ RunTime:0.000515s ]

[ 2014-12-13T16:59:51+08:00 ] ::1 /whr/index.php?s=/Home/City/city
INFO: [ app_begin ] --START--
INFO: Run Behavior\ReadHtmlCacheBehavior [ RunTime:0.001742s ]
INFO: [ app_begin ] --END-- [ RunTime:0.002289s ]
INFO: [ app_end ] --START--
INFO: Run Behavior\ShowPageTraceBehavior [ RunTime:0.000794s ]
INFO: [ app_end ] --END-- [ RunTime:0.000866s ]

[ 2014-12-13T16:59:51+08:00 ] ::1 /whr/index.php?s=/Home/Goods/sonCate
INFO: [ app_begin ] --START--
INFO: Run Behavior\ReadHtmlCacheBehavior [ RunTime:0.000872s ]
INFO: [ app_begin ] --END-- [ RunTime:0.001258s ]
ERR: 非法操作:sonCate

[ 2014-12-13T16:59:51+08:00 ] ::1 /whr/index.php?s=/Home/City/vallage
INFO: [ app_begin ] --START--
INFO: Run Behavior\ReadHtmlCacheBehavior [ RunTime:0.000489s ]
INFO: [ app_begin ] --END-- [ RunTime:0.000797s ]
INFO: [ app_end ] --START--
INFO: Run Behavior\ShowPageTraceBehavior [ RunTime:0.000471s ]
INFO: [ app_end ] --END-- [ RunTime:0.000520s ]

[ 2014-12-13T16:59:51+08:00 ] ::1 /whr/index.php?s=/Home/City/city
INFO: [ app_begin ] --START--
INFO: Run Behavior\ReadHtmlCacheBehavior [ RunTime:0.000877s ]
INFO: [ app_begin ] --END-- [ RunTime:0.001281s ]
INFO: [ app_end ] --START--
INFO: Run Behavior\ShowPageTraceBehavior [ RunTime:0.001540s ]
INFO: [ app_end ] --END-- [ RunTime:0.001629s ]

[ 2014-12-13T16:59:55+08:00 ] ::1 /whr/index.php?s=/Home/City/vallcage
INFO: [ app_begin ] --START--
INFO: Run Behavior\ReadHtmlCacheBehavior [ RunTime:0.001179s ]
INFO: [ app_begin ] --END-- [ RunTime:0.001537s ]
INFO: [ app_end ] --START--
INFO: Run Behavior\ShowPageTraceBehavior [ RunTime:0.000793s ]
INFO: [ app_end ] --END-- [ RunTime:0.000835s ]

[ 2014-12-13T16:59:55+08:00 ] ::1 /whr/index.php?s=/Home/City/city
INFO: [ app_begin ] --START--
INFO: Run Behavior\ReadHtmlCacheBehavior [ RunTime:0.000830s ]
INFO: [ app_begin ] --END-- [ RunTime:0.001191s ]
INFO: [ app_end ] --START--
INFO: Run Behavior\ShowPageTraceBehavior [ RunTime:0.000986s ]
INFO: [ app_end ] --END-- [ RunTime:0.001027s ]

[ 2014-12-13T16:59:55+08:00 ] ::1 /whr/index.php?s=/Home/City/vallage
INFO: [ app_begin ] --START--
INFO: Run Behavior\ReadHtmlCacheBehavior [ RunTime:0.000490s ]
INFO: [ app_begin ] --END-- [ RunTime:0.000789s ]
INFO: [ app_end ] --START--
INFO: Run Behavior\ShowPageTraceBehavior [ RunTime:0.000455s ]
INFO: [ app_end ] --END-- [ RunTime:0.000502s ]

[ 2014-12-13T16:59:55+08:00 ] ::1 /whr/index.php?s=/Home/Goods/sonCate
INFO: [ app_begin ] --START--
INFO: Run Behavior\ReadHtmlCacheBehavior [ RunTime:0.000526s ]
INFO: [ app_begin ] --END-- [ RunTime:0.000938s ]
ERR: 非法操作:sonCate

[ 2014-12-13T16:59:55+08:00 ] ::1 /whr/index.php?s=/Home/City/city
INFO: [ app_begin ] --START--
INFO: Run Behavior\ReadHtmlCacheBehavior [ RunTime:0.003839s ]
INFO: [ app_begin ] --END-- [ RunTime:0.004251s ]
INFO: [ app_end ] --START--
INFO: Run Behavior\ShowPageTraceBehavior [ RunTime:0.000487s ]
INFO: [ app_end ] --END-- [ RunTime:0.000534s ]

[ 2014-12-13T17:16:04+08:00 ] ::1 /whr/index.php?s=/Home/City/vallcage
INFO: [ app_begin ] --START--
INFO: Run Behavior\ReadHtmlCacheBehavior [ RunTime:0.000614s ]
INFO: [ app_begin ] --END-- [ RunTime:0.000997s ]
SQL: select region_id,region_name from wrt_region where REGION_ID =2336 [ RunTime:0.000229s ]

[ 2014-12-13T17:16:04+08:00 ] ::1 /whr/index.php?s=/Home/Business/sonCate
INFO: [ app_begin ] --START--
INFO: Run Behavior\ReadHtmlCacheBehavior [ RunTime:0.000693s ]
INFO: [ app_begin ] --END-- [ RunTime:0.000997s ]
SQL: select type_id,type_name from wrt_type where parent_id = 1 [ RunTime:0.000426s ]

[ 2014-12-13T17:16:04+08:00 ] ::1 /whr/index.php?s=/Home/City/city
INFO: [ app_begin ] --START--
INFO: Run Behavior\ReadHtmlCacheBehavior [ RunTime:0.000804s ]
INFO: [ app_begin ] --END-- [ RunTime:0.001165s ]
SQL: select region_id,region_name from wrt_region where parent_id =20 [ RunTime:0.003751s ]

[ 2014-12-13T17:16:04+08:00 ] ::1 /whr/index.php?s=/Home/City/city
INFO: [ app_begin ] --START--
INFO: Run Behavior\ReadHtmlCacheBehavior [ RunTime:0.009540s ]
INFO: [ app_begin ] --END-- [ RunTime:0.009920s ]
SQL: select region_id,region_name from wrt_region where parent_id =20 [ RunTime:0.003910s ]

[ 2014-12-13T17:16:04+08:00 ] ::1 /whr/index.php?s=/Home/City/vallage
INFO: [ app_begin ] --START--
INFO: Run Behavior\ReadHtmlCacheBehavior [ RunTime:0.001072s ]
INFO: [ app_begin ] --END-- [ RunTime:0.001653s ]
SQL: select region_id,region_name from wrt_region where parent_id =232 [ RunTime:0.003849s ]

[ 2014-12-13T17:23:05+08:00 ] ::1 /whr/index.php?s=/Home/City/vallage
INFO: [ app_begin ] --START--
INFO: Run Behavior\ReadHtmlCacheBehavior [ RunTime:0.000476s ]
INFO: [ app_begin ] --END-- [ RunTime:0.000802s ]
SQL: select region_id,region_name from wrt_region where parent_id =232 [ RunTime:0.003781s ]

[ 2014-12-13T17:23:05+08:00 ] ::1 /whr/index.php?s=/Home/City/city
INFO: [ app_begin ] --START--
INFO: Run Behavior\ReadHtmlCacheBehavior [ RunTime:0.000632s ]
INFO: [ app_begin ] --END-- [ RunTime:0.000981s ]
SQL: select region_id,region_name from wrt_region where parent_id =20 [ RunTime:0.003815s ]

[ 2014-12-13T17:23:05+08:00 ] ::1 /whr/index.php?s=/Home/City/vallcage
INFO: [ app_begin ] --START--
INFO: Run Behavior\ReadHtmlCacheBehavior [ RunTime:0.000662s ]
INFO: [ app_begin ] --END-- [ RunTime:0.001120s ]
SQL: select region_id,region_name from wrt_region where REGION_ID =2332 [ RunTime:0.000285s ]

[ 2014-12-13T17:23:05+08:00 ] ::1 /whr/index.php?s=/Home/Business/sonCate
INFO: [ app_begin ] --START--
INFO: Run Behavior\ReadHtmlCacheBehavior [ RunTime:0.000630s ]
INFO: [ app_begin ] --END-- [ RunTime:0.001000s ]
SQL: select type_id,type_name from wrt_type where parent_id = 2 [ RunTime:0.000444s ]

[ 2014-12-13T17:23:05+08:00 ] ::1 /whr/index.php?s=/Home/City/city
INFO: [ app_begin ] --START--
INFO: Run Behavior\ReadHtmlCacheBehavior [ RunTime:0.000870s ]
INFO: [ app_begin ] --END-- [ RunTime:0.001258s ]
SQL: select region_id,region_name from wrt_region where parent_id =20 [ RunTime:0.004587s ]

[ 2014-12-13T17:36:39+08:00 ] ::1 /whr/index.php?s=/Home/City/vallcage
INFO: [ app_begin ] --START--
INFO: Run Behavior\ReadHtmlCacheBehavior [ RunTime:0.000446s ]
INFO: [ app_begin ] --END-- [ RunTime:0.000749s ]
SQL: select region_id,region_name from wrt_region where REGION_ID =2332 [ RunTime:0.000301s ]

[ 2014-12-13T17:36:39+08:00 ] ::1 /whr/index.php?s=/Home/City/city
INFO: [ app_begin ] --START--
INFO: Run Behavior\ReadHtmlCacheBehavior [ RunTime:0.000752s ]
INFO: [ app_begin ] --END-- [ RunTime:0.001200s ]
SQL: select region_id,region_name from wrt_region where parent_id =20 [ RunTime:0.003918s ]

[ 2014-12-13T17:36:39+08:00 ] ::1 /whr/index.php?s=/Home/Business/sonCate
INFO: [ app_begin ] --START--
INFO: Run Behavior\ReadHtmlCacheBehavior [ RunTime:0.000619s ]
INFO: [ app_begin ] --END-- [ RunTime:0.000987s ]
SQL: select type_id,type_name from wrt_type where parent_id = 2 [ RunTime:0.000437s ]

[ 2014-12-13T17:36:39+08:00 ] ::1 /whr/index.php?s=/Home/City/city
INFO: [ app_begin ] --START--
INFO: Run Behavior\ReadHtmlCacheBehavior [ RunTime:0.000603s ]
INFO: [ app_begin ] --END-- [ RunTime:0.001085s ]
SQL: select region_id,region_name from wrt_region where parent_id =20 [ RunTime:0.003891s ]

[ 2014-12-13T17:36:39+08:00 ] ::1 /whr/index.php?s=/Home/City/vallage
INFO: [ app_begin ] --START--
INFO: Run Behavior\ReadHtmlCacheBehavior [ RunTime:0.000806s ]
INFO: [ app_begin ] --END-- [ RunTime:0.001193s ]
SQL: select region_id,region_name from wrt_region where parent_id =232 [ RunTime:0.003776s ]

[ 2014-12-13T17:37:44+08:00 ] ::1 /whr/index.php?s=/Home/City/vallcage
INFO: [ app_begin ] --START--
INFO: Run Behavior\ReadHtmlCacheBehavior [ RunTime:0.000458s ]
INFO: [ app_begin ] --END-- [ RunTime:0.000756s ]
SQL: select region_id,region_name from wrt_region where REGION_ID =2336 [ RunTime:0.000248s ]

[ 2014-12-13T17:37:44+08:00 ] ::1 /whr/index.php?s=/Home/City/city
INFO: [ app_begin ] --START--
INFO: Run Behavior\ReadHtmlCacheBehavior [ RunTime:0.000442s ]
INFO: [ app_begin ] --END-- [ RunTime:0.000734s ]
SQL: select region_id,region_name from wrt_region where parent_id =20 [ RunTime:0.004262s ]

[ 2014-12-13T17:37:44+08:00 ] ::1 /whr/index.php?s=/Home/City/city
INFO: [ app_begin ] --START--
INFO: Run Behavior\ReadHtmlCacheBehavior [ RunTime:0.000443s ]
INFO: [ app_begin ] --END-- [ RunTime:0.000740s ]
SQL: select region_id,region_name from wrt_region where parent_id =20 [ RunTime:0.003843s ]

[ 2014-12-13T17:37:44+08:00 ] ::1 /whr/index.php?s=/Home/City/vallage
INFO: [ app_begin ] --START--
INFO: Run Behavior\ReadHtmlCacheBehavior [ RunTime:0.000505s ]
INFO: [ app_begin ] --END-- [ RunTime:0.000817s ]
SQL: select region_id,region_name from wrt_region where parent_id =232 [ RunTime:0.003745s ]

[ 2014-12-13T17:37:44+08:00 ] ::1 /whr/index.php?s=/Home/Business/sonCate
INFO: [ app_begin ] --START--
INFO: Run Behavior\ReadHtmlCacheBehavior [ RunTime:0.000703s ]
INFO: [ app_begin ] --END-- [ RunTime:0.001119s ]
SQL: select type_id,type_name from wrt_type where parent_id = 1 [ RunTime:0.000413s ]

[ 2014-12-13T17:38:12+08:00 ] ::1 /whr/index.php?s=/Home/Business/order
ERR: 非法操作:order

