[ 2014-12-11T09:19:59+08:00 ] ::1 /whr/index.php?s=/Home/ProInfo/index
ERR: 无法加载控制器:ProInfo

[ 2014-12-11T09:23:27+08:00 ] ::1 /whr/index.php?s=/Home/Goods/details
INFO: [ app_begin ] --START--
INFO: Run Behavior\ReadHtmlCacheBehavior [ RunTime:0.001461s ]
INFO: [ app_begin ] --END-- [ RunTime:0.001799s ]
SQL: SHOW COLUMNS FROM wrt_goods g [ RunTime:0.000119s ]
ERR: 1064:You have an error in your SQL syntax; check the manual that corresponds to your MySQL server version for the right syntax to use near 'g' at line 1
 [ SQL语句 ] : SHOW COLUMNS FROM wrt_goods g
SQL: SELECT g.*,c.cat_id,v.store_id,v.store_name,c.cat_name,r.REGION_ID,r.REGION_NAME FROM wrt_goods g INNER JOIN wrt_category AS c ON g.cat_id=c.cat_id INNER JOIN wrt_vip AS v ON v.store_id=g.store_id INNER JOIN wrt_region AS r ON g.province=r.REGION_ID  WHERE ( g.goods_id=1 ) LIMIT 1   [ RunTime:0.011985s ]

[ 2014-12-11T09:23:29+08:00 ] ::1 /whr/index.php?s=/Home/Goods/details
INFO: [ app_begin ] --START--
INFO: Run Behavior\ReadHtmlCacheBehavior [ RunTime:0.001372s ]
INFO: [ app_begin ] --END-- [ RunTime:0.001683s ]
SQL: SHOW COLUMNS FROM wrt_goods g [ RunTime:0.000177s ]
ERR: 1064:You have an error in your SQL syntax; check the manual that corresponds to your MySQL server version for the right syntax to use near 'g' at line 1
 [ SQL语句 ] : SHOW COLUMNS FROM wrt_goods g
SQL: SELECT g.*,c.cat_id,v.store_id,v.store_name,c.cat_name,r.REGION_ID,r.REGION_NAME FROM wrt_goods g INNER JOIN wrt_category AS c ON g.cat_id=c.cat_id INNER JOIN wrt_vip AS v ON v.store_id=g.store_id INNER JOIN wrt_region AS r ON g.province=r.REGION_ID  WHERE ( g.goods_id=1 ) LIMIT 1   [ RunTime:0.000518s ]

[ 2014-12-11T09:23:32+08:00 ] ::1 /whr/index.php?s=/Home/Goods/details
INFO: [ app_begin ] --START--
INFO: Run Behavior\ReadHtmlCacheBehavior [ RunTime:0.000458s ]
INFO: [ app_begin ] --END-- [ RunTime:0.000750s ]
SQL: SHOW COLUMNS FROM wrt_goods g [ RunTime:0.000142s ]
ERR: 1064:You have an error in your SQL syntax; check the manual that corresponds to your MySQL server version for the right syntax to use near 'g' at line 1
 [ SQL语句 ] : SHOW COLUMNS FROM wrt_goods g
SQL: SELECT g.*,c.cat_id,v.store_id,v.store_name,c.cat_name,r.REGION_ID,r.REGION_NAME FROM wrt_goods g INNER JOIN wrt_category AS c ON g.cat_id=c.cat_id INNER JOIN wrt_vip AS v ON v.store_id=g.store_id INNER JOIN wrt_region AS r ON g.province=r.REGION_ID  WHERE ( g.goods_id=12 ) LIMIT 1   [ RunTime:0.000454s ]

[ 2014-12-11T09:23:33+08:00 ] ::1 /whr/index.php?s=/Home/Goods/details
INFO: [ app_begin ] --START--
INFO: Run Behavior\ReadHtmlCacheBehavior [ RunTime:0.000522s ]
INFO: [ app_begin ] --END-- [ RunTime:0.000920s ]
SQL: SHOW COLUMNS FROM wrt_goods g [ RunTime:0.000183s ]
ERR: 1064:You have an error in your SQL syntax; check the manual that corresponds to your MySQL server version for the right syntax to use near 'g' at line 1
 [ SQL语句 ] : SHOW COLUMNS FROM wrt_goods g
SQL: SELECT g.*,c.cat_id,v.store_id,v.store_name,c.cat_name,r.REGION_ID,r.REGION_NAME FROM wrt_goods g INNER JOIN wrt_category AS c ON g.cat_id=c.cat_id INNER JOIN wrt_vip AS v ON v.store_id=g.store_id INNER JOIN wrt_region AS r ON g.province=r.REGION_ID  WHERE ( g.goods_id=12 ) LIMIT 1   [ RunTime:0.000659s ]

[ 2014-12-11T09:25:25+08:00 ] ::1 /whr/index.php?s=/Home/Goods/details
INFO: [ app_begin ] --START--
INFO: Run Behavior\ReadHtmlCacheBehavior [ RunTime:0.001408s ]
INFO: [ app_begin ] --END-- [ RunTime:0.001699s ]
SQL: SHOW COLUMNS FROM wrt_goods g [ RunTime:0.000179s ]
ERR: 1064:You have an error in your SQL syntax; check the manual that corresponds to your MySQL server version for the right syntax to use near 'g' at line 1
 [ SQL语句 ] : SHOW COLUMNS FROM wrt_goods g
SQL: SELECT g.*,c.cat_id,v.store_id,v.store_name,c.cat_name,r.REGION_ID,r.REGION_NAME FROM wrt_goods g INNER JOIN wrt_category AS c ON g.cat_id=c.cat_id INNER JOIN wrt_vip AS v ON v.store_id=g.store_id INNER JOIN wrt_region AS r ON g.province=r.REGION_ID  WHERE ( g.goods_id=10 ) LIMIT 1   [ RunTime:0.000539s ]

[ 2014-12-11T09:25:28+08:00 ] ::1 /whr/index.php?s=/Home/Goods/details
INFO: [ app_begin ] --START--
INFO: Run Behavior\ReadHtmlCacheBehavior [ RunTime:0.001414s ]
INFO: [ app_begin ] --END-- [ RunTime:0.001766s ]
SQL: SHOW COLUMNS FROM wrt_goods g [ RunTime:0.000095s ]
ERR: 1064:You have an error in your SQL syntax; check the manual that corresponds to your MySQL server version for the right syntax to use near 'g' at line 1
 [ SQL语句 ] : SHOW COLUMNS FROM wrt_goods g
SQL: SELECT g.*,c.cat_id,v.store_id,v.store_name,c.cat_name,r.REGION_ID,r.REGION_NAME FROM wrt_goods g INNER JOIN wrt_category AS c ON g.cat_id=c.cat_id INNER JOIN wrt_vip AS v ON v.store_id=g.store_id INNER JOIN wrt_region AS r ON g.province=r.REGION_ID  WHERE ( g.goods_id=7 ) LIMIT 1   [ RunTime:0.000485s ]

[ 2014-12-11T09:25:29+08:00 ] ::1 /whr/index.php?s=/Home/Goods/details
INFO: [ app_begin ] --START--
INFO: Run Behavior\ReadHtmlCacheBehavior [ RunTime:0.000410s ]
INFO: [ app_begin ] --END-- [ RunTime:0.000695s ]
SQL: SHOW COLUMNS FROM wrt_goods g [ RunTime:0.000179s ]
ERR: 1064:You have an error in your SQL syntax; check the manual that corresponds to your MySQL server version for the right syntax to use near 'g' at line 1
 [ SQL语句 ] : SHOW COLUMNS FROM wrt_goods g
SQL: SELECT g.*,c.cat_id,v.store_id,v.store_name,c.cat_name,r.REGION_ID,r.REGION_NAME FROM wrt_goods g INNER JOIN wrt_category AS c ON g.cat_id=c.cat_id INNER JOIN wrt_vip AS v ON v.store_id=g.store_id INNER JOIN wrt_region AS r ON g.province=r.REGION_ID  WHERE ( g.goods_id=7 ) LIMIT 1   [ RunTime:0.000497s ]

[ 2014-12-11T09:25:32+08:00 ] ::1 /whr/index.php?s=/Home/Goods/details
INFO: [ app_begin ] --START--
INFO: Run Behavior\ReadHtmlCacheBehavior [ RunTime:0.000454s ]
INFO: [ app_begin ] --END-- [ RunTime:0.000784s ]
SQL: SHOW COLUMNS FROM wrt_goods g [ RunTime:0.000130s ]
ERR: 1064:You have an error in your SQL syntax; check the manual that corresponds to your MySQL server version for the right syntax to use near 'g' at line 1
 [ SQL语句 ] : SHOW COLUMNS FROM wrt_goods g
SQL: SELECT g.*,c.cat_id,v.store_id,v.store_name,c.cat_name,r.REGION_ID,r.REGION_NAME FROM wrt_goods g INNER JOIN wrt_category AS c ON g.cat_id=c.cat_id INNER JOIN wrt_vip AS v ON v.store_id=g.store_id INNER JOIN wrt_region AS r ON g.province=r.REGION_ID  WHERE ( g.goods_id=7 ) LIMIT 1   [ RunTime:0.000465s ]

[ 2014-12-11T09:25:36+08:00 ] ::1 /whr/index.php?s=/Home/Goods/details
INFO: [ app_begin ] --START--
INFO: Run Behavior\ReadHtmlCacheBehavior [ RunTime:0.000397s ]
INFO: [ app_begin ] --END-- [ RunTime:0.000657s ]
SQL: SHOW COLUMNS FROM wrt_goods g [ RunTime:0.000141s ]
ERR: 1064:You have an error in your SQL syntax; check the manual that corresponds to your MySQL server version for the right syntax to use near 'g' at line 1
 [ SQL语句 ] : SHOW COLUMNS FROM wrt_goods g
SQL: SELECT g.*,c.cat_id,v.store_id,v.store_name,c.cat_name,r.REGION_ID,r.REGION_NAME FROM wrt_goods g INNER JOIN wrt_category AS c ON g.cat_id=c.cat_id INNER JOIN wrt_vip AS v ON v.store_id=g.store_id INNER JOIN wrt_region AS r ON g.province=r.REGION_ID  WHERE ( g.goods_id=6 ) LIMIT 1   [ RunTime:0.000462s ]

[ 2014-12-11T09:25:39+08:00 ] ::1 /whr/index.php?s=/Home/Goods/details
INFO: [ app_begin ] --START--
INFO: Run Behavior\ReadHtmlCacheBehavior [ RunTime:0.000420s ]
INFO: [ app_begin ] --END-- [ RunTime:0.000694s ]
SQL: SHOW COLUMNS FROM wrt_goods g [ RunTime:0.000187s ]
ERR: 1064:You have an error in your SQL syntax; check the manual that corresponds to your MySQL server version for the right syntax to use near 'g' at line 1
 [ SQL语句 ] : SHOW COLUMNS FROM wrt_goods g
SQL: SELECT g.*,c.cat_id,v.store_id,v.store_name,c.cat_name,r.REGION_ID,r.REGION_NAME FROM wrt_goods g INNER JOIN wrt_category AS c ON g.cat_id=c.cat_id INNER JOIN wrt_vip AS v ON v.store_id=g.store_id INNER JOIN wrt_region AS r ON g.province=r.REGION_ID  WHERE ( g.goods_id=6 ) LIMIT 1   [ RunTime:0.000515s ]

[ 2014-12-11T13:25:33+08:00 ] ::1 /whr/index.php?s=/Home/City/vallcage
INFO: [ app_begin ] --START--
INFO: Run Behavior\ReadHtmlCacheBehavior [ RunTime:0.000555s ]
INFO: [ app_begin ] --END-- [ RunTime:0.000876s ]
INFO: [ app_end ] --START--
INFO: Run Behavior\ShowPageTraceBehavior [ RunTime:0.000566s ]
INFO: [ app_end ] --END-- [ RunTime:0.000609s ]

[ 2014-12-11T13:25:33+08:00 ] ::1 /whr/index.php?s=/Home/City/city
INFO: [ app_begin ] --START--
INFO: Run Behavior\ReadHtmlCacheBehavior [ RunTime:0.000778s ]
INFO: [ app_begin ] --END-- [ RunTime:0.001108s ]
INFO: [ app_end ] --START--
INFO: Run Behavior\ShowPageTraceBehavior [ RunTime:0.000862s ]
INFO: [ app_end ] --END-- [ RunTime:0.000918s ]

[ 2014-12-11T13:25:33+08:00 ] ::1 /whr/index.php?s=/Home/City/city
INFO: [ app_begin ] --START--
INFO: Run Behavior\ReadHtmlCacheBehavior [ RunTime:0.000817s ]
INFO: [ app_begin ] --END-- [ RunTime:0.001258s ]
INFO: [ app_end ] --START--
INFO: Run Behavior\ShowPageTraceBehavior [ RunTime:0.000575s ]
INFO: [ app_end ] --END-- [ RunTime:0.000610s ]

[ 2014-12-11T13:25:33+08:00 ] ::1 /whr/index.php?s=/Home/City/vallage
INFO: [ app_begin ] --START--
INFO: Run Behavior\ReadHtmlCacheBehavior [ RunTime:0.000930s ]
INFO: [ app_begin ] --END-- [ RunTime:0.001342s ]
INFO: [ app_end ] --START--
INFO: Run Behavior\ShowPageTraceBehavior [ RunTime:0.000754s ]
INFO: [ app_end ] --END-- [ RunTime:0.000799s ]

[ 2014-12-11T13:33:25+08:00 ] ::1 /whr/index.php?s=/Home/City/city
INFO: [ app_begin ] --START--
INFO: Run Behavior\ReadHtmlCacheBehavior [ RunTime:0.000844s ]
INFO: [ app_begin ] --END-- [ RunTime:0.001223s ]
SQL: select region_id,region_name from wrt_region where parent_id =18 [ RunTime:0.004710s ]

[ 2014-12-11T13:33:25+08:00 ] ::1 /whr/index.php?s=/Home/City/vallcage
INFO: [ app_begin ] --START--
INFO: Run Behavior\ReadHtmlCacheBehavior [ RunTime:0.000872s ]
INFO: [ app_begin ] --END-- [ RunTime:0.001216s ]
SQL: select region_id,region_name from wrt_region where REGION_ID =2058 [ RunTime:0.000411s ]

[ 2014-12-11T13:33:25+08:00 ] ::1 /whr/index.php?s=/Home/City/vallage
INFO: [ app_begin ] --START--
INFO: Run Behavior\ReadHtmlCacheBehavior [ RunTime:0.000796s ]
INFO: [ app_begin ] --END-- [ RunTime:0.001156s ]
SQL: select region_id,region_name from wrt_region where parent_id =204 [ RunTime:0.003441s ]

[ 2014-12-11T13:33:25+08:00 ] ::1 /whr/index.php?s=/Home/Goods/sonCate
INFO: [ app_begin ] --START--
INFO: Run Behavior\ReadHtmlCacheBehavior [ RunTime:0.000922s ]
INFO: [ app_begin ] --END-- [ RunTime:0.001308s ]
ERR: 非法操作:sonCate

[ 2014-12-11T13:33:25+08:00 ] ::1 /whr/index.php?s=/Home/City/city
INFO: [ app_begin ] --START--
INFO: Run Behavior\ReadHtmlCacheBehavior [ RunTime:0.000744s ]
INFO: [ app_begin ] --END-- [ RunTime:0.001147s ]
SQL: select region_id,region_name from wrt_region where parent_id =18 [ RunTime:0.004053s ]

[ 2014-12-11T13:37:37+08:00 ] ::1 /whr/index.php?s=/Home/City/vallcage
INFO: [ app_begin ] --START--
INFO: Run Behavior\ReadHtmlCacheBehavior [ RunTime:0.000422s ]
INFO: [ app_begin ] --END-- [ RunTime:0.000717s ]
INFO: [ app_end ] --START--
INFO: Run Behavior\ShowPageTraceBehavior [ RunTime:0.000434s ]
INFO: [ app_end ] --END-- [ RunTime:0.000474s ]

[ 2014-12-11T13:37:37+08:00 ] ::1 /whr/index.php?s=/Home/City/city
INFO: [ app_begin ] --START--
INFO: Run Behavior\ReadHtmlCacheBehavior [ RunTime:0.001041s ]
INFO: [ app_begin ] --END-- [ RunTime:0.001564s ]
INFO: [ app_end ] --START--
INFO: Run Behavior\ShowPageTraceBehavior [ RunTime:0.000755s ]
INFO: [ app_end ] --END-- [ RunTime:0.000800s ]

[ 2014-12-11T13:37:37+08:00 ] ::1 /whr/index.php?s=/Home/City/city
INFO: [ app_begin ] --START--
INFO: Run Behavior\ReadHtmlCacheBehavior [ RunTime:0.000870s ]
INFO: [ app_begin ] --END-- [ RunTime:0.001231s ]
INFO: [ app_end ] --START--
INFO: Run Behavior\ShowPageTraceBehavior [ RunTime:0.000645s ]
INFO: [ app_end ] --END-- [ RunTime:0.000685s ]

[ 2014-12-11T13:37:37+08:00 ] ::1 /whr/index.php?s=/Home/Goods/sonCate
INFO: [ app_begin ] --START--
INFO: Run Behavior\ReadHtmlCacheBehavior [ RunTime:0.000754s ]
INFO: [ app_begin ] --END-- [ RunTime:0.001102s ]
ERR: 非法操作:sonCate

[ 2014-12-11T13:37:37+08:00 ] ::1 /whr/index.php?s=/Home/City/vallage
INFO: [ app_begin ] --START--
INFO: Run Behavior\ReadHtmlCacheBehavior [ RunTime:0.001051s ]
INFO: [ app_begin ] --END-- [ RunTime:0.001413s ]
INFO: [ app_end ] --START--
INFO: Run Behavior\ShowPageTraceBehavior [ RunTime:0.000839s ]
INFO: [ app_end ] --END-- [ RunTime:0.000894s ]

[ 2014-12-11T13:46:48+08:00 ] ::1 /whr/index.php?s=/Home/Uploads/phone.html
ERR: 非法操作:phone

[ 2014-12-11T13:46:48+08:00 ] ::1 /whr/index.php?s=/Home/Uploads/phone.html
ERR: 非法操作:phone

[ 2014-12-11T13:46:48+08:00 ] ::1 /whr/index.php?s=/Home/Uploads/phone.html
ERR: 非法操作:phone

[ 2014-12-11T13:46:48+08:00 ] ::1 /whr/index.php?s=/Home/Uploads/phone.html
ERR: 非法操作:phone

[ 2014-12-11T13:46:54+08:00 ] ::1 /whr/index.php?s=/Home/City/city
INFO: [ app_begin ] --START--
INFO: Run Behavior\ReadHtmlCacheBehavior [ RunTime:0.000595s ]
INFO: [ app_begin ] --END-- [ RunTime:0.000957s ]
INFO: [ app_end ] --START--
INFO: Run Behavior\ShowPageTraceBehavior [ RunTime:0.000515s ]
INFO: [ app_end ] --END-- [ RunTime:0.000554s ]

[ 2014-12-11T13:46:54+08:00 ] ::1 /whr/index.php?s=/Home/City/vallcage
INFO: [ app_begin ] --START--
INFO: Run Behavior\ReadHtmlCacheBehavior [ RunTime:0.000691s ]
INFO: [ app_begin ] --END-- [ RunTime:0.001033s ]
INFO: [ app_end ] --START--
INFO: Run Behavior\ShowPageTraceBehavior [ RunTime:0.000873s ]
INFO: [ app_end ] --END-- [ RunTime:0.000966s ]

[ 2014-12-11T13:46:54+08:00 ] ::1 /whr/index.php?s=/Home/City/city
INFO: [ app_begin ] --START--
INFO: Run Behavior\ReadHtmlCacheBehavior [ RunTime:0.000926s ]
INFO: [ app_begin ] --END-- [ RunTime:0.001306s ]
INFO: [ app_end ] --START--
INFO: Run Behavior\ShowPageTraceBehavior [ RunTime:0.000780s ]
INFO: [ app_end ] --END-- [ RunTime:0.000816s ]

[ 2014-12-11T13:46:54+08:00 ] ::1 /whr/index.php?s=/Home/City/vallage
INFO: [ app_begin ] --START--
INFO: Run Behavior\ReadHtmlCacheBehavior [ RunTime:0.000825s ]
INFO: [ app_begin ] --END-- [ RunTime:0.001157s ]
INFO: [ app_end ] --START--
INFO: Run Behavior\ShowPageTraceBehavior [ RunTime:0.000704s ]
INFO: [ app_end ] --END-- [ RunTime:0.000746s ]

[ 2014-12-11T14:01:32+08:00 ] ::1 /whr/index.php?s=/Home/Uploads/phone.html
ERR: 非法操作:phone

[ 2014-12-11T14:01:32+08:00 ] ::1 /whr/index.php?s=/Home/Uploads/phone.html
ERR: 非法操作:phone

[ 2014-12-11T14:01:32+08:00 ] ::1 /whr/index.php?s=/Home/Uploads/phone.html
ERR: 非法操作:phone

[ 2014-12-11T14:01:32+08:00 ] ::1 /whr/index.php?s=/Home/Uploads/phone.html
ERR: 非法操作:phone

[ 2014-12-11T14:01:38+08:00 ] ::1 /whr/index.php?s=/Home/Business/app
ERR: 非法操作:app

[ 2014-12-11T14:01:41+08:00 ] ::1 /whr/index.php?s=/Home/City/vallcage
INFO: [ app_begin ] --START--
INFO: Run Behavior\ReadHtmlCacheBehavior [ RunTime:0.000679s ]
INFO: [ app_begin ] --END-- [ RunTime:0.001084s ]
SQL: select region_id,region_name from wrt_region where REGION_ID =2332 [ RunTime:0.000314s ]

[ 2014-12-11T14:01:41+08:00 ] ::1 /whr/index.php?s=/Home/City/city
INFO: [ app_begin ] --START--
INFO: Run Behavior\ReadHtmlCacheBehavior [ RunTime:0.000821s ]
INFO: [ app_begin ] --END-- [ RunTime:0.001181s ]
SQL: select region_id,region_name from wrt_region where parent_id =20 [ RunTime:0.003645s ]

[ 2014-12-11T14:01:41+08:00 ] ::1 /whr/index.php?s=/Home/City/city
INFO: [ app_begin ] --START--
INFO: Run Behavior\ReadHtmlCacheBehavior [ RunTime:0.000583s ]
INFO: [ app_begin ] --END-- [ RunTime:0.000982s ]
SQL: select region_id,region_name from wrt_region where parent_id =20 [ RunTime:0.003802s ]

[ 2014-12-11T14:01:41+08:00 ] ::1 /whr/index.php?s=/Home/City/vallage
INFO: [ app_begin ] --START--
INFO: Run Behavior\ReadHtmlCacheBehavior [ RunTime:0.000738s ]
INFO: [ app_begin ] --END-- [ RunTime:0.001082s ]
SQL: select region_id,region_name from wrt_region where parent_id =232 [ RunTime:0.003574s ]

[ 2014-12-11T14:01:41+08:00 ] ::1 /whr/index.php?s=/Home/Business/sonCate
INFO: [ app_begin ] --START--
INFO: Run Behavior\ReadHtmlCacheBehavior [ RunTime:0.000914s ]
INFO: [ app_begin ] --END-- [ RunTime:0.001495s ]
SQL: select type_id,type_name from wrt_type where parent_id = 2 [ RunTime:0.000616s ]

[ 2014-12-11T14:02:04+08:00 ] ::1 /whr/index.php?s=/Home/Uploads/phone.html
ERR: 非法操作:phone

[ 2014-12-11T14:02:04+08:00 ] ::1 /whr/index.php?s=/Home/Uploads/phone.html
ERR: 非法操作:phone

[ 2014-12-11T14:02:18+08:00 ] ::1 /whr/index.php?s=/Home/City/city
INFO: [ app_begin ] --START--
INFO: Run Behavior\ReadHtmlCacheBehavior [ RunTime:0.000755s ]
INFO: [ app_begin ] --END-- [ RunTime:0.001101s ]
INFO: [ app_end ] --START--
INFO: Run Behavior\ShowPageTraceBehavior [ RunTime:0.000788s ]
INFO: [ app_end ] --END-- [ RunTime:0.000827s ]

[ 2014-12-11T14:02:18+08:00 ] ::1 /whr/index.php?s=/Home/City/vallcage
INFO: [ app_begin ] --START--
INFO: Run Behavior\ReadHtmlCacheBehavior [ RunTime:0.000734s ]
INFO: [ app_begin ] --END-- [ RunTime:0.001079s ]
INFO: [ app_end ] --START--
INFO: Run Behavior\ShowPageTraceBehavior [ RunTime:0.000795s ]
INFO: [ app_end ] --END-- [ RunTime:0.000853s ]

[ 2014-12-11T14:02:18+08:00 ] ::1 /whr/index.php?s=/Home/City/city
INFO: [ app_begin ] --START--
INFO: Run Behavior\ReadHtmlCacheBehavior [ RunTime:0.000631s ]
INFO: [ app_begin ] --END-- [ RunTime:0.001055s ]
INFO: [ app_end ] --START--
INFO: Run Behavior\ShowPageTraceBehavior [ RunTime:0.000659s ]
INFO: [ app_end ] --END-- [ RunTime:0.000714s ]

[ 2014-12-11T14:02:18+08:00 ] ::1 /whr/index.php?s=/Home/City/vallage
INFO: [ app_begin ] --START--
INFO: Run Behavior\ReadHtmlCacheBehavior [ RunTime:0.000787s ]
INFO: [ app_begin ] --END-- [ RunTime:0.001224s ]
INFO: [ app_end ] --START--
INFO: Run Behavior\ShowPageTraceBehavior [ RunTime:0.000754s ]
INFO: [ app_end ] --END-- [ RunTime:0.000789s ]

[ 2014-12-11T14:02:37+08:00 ] ::1 /whr/index.php?s=/Home/City/city
INFO: [ app_begin ] --START--
INFO: Run Behavior\ReadHtmlCacheBehavior [ RunTime:0.000782s ]
INFO: [ app_begin ] --END-- [ RunTime:0.001146s ]
INFO: [ app_end ] --START--
INFO: Run Behavior\ShowPageTraceBehavior [ RunTime:0.000816s ]
INFO: [ app_end ] --END-- [ RunTime:0.000893s ]

[ 2014-12-11T14:02:38+08:00 ] ::1 /whr/index.php?s=/Home/City/city
INFO: [ app_begin ] --START--
INFO: Run Behavior\ReadHtmlCacheBehavior [ RunTime:0.001003s ]
INFO: [ app_begin ] --END-- [ RunTime:0.001356s ]
INFO: [ app_end ] --START--
INFO: Run Behavior\ShowPageTraceBehavior [ RunTime:0.000859s ]
INFO: [ app_end ] --END-- [ RunTime:0.000916s ]

[ 2014-12-11T14:02:38+08:00 ] ::1 /whr/index.php?s=/Home/City/vallcage
INFO: [ app_begin ] --START--
INFO: Run Behavior\ReadHtmlCacheBehavior [ RunTime:0.000816s ]
INFO: [ app_begin ] --END-- [ RunTime:0.001166s ]
INFO: [ app_end ] --START--
INFO: Run Behavior\ShowPageTraceBehavior [ RunTime:0.000967s ]
INFO: [ app_end ] --END-- [ RunTime:0.001029s ]

[ 2014-12-11T14:02:38+08:00 ] ::1 /whr/index.php?s=/Home/City/vallage
INFO: [ app_begin ] --START--
INFO: Run Behavior\ReadHtmlCacheBehavior [ RunTime:0.000653s ]
INFO: [ app_begin ] --END-- [ RunTime:0.001020s ]
INFO: [ app_end ] --START--
INFO: Run Behavior\ShowPageTraceBehavior [ RunTime:0.000733s ]
INFO: [ app_end ] --END-- [ RunTime:0.000793s ]

[ 2014-12-11T14:03:52+08:00 ] ::1 /whr/index.php?s=/Home/City/vallcage
INFO: [ app_begin ] --START--
INFO: Run Behavior\ReadHtmlCacheBehavior [ RunTime:0.000429s ]
INFO: [ app_begin ] --END-- [ RunTime:0.000729s ]
SQL: select region_id,region_name from wrt_region where REGION_ID =2336 [ RunTime:0.000293s ]

[ 2014-12-11T14:03:52+08:00 ] ::1 /whr/index.php?s=/Home/City/city
INFO: [ app_begin ] --START--
INFO: Run Behavior\ReadHtmlCacheBehavior [ RunTime:0.000677s ]
INFO: [ app_begin ] --END-- [ RunTime:0.001106s ]
SQL: select region_id,region_name from wrt_region where parent_id =20 [ RunTime:0.003909s ]

[ 2014-12-11T14:03:52+08:00 ] ::1 /whr/index.php?s=/Home/City/vallage
INFO: [ app_begin ] --START--
INFO: Run Behavior\ReadHtmlCacheBehavior [ RunTime:0.000835s ]
INFO: [ app_begin ] --END-- [ RunTime:0.001183s ]
SQL: select region_id,region_name from wrt_region where parent_id =232 [ RunTime:0.003538s ]

[ 2014-12-11T14:03:52+08:00 ] ::1 /whr/index.php?s=/Home/City/city
INFO: [ app_begin ] --START--
INFO: Run Behavior\ReadHtmlCacheBehavior [ RunTime:0.000835s ]
INFO: [ app_begin ] --END-- [ RunTime:0.001200s ]
SQL: select region_id,region_name from wrt_region where parent_id =20 [ RunTime:0.003593s ]

[ 2014-12-11T14:03:52+08:00 ] ::1 /whr/index.php?s=/Home/Business/sonCate
INFO: [ app_begin ] --START--
INFO: Run Behavior\ReadHtmlCacheBehavior [ RunTime:0.001571s ]
INFO: [ app_begin ] --END-- [ RunTime:0.003796s ]
SQL: select type_id,type_name from wrt_type where parent_id = 1 [ RunTime:0.000624s ]

[ 2014-12-11T14:03:54+08:00 ] ::1 /whr/index.php?s=/Home/Business/order
ERR: 非法操作:order

[ 2014-12-11T14:03:58+08:00 ] ::1 /whr/index.php?s=/Home/City/city
INFO: [ app_begin ] --START--
INFO: Run Behavior\ReadHtmlCacheBehavior [ RunTime:0.000428s ]
INFO: [ app_begin ] --END-- [ RunTime:0.000716s ]
INFO: [ app_end ] --START--
INFO: Run Behavior\ShowPageTraceBehavior [ RunTime:0.000947s ]
INFO: [ app_end ] --END-- [ RunTime:0.001010s ]

[ 2014-12-11T14:03:58+08:00 ] ::1 /whr/index.php?s=/Home/City/city
INFO: [ app_begin ] --START--
INFO: Run Behavior\ReadHtmlCacheBehavior [ RunTime:0.000841s ]
INFO: [ app_begin ] --END-- [ RunTime:0.001288s ]
INFO: [ app_end ] --START--
INFO: Run Behavior\ShowPageTraceBehavior [ RunTime:0.000949s ]
INFO: [ app_end ] --END-- [ RunTime:0.001042s ]

[ 2014-12-11T14:03:58+08:00 ] ::1 /whr/index.php?s=/Home/City/vallage
INFO: [ app_begin ] --START--
INFO: Run Behavior\ReadHtmlCacheBehavior [ RunTime:0.000733s ]
INFO: [ app_begin ] --END-- [ RunTime:0.001060s ]
INFO: [ app_end ] --START--
INFO: Run Behavior\ShowPageTraceBehavior [ RunTime:0.000735s ]
INFO: [ app_end ] --END-- [ RunTime:0.000770s ]

[ 2014-12-11T14:03:58+08:00 ] ::1 /whr/index.php?s=/Home/City/vallcage
INFO: [ app_begin ] --START--
INFO: Run Behavior\ReadHtmlCacheBehavior [ RunTime:0.000849s ]
INFO: [ app_begin ] --END-- [ RunTime:0.001179s ]
INFO: [ app_end ] --START--
INFO: Run Behavior\ShowPageTraceBehavior [ RunTime:0.000627s ]
INFO: [ app_end ] --END-- [ RunTime:0.000668s ]

[ 2014-12-11T14:08:13+08:00 ] ::1 /whr/index.php?s=/Home/City/city
INFO: [ app_begin ] --START--
INFO: Run Behavior\ReadHtmlCacheBehavior [ RunTime:0.002313s ]
INFO: [ app_begin ] --END-- [ RunTime:0.002678s ]
INFO: [ app_end ] --START--
INFO: Run Behavior\ShowPageTraceBehavior [ RunTime:0.000646s ]
INFO: [ app_end ] --END-- [ RunTime:0.000690s ]

[ 2014-12-11T14:08:13+08:00 ] ::1 /whr/index.php?s=/Home/City/vallcage
INFO: [ app_begin ] --START--
INFO: Run Behavior\ReadHtmlCacheBehavior [ RunTime:0.000769s ]
INFO: [ app_begin ] --END-- [ RunTime:0.001161s ]
INFO: [ app_end ] --START--
INFO: Run Behavior\ShowPageTraceBehavior [ RunTime:0.000800s ]
INFO: [ app_end ] --END-- [ RunTime:0.000846s ]

[ 2014-12-11T14:08:13+08:00 ] ::1 /whr/index.php?s=/Home/Goods/sonCate
INFO: [ app_begin ] --START--
INFO: Run Behavior\ReadHtmlCacheBehavior [ RunTime:0.000616s ]
INFO: [ app_begin ] --END-- [ RunTime:0.000960s ]
ERR: 非法操作:sonCate

[ 2014-12-11T14:08:13+08:00 ] ::1 /whr/index.php?s=/Home/City/vallage
INFO: [ app_begin ] --START--
INFO: Run Behavior\ReadHtmlCacheBehavior [ RunTime:0.000778s ]
INFO: [ app_begin ] --END-- [ RunTime:0.001127s ]
INFO: [ app_end ] --START--
INFO: Run Behavior\ShowPageTraceBehavior [ RunTime:0.000747s ]
INFO: [ app_end ] --END-- [ RunTime:0.000803s ]

[ 2014-12-11T14:08:13+08:00 ] ::1 /whr/index.php?s=/Home/City/city
INFO: [ app_begin ] --START--
INFO: Run Behavior\ReadHtmlCacheBehavior [ RunTime:0.000956s ]
INFO: [ app_begin ] --END-- [ RunTime:0.001316s ]
INFO: [ app_end ] --START--
INFO: Run Behavior\ShowPageTraceBehavior [ RunTime:0.000707s ]
INFO: [ app_end ] --END-- [ RunTime:0.000749s ]

[ 2014-12-11T14:08:50+08:00 ] ::1 /whr/index.php?s=/Home/City/vallcage
INFO: [ app_begin ] --START--
INFO: Run Behavior\ReadHtmlCacheBehavior [ RunTime:0.000832s ]
INFO: [ app_begin ] --END-- [ RunTime:0.001205s ]
INFO: [ app_end ] --START--
INFO: Run Behavior\ShowPageTraceBehavior [ RunTime:0.000783s ]
INFO: [ app_end ] --END-- [ RunTime:0.000827s ]

[ 2014-12-11T14:08:50+08:00 ] ::1 /whr/index.php?s=/Home/City/city
INFO: [ app_begin ] --START--
INFO: Run Behavior\ReadHtmlCacheBehavior [ RunTime:0.000816s ]
INFO: [ app_begin ] --END-- [ RunTime:0.001175s ]
INFO: [ app_end ] --START--
INFO: Run Behavior\ShowPageTraceBehavior [ RunTime:0.000764s ]
INFO: [ app_end ] --END-- [ RunTime:0.000817s ]

[ 2014-12-11T14:08:50+08:00 ] ::1 /whr/index.php?s=/Home/City/vallage
INFO: [ app_begin ] --START--
INFO: Run Behavior\ReadHtmlCacheBehavior [ RunTime:0.000458s ]
INFO: [ app_begin ] --END-- [ RunTime:0.000785s ]
INFO: [ app_end ] --START--
INFO: Run Behavior\ShowPageTraceBehavior [ RunTime:0.000547s ]
INFO: [ app_end ] --END-- [ RunTime:0.000587s ]

[ 2014-12-11T14:08:50+08:00 ] ::1 /whr/index.php?s=/Home/City/city
INFO: [ app_begin ] --START--
INFO: Run Behavior\ReadHtmlCacheBehavior [ RunTime:0.000806s ]
INFO: [ app_begin ] --END-- [ RunTime:0.001203s ]
INFO: [ app_end ] --START--
INFO: Run Behavior\ShowPageTraceBehavior [ RunTime:0.000729s ]
INFO: [ app_end ] --END-- [ RunTime:0.000763s ]

[ 2014-12-11T14:08:50+08:00 ] ::1 /whr/index.php?s=/Home/Goods/sonCate
INFO: [ app_begin ] --START--
INFO: Run Behavior\ReadHtmlCacheBehavior [ RunTime:0.000611s ]
INFO: [ app_begin ] --END-- [ RunTime:0.000929s ]
ERR: 非法操作:sonCate

[ 2014-12-11T14:13:59+08:00 ] ::1 /whr/index.php?s=/Home/City/city
INFO: [ app_begin ] --START--
INFO: Run Behavior\ReadHtmlCacheBehavior [ RunTime:0.000831s ]
INFO: [ app_begin ] --END-- [ RunTime:0.001192s ]
INFO: [ app_end ] --START--
INFO: Run Behavior\ShowPageTraceBehavior [ RunTime:0.000829s ]
INFO: [ app_end ] --END-- [ RunTime:0.000877s ]

[ 2014-12-11T14:13:59+08:00 ] ::1 /whr/index.php?s=/Home/Goods/sonCate
INFO: [ app_begin ] --START--
INFO: Run Behavior\ReadHtmlCacheBehavior [ RunTime:0.000941s ]
INFO: [ app_begin ] --END-- [ RunTime:0.001300s ]
ERR: 非法操作:sonCate

[ 2014-12-11T14:13:59+08:00 ] ::1 /whr/index.php?s=/Home/City/vallcage
INFO: [ app_begin ] --START--
INFO: Run Behavior\ReadHtmlCacheBehavior [ RunTime:0.000854s ]
INFO: [ app_begin ] --END-- [ RunTime:0.001210s ]
INFO: [ app_end ] --START--
INFO: Run Behavior\ShowPageTraceBehavior [ RunTime:0.000905s ]
INFO: [ app_end ] --END-- [ RunTime:0.000964s ]

[ 2014-12-11T14:13:59+08:00 ] ::1 /whr/index.php?s=/Home/City/vallage
INFO: [ app_begin ] --START--
INFO: Run Behavior\ReadHtmlCacheBehavior [ RunTime:0.000550s ]
INFO: [ app_begin ] --END-- [ RunTime:0.000860s ]
INFO: [ app_end ] --START--
INFO: Run Behavior\ShowPageTraceBehavior [ RunTime:0.000495s ]
INFO: [ app_end ] --END-- [ RunTime:0.000542s ]

[ 2014-12-11T14:13:59+08:00 ] ::1 /whr/index.php?s=/Home/City/city
INFO: [ app_begin ] --START--
INFO: Run Behavior\ReadHtmlCacheBehavior [ RunTime:0.000745s ]
INFO: [ app_begin ] --END-- [ RunTime:0.001152s ]
INFO: [ app_end ] --START--
INFO: Run Behavior\ShowPageTraceBehavior [ RunTime:0.000650s ]
INFO: [ app_end ] --END-- [ RunTime:0.000707s ]

[ 2014-12-11T14:15:19+08:00 ] ::1 /whr/index.php?s=/Home/City/city
INFO: [ app_begin ] --START--
INFO: Run Behavior\ReadHtmlCacheBehavior [ RunTime:0.000642s ]
INFO: [ app_begin ] --END-- [ RunTime:0.001012s ]
INFO: [ app_end ] --START--
INFO: Run Behavior\ShowPageTraceBehavior [ RunTime:0.000676s ]
INFO: [ app_end ] --END-- [ RunTime:0.000715s ]

[ 2014-12-11T14:15:19+08:00 ] ::1 /whr/index.php?s=/Home/City/vallcage
INFO: [ app_begin ] --START--
INFO: Run Behavior\ReadHtmlCacheBehavior [ RunTime:0.000804s ]
INFO: [ app_begin ] --END-- [ RunTime:0.001137s ]
INFO: [ app_end ] --START--
INFO: Run Behavior\ShowPageTraceBehavior [ RunTime:0.000753s ]
INFO: [ app_end ] --END-- [ RunTime:0.000806s ]

[ 2014-12-11T14:15:19+08:00 ] ::1 /whr/index.php?s=/Home/City/vallage
INFO: [ app_begin ] --START--
INFO: Run Behavior\ReadHtmlCacheBehavior [ RunTime:0.000750s ]
INFO: [ app_begin ] --END-- [ RunTime:0.002699s ]
INFO: [ app_end ] --START--
INFO: Run Behavior\ShowPageTraceBehavior [ RunTime:0.000919s ]
INFO: [ app_end ] --END-- [ RunTime:0.000971s ]

[ 2014-12-11T14:15:19+08:00 ] ::1 /whr/index.php?s=/Home/City/city
INFO: [ app_begin ] --START--
INFO: Run Behavior\ReadHtmlCacheBehavior [ RunTime:0.001758s ]
INFO: [ app_begin ] --END-- [ RunTime:0.002231s ]
INFO: [ app_end ] --START--
INFO: Run Behavior\ShowPageTraceBehavior [ RunTime:0.001342s ]
INFO: [ app_end ] --END-- [ RunTime:0.001392s ]

[ 2014-12-11T14:19:04+08:00 ] ::1 /whr/index.php?s=/Home/City/vallage
INFO: [ app_begin ] --START--
INFO: Run Behavior\ReadHtmlCacheBehavior [ RunTime:0.000588s ]
INFO: [ app_begin ] --END-- [ RunTime:0.000916s ]
INFO: [ app_end ] --START--
INFO: Run Behavior\ShowPageTraceBehavior [ RunTime:0.000533s ]
INFO: [ app_end ] --END-- [ RunTime:0.000573s ]

[ 2014-12-11T14:19:04+08:00 ] ::1 /whr/index.php?s=/Home/City/city
INFO: [ app_begin ] --START--
INFO: Run Behavior\ReadHtmlCacheBehavior [ RunTime:0.000863s ]
INFO: [ app_begin ] --END-- [ RunTime:0.001228s ]
INFO: [ app_end ] --START--
INFO: Run Behavior\ShowPageTraceBehavior [ RunTime:0.000895s ]
INFO: [ app_end ] --END-- [ RunTime:0.000937s ]

[ 2014-12-11T14:19:04+08:00 ] ::1 /whr/index.php?s=/Home/City/city
INFO: [ app_begin ] --START--
INFO: Run Behavior\ReadHtmlCacheBehavior [ RunTime:0.000897s ]
INFO: [ app_begin ] --END-- [ RunTime:0.001270s ]
INFO: [ app_end ] --START--
INFO: Run Behavior\ShowPageTraceBehavior [ RunTime:0.000925s ]
INFO: [ app_end ] --END-- [ RunTime:0.000999s ]

[ 2014-12-11T14:19:04+08:00 ] ::1 /whr/index.php?s=/Home/City/vallcage
INFO: [ app_begin ] --START--
INFO: Run Behavior\ReadHtmlCacheBehavior [ RunTime:0.002466s ]
INFO: [ app_begin ] --END-- [ RunTime:0.002824s ]
INFO: [ app_end ] --START--
INFO: Run Behavior\ShowPageTraceBehavior [ RunTime:0.000751s ]
INFO: [ app_end ] --END-- [ RunTime:0.000873s ]

[ 2014-12-11T14:19:04+08:00 ] ::1 /whr/index.php?s=/Home/Goods/sonCate
INFO: [ app_begin ] --START--
INFO: Run Behavior\ReadHtmlCacheBehavior [ RunTime:0.000813s ]
INFO: [ app_begin ] --END-- [ RunTime:0.001162s ]
ERR: 非法操作:sonCate

[ 2014-12-11T14:21:17+08:00 ] ::1 /whr/index.php?s=/Home/City/vallcage
INFO: [ app_begin ] --START--
INFO: Run Behavior\ReadHtmlCacheBehavior [ RunTime:0.001175s ]
INFO: [ app_begin ] --END-- [ RunTime:0.001593s ]
INFO: [ app_end ] --START--
INFO: Run Behavior\ShowPageTraceBehavior [ RunTime:0.000810s ]
INFO: [ app_end ] --END-- [ RunTime:0.000848s ]

[ 2014-12-11T14:21:17+08:00 ] ::1 /whr/index.php?s=/Home/City/vallage
INFO: [ app_begin ] --START--
INFO: Run Behavior\ReadHtmlCacheBehavior [ RunTime:0.000791s ]
INFO: [ app_begin ] --END-- [ RunTime:0.001160s ]
INFO: [ app_end ] --START--
INFO: Run Behavior\ShowPageTraceBehavior [ RunTime:0.000740s ]
INFO: [ app_end ] --END-- [ RunTime:0.000788s ]

[ 2014-12-11T14:21:17+08:00 ] ::1 /whr/index.php?s=/Home/Goods/sonCate
INFO: [ app_begin ] --START--
INFO: Run Behavior\ReadHtmlCacheBehavior [ RunTime:0.000958s ]
INFO: [ app_begin ] --END-- [ RunTime:0.001361s ]
ERR: 非法操作:sonCate

[ 2014-12-11T14:21:17+08:00 ] ::1 /whr/index.php?s=/Home/City/city
INFO: [ app_begin ] --START--
INFO: Run Behavior\ReadHtmlCacheBehavior [ RunTime:0.001256s ]
INFO: [ app_begin ] --END-- [ RunTime:0.001612s ]
INFO: [ app_end ] --START--
INFO: Run Behavior\ShowPageTraceBehavior [ RunTime:0.000869s ]
INFO: [ app_end ] --END-- [ RunTime:0.000928s ]

[ 2014-12-11T14:21:17+08:00 ] ::1 /whr/index.php?s=/Home/City/city
INFO: [ app_begin ] --START--
INFO: Run Behavior\ReadHtmlCacheBehavior [ RunTime:0.000812s ]
INFO: [ app_begin ] --END-- [ RunTime:0.001174s ]
INFO: [ app_end ] --START--
INFO: Run Behavior\ShowPageTraceBehavior [ RunTime:0.001054s ]
INFO: [ app_end ] --END-- [ RunTime:0.001203s ]

[ 2014-12-11T14:22:00+08:00 ] ::1 /whr/index.php?s=/Home/Goods/sonCate
INFO: [ app_begin ] --START--
INFO: Run Behavior\ReadHtmlCacheBehavior [ RunTime:0.000824s ]
INFO: [ app_begin ] --END-- [ RunTime:0.001183s ]
ERR: 非法操作:sonCate

[ 2014-12-11T14:22:00+08:00 ] ::1 /whr/index.php?s=/Home/City/vallcage
INFO: [ app_begin ] --START--
INFO: Run Behavior\ReadHtmlCacheBehavior [ RunTime:0.000904s ]
INFO: [ app_begin ] --END-- [ RunTime:0.001264s ]
INFO: [ app_end ] --START--
INFO: Run Behavior\ShowPageTraceBehavior [ RunTime:0.000921s ]
INFO: [ app_end ] --END-- [ RunTime:0.000990s ]

[ 2014-12-11T14:22:00+08:00 ] ::1 /whr/index.php?s=/Home/City/city
INFO: [ app_begin ] --START--
INFO: Run Behavior\ReadHtmlCacheBehavior [ RunTime:0.000873s ]
INFO: [ app_begin ] --END-- [ RunTime:0.001234s ]
INFO: [ app_end ] --START--
INFO: Run Behavior\ShowPageTraceBehavior [ RunTime:0.001280s ]
INFO: [ app_end ] --END-- [ RunTime:0.001347s ]

[ 2014-12-11T14:22:00+08:00 ] ::1 /whr/index.php?s=/Home/City/vallage
INFO: [ app_begin ] --START--
INFO: Run Behavior\ReadHtmlCacheBehavior [ RunTime:0.000681s ]
INFO: [ app_begin ] --END-- [ RunTime:0.001034s ]
INFO: [ app_end ] --START--
INFO: Run Behavior\ShowPageTraceBehavior [ RunTime:0.001810s ]
INFO: [ app_end ] --END-- [ RunTime:0.001874s ]

[ 2014-12-11T14:22:00+08:00 ] ::1 /whr/index.php?s=/Home/City/city
INFO: [ app_begin ] --START--
INFO: Run Behavior\ReadHtmlCacheBehavior [ RunTime:0.000745s ]
INFO: [ app_begin ] --END-- [ RunTime:0.001110s ]
INFO: [ app_end ] --START--
INFO: Run Behavior\ShowPageTraceBehavior [ RunTime:0.000711s ]
INFO: [ app_end ] --END-- [ RunTime:0.000746s ]

[ 2014-12-11T14:44:25+08:00 ] ::1 /whr/index.php?s=/Home/City/vallage
INFO: [ app_begin ] --START--
INFO: Run Behavior\ReadHtmlCacheBehavior [ RunTime:0.000714s ]
INFO: [ app_begin ] --END-- [ RunTime:0.001073s ]
INFO: [ app_end ] --START--
INFO: Run Behavior\ShowPageTraceBehavior [ RunTime:0.000668s ]
INFO: [ app_end ] --END-- [ RunTime:0.000713s ]

[ 2014-12-11T14:44:25+08:00 ] ::1 /whr/index.php?s=/Home/City/city
INFO: [ app_begin ] --START--
INFO: Run Behavior\ReadHtmlCacheBehavior [ RunTime:0.000626s ]
INFO: [ app_begin ] --END-- [ RunTime:0.001053s ]
INFO: [ app_end ] --START--
INFO: Run Behavior\ShowPageTraceBehavior [ RunTime:0.000588s ]
INFO: [ app_end ] --END-- [ RunTime:0.000637s ]

[ 2014-12-11T14:44:25+08:00 ] ::1 /whr/index.php?s=/Home/City/city
INFO: [ app_begin ] --START--
INFO: Run Behavior\ReadHtmlCacheBehavior [ RunTime:0.000848s ]
INFO: [ app_begin ] --END-- [ RunTime:0.001210s ]
INFO: [ app_end ] --START--
INFO: Run Behavior\ShowPageTraceBehavior [ RunTime:0.000971s ]
INFO: [ app_end ] --END-- [ RunTime:0.001028s ]

[ 2014-12-11T14:44:25+08:00 ] ::1 /whr/index.php?s=/Home/City/vallcage
INFO: [ app_begin ] --START--
INFO: Run Behavior\ReadHtmlCacheBehavior [ RunTime:0.000857s ]
INFO: [ app_begin ] --END-- [ RunTime:0.001237s ]
INFO: [ app_end ] --START--
INFO: Run Behavior\ShowPageTraceBehavior [ RunTime:0.000986s ]
INFO: [ app_end ] --END-- [ RunTime:0.001047s ]

[ 2014-12-11T14:44:25+08:00 ] ::1 /whr/index.php?s=/Home/Goods/sonCate
INFO: [ app_begin ] --START--
INFO: Run Behavior\ReadHtmlCacheBehavior [ RunTime:0.001357s ]
INFO: [ app_begin ] --END-- [ RunTime:0.001831s ]
ERR: 非法操作:sonCate

[ 2014-12-11T14:59:23+08:00 ] ::1 /whr/index.php?s=/Home/City/vallcage
INFO: [ app_begin ] --START--
INFO: Run Behavior\ReadHtmlCacheBehavior [ RunTime:0.000619s ]
INFO: [ app_begin ] --END-- [ RunTime:0.000988s ]
INFO: [ app_end ] --START--
INFO: Run Behavior\ShowPageTraceBehavior [ RunTime:0.000605s ]
INFO: [ app_end ] --END-- [ RunTime:0.000647s ]

[ 2014-12-11T14:59:23+08:00 ] ::1 /whr/index.php?s=/Home/City/city
INFO: [ app_begin ] --START--
INFO: Run Behavior\ReadHtmlCacheBehavior [ RunTime:0.000707s ]
INFO: [ app_begin ] --END-- [ RunTime:0.001049s ]
INFO: [ app_end ] --START--
INFO: Run Behavior\ShowPageTraceBehavior [ RunTime:0.000649s ]
INFO: [ app_end ] --END-- [ RunTime:0.000704s ]

[ 2014-12-11T14:59:23+08:00 ] ::1 /whr/index.php?s=/Home/City/vallage
INFO: [ app_begin ] --START--
INFO: Run Behavior\ReadHtmlCacheBehavior [ RunTime:0.000829s ]
INFO: [ app_begin ] --END-- [ RunTime:0.001174s ]
INFO: [ app_end ] --START--
INFO: Run Behavior\ShowPageTraceBehavior [ RunTime:0.000954s ]
INFO: [ app_end ] --END-- [ RunTime:0.001022s ]

[ 2014-12-11T14:59:24+08:00 ] ::1 /whr/index.php?s=/Home/Goods/sonCate
INFO: [ app_begin ] --START--
INFO: Run Behavior\ReadHtmlCacheBehavior [ RunTime:0.000942s ]
INFO: [ app_begin ] --END-- [ RunTime:0.001393s ]
ERR: 非法操作:sonCate

[ 2014-12-11T14:59:24+08:00 ] ::1 /whr/index.php?s=/Home/City/city
INFO: [ app_begin ] --START--
INFO: Run Behavior\ReadHtmlCacheBehavior [ RunTime:0.002234s ]
INFO: [ app_begin ] --END-- [ RunTime:0.002693s ]
INFO: [ app_end ] --START--
INFO: Run Behavior\ShowPageTraceBehavior [ RunTime:0.000777s ]
INFO: [ app_end ] --END-- [ RunTime:0.000839s ]

[ 2014-12-11T15:03:32+08:00 ] ::1 /whr/index.php?s=/Home/City/city
INFO: [ app_begin ] --START--
INFO: Run Behavior\ReadHtmlCacheBehavior [ RunTime:0.000535s ]
INFO: [ app_begin ] --END-- [ RunTime:0.000883s ]
SQL: select region_id,region_name from wrt_region where parent_id =18 [ RunTime:0.005063s ]

[ 2014-12-11T15:03:32+08:00 ] ::1 /whr/index.php?s=/Home/City/city
INFO: [ app_begin ] --START--
INFO: Run Behavior\ReadHtmlCacheBehavior [ RunTime:0.001643s ]
INFO: [ app_begin ] --END-- [ RunTime:0.002029s ]
SQL: select region_id,region_name from wrt_region where parent_id =18 [ RunTime:0.006384s ]

[ 2014-12-11T15:03:32+08:00 ] ::1 /whr/index.php?s=/Home/City/vallcage
INFO: [ app_begin ] --START--
INFO: Run Behavior\ReadHtmlCacheBehavior [ RunTime:0.000940s ]
INFO: [ app_begin ] --END-- [ RunTime:0.001348s ]
SQL: select region_id,region_name from wrt_region where REGION_ID =2058 [ RunTime:0.000256s ]

[ 2014-12-11T15:03:32+08:00 ] ::1 /whr/index.php?s=/Home/Goods/sonCate
INFO: [ app_begin ] --START--
INFO: Run Behavior\ReadHtmlCacheBehavior [ RunTime:0.000832s ]
INFO: [ app_begin ] --END-- [ RunTime:0.001211s ]
ERR: 非法操作:sonCate

[ 2014-12-11T15:03:32+08:00 ] ::1 /whr/index.php?s=/Home/City/vallage
INFO: [ app_begin ] --START--
INFO: Run Behavior\ReadHtmlCacheBehavior [ RunTime:0.000781s ]
INFO: [ app_begin ] --END-- [ RunTime:0.006673s ]
SQL: select region_id,region_name from wrt_region where parent_id =204 [ RunTime:0.003955s ]

[ 2014-12-11T15:07:27+08:00 ] ::1 /whr/index.php?s=/Home/Goods/details
INFO: [ app_begin ] --START--
INFO: Run Behavior\ReadHtmlCacheBehavior [ RunTime:0.001468s ]
INFO: [ app_begin ] --END-- [ RunTime:0.001879s ]
SQL: SHOW COLUMNS FROM wrt_goods g [ RunTime:0.000112s ]
ERR: 1064:You have an error in your SQL syntax; check the manual that corresponds to your MySQL server version for the right syntax to use near 'g' at line 1
 [ SQL语句 ] : SHOW COLUMNS FROM wrt_goods g
SQL: SELECT g.*,c.cat_id,v.store_id,v.store_name,c.cat_name,r.REGION_ID,r.REGION_NAME FROM wrt_goods g INNER JOIN wrt_category AS c ON g.cat_id=c.cat_id INNER JOIN wrt_vip AS v ON v.store_id=g.store_id INNER JOIN wrt_region AS r ON g.province=r.REGION_ID  WHERE ( g.goods_id=1 ) LIMIT 1   [ RunTime:0.000560s ]

[ 2014-12-11T15:07:30+08:00 ] ::1 /whr/index.php?s=/Home/City/city
INFO: [ app_begin ] --START--
INFO: Run Behavior\ReadHtmlCacheBehavior [ RunTime:0.000840s ]
INFO: [ app_begin ] --END-- [ RunTime:0.001205s ]
SQL: select region_id,region_name from wrt_region where parent_id =18 [ RunTime:0.004649s ]

[ 2014-12-11T15:07:30+08:00 ] ::1 /whr/index.php?s=/Home/City/vallage
INFO: [ app_begin ] --START--
INFO: Run Behavior\ReadHtmlCacheBehavior [ RunTime:0.001040s ]
INFO: [ app_begin ] --END-- [ RunTime:0.001623s ]
SQL: select region_id,region_name from wrt_region where parent_id =204 [ RunTime:0.003839s ]

[ 2014-12-11T15:07:30+08:00 ] ::1 /whr/index.php?s=/Home/City/vallcage
INFO: [ app_begin ] --START--
INFO: Run Behavior\ReadHtmlCacheBehavior [ RunTime:0.001369s ]
INFO: [ app_begin ] --END-- [ RunTime:0.001869s ]
SQL: select region_id,region_name from wrt_region where REGION_ID =2058 [ RunTime:0.000271s ]

[ 2014-12-11T15:07:30+08:00 ] ::1 /whr/index.php?s=/Home/City/city
INFO: [ app_begin ] --START--
INFO: Run Behavior\ReadHtmlCacheBehavior [ RunTime:0.000495s ]
INFO: [ app_begin ] --END-- [ RunTime:0.002255s ]
SQL: select region_id,region_name from wrt_region where parent_id =18 [ RunTime:0.003781s ]

[ 2014-12-11T15:07:30+08:00 ] ::1 /whr/index.php?s=/Home/Goods/sonCate
INFO: [ app_begin ] --START--
INFO: Run Behavior\ReadHtmlCacheBehavior [ RunTime:0.000850s ]
INFO: [ app_begin ] --END-- [ RunTime:0.001193s ]
ERR: 非法操作:sonCate

[ 2014-12-11T15:08:24+08:00 ] ::1 /whr/index.php?s=/Home/Goods/details
INFO: [ app_begin ] --START--
INFO: Run Behavior\ReadHtmlCacheBehavior [ RunTime:0.001661s ]
INFO: [ app_begin ] --END-- [ RunTime:0.002217s ]
SQL: SHOW COLUMNS FROM wrt_goods g [ RunTime:0.000179s ]
ERR: 1064:You have an error in your SQL syntax; check the manual that corresponds to your MySQL server version for the right syntax to use near 'g' at line 1
 [ SQL语句 ] : SHOW COLUMNS FROM wrt_goods g
SQL: SELECT g.*,c.cat_id,v.store_id,v.store_name,c.cat_name,r.REGION_ID,r.REGION_NAME FROM wrt_goods g INNER JOIN wrt_category AS c ON g.cat_id=c.cat_id INNER JOIN wrt_vip AS v ON v.store_id=g.store_id INNER JOIN wrt_region AS r ON g.province=r.REGION_ID  WHERE ( g.goods_id=1 ) LIMIT 1   [ RunTime:0.000528s ]

[ 2014-12-11T15:08:28+08:00 ] ::1 /whr/index.php?s=/Home/City/city
INFO: [ app_begin ] --START--
INFO: Run Behavior\ReadHtmlCacheBehavior [ RunTime:0.000952s ]
INFO: [ app_begin ] --END-- [ RunTime:0.001400s ]
SQL: select region_id,region_name from wrt_region where parent_id =18 [ RunTime:0.004477s ]

[ 2014-12-11T15:08:28+08:00 ] ::1 /whr/index.php?s=/Home/City/vallcage
INFO: [ app_begin ] --START--
INFO: Run Behavior\ReadHtmlCacheBehavior [ RunTime:0.000743s ]
INFO: [ app_begin ] --END-- [ RunTime:0.001088s ]
SQL: select region_id,region_name from wrt_region where REGION_ID =2058 [ RunTime:0.000260s ]

[ 2014-12-11T15:08:28+08:00 ] ::1 /whr/index.php?s=/Home/Goods/sonCate
INFO: [ app_begin ] --START--
INFO: Run Behavior\ReadHtmlCacheBehavior [ RunTime:0.000440s ]
INFO: [ app_begin ] --END-- [ RunTime:0.000748s ]
ERR: 非法操作:sonCate

[ 2014-12-11T15:08:28+08:00 ] ::1 /whr/index.php?s=/Home/City/vallage
INFO: [ app_begin ] --START--
INFO: Run Behavior\ReadHtmlCacheBehavior [ RunTime:0.000851s ]
INFO: [ app_begin ] --END-- [ RunTime:0.004031s ]
SQL: select region_id,region_name from wrt_region where parent_id =204 [ RunTime:0.004266s ]

[ 2014-12-11T15:08:28+08:00 ] ::1 /whr/index.php?s=/Home/City/city
INFO: [ app_begin ] --START--
INFO: Run Behavior\ReadHtmlCacheBehavior [ RunTime:0.000782s ]
INFO: [ app_begin ] --END-- [ RunTime:0.001158s ]
SQL: select region_id,region_name from wrt_region where parent_id =18 [ RunTime:0.004181s ]

[ 2014-12-11T15:09:04+08:00 ] ::1 /whr/index.php?s=/Home/Goods/details
INFO: [ app_begin ] --START--
INFO: Run Behavior\ReadHtmlCacheBehavior [ RunTime:0.001621s ]
INFO: [ app_begin ] --END-- [ RunTime:0.001942s ]
SQL: SHOW COLUMNS FROM wrt_goods g [ RunTime:0.000194s ]
ERR: 1064:You have an error in your SQL syntax; check the manual that corresponds to your MySQL server version for the right syntax to use near 'g' at line 1
 [ SQL语句 ] : SHOW COLUMNS FROM wrt_goods g
SQL: SELECT g.*,c.cat_id,v.store_id,v.store_name,c.cat_name,r.REGION_ID,r.REGION_NAME FROM wrt_goods g INNER JOIN wrt_category AS c ON g.cat_id=c.cat_id INNER JOIN wrt_vip AS v ON v.store_id=g.store_id INNER JOIN wrt_region AS r ON g.province=r.REGION_ID  WHERE ( g.goods_id=1 ) LIMIT 1   [ RunTime:0.000630s ]

[ 2014-12-11T15:12:19+08:00 ] ::1 /whr/index.php?s=/Home/Goods/details
INFO: [ app_begin ] --START--
INFO: Run Behavior\ReadHtmlCacheBehavior [ RunTime:0.001526s ]
INFO: [ app_begin ] --END-- [ RunTime:0.001850s ]

[ 2014-12-11T15:12:22+08:00 ] ::1 /whr/index.php?s=/Home/Goods/details
INFO: [ app_begin ] --START--
INFO: Run Behavior\ReadHtmlCacheBehavior [ RunTime:0.001582s ]
INFO: [ app_begin ] --END-- [ RunTime:0.001907s ]

[ 2014-12-11T15:12:34+08:00 ] ::1 /whr/index.php?s=/Home/City/city
INFO: [ app_begin ] --START--
INFO: Run Behavior\ReadHtmlCacheBehavior [ RunTime:0.000607s ]
INFO: [ app_begin ] --END-- [ RunTime:0.000951s ]
INFO: [ app_end ] --START--
INFO: Run Behavior\ShowPageTraceBehavior [ RunTime:0.000531s ]
INFO: [ app_end ] --END-- [ RunTime:0.000572s ]

[ 2014-12-11T15:12:34+08:00 ] ::1 /whr/index.php?s=/Home/City/vallage
INFO: [ app_begin ] --START--
INFO: Run Behavior\ReadHtmlCacheBehavior [ RunTime:0.000578s ]
INFO: [ app_begin ] --END-- [ RunTime:0.001044s ]
INFO: [ app_end ] --START--
INFO: Run Behavior\ShowPageTraceBehavior [ RunTime:0.000516s ]
INFO: [ app_end ] --END-- [ RunTime:0.000553s ]

[ 2014-12-11T15:12:34+08:00 ] ::1 /whr/index.php?s=/Home/City/city
INFO: [ app_begin ] --START--
INFO: Run Behavior\ReadHtmlCacheBehavior [ RunTime:0.000823s ]
INFO: [ app_begin ] --END-- [ RunTime:0.001183s ]
INFO: [ app_end ] --START--
INFO: Run Behavior\ShowPageTraceBehavior [ RunTime:0.000750s ]
INFO: [ app_end ] --END-- [ RunTime:0.000802s ]

[ 2014-12-11T15:12:34+08:00 ] ::1 /whr/index.php?s=/Home/City/vallcage
INFO: [ app_begin ] --START--
INFO: Run Behavior\ReadHtmlCacheBehavior [ RunTime:0.000697s ]
INFO: [ app_begin ] --END-- [ RunTime:0.001027s ]
INFO: [ app_end ] --START--
INFO: Run Behavior\ShowPageTraceBehavior [ RunTime:0.000695s ]
INFO: [ app_end ] --END-- [ RunTime:0.000730s ]

[ 2014-12-11T15:13:42+08:00 ] ::1 /whr/index.php?s=/Home/City/vallcage
INFO: [ app_begin ] --START--
INFO: Run Behavior\ReadHtmlCacheBehavior [ RunTime:0.000422s ]
INFO: [ app_begin ] --END-- [ RunTime:0.000707s ]
INFO: [ app_end ] --START--
INFO: Run Behavior\ShowPageTraceBehavior [ RunTime:0.000436s ]
INFO: [ app_end ] --END-- [ RunTime:0.000476s ]

[ 2014-12-11T15:13:42+08:00 ] ::1 /whr/index.php?s=/Home/City/vallage
INFO: [ app_begin ] --START--
INFO: Run Behavior\ReadHtmlCacheBehavior [ RunTime:0.000787s ]
INFO: [ app_begin ] --END-- [ RunTime:0.001160s ]
INFO: [ app_end ] --START--
INFO: Run Behavior\ShowPageTraceBehavior [ RunTime:0.000762s ]
INFO: [ app_end ] --END-- [ RunTime:0.000819s ]

[ 2014-12-11T15:13:42+08:00 ] ::1 /whr/index.php?s=/Home/City/city
INFO: [ app_begin ] --START--
INFO: Run Behavior\ReadHtmlCacheBehavior [ RunTime:0.000457s ]
INFO: [ app_begin ] --END-- [ RunTime:0.000755s ]
INFO: [ app_end ] --START--
INFO: Run Behavior\ShowPageTraceBehavior [ RunTime:0.000473s ]
INFO: [ app_end ] --END-- [ RunTime:0.000520s ]

[ 2014-12-11T15:13:42+08:00 ] ::1 /whr/index.php?s=/Home/Goods/sonCate
INFO: [ app_begin ] --START--
INFO: Run Behavior\ReadHtmlCacheBehavior [ RunTime:0.000826s ]
INFO: [ app_begin ] --END-- [ RunTime:0.001182s ]
ERR: 非法操作:sonCate

[ 2014-12-11T15:13:42+08:00 ] ::1 /whr/index.php?s=/Home/City/city
INFO: [ app_begin ] --START--
INFO: Run Behavior\ReadHtmlCacheBehavior [ RunTime:0.000853s ]
INFO: [ app_begin ] --END-- [ RunTime:0.001653s ]
INFO: [ app_end ] --START--
INFO: Run Behavior\ShowPageTraceBehavior [ RunTime:0.000995s ]
INFO: [ app_end ] --END-- [ RunTime:0.001054s ]

[ 2014-12-11T15:14:25+08:00 ] ::1 /whr/index.php?s=/Home/City/vallage
INFO: [ app_begin ] --START--
INFO: Run Behavior\ReadHtmlCacheBehavior [ RunTime:0.000445s ]
INFO: [ app_begin ] --END-- [ RunTime:0.000736s ]
INFO: [ app_end ] --START--
INFO: Run Behavior\ShowPageTraceBehavior [ RunTime:0.000451s ]
INFO: [ app_end ] --END-- [ RunTime:0.000491s ]

[ 2014-12-11T15:14:25+08:00 ] ::1 /whr/index.php?s=/Home/City/city
INFO: [ app_begin ] --START--
INFO: Run Behavior\ReadHtmlCacheBehavior [ RunTime:0.000796s ]
INFO: [ app_begin ] --END-- [ RunTime:0.001148s ]
INFO: [ app_end ] --START--
INFO: Run Behavior\ShowPageTraceBehavior [ RunTime:0.000818s ]
INFO: [ app_end ] --END-- [ RunTime:0.000857s ]

[ 2014-12-11T15:14:25+08:00 ] ::1 /whr/index.php?s=/Home/City/vallcage
INFO: [ app_begin ] --START--
INFO: Run Behavior\ReadHtmlCacheBehavior [ RunTime:0.000798s ]
INFO: [ app_begin ] --END-- [ RunTime:0.001171s ]
INFO: [ app_end ] --START--
INFO: Run Behavior\ShowPageTraceBehavior [ RunTime:0.000806s ]
INFO: [ app_end ] --END-- [ RunTime:0.000863s ]

[ 2014-12-11T15:14:25+08:00 ] ::1 /whr/index.php?s=/Home/Goods/sonCate
INFO: [ app_begin ] --START--
INFO: Run Behavior\ReadHtmlCacheBehavior [ RunTime:0.000763s ]
INFO: [ app_begin ] --END-- [ RunTime:0.001152s ]
ERR: 非法操作:sonCate

[ 2014-12-11T15:14:25+08:00 ] ::1 /whr/index.php?s=/Home/City/city
INFO: [ app_begin ] --START--
INFO: Run Behavior\ReadHtmlCacheBehavior [ RunTime:0.000862s ]
INFO: [ app_begin ] --END-- [ RunTime:0.001250s ]
INFO: [ app_end ] --START--
INFO: Run Behavior\ShowPageTraceBehavior [ RunTime:0.000809s ]
INFO: [ app_end ] --END-- [ RunTime:0.000863s ]

[ 2014-12-11T15:15:18+08:00 ] ::1 /whr/index.php?s=/Home/Goods/sonCate
INFO: [ app_begin ] --START--
INFO: Run Behavior\ReadHtmlCacheBehavior [ RunTime:0.000602s ]
INFO: [ app_begin ] --END-- [ RunTime:0.000935s ]
ERR: 非法操作:sonCate

[ 2014-12-11T15:15:18+08:00 ] ::1 /whr/index.php?s=/Home/City/vallcage
INFO: [ app_begin ] --START--
INFO: Run Behavior\ReadHtmlCacheBehavior [ RunTime:0.000641s ]
INFO: [ app_begin ] --END-- [ RunTime:0.000991s ]
SQL: select region_id,region_name from wrt_region where REGION_ID =2058 [ RunTime:0.000261s ]

[ 2014-12-11T15:15:18+08:00 ] ::1 /whr/index.php?s=/Home/City/city
INFO: [ app_begin ] --START--
INFO: Run Behavior\ReadHtmlCacheBehavior [ RunTime:0.000824s ]
INFO: [ app_begin ] --END-- [ RunTime:0.001214s ]
SQL: select region_id,region_name from wrt_region where parent_id =18 [ RunTime:0.004482s ]

[ 2014-12-11T15:15:18+08:00 ] ::1 /whr/index.php?s=/Home/City/vallage
INFO: [ app_begin ] --START--
INFO: Run Behavior\ReadHtmlCacheBehavior [ RunTime:0.000888s ]
INFO: [ app_begin ] --END-- [ RunTime:0.001269s ]
SQL: select region_id,region_name from wrt_region where parent_id =204 [ RunTime:0.003773s ]

[ 2014-12-11T15:15:18+08:00 ] ::1 /whr/index.php?s=/Home/City/city
INFO: [ app_begin ] --START--
INFO: Run Behavior\ReadHtmlCacheBehavior [ RunTime:0.002989s ]
INFO: [ app_begin ] --END-- [ RunTime:0.003503s ]
SQL: select region_id,region_name from wrt_region where parent_id =18 [ RunTime:0.003853s ]

[ 2014-12-11T15:15:26+08:00 ] ::1 /whr/index.php?s=/Home/City/vallcage
INFO: [ app_begin ] --START--
INFO: Run Behavior\ReadHtmlCacheBehavior [ RunTime:0.001071s ]
INFO: [ app_begin ] --END-- [ RunTime:0.001499s ]
SQL: select region_id,region_name from wrt_region where REGION_ID =2058 [ RunTime:0.000320s ]

[ 2014-12-11T15:15:26+08:00 ] ::1 /whr/index.php?s=/Home/City/city
INFO: [ app_begin ] --START--
INFO: Run Behavior\ReadHtmlCacheBehavior [ RunTime:0.000990s ]
INFO: [ app_begin ] --END-- [ RunTime:0.001411s ]
SQL: select region_id,region_name from wrt_region where parent_id =18 [ RunTime:0.003911s ]

[ 2014-12-11T15:15:26+08:00 ] ::1 /whr/index.php?s=/Home/City/vallage
INFO: [ app_begin ] --START--
INFO: Run Behavior\ReadHtmlCacheBehavior [ RunTime:0.000645s ]
INFO: [ app_begin ] --END-- [ RunTime:0.000993s ]
SQL: select region_id,region_name from wrt_region where parent_id =204 [ RunTime:0.003703s ]

[ 2014-12-11T15:15:26+08:00 ] ::1 /whr/index.php?s=/Home/Goods/sonCate
INFO: [ app_begin ] --START--
INFO: Run Behavior\ReadHtmlCacheBehavior [ RunTime:0.000729s ]
INFO: [ app_begin ] --END-- [ RunTime:0.001085s ]
ERR: 非法操作:sonCate

[ 2014-12-11T15:15:26+08:00 ] ::1 /whr/index.php?s=/Home/City/city
INFO: [ app_begin ] --START--
INFO: Run Behavior\ReadHtmlCacheBehavior [ RunTime:0.000753s ]
INFO: [ app_begin ] --END-- [ RunTime:0.001157s ]
SQL: select region_id,region_name from wrt_region where parent_id =18 [ RunTime:0.003733s ]

[ 2014-12-11T15:22:12+08:00 ] ::1 /whr/index.php?s=/Home/City/vallcage
INFO: [ app_begin ] --START--
INFO: Run Behavior\ReadHtmlCacheBehavior [ RunTime:0.000828s ]
INFO: [ app_begin ] --END-- [ RunTime:0.001190s ]
SQL: select region_id,region_name from wrt_region where REGION_ID =2058 [ RunTime:0.000293s ]

[ 2014-12-11T15:22:12+08:00 ] ::1 /whr/index.php?s=/Home/City/city
INFO: [ app_begin ] --START--
INFO: Run Behavior\ReadHtmlCacheBehavior [ RunTime:0.000794s ]
INFO: [ app_begin ] --END-- [ RunTime:0.001127s ]
SQL: select region_id,region_name from wrt_region where parent_id =18 [ RunTime:0.004036s ]

[ 2014-12-11T15:22:12+08:00 ] ::1 /whr/index.php?s=/Home/Goods/sonCate
INFO: [ app_begin ] --START--
INFO: Run Behavior\ReadHtmlCacheBehavior [ RunTime:0.000989s ]
INFO: [ app_begin ] --END-- [ RunTime:0.001364s ]
ERR: 非法操作:sonCate

[ 2014-12-11T15:22:12+08:00 ] ::1 /whr/index.php?s=/Home/City/vallage
INFO: [ app_begin ] --START--
INFO: Run Behavior\ReadHtmlCacheBehavior [ RunTime:0.000996s ]
INFO: [ app_begin ] --END-- [ RunTime:0.001373s ]
SQL: select region_id,region_name from wrt_region where parent_id =204 [ RunTime:0.004800s ]

[ 2014-12-11T15:22:12+08:00 ] ::1 /whr/index.php?s=/Home/City/city
INFO: [ app_begin ] --START--
INFO: Run Behavior\ReadHtmlCacheBehavior [ RunTime:0.000943s ]
INFO: [ app_begin ] --END-- [ RunTime:0.001457s ]
SQL: select region_id,region_name from wrt_region where parent_id =18 [ RunTime:0.004793s ]

[ 2014-12-11T15:22:21+08:00 ] ::1 /whr/index.php?s=/Home/City/city
INFO: [ app_begin ] --START--
INFO: Run Behavior\ReadHtmlCacheBehavior [ RunTime:0.000883s ]
INFO: [ app_begin ] --END-- [ RunTime:0.001233s ]
SQL: select region_id,region_name from wrt_region where parent_id =18 [ RunTime:0.003822s ]

[ 2014-12-11T15:22:21+08:00 ] ::1 /whr/index.php?s=/Home/City/vallage
INFO: [ app_begin ] --START--
INFO: Run Behavior\ReadHtmlCacheBehavior [ RunTime:0.001206s ]
INFO: [ app_begin ] --END-- [ RunTime:0.001569s ]
SQL: select region_id,region_name from wrt_region where parent_id =204 [ RunTime:0.003735s ]

[ 2014-12-11T15:22:21+08:00 ] ::1 /whr/index.php?s=/Home/City/city
INFO: [ app_begin ] --START--
INFO: Run Behavior\ReadHtmlCacheBehavior [ RunTime:0.001325s ]
INFO: [ app_begin ] --END-- [ RunTime:0.001682s ]
SQL: select region_id,region_name from wrt_region where parent_id =18 [ RunTime:0.003640s ]

[ 2014-12-11T15:22:21+08:00 ] ::1 /whr/index.php?s=/Home/Goods/sonCate
INFO: [ app_begin ] --START--
INFO: Run Behavior\ReadHtmlCacheBehavior [ RunTime:0.000779s ]
INFO: [ app_begin ] --END-- [ RunTime:0.001131s ]
ERR: 非法操作:sonCate

[ 2014-12-11T15:22:21+08:00 ] ::1 /whr/index.php?s=/Home/City/vallcage
INFO: [ app_begin ] --START--
INFO: Run Behavior\ReadHtmlCacheBehavior [ RunTime:0.000868s ]
INFO: [ app_begin ] --END-- [ RunTime:0.001322s ]
SQL: select region_id,region_name from wrt_region where REGION_ID =2058 [ RunTime:0.000222s ]

[ 2014-12-11T15:24:32+08:00 ] ::1 /whr/index.php?s=/Home/Goods/details
INFO: [ app_begin ] --START--
INFO: Run Behavior\ReadHtmlCacheBehavior [ RunTime:0.001495s ]
INFO: [ app_begin ] --END-- [ RunTime:0.001834s ]
SQL: SHOW COLUMNS FROM wrt_goods g [ RunTime:0.000086s ]
ERR: 1064:You have an error in your SQL syntax; check the manual that corresponds to your MySQL server version for the right syntax to use near 'g' at line 1
 [ SQL语句 ] : SHOW COLUMNS FROM wrt_goods g
SQL: SELECT g.*,c.cat_id,v.store_id,v.store_name,c.cat_name,r.REGION_ID,r.REGION_NAME FROM wrt_goods g INNER JOIN wrt_category AS c ON g.cat_id=c.cat_id INNER JOIN wrt_vip AS v ON v.store_id=g.store_id INNER JOIN wrt_region AS r ON g.province=r.REGION_ID  WHERE ( g.goods_id=1 ) LIMIT 1   [ RunTime:0.000572s ]

[ 2014-12-11T15:26:15+08:00 ] ::1 /whr/index.php?s=/Home/City/city
INFO: [ app_begin ] --START--
INFO: Run Behavior\ReadHtmlCacheBehavior [ RunTime:0.000781s ]
INFO: [ app_begin ] --END-- [ RunTime:0.001159s ]
SQL: select region_id,region_name from wrt_region where parent_id =18 [ RunTime:0.004026s ]

[ 2014-12-11T15:26:15+08:00 ] ::1 /whr/index.php?s=/Home/City/city
INFO: [ app_begin ] --START--
INFO: Run Behavior\ReadHtmlCacheBehavior [ RunTime:0.000860s ]
INFO: [ app_begin ] --END-- [ RunTime:0.001217s ]
SQL: select region_id,region_name from wrt_region where parent_id =18 [ RunTime:0.004195s ]

[ 2014-12-11T15:26:15+08:00 ] ::1 /whr/index.php?s=/Home/City/vallcage
INFO: [ app_begin ] --START--
INFO: Run Behavior\ReadHtmlCacheBehavior [ RunTime:0.000682s ]
INFO: [ app_begin ] --END-- [ RunTime:0.001146s ]
SQL: select region_id,region_name from wrt_region where REGION_ID =2058 [ RunTime:0.000220s ]

[ 2014-12-11T15:26:15+08:00 ] ::1 /whr/index.php?s=/Home/City/vallage
INFO: [ app_begin ] --START--
INFO: Run Behavior\ReadHtmlCacheBehavior [ RunTime:0.000928s ]
INFO: [ app_begin ] --END-- [ RunTime:0.002334s ]
SQL: select region_id,region_name from wrt_region where parent_id =204 [ RunTime:0.005026s ]

[ 2014-12-11T15:26:15+08:00 ] ::1 /whr/index.php?s=/Home/Goods/sonCate
INFO: [ app_begin ] --START--
INFO: Run Behavior\ReadHtmlCacheBehavior [ RunTime:0.000766s ]
INFO: [ app_begin ] --END-- [ RunTime:0.001112s ]
ERR: 非法操作:sonCate

[ 2014-12-11T15:26:50+08:00 ] ::1 /whr/index.php?s=/Home/City/vallcage
INFO: [ app_begin ] --START--
INFO: Run Behavior\ReadHtmlCacheBehavior [ RunTime:0.000684s ]
INFO: [ app_begin ] --END-- [ RunTime:0.001038s ]
SQL: select region_id,region_name from wrt_region where REGION_ID =2058 [ RunTime:0.000284s ]

[ 2014-12-11T15:26:50+08:00 ] ::1 /whr/index.php?s=/Home/City/city
INFO: [ app_begin ] --START--
INFO: Run Behavior\ReadHtmlCacheBehavior [ RunTime:0.001088s ]
INFO: [ app_begin ] --END-- [ RunTime:0.001532s ]
SQL: select region_id,region_name from wrt_region where parent_id =18 [ RunTime:0.003815s ]

[ 2014-12-11T15:26:50+08:00 ] ::1 /whr/index.php?s=/Home/City/vallage
INFO: [ app_begin ] --START--
INFO: Run Behavior\ReadHtmlCacheBehavior [ RunTime:0.000793s ]
INFO: [ app_begin ] --END-- [ RunTime:0.001168s ]
SQL: select region_id,region_name from wrt_region where parent_id =204 [ RunTime:0.003793s ]

[ 2014-12-11T15:26:51+08:00 ] ::1 /whr/index.php?s=/Home/Goods/sonCate
INFO: [ app_begin ] --START--
INFO: Run Behavior\ReadHtmlCacheBehavior [ RunTime:0.003101s ]
INFO: [ app_begin ] --END-- [ RunTime:0.003968s ]
ERR: 非法操作:sonCate

[ 2014-12-11T15:26:51+08:00 ] ::1 /whr/index.php?s=/Home/City/city
INFO: [ app_begin ] --START--
INFO: Run Behavior\ReadHtmlCacheBehavior [ RunTime:0.000978s ]
INFO: [ app_begin ] --END-- [ RunTime:0.001533s ]
SQL: select region_id,region_name from wrt_region where parent_id =18 [ RunTime:0.003857s ]

[ 2014-12-11T15:26:58+08:00 ] ::1 /whr/index.php?s=/Home/City/city
INFO: [ app_begin ] --START--
INFO: Run Behavior\ReadHtmlCacheBehavior [ RunTime:0.000859s ]
INFO: [ app_begin ] --END-- [ RunTime:0.001623s ]
SQL: select region_id,region_name from wrt_region where parent_id =18 [ RunTime:0.003846s ]

[ 2014-12-11T15:26:58+08:00 ] ::1 /whr/index.php?s=/Home/City/vallage
INFO: [ app_begin ] --START--
INFO: Run Behavior\ReadHtmlCacheBehavior [ RunTime:0.000773s ]
INFO: [ app_begin ] --END-- [ RunTime:0.001131s ]
SQL: select region_id,region_name from wrt_region where parent_id =204 [ RunTime:0.004067s ]

[ 2014-12-11T15:26:58+08:00 ] ::1 /whr/index.php?s=/Home/Goods/sonCate
INFO: [ app_begin ] --START--
INFO: Run Behavior\ReadHtmlCacheBehavior [ RunTime:0.000730s ]
INFO: [ app_begin ] --END-- [ RunTime:0.001073s ]
ERR: 非法操作:sonCate

[ 2014-12-11T15:26:58+08:00 ] ::1 /whr/index.php?s=/Home/City/city
INFO: [ app_begin ] --START--
INFO: Run Behavior\ReadHtmlCacheBehavior [ RunTime:0.000907s ]
INFO: [ app_begin ] --END-- [ RunTime:0.001608s ]
SQL: select region_id,region_name from wrt_region where parent_id =18 [ RunTime:0.004474s ]

[ 2014-12-11T15:26:58+08:00 ] ::1 /whr/index.php?s=/Home/City/vallcage
INFO: [ app_begin ] --START--
INFO: Run Behavior\ReadHtmlCacheBehavior [ RunTime:0.000913s ]
INFO: [ app_begin ] --END-- [ RunTime:0.002377s ]
SQL: select region_id,region_name from wrt_region where REGION_ID =2058 [ RunTime:0.000201s ]

[ 2014-12-11T15:35:07+08:00 ] ::1 /whr/index.php?s=/Home/City/city
INFO: [ app_begin ] --START--
INFO: Run Behavior\ReadHtmlCacheBehavior [ RunTime:0.000642s ]
INFO: [ app_begin ] --END-- [ RunTime:0.001017s ]
SQL: select region_id,region_name from wrt_region where parent_id =18 [ RunTime:0.003948s ]

[ 2014-12-11T15:35:07+08:00 ] ::1 /whr/index.php?s=/Home/City/vallcage
INFO: [ app_begin ] --START--
INFO: Run Behavior\ReadHtmlCacheBehavior [ RunTime:0.000833s ]
INFO: [ app_begin ] --END-- [ RunTime:0.001189s ]
SQL: select region_id,region_name from wrt_region where REGION_ID =2058 [ RunTime:0.000242s ]

[ 2014-12-11T15:35:07+08:00 ] ::1 /whr/index.php?s=/Home/City/city
INFO: [ app_begin ] --START--
INFO: Run Behavior\ReadHtmlCacheBehavior [ RunTime:0.000837s ]
INFO: [ app_begin ] --END-- [ RunTime:0.001206s ]
SQL: select region_id,region_name from wrt_region where parent_id =18 [ RunTime:0.003759s ]

[ 2014-12-11T15:35:07+08:00 ] ::1 /whr/index.php?s=/Home/City/vallage
INFO: [ app_begin ] --START--
INFO: Run Behavior\ReadHtmlCacheBehavior [ RunTime:0.000918s ]
INFO: [ app_begin ] --END-- [ RunTime:0.001281s ]
SQL: select region_id,region_name from wrt_region where parent_id =204 [ RunTime:0.003698s ]

[ 2014-12-11T15:35:07+08:00 ] ::1 /whr/index.php?s=/Home/Goods/sonCate
INFO: [ app_begin ] --START--
INFO: Run Behavior\ReadHtmlCacheBehavior [ RunTime:0.000589s ]
INFO: [ app_begin ] --END-- [ RunTime:0.000963s ]
ERR: 非法操作:sonCate

[ 2014-12-11T15:44:25+08:00 ] ::1 /whr/index.php?s=/Home/City/vallcage
INFO: [ app_begin ] --START--
INFO: Run Behavior\ReadHtmlCacheBehavior [ RunTime:0.000769s ]
INFO: [ app_begin ] --END-- [ RunTime:0.001112s ]
INFO: [ app_end ] --START--
INFO: Run Behavior\ShowPageTraceBehavior [ RunTime:0.001325s ]
INFO: [ app_end ] --END-- [ RunTime:0.001386s ]

[ 2014-12-11T15:44:25+08:00 ] ::1 /whr/index.php?s=/Home/City/vallage
INFO: [ app_begin ] --START--
INFO: Run Behavior\ReadHtmlCacheBehavior [ RunTime:0.001560s ]
INFO: [ app_begin ] --END-- [ RunTime:0.001898s ]
INFO: [ app_end ] --START--
INFO: Run Behavior\ShowPageTraceBehavior [ RunTime:0.001112s ]
INFO: [ app_end ] --END-- [ RunTime:0.001156s ]

[ 2014-12-11T15:44:25+08:00 ] ::1 /whr/index.php?s=/Home/City/city
INFO: [ app_begin ] --START--
INFO: Run Behavior\ReadHtmlCacheBehavior [ RunTime:0.001175s ]
INFO: [ app_begin ] --END-- [ RunTime:0.001626s ]
INFO: [ app_end ] --START--
INFO: Run Behavior\ShowPageTraceBehavior [ RunTime:0.001025s ]
INFO: [ app_end ] --END-- [ RunTime:0.001083s ]

[ 2014-12-11T15:44:25+08:00 ] ::1 /whr/index.php?s=/Home/City/city
INFO: [ app_begin ] --START--
INFO: Run Behavior\ReadHtmlCacheBehavior [ RunTime:0.000784s ]
INFO: [ app_begin ] --END-- [ RunTime:0.001188s ]
INFO: [ app_end ] --START--
INFO: Run Behavior\ShowPageTraceBehavior [ RunTime:0.001158s ]
INFO: [ app_end ] --END-- [ RunTime:0.001226s ]

[ 2014-12-11T15:44:25+08:00 ] ::1 /whr/index.php?s=/Home/Goods/sonCate
INFO: [ app_begin ] --START--
INFO: Run Behavior\ReadHtmlCacheBehavior [ RunTime:0.000778s ]
INFO: [ app_begin ] --END-- [ RunTime:0.001200s ]
ERR: 非法操作:sonCate

[ 2014-12-11T15:44:34+08:00 ] ::1 /whr/index.php?s=/Home/City/city
INFO: [ app_begin ] --START--
INFO: Run Behavior\ReadHtmlCacheBehavior [ RunTime:0.000646s ]
INFO: [ app_begin ] --END-- [ RunTime:0.001749s ]
SQL: select region_id,region_name from wrt_region where parent_id =18 [ RunTime:0.003702s ]

[ 2014-12-11T15:44:34+08:00 ] ::1 /whr/index.php?s=/Home/City/vallcage
INFO: [ app_begin ] --START--
INFO: Run Behavior\ReadHtmlCacheBehavior [ RunTime:0.001058s ]
INFO: [ app_begin ] --END-- [ RunTime:0.012478s ]
SQL: select region_id,region_name from wrt_region where REGION_ID =2058 [ RunTime:0.000247s ]

[ 2014-12-11T15:44:34+08:00 ] ::1 /whr/index.php?s=/Home/Goods/sonCate
INFO: [ app_begin ] --START--
INFO: Run Behavior\ReadHtmlCacheBehavior [ RunTime:0.000789s ]
INFO: [ app_begin ] --END-- [ RunTime:0.001134s ]
ERR: 非法操作:sonCate

[ 2014-12-11T15:44:34+08:00 ] ::1 /whr/index.php?s=/Home/City/city
INFO: [ app_begin ] --START--
INFO: Run Behavior\ReadHtmlCacheBehavior [ RunTime:0.001436s ]
INFO: [ app_begin ] --END-- [ RunTime:0.001869s ]
SQL: select region_id,region_name from wrt_region where parent_id =18 [ RunTime:0.003778s ]

[ 2014-12-11T15:44:34+08:00 ] ::1 /whr/index.php?s=/Home/City/vallage
INFO: [ app_begin ] --START--
INFO: Run Behavior\ReadHtmlCacheBehavior [ RunTime:0.001890s ]
INFO: [ app_begin ] --END-- [ RunTime:0.002267s ]
SQL: select region_id,region_name from wrt_region where parent_id =204 [ RunTime:0.003892s ]

[ 2014-12-11T15:44:43+08:00 ] ::1 /whr/index.php?s=/Home/City/city
INFO: [ app_begin ] --START--
INFO: Run Behavior\ReadHtmlCacheBehavior [ RunTime:0.000431s ]
INFO: [ app_begin ] --END-- [ RunTime:0.000715s ]
INFO: [ app_end ] --START--
INFO: Run Behavior\ShowPageTraceBehavior [ RunTime:0.000442s ]
INFO: [ app_end ] --END-- [ RunTime:0.000480s ]

[ 2014-12-11T15:44:43+08:00 ] ::1 /whr/index.php?s=/Home/Goods/sonCate
INFO: [ app_begin ] --START--
INFO: Run Behavior\ReadHtmlCacheBehavior [ RunTime:0.000829s ]
INFO: [ app_begin ] --END-- [ RunTime:0.001165s ]
ERR: 非法操作:sonCate

[ 2014-12-11T15:44:43+08:00 ] ::1 /whr/index.php?s=/Home/City/city
INFO: [ app_begin ] --START--
INFO: Run Behavior\ReadHtmlCacheBehavior [ RunTime:0.000734s ]
INFO: [ app_begin ] --END-- [ RunTime:0.004092s ]
INFO: [ app_end ] --START--
INFO: Run Behavior\ShowPageTraceBehavior [ RunTime:0.000749s ]
INFO: [ app_end ] --END-- [ RunTime:0.000797s ]

[ 2014-12-11T15:44:43+08:00 ] ::1 /whr/index.php?s=/Home/City/vallcage
INFO: [ app_begin ] --START--
INFO: Run Behavior\ReadHtmlCacheBehavior [ RunTime:0.001047s ]
INFO: [ app_begin ] --END-- [ RunTime:0.002356s ]
INFO: [ app_end ] --START--
INFO: Run Behavior\ShowPageTraceBehavior [ RunTime:0.000948s ]
INFO: [ app_end ] --END-- [ RunTime:0.001010s ]

[ 2014-12-11T15:44:43+08:00 ] ::1 /whr/index.php?s=/Home/City/vallage
INFO: [ app_begin ] --START--
INFO: Run Behavior\ReadHtmlCacheBehavior [ RunTime:0.000641s ]
INFO: [ app_begin ] --END-- [ RunTime:0.001103s ]
INFO: [ app_end ] --START--
INFO: Run Behavior\ShowPageTraceBehavior [ RunTime:0.001300s ]
INFO: [ app_end ] --END-- [ RunTime:0.001655s ]

[ 2014-12-11T15:52:30+08:00 ] ::1 /whr/index.php?s=/Home/City/vallcage
INFO: [ app_begin ] --START--
INFO: Run Behavior\ReadHtmlCacheBehavior [ RunTime:0.000548s ]
INFO: [ app_begin ] --END-- [ RunTime:0.000888s ]
INFO: [ app_end ] --START--
INFO: Run Behavior\ShowPageTraceBehavior [ RunTime:0.000635s ]
INFO: [ app_end ] --END-- [ RunTime:0.000691s ]

[ 2014-12-11T15:52:30+08:00 ] ::1 /whr/index.php?s=/Home/City/city
INFO: [ app_begin ] --START--
INFO: Run Behavior\ReadHtmlCacheBehavior [ RunTime:0.000786s ]
INFO: [ app_begin ] --END-- [ RunTime:0.001129s ]
INFO: [ app_end ] --START--
INFO: Run Behavior\ShowPageTraceBehavior [ RunTime:0.000743s ]
INFO: [ app_end ] --END-- [ RunTime:0.000787s ]

[ 2014-12-11T15:52:30+08:00 ] ::1 /whr/index.php?s=/Home/City/city
INFO: [ app_begin ] --START--
INFO: Run Behavior\ReadHtmlCacheBehavior [ RunTime:0.000745s ]
INFO: [ app_begin ] --END-- [ RunTime:0.001104s ]
INFO: [ app_end ] --START--
INFO: Run Behavior\ShowPageTraceBehavior [ RunTime:0.000624s ]
INFO: [ app_end ] --END-- [ RunTime:0.000667s ]

[ 2014-12-11T15:52:30+08:00 ] ::1 /whr/index.php?s=/Home/Goods/sonCate
INFO: [ app_begin ] --START--
INFO: Run Behavior\ReadHtmlCacheBehavior [ RunTime:0.000822s ]
INFO: [ app_begin ] --END-- [ RunTime:0.001158s ]
ERR: 非法操作:sonCate

[ 2014-12-11T15:52:30+08:00 ] ::1 /whr/index.php?s=/Home/City/vallage
INFO: [ app_begin ] --START--
INFO: Run Behavior\ReadHtmlCacheBehavior [ RunTime:0.000768s ]
INFO: [ app_begin ] --END-- [ RunTime:0.001121s ]
INFO: [ app_end ] --START--
INFO: Run Behavior\ShowPageTraceBehavior [ RunTime:0.000776s ]
INFO: [ app_end ] --END-- [ RunTime:0.000818s ]

[ 2014-12-11T15:52:51+08:00 ] ::1 /whr/index.php?s=/Home/Goods/sonCate
INFO: [ app_begin ] --START--
INFO: Run Behavior\ReadHtmlCacheBehavior [ RunTime:0.000418s ]
INFO: [ app_begin ] --END-- [ RunTime:0.000696s ]
ERR: 非法操作:sonCate

[ 2014-12-11T15:52:51+08:00 ] ::1 /whr/index.php?s=/Home/City/vallage
INFO: [ app_begin ] --START--
INFO: Run Behavior\ReadHtmlCacheBehavior [ RunTime:0.000759s ]
INFO: [ app_begin ] --END-- [ RunTime:0.001119s ]
INFO: [ app_end ] --START--
INFO: Run Behavior\ShowPageTraceBehavior [ RunTime:0.000756s ]
INFO: [ app_end ] --END-- [ RunTime:0.000798s ]

[ 2014-12-11T15:52:51+08:00 ] ::1 /whr/index.php?s=/Home/City/city
INFO: [ app_begin ] --START--
INFO: Run Behavior\ReadHtmlCacheBehavior [ RunTime:0.000794s ]
INFO: [ app_begin ] --END-- [ RunTime:0.001149s ]
INFO: [ app_end ] --START--
INFO: Run Behavior\ShowPageTraceBehavior [ RunTime:0.000797s ]
INFO: [ app_end ] --END-- [ RunTime:0.000844s ]

[ 2014-12-11T15:52:51+08:00 ] ::1 /whr/index.php?s=/Home/City/vallcage
INFO: [ app_begin ] --START--
INFO: Run Behavior\ReadHtmlCacheBehavior [ RunTime:0.000749s ]
INFO: [ app_begin ] --END-- [ RunTime:0.001143s ]
INFO: [ app_end ] --START--
INFO: Run Behavior\ShowPageTraceBehavior [ RunTime:0.000635s ]
INFO: [ app_end ] --END-- [ RunTime:0.000679s ]

[ 2014-12-11T15:52:51+08:00 ] ::1 /whr/index.php?s=/Home/City/city
INFO: [ app_begin ] --START--
INFO: Run Behavior\ReadHtmlCacheBehavior [ RunTime:0.001010s ]
INFO: [ app_begin ] --END-- [ RunTime:0.003306s ]
INFO: [ app_end ] --START--
INFO: Run Behavior\ShowPageTraceBehavior [ RunTime:0.001922s ]
INFO: [ app_end ] --END-- [ RunTime:0.001993s ]

[ 2014-12-11T15:53:34+08:00 ] ::1 /whr/index.php?s=/Home/City/city
INFO: [ app_begin ] --START--
INFO: Run Behavior\ReadHtmlCacheBehavior [ RunTime:0.000722s ]
INFO: [ app_begin ] --END-- [ RunTime:0.001057s ]
INFO: [ app_end ] --START--
INFO: Run Behavior\ShowPageTraceBehavior [ RunTime:0.000847s ]
INFO: [ app_end ] --END-- [ RunTime:0.000890s ]

[ 2014-12-11T15:53:34+08:00 ] ::1 /whr/index.php?s=/Home/City/vallcage
INFO: [ app_begin ] --START--
INFO: Run Behavior\ReadHtmlCacheBehavior [ RunTime:0.003127s ]
INFO: [ app_begin ] --END-- [ RunTime:0.003468s ]
INFO: [ app_end ] --START--
INFO: Run Behavior\ShowPageTraceBehavior [ RunTime:0.000780s ]
INFO: [ app_end ] --END-- [ RunTime:0.000827s ]

[ 2014-12-11T15:53:34+08:00 ] ::1 /whr/index.php?s=/Home/City/city
INFO: [ app_begin ] --START--
INFO: Run Behavior\ReadHtmlCacheBehavior [ RunTime:0.000770s ]
INFO: [ app_begin ] --END-- [ RunTime:0.001120s ]
INFO: [ app_end ] --START--
INFO: Run Behavior\ShowPageTraceBehavior [ RunTime:0.000611s ]
INFO: [ app_end ] --END-- [ RunTime:0.000663s ]

[ 2014-12-11T15:53:34+08:00 ] ::1 /whr/index.php?s=/Home/City/vallage
INFO: [ app_begin ] --START--
INFO: Run Behavior\ReadHtmlCacheBehavior [ RunTime:0.000835s ]
INFO: [ app_begin ] --END-- [ RunTime:0.001208s ]
INFO: [ app_end ] --START--
INFO: Run Behavior\ShowPageTraceBehavior [ RunTime:0.000775s ]
INFO: [ app_end ] --END-- [ RunTime:0.000825s ]

[ 2014-12-11T15:53:34+08:00 ] ::1 /whr/index.php?s=/Home/Goods/sonCate
INFO: [ app_begin ] --START--
INFO: Run Behavior\ReadHtmlCacheBehavior [ RunTime:0.000858s ]
INFO: [ app_begin ] --END-- [ RunTime:0.001279s ]
ERR: 非法操作:sonCate

[ 2014-12-11T15:56:52+08:00 ] ::1 /whr/index.php?s=/Home/City/vallcage
INFO: [ app_begin ] --START--
INFO: Run Behavior\ReadHtmlCacheBehavior [ RunTime:0.001030s ]
INFO: [ app_begin ] --END-- [ RunTime:0.001402s ]
SQL: select region_id,region_name from wrt_region where REGION_ID =2336 [ RunTime:0.000255s ]

[ 2014-12-11T15:56:52+08:00 ] ::1 /whr/index.php?s=/Home/City/city
INFO: [ app_begin ] --START--
INFO: Run Behavior\ReadHtmlCacheBehavior [ RunTime:0.001006s ]
INFO: [ app_begin ] --END-- [ RunTime:0.001725s ]
SQL: select region_id,region_name from wrt_region where parent_id =20 [ RunTime:0.003833s ]

[ 2014-12-11T15:56:52+08:00 ] ::1 /whr/index.php?s=/Home/City/city
INFO: [ app_begin ] --START--
INFO: Run Behavior\ReadHtmlCacheBehavior [ RunTime:0.001980s ]
INFO: [ app_begin ] --END-- [ RunTime:0.002634s ]
SQL: select region_id,region_name from wrt_region where parent_id =20 [ RunTime:0.003751s ]

[ 2014-12-11T15:56:52+08:00 ] ::1 /whr/index.php?s=/Home/City/vallage
INFO: [ app_begin ] --START--
INFO: Run Behavior\ReadHtmlCacheBehavior [ RunTime:0.000887s ]
INFO: [ app_begin ] --END-- [ RunTime:0.001376s ]
SQL: select region_id,region_name from wrt_region where parent_id =234 [ RunTime:0.003860s ]

[ 2014-12-11T16:24:58+08:00 ] ::1 /whr/index.php?s=/Home/Role/index
ERR: 无法加载控制器:Role

[ 2014-12-11T16:25:02+08:00 ] ::1 /whr/index.php?s=/Home/Config/index
ERR: 无法加载控制器:Config

[ 2014-12-11T16:25:02+08:00 ] ::1 /whr/index.php?s=/Home/Points/index
ERR: 无法加载控制器:Points

[ 2014-12-11T16:25:04+08:00 ] ::1 /whr/index.php?s=/Home/City/city
INFO: [ app_begin ] --START--
INFO: Run Behavior\ReadHtmlCacheBehavior [ RunTime:0.000802s ]
INFO: [ app_begin ] --END-- [ RunTime:0.001164s ]
INFO: [ app_end ] --START--
INFO: Run Behavior\ShowPageTraceBehavior [ RunTime:0.000802s ]
INFO: [ app_end ] --END-- [ RunTime:0.000844s ]

[ 2014-12-11T16:25:04+08:00 ] ::1 /whr/index.php?s=/Home/City/city
INFO: [ app_begin ] --START--
INFO: Run Behavior\ReadHtmlCacheBehavior [ RunTime:0.000843s ]
INFO: [ app_begin ] --END-- [ RunTime:0.001225s ]
INFO: [ app_end ] --START--
INFO: Run Behavior\ShowPageTraceBehavior [ RunTime:0.000803s ]
INFO: [ app_end ] --END-- [ RunTime:0.000844s ]

[ 2014-12-11T16:25:04+08:00 ] ::1 /whr/index.php?s=/Home/Goods/sonCate
INFO: [ app_begin ] --START--
INFO: Run Behavior\ReadHtmlCacheBehavior [ RunTime:0.000667s ]
INFO: [ app_begin ] --END-- [ RunTime:0.001028s ]
ERR: 非法操作:sonCate

[ 2014-12-11T16:25:04+08:00 ] ::1 /whr/index.php?s=/Home/City/vallcage
INFO: [ app_begin ] --START--
INFO: Run Behavior\ReadHtmlCacheBehavior [ RunTime:0.000848s ]
INFO: [ app_begin ] --END-- [ RunTime:0.001191s ]
INFO: [ app_end ] --START--
INFO: Run Behavior\ShowPageTraceBehavior [ RunTime:0.000806s ]
INFO: [ app_end ] --END-- [ RunTime:0.000873s ]

[ 2014-12-11T16:25:04+08:00 ] ::1 /whr/index.php?s=/Home/City/vallage
INFO: [ app_begin ] --START--
INFO: Run Behavior\ReadHtmlCacheBehavior [ RunTime:0.000729s ]
INFO: [ app_begin ] --END-- [ RunTime:0.001060s ]
INFO: [ app_end ] --START--
INFO: Run Behavior\ShowPageTraceBehavior [ RunTime:0.000811s ]
INFO: [ app_end ] --END-- [ RunTime:0.000874s ]

[ 2014-12-11T16:25:12+08:00 ] ::1 /whr/index.php?s=/Home/ProInfo/index
ERR: 无法加载控制器:ProInfo

[ 2014-12-11T16:59:23+08:00 ] ::1 /whr/index.php?s=/Home/ProInfo/index
ERR: 无法加载控制器:ProInfo

[ 2014-12-11T16:59:24+08:00 ] ::1 /whr/index.php?s=/Home/ProInfo/index
ERR: 无法加载控制器:ProInfo

[ 2014-12-11T17:15:56+08:00 ] ::1 /whr/index.php?s=/Home/City/city
INFO: [ app_begin ] --START--
INFO: Run Behavior\ReadHtmlCacheBehavior [ RunTime:0.000812s ]
INFO: [ app_begin ] --END-- [ RunTime:0.001182s ]
INFO: [ app_end ] --START--
INFO: Run Behavior\ShowPageTraceBehavior [ RunTime:0.000801s ]
INFO: [ app_end ] --END-- [ RunTime:0.000852s ]

[ 2014-12-11T17:15:56+08:00 ] ::1 /whr/index.php?s=/Home/City/vallcage
INFO: [ app_begin ] --START--
INFO: Run Behavior\ReadHtmlCacheBehavior [ RunTime:0.000844s ]
INFO: [ app_begin ] --END-- [ RunTime:0.001208s ]
INFO: [ app_end ] --START--
INFO: Run Behavior\ShowPageTraceBehavior [ RunTime:0.000725s ]
INFO: [ app_end ] --END-- [ RunTime:0.000769s ]

[ 2014-12-11T17:15:56+08:00 ] ::1 /whr/index.php?s=/Home/City/vallage
INFO: [ app_begin ] --START--
INFO: Run Behavior\ReadHtmlCacheBehavior [ RunTime:0.000785s ]
INFO: [ app_begin ] --END-- [ RunTime:0.001181s ]
INFO: [ app_end ] --START--
INFO: Run Behavior\ShowPageTraceBehavior [ RunTime:0.000701s ]
INFO: [ app_end ] --END-- [ RunTime:0.000736s ]

[ 2014-12-11T17:15:58+08:00 ] ::1 /whr/index.php?s=/Home/Order/index
ERR: 无法加载控制器:Order

[ 2014-12-11T17:28:33+08:00 ] ::1 /whr/index.php?s=/Home/City/city
INFO: [ app_begin ] --START--
INFO: Run Behavior\ReadHtmlCacheBehavior [ RunTime:0.001692s ]
INFO: [ app_begin ] --END-- [ RunTime:0.002042s ]
INFO: [ app_end ] --START--
INFO: Run Behavior\ShowPageTraceBehavior [ RunTime:0.000770s ]
INFO: [ app_end ] --END-- [ RunTime:0.000812s ]

[ 2014-12-11T17:28:33+08:00 ] ::1 /whr/index.php?s=/Home/City/city
INFO: [ app_begin ] --START--
INFO: Run Behavior\ReadHtmlCacheBehavior [ RunTime:0.000915s ]
INFO: [ app_begin ] --END-- [ RunTime:0.001507s ]
INFO: [ app_end ] --START--
INFO: Run Behavior\ShowPageTraceBehavior [ RunTime:0.000717s ]
INFO: [ app_end ] --END-- [ RunTime:0.000761s ]

[ 2014-12-11T17:28:33+08:00 ] ::1 /whr/index.php?s=/Home/City/vallage
INFO: [ app_begin ] --START--
INFO: Run Behavior\ReadHtmlCacheBehavior [ RunTime:0.000849s ]
INFO: [ app_begin ] --END-- [ RunTime:0.001198s ]
INFO: [ app_end ] --START--
INFO: Run Behavior\ShowPageTraceBehavior [ RunTime:0.001155s ]
INFO: [ app_end ] --END-- [ RunTime:0.001239s ]

[ 2014-12-11T17:28:33+08:00 ] ::1 /whr/index.php?s=/Home/Village/sonCate
INFO: [ app_begin ] --START--
INFO: Run Behavior\ReadHtmlCacheBehavior [ RunTime:0.000749s ]
INFO: [ app_begin ] --END-- [ RunTime:0.001071s ]
ERR: 非法操作:sonCate

[ 2014-12-11T17:40:54+08:00 ] ::1 /whr/index.php?s=/Home/City/city
INFO: [ app_begin ] --START--
INFO: Run Behavior\ReadHtmlCacheBehavior [ RunTime:0.000699s ]
INFO: [ app_begin ] --END-- [ RunTime:0.001035s ]
INFO: [ app_end ] --START--
INFO: Run Behavior\ShowPageTraceBehavior [ RunTime:0.000629s ]
INFO: [ app_end ] --END-- [ RunTime:0.000667s ]

[ 2014-12-11T17:40:54+08:00 ] ::1 /whr/index.php?s=/Home/City/city
INFO: [ app_begin ] --START--
INFO: Run Behavior\ReadHtmlCacheBehavior [ RunTime:0.000754s ]
INFO: [ app_begin ] --END-- [ RunTime:0.001083s ]
INFO: [ app_end ] --START--
INFO: Run Behavior\ShowPageTraceBehavior [ RunTime:0.000798s ]
INFO: [ app_end ] --END-- [ RunTime:0.000853s ]

[ 2014-12-11T17:40:54+08:00 ] ::1 /whr/index.php?s=/Home/City/vallcage
INFO: [ app_begin ] --START--
INFO: Run Behavior\ReadHtmlCacheBehavior [ RunTime:0.000745s ]
INFO: [ app_begin ] --END-- [ RunTime:0.001101s ]
INFO: [ app_end ] --START--
INFO: Run Behavior\ShowPageTraceBehavior [ RunTime:0.000792s ]
INFO: [ app_end ] --END-- [ RunTime:0.000857s ]

[ 2014-12-11T17:40:54+08:00 ] ::1 /whr/index.php?s=/Home/City/vallage
INFO: [ app_begin ] --START--
INFO: Run Behavior\ReadHtmlCacheBehavior [ RunTime:0.001333s ]
INFO: [ app_begin ] --END-- [ RunTime:0.001744s ]
INFO: [ app_end ] --START--
INFO: Run Behavior\ShowPageTraceBehavior [ RunTime:0.000738s ]
INFO: [ app_end ] --END-- [ RunTime:0.000784s ]

[ 2014-12-11T17:40:55+08:00 ] ::1 /whr/index.php?s=/Home/Property/sonCate
INFO: [ app_begin ] --START--
INFO: Run Behavior\ReadHtmlCacheBehavior [ RunTime:0.000729s ]
INFO: [ app_begin ] --END-- [ RunTime:0.001070s ]
ERR: 非法操作:sonCate

[ 2014-12-11T17:40:57+08:00 ] ::1 /whr/index.php?s=/Home/City/vallage
INFO: [ app_begin ] --START--
INFO: Run Behavior\ReadHtmlCacheBehavior [ RunTime:0.000827s ]
INFO: [ app_begin ] --END-- [ RunTime:0.001204s ]
INFO: [ app_end ] --START--
INFO: Run Behavior\ShowPageTraceBehavior [ RunTime:0.000810s ]
INFO: [ app_end ] --END-- [ RunTime:0.000845s ]

[ 2014-12-11T17:40:57+08:00 ] ::1 /whr/index.php?s=/Home/City/city
INFO: [ app_begin ] --START--
INFO: Run Behavior\ReadHtmlCacheBehavior [ RunTime:0.000857s ]
INFO: [ app_begin ] --END-- [ RunTime:0.001242s ]
INFO: [ app_end ] --START--
INFO: Run Behavior\ShowPageTraceBehavior [ RunTime:0.000756s ]
INFO: [ app_end ] --END-- [ RunTime:0.000804s ]

[ 2014-12-11T17:40:57+08:00 ] ::1 /whr/index.php?s=/Home/Property/sonCate
INFO: [ app_begin ] --START--
INFO: Run Behavior\ReadHtmlCacheBehavior [ RunTime:0.000776s ]
INFO: [ app_begin ] --END-- [ RunTime:0.001128s ]
ERR: 非法操作:sonCate

[ 2014-12-11T17:40:57+08:00 ] ::1 /whr/index.php?s=/Home/City/city
INFO: [ app_begin ] --START--
INFO: Run Behavior\ReadHtmlCacheBehavior [ RunTime:0.000615s ]
INFO: [ app_begin ] --END-- [ RunTime:0.000944s ]
INFO: [ app_end ] --START--
INFO: Run Behavior\ShowPageTraceBehavior [ RunTime:0.000608s ]
INFO: [ app_end ] --END-- [ RunTime:0.000642s ]

[ 2014-12-11T17:40:57+08:00 ] ::1 /whr/index.php?s=/Home/City/vallcage
INFO: [ app_begin ] --START--
INFO: Run Behavior\ReadHtmlCacheBehavior [ RunTime:0.000751s ]
INFO: [ app_begin ] --END-- [ RunTime:0.001075s ]
INFO: [ app_end ] --START--
INFO: Run Behavior\ShowPageTraceBehavior [ RunTime:0.000745s ]
INFO: [ app_end ] --END-- [ RunTime:0.000786s ]

[ 2014-12-11T17:40:59+08:00 ] ::1 /whr/index.php?s=/Home/City/city
INFO: [ app_begin ] --START--
INFO: Run Behavior\ReadHtmlCacheBehavior [ RunTime:0.000781s ]
INFO: [ app_begin ] --END-- [ RunTime:0.001138s ]
INFO: [ app_end ] --START--
INFO: Run Behavior\ShowPageTraceBehavior [ RunTime:0.000809s ]
INFO: [ app_end ] --END-- [ RunTime:0.000847s ]

[ 2014-12-11T17:40:59+08:00 ] ::1 /whr/index.php?s=/Home/City/vallage
INFO: [ app_begin ] --START--
INFO: Run Behavior\ReadHtmlCacheBehavior [ RunTime:0.000808s ]
INFO: [ app_begin ] --END-- [ RunTime:0.001152s ]
INFO: [ app_end ] --START--
INFO: Run Behavior\ShowPageTraceBehavior [ RunTime:0.000759s ]
INFO: [ app_end ] --END-- [ RunTime:0.000803s ]

[ 2014-12-11T17:40:59+08:00 ] ::1 /whr/index.php?s=/Home/Village/sonCate
INFO: [ app_begin ] --START--
INFO: Run Behavior\ReadHtmlCacheBehavior [ RunTime:0.000634s ]
INFO: [ app_begin ] --END-- [ RunTime:0.000994s ]
ERR: 非法操作:sonCate

[ 2014-12-11T17:40:59+08:00 ] ::1 /whr/index.php?s=/Home/City/city
INFO: [ app_begin ] --START--
INFO: Run Behavior\ReadHtmlCacheBehavior [ RunTime:0.000760s ]
INFO: [ app_begin ] --END-- [ RunTime:0.001105s ]
INFO: [ app_end ] --START--
INFO: Run Behavior\ShowPageTraceBehavior [ RunTime:0.000744s ]
INFO: [ app_end ] --END-- [ RunTime:0.000792s ]

[ 2014-12-11T17:41:07+08:00 ] ::1 /whr/index.php?s=/Home/City/city
INFO: [ app_begin ] --START--
INFO: Run Behavior\ReadHtmlCacheBehavior [ RunTime:0.000620s ]
INFO: [ app_begin ] --END-- [ RunTime:0.000948s ]
INFO: [ app_end ] --START--
INFO: Run Behavior\ShowPageTraceBehavior [ RunTime:0.000620s ]
INFO: [ app_end ] --END-- [ RunTime:0.000659s ]

[ 2014-12-11T17:41:07+08:00 ] ::1 /whr/index.php?s=/Home/City/vallage
INFO: [ app_begin ] --START--
INFO: Run Behavior\ReadHtmlCacheBehavior [ RunTime:0.000854s ]
INFO: [ app_begin ] --END-- [ RunTime:0.001266s ]
INFO: [ app_end ] --START--
INFO: Run Behavior\ShowPageTraceBehavior [ RunTime:0.000781s ]
INFO: [ app_end ] --END-- [ RunTime:0.000831s ]

[ 2014-12-11T17:41:07+08:00 ] ::1 /whr/index.php?s=/Home/City/vallcage
INFO: [ app_begin ] --START--
INFO: Run Behavior\ReadHtmlCacheBehavior [ RunTime:0.000886s ]
INFO: [ app_begin ] --END-- [ RunTime:0.001378s ]
INFO: [ app_end ] --START--
INFO: Run Behavior\ShowPageTraceBehavior [ RunTime:0.000758s ]
INFO: [ app_end ] --END-- [ RunTime:0.000803s ]

[ 2014-12-11T17:41:35+08:00 ] ::1 /whr/index.php?s=/Home/City/city
INFO: [ app_begin ] --START--
INFO: Run Behavior\ReadHtmlCacheBehavior [ RunTime:0.000765s ]
INFO: [ app_begin ] --END-- [ RunTime:0.001098s ]
INFO: [ app_end ] --START--
INFO: Run Behavior\ShowPageTraceBehavior [ RunTime:0.000830s ]
INFO: [ app_end ] --END-- [ RunTime:0.000872s ]

[ 2014-12-11T17:41:35+08:00 ] ::1 /whr/index.php?s=/Home/City/vallcage
INFO: [ app_begin ] --START--
INFO: Run Behavior\ReadHtmlCacheBehavior [ RunTime:0.001065s ]
INFO: [ app_begin ] --END-- [ RunTime:0.001438s ]
INFO: [ app_end ] --START--
INFO: Run Behavior\ShowPageTraceBehavior [ RunTime:0.000793s ]
INFO: [ app_end ] --END-- [ RunTime:0.000834s ]

[ 2014-12-11T17:41:35+08:00 ] ::1 /whr/index.php?s=/Home/City/vallage
INFO: [ app_begin ] --START--
INFO: Run Behavior\ReadHtmlCacheBehavior [ RunTime:0.000645s ]
INFO: [ app_begin ] --END-- [ RunTime:0.000992s ]
INFO: [ app_end ] --START--
INFO: Run Behavior\ShowPageTraceBehavior [ RunTime:0.000622s ]
INFO: [ app_end ] --END-- [ RunTime:0.000664s ]

[ 2014-12-11T17:41:35+08:00 ] ::1 /whr/index.php?s=/Home/Property/sonCate
INFO: [ app_begin ] --START--
INFO: Run Behavior\ReadHtmlCacheBehavior [ RunTime:0.000756s ]
INFO: [ app_begin ] --END-- [ RunTime:0.001184s ]
ERR: 非法操作:sonCate

[ 2014-12-11T17:41:35+08:00 ] ::1 /whr/index.php?s=/Home/City/city
INFO: [ app_begin ] --START--
INFO: Run Behavior\ReadHtmlCacheBehavior [ RunTime:0.001133s ]
INFO: [ app_begin ] --END-- [ RunTime:0.001496s ]
INFO: [ app_end ] --START--
INFO: Run Behavior\ShowPageTraceBehavior [ RunTime:0.000805s ]
INFO: [ app_end ] --END-- [ RunTime:0.000848s ]

[ 2014-12-11T17:47:10+08:00 ] ::1 /whr/index.php?s=/Home/City/city
INFO: [ app_begin ] --START--
INFO: Run Behavior\ReadHtmlCacheBehavior [ RunTime:0.000789s ]
INFO: [ app_begin ] --END-- [ RunTime:0.001117s ]
INFO: [ app_end ] --START--
INFO: Run Behavior\ShowPageTraceBehavior [ RunTime:0.000824s ]
INFO: [ app_end ] --END-- [ RunTime:0.000873s ]

[ 2014-12-11T17:47:10+08:00 ] ::1 /whr/index.php?s=/Home/City/city
INFO: [ app_begin ] --START--
INFO: Run Behavior\ReadHtmlCacheBehavior [ RunTime:0.000798s ]
INFO: [ app_begin ] --END-- [ RunTime:0.001151s ]
INFO: [ app_end ] --START--
INFO: Run Behavior\ShowPageTraceBehavior [ RunTime:0.000762s ]
INFO: [ app_end ] --END-- [ RunTime:0.000811s ]

[ 2014-12-11T17:47:10+08:00 ] ::1 /whr/index.php?s=/Home/Village/sonCate
INFO: [ app_begin ] --START--
INFO: Run Behavior\ReadHtmlCacheBehavior [ RunTime:0.000965s ]
INFO: [ app_begin ] --END-- [ RunTime:0.001343s ]
ERR: 非法操作:sonCate

[ 2014-12-11T17:47:10+08:00 ] ::1 /whr/index.php?s=/Home/City/vallage
INFO: [ app_begin ] --START--
INFO: Run Behavior\ReadHtmlCacheBehavior [ RunTime:0.000771s ]
INFO: [ app_begin ] --END-- [ RunTime:0.001242s ]
INFO: [ app_end ] --START--
INFO: Run Behavior\ShowPageTraceBehavior [ RunTime:0.000725s ]
INFO: [ app_end ] --END-- [ RunTime:0.000766s ]

[ 2014-12-11T17:47:12+08:00 ] ::1 /whr/index.php?s=/Home/City/city
INFO: [ app_begin ] --START--
INFO: Run Behavior\ReadHtmlCacheBehavior [ RunTime:0.000763s ]
INFO: [ app_begin ] --END-- [ RunTime:0.001107s ]
INFO: [ app_end ] --START--
INFO: Run Behavior\ShowPageTraceBehavior [ RunTime:0.000784s ]
INFO: [ app_end ] --END-- [ RunTime:0.000826s ]

[ 2014-12-11T17:47:12+08:00 ] ::1 /whr/index.php?s=/Home/City/vallage
INFO: [ app_begin ] --START--
INFO: Run Behavior\ReadHtmlCacheBehavior [ RunTime:0.000671s ]
INFO: [ app_begin ] --END-- [ RunTime:0.001041s ]
INFO: [ app_end ] --START--
INFO: Run Behavior\ShowPageTraceBehavior [ RunTime:0.000686s ]
INFO: [ app_end ] --END-- [ RunTime:0.000734s ]

[ 2014-12-11T17:47:12+08:00 ] ::1 /whr/index.php?s=/Home/City/city
INFO: [ app_begin ] --START--
INFO: Run Behavior\ReadHtmlCacheBehavior [ RunTime:0.000786s ]
INFO: [ app_begin ] --END-- [ RunTime:0.001113s ]
INFO: [ app_end ] --START--
INFO: Run Behavior\ShowPageTraceBehavior [ RunTime:0.000833s ]
INFO: [ app_end ] --END-- [ RunTime:0.000935s ]

[ 2014-12-11T17:47:12+08:00 ] ::1 /whr/index.php?s=/Home/Village/sonCate
INFO: [ app_begin ] --START--
INFO: Run Behavior\ReadHtmlCacheBehavior [ RunTime:0.000718s ]
INFO: [ app_begin ] --END-- [ RunTime:0.001069s ]
ERR: 非法操作:sonCate

[ 2014-12-11T17:47:16+08:00 ] ::1 /whr/index.php?s=/Home/City/city
INFO: [ app_begin ] --START--
INFO: Run Behavior\ReadHtmlCacheBehavior [ RunTime:0.000768s ]
INFO: [ app_begin ] --END-- [ RunTime:0.001127s ]
INFO: [ app_end ] --START--
INFO: Run Behavior\ShowPageTraceBehavior [ RunTime:0.000754s ]
INFO: [ app_end ] --END-- [ RunTime:0.000795s ]

[ 2014-12-11T17:47:16+08:00 ] ::1 /whr/index.php?s=/Home/City/city
INFO: [ app_begin ] --START--
INFO: Run Behavior\ReadHtmlCacheBehavior [ RunTime:0.000926s ]
INFO: [ app_begin ] --END-- [ RunTime:0.001444s ]
INFO: [ app_end ] --START--
INFO: Run Behavior\ShowPageTraceBehavior [ RunTime:0.000926s ]
INFO: [ app_end ] --END-- [ RunTime:0.000976s ]

[ 2014-12-11T17:47:16+08:00 ] ::1 /whr/index.php?s=/Home/City/vallcage
INFO: [ app_begin ] --START--
INFO: Run Behavior\ReadHtmlCacheBehavior [ RunTime:0.000797s ]
INFO: [ app_begin ] --END-- [ RunTime:0.001190s ]
INFO: [ app_end ] --START--
INFO: Run Behavior\ShowPageTraceBehavior [ RunTime:0.000739s ]
INFO: [ app_end ] --END-- [ RunTime:0.000786s ]

[ 2014-12-11T17:47:16+08:00 ] ::1 /whr/index.php?s=/Home/Property/sonCate
INFO: [ app_begin ] --START--
INFO: Run Behavior\ReadHtmlCacheBehavior [ RunTime:0.000778s ]
INFO: [ app_begin ] --END-- [ RunTime:0.001101s ]
ERR: 非法操作:sonCate

[ 2014-12-11T17:47:16+08:00 ] ::1 /whr/index.php?s=/Home/City/vallage
INFO: [ app_begin ] --START--
INFO: Run Behavior\ReadHtmlCacheBehavior [ RunTime:0.000840s ]
INFO: [ app_begin ] --END-- [ RunTime:0.001209s ]
INFO: [ app_end ] --START--
INFO: Run Behavior\ShowPageTraceBehavior [ RunTime:0.000761s ]
INFO: [ app_end ] --END-- [ RunTime:0.000804s ]

[ 2014-12-11T18:25:42+08:00 ] ::1 /whr/index.php?s=/Home/proinfo/index.html
ERR: 无法加载控制器:Proinfo

[ 2014-12-11T18:31:45+08:00 ] ::1 /whr/index.php?s=/Home/Role/index
ERR: 无法加载控制器:Role

