[ 2014-12-16T10:43:38+08:00 ] ::1 /whr/index.php?s=/Home/ProInfo/url_ajaxhinder
INFO: [ app_begin ] --START--
INFO: Run Behavior\ReadHtmlCacheBehavior [ RunTime:0.001397s ]
INFO: [ app_begin ] --END-- [ RunTime:0.001721s ]
SQL: SHOW COLUMNS FROM `wrt_pro_repair` [ RunTime:0.004136s ]
SQL: SELECT * FROM `wrt_pro_repair` WHERE ( rid=0 ) LIMIT 1   [ RunTime:0.000224s ]

[ 2014-12-16T10:44:19+08:00 ] ::1 /whr/index.php?s=/Home/ProInfo/url_ajaxhinder
INFO: [ app_begin ] --START--
INFO: Run Behavior\ReadHtmlCacheBehavior [ RunTime:0.000684s ]
INFO: [ app_begin ] --END-- [ RunTime:0.001010s ]
SQL: SHOW COLUMNS FROM `wrt_pro_repair` [ RunTime:0.003925s ]
SQL: SELECT * FROM `wrt_pro_repair` WHERE ( rid=1 ) LIMIT 1   [ RunTime:0.000311s ]

[ 2014-12-16T10:58:10+08:00 ] ::1 /whr/index.php?s=/Home/ProInfo/url_ajaxActive
INFO: [ app_begin ] --START--
INFO: Run Behavior\ReadHtmlCacheBehavior [ RunTime:0.000400s ]
INFO: [ app_begin ] --END-- [ RunTime:0.000668s ]
SQL: SHOW COLUMNS FROM `wrt_pro_activity` [ RunTime:0.004716s ]
SQL: SELECT * FROM `wrt_pro_activity` WHERE ( id=3 ) LIMIT 1   [ RunTime:0.000324s ]

[ 2014-12-16T10:58:14+08:00 ] ::1 /whr/index.php?s=/Home/ProInfo/url_ajaxActive
INFO: [ app_begin ] --START--
INFO: Run Behavior\ReadHtmlCacheBehavior [ RunTime:0.000417s ]
INFO: [ app_begin ] --END-- [ RunTime:0.000695s ]
SQL: SHOW COLUMNS FROM `wrt_pro_activity` [ RunTime:0.004406s ]
SQL: SELECT * FROM `wrt_pro_activity` WHERE ( id=3 ) LIMIT 1   [ RunTime:0.000300s ]

[ 2014-12-16T10:58:44+08:00 ] ::1 /whr/index.php?s=/Home/ProInfo/url_ajaxhinder
INFO: [ app_begin ] --START--
INFO: Run Behavior\ReadHtmlCacheBehavior [ RunTime:0.000403s ]
INFO: [ app_begin ] --END-- [ RunTime:0.000667s ]
SQL: SHOW COLUMNS FROM `wrt_pro_repair` [ RunTime:0.004049s ]
SQL: SELECT * FROM `wrt_pro_repair` WHERE ( rid=1 ) LIMIT 1   [ RunTime:0.000304s ]

[ 2014-12-16T13:07:35+08:00 ] ::1 /whr/index.php?s=/Home/Owner/index
ERR: 无法加载控制器:Owner

[ 2014-12-16T13:30:53+08:00 ] ::1 /whr/index.php?s=/Home/ProInfo/url_ajaxdecorate
INFO: [ app_begin ] --START--
INFO: Run Behavior\ReadHtmlCacheBehavior [ RunTime:0.000455s ]
INFO: [ app_begin ] --END-- [ RunTime:0.000760s ]
SQL: SHOW COLUMNS FROM `wrt_pro_repair` [ RunTime:0.004269s ]
SQL: SELECT * FROM `wrt_pro_repair` WHERE ( rid=0 ) LIMIT 1   [ RunTime:0.000324s ]

[ 2014-12-16T13:31:29+08:00 ] ::1 /whr/index.php?s=/Home/decorate/hinder.html
ERR: 无法加载控制器:Decorate

[ 2014-12-16T13:31:50+08:00 ] ::1 /whr/index.php?s=/Home/decorate/hinder.html
ERR: 无法加载控制器:Decorate

[ 2014-12-16T13:35:18+08:00 ] ::1 /whr/index.php?s=/Home/ProInfo/url_ajaxdecorate
INFO: [ app_begin ] --START--
INFO: Run Behavior\ReadHtmlCacheBehavior [ RunTime:0.000391s ]
INFO: [ app_begin ] --END-- [ RunTime:0.000658s ]
SQL: SHOW COLUMNS FROM `wrt_pro_repair` [ RunTime:0.004233s ]
SQL: SELECT * FROM `wrt_pro_repair` WHERE ( rid=0 ) LIMIT 1   [ RunTime:0.000259s ]

[ 2014-12-16T14:23:21+08:00 ] ::1 /whr/index.php?s=/Home/ProInfo/url_ajaxhinder
INFO: [ app_begin ] --START--
INFO: Run Behavior\ReadHtmlCacheBehavior [ RunTime:0.000398s ]
INFO: [ app_begin ] --END-- [ RunTime:0.000711s ]
SQL: SHOW COLUMNS FROM `wrt_pro_repair` [ RunTime:0.003999s ]
SQL: SELECT * FROM `wrt_pro_repair` WHERE ( rid=1 ) LIMIT 1   [ RunTime:0.000275s ]

[ 2014-12-16T14:23:23+08:00 ] ::1 /whr/index.php?s=/Home/ProInfo/url_ajaxhinder
INFO: [ app_begin ] --START--
INFO: Run Behavior\ReadHtmlCacheBehavior [ RunTime:0.001261s ]
INFO: [ app_begin ] --END-- [ RunTime:0.001554s ]
SQL: SHOW COLUMNS FROM `wrt_pro_repair` [ RunTime:0.004064s ]
SQL: SELECT * FROM `wrt_pro_repair` WHERE ( rid=2 ) LIMIT 1   [ RunTime:0.000287s ]

[ 2014-12-16T14:23:43+08:00 ] ::1 /whr/index.php?s=/Home/ProInfo/url_ajaxhinder
INFO: [ app_begin ] --START--
INFO: Run Behavior\ReadHtmlCacheBehavior [ RunTime:0.000581s ]
INFO: [ app_begin ] --END-- [ RunTime:0.000897s ]
SQL: SHOW COLUMNS FROM `wrt_pro_repair` [ RunTime:0.004669s ]
SQL: SELECT * FROM `wrt_pro_repair` WHERE ( rid=1 ) LIMIT 1   [ RunTime:0.000289s ]

[ 2014-12-16T14:24:26+08:00 ] ::1 /whr/index.php?s=/Home/ProInfo/url_ajaxhinder
INFO: [ app_begin ] --START--
INFO: Run Behavior\ReadHtmlCacheBehavior [ RunTime:0.000423s ]
INFO: [ app_begin ] --END-- [ RunTime:0.000700s ]
SQL: SHOW COLUMNS FROM `wrt_pro_repair` [ RunTime:0.004038s ]
SQL: SELECT * FROM `wrt_pro_repair` WHERE ( rid=1 ) LIMIT 1   [ RunTime:0.000341s ]

[ 2014-12-16T14:24:29+08:00 ] ::1 /whr/index.php?s=/Home/ProInfo/url_ajaxhinder
INFO: [ app_begin ] --START--
INFO: Run Behavior\ReadHtmlCacheBehavior [ RunTime:0.001614s ]
INFO: [ app_begin ] --END-- [ RunTime:0.001888s ]
SQL: SHOW COLUMNS FROM `wrt_pro_repair` [ RunTime:0.003861s ]
SQL: SELECT * FROM `wrt_pro_repair` WHERE ( rid=1 ) LIMIT 1   [ RunTime:0.000291s ]

[ 2014-12-16T14:24:33+08:00 ] ::1 /whr/index.php?s=/Home/ProInfo/url_ajaxhinder
INFO: [ app_begin ] --START--
INFO: Run Behavior\ReadHtmlCacheBehavior [ RunTime:0.000392s ]
INFO: [ app_begin ] --END-- [ RunTime:0.000653s ]
SQL: SHOW COLUMNS FROM `wrt_pro_repair` [ RunTime:0.004186s ]
SQL: SELECT * FROM `wrt_pro_repair` WHERE ( rid=2 ) LIMIT 1   [ RunTime:0.000346s ]

[ 2014-12-16T14:37:36+08:00 ] ::1 /whr/index.php?s=/Home/ProInfo/url_ajaxdecorate
INFO: [ app_begin ] --START--
INFO: Run Behavior\ReadHtmlCacheBehavior [ RunTime:0.000562s ]
INFO: [ app_begin ] --END-- [ RunTime:0.000894s ]

[ 2014-12-16T14:39:35+08:00 ] ::1 /whr/index.php?s=/Home/ProInfo/url_ajaxdecorate
INFO: [ app_begin ] --START--
INFO: Run Behavior\ReadHtmlCacheBehavior [ RunTime:0.000398s ]
INFO: [ app_begin ] --END-- [ RunTime:0.000661s ]

[ 2014-12-16T14:39:38+08:00 ] ::1 /whr/index.php?s=/Home/ProInfo/url_ajaxdecorate
INFO: [ app_begin ] --START--
INFO: Run Behavior\ReadHtmlCacheBehavior [ RunTime:0.001252s ]
INFO: [ app_begin ] --END-- [ RunTime:0.001518s ]

[ 2014-12-16T14:40:00+08:00 ] ::1 /whr/index.php?s=/Home/ProInfo/url_ajaxdecorate
INFO: [ app_begin ] --START--
INFO: Run Behavior\ReadHtmlCacheBehavior [ RunTime:0.000416s ]
INFO: [ app_begin ] --END-- [ RunTime:0.000706s ]

[ 2014-12-16T14:40:15+08:00 ] ::1 /whr/index.php?s=/Home/ProInfo/url_ajaxdecorate
INFO: [ app_begin ] --START--
INFO: Run Behavior\ReadHtmlCacheBehavior [ RunTime:0.000442s ]
INFO: [ app_begin ] --END-- [ RunTime:0.000713s ]

[ 2014-12-16T14:40:26+08:00 ] ::1 /whr/index.php?s=/Home/ProInfo/url_ajaxdecorate
INFO: [ app_begin ] --START--
INFO: Run Behavior\ReadHtmlCacheBehavior [ RunTime:0.000461s ]
INFO: [ app_begin ] --END-- [ RunTime:0.000732s ]

[ 2014-12-16T14:41:05+08:00 ] ::1 /whr/index.php?s=/Home/ProInfo/url_ajaxdecorate
INFO: [ app_begin ] --START--
INFO: Run Behavior\ReadHtmlCacheBehavior [ RunTime:0.000427s ]
INFO: [ app_begin ] --END-- [ RunTime:0.000714s ]

[ 2014-12-16T14:41:14+08:00 ] ::1 /whr/index.php?s=/Home/ProInfo/url_ajaxdecorate
INFO: [ app_begin ] --START--
INFO: Run Behavior\ReadHtmlCacheBehavior [ RunTime:0.000435s ]
INFO: [ app_begin ] --END-- [ RunTime:0.000744s ]

[ 2014-12-16T14:41:27+08:00 ] ::1 /whr/index.php?s=/Home/ProInfo/url_ajaxdecorate
INFO: [ app_begin ] --START--
INFO: Run Behavior\ReadHtmlCacheBehavior [ RunTime:0.000434s ]
INFO: [ app_begin ] --END-- [ RunTime:0.000722s ]

[ 2014-12-16T14:41:44+08:00 ] ::1 /whr/index.php?s=/Home/ProInfo/url_ajaxdecorate
INFO: [ app_begin ] --START--
INFO: Run Behavior\ReadHtmlCacheBehavior [ RunTime:0.000467s ]
INFO: [ app_begin ] --END-- [ RunTime:0.000779s ]

[ 2014-12-16T14:42:29+08:00 ] ::1 /whr/index.php?s=/Home/ProInfo/url_ajaxdecorate
INFO: [ app_begin ] --START--
INFO: Run Behavior\ReadHtmlCacheBehavior [ RunTime:0.000543s ]
INFO: [ app_begin ] --END-- [ RunTime:0.000872s ]

[ 2014-12-16T14:42:47+08:00 ] ::1 /whr/index.php?s=/Home/ProInfo/url_ajaxdecorate
INFO: [ app_begin ] --START--
INFO: Run Behavior\ReadHtmlCacheBehavior [ RunTime:0.000481s ]
INFO: [ app_begin ] --END-- [ RunTime:0.000747s ]

[ 2014-12-16T14:43:48+08:00 ] ::1 /whr/index.php?s=/Home/ProInfo/url_ajaxdecorate
INFO: [ app_begin ] --START--
INFO: Run Behavior\ReadHtmlCacheBehavior [ RunTime:0.000646s ]
INFO: [ app_begin ] --END-- [ RunTime:0.000965s ]

[ 2014-12-16T14:44:03+08:00 ] ::1 /whr/index.php?s=/Home/ProInfo/url_ajaxdecorate
INFO: [ app_begin ] --START--
INFO: Run Behavior\ReadHtmlCacheBehavior [ RunTime:0.000428s ]
INFO: [ app_begin ] --END-- [ RunTime:0.000722s ]

[ 2014-12-16T14:56:24+08:00 ] ::1 /whr/index.php?s=/Home/ProInfo/url_ajaxdecorate
INFO: [ app_begin ] --START--
INFO: Run Behavior\ReadHtmlCacheBehavior [ RunTime:0.000423s ]
INFO: [ app_begin ] --END-- [ RunTime:0.000707s ]
SQL: SHOW COLUMNS FROM `wrt_pro_repair` [ RunTime:0.005112s ]
SQL: SELECT * FROM `wrt_pro_repair` WHERE ( rid=2 ) LIMIT 1   [ RunTime:0.000356s ]

[ 2014-12-16T14:56:26+08:00 ] ::1 /whr/index.php?s=/Home/ProInfo/url_ajaxdecorate
INFO: [ app_begin ] --START--
INFO: Run Behavior\ReadHtmlCacheBehavior [ RunTime:0.000588s ]
INFO: [ app_begin ] --END-- [ RunTime:0.000872s ]
SQL: SHOW COLUMNS FROM `wrt_pro_repair` [ RunTime:0.004446s ]
SQL: SELECT * FROM `wrt_pro_repair` WHERE ( rid=1 ) LIMIT 1   [ RunTime:0.000343s ]

[ 2014-12-16T14:56:27+08:00 ] ::1 /whr/index.php?s=/Home/ProInfo/url_ajaxdecorate
INFO: [ app_begin ] --START--
INFO: Run Behavior\ReadHtmlCacheBehavior [ RunTime:0.001271s ]
INFO: [ app_begin ] --END-- [ RunTime:0.001556s ]
SQL: SHOW COLUMNS FROM `wrt_pro_repair` [ RunTime:0.003924s ]
SQL: SELECT * FROM `wrt_pro_repair` WHERE ( rid=2 ) LIMIT 1   [ RunTime:0.000285s ]

[ 2014-12-16T14:56:38+08:00 ] ::1 /whr/index.php?s=/Home/ProInfo/url_ajaxdecorate
INFO: [ app_begin ] --START--
INFO: Run Behavior\ReadHtmlCacheBehavior [ RunTime:0.000451s ]
INFO: [ app_begin ] --END-- [ RunTime:0.000746s ]
SQL: SHOW COLUMNS FROM `wrt_pro_repair` [ RunTime:0.003861s ]
SQL: SELECT * FROM `wrt_pro_repair` WHERE ( rid=1 ) LIMIT 1   [ RunTime:0.000278s ]

[ 2014-12-16T15:00:42+08:00 ] ::1 /whr/index.php?s=/Home/ProInfo/url_ajaxdecorate
INFO: [ app_begin ] --START--
INFO: Run Behavior\ReadHtmlCacheBehavior [ RunTime:0.000580s ]
INFO: [ app_begin ] --END-- [ RunTime:0.000967s ]
SQL: SHOW COLUMNS FROM `wrt_pro_repair` [ RunTime:0.004353s ]
SQL: SELECT * FROM `wrt_pro_repair` WHERE ( rid=1 ) LIMIT 1   [ RunTime:0.000312s ]

[ 2014-12-16T15:21:13+08:00 ] ::1 /whr/index.php?s=/Home/ProInfo/url_ajaxdecorate
INFO: [ app_begin ] --START--
INFO: Run Behavior\ReadHtmlCacheBehavior [ RunTime:0.000405s ]
INFO: [ app_begin ] --END-- [ RunTime:0.000763s ]
SQL: SHOW COLUMNS FROM `wrt_pro_repair` [ RunTime:0.004290s ]
SQL: SELECT * FROM `wrt_pro_repair` WHERE ( rid=1 ) LIMIT 1   [ RunTime:0.000292s ]

[ 2014-12-16T16:13:47+08:00 ] ::1 /whr/index.php?s=/Home/ProInfo/url_ajaxdecorate
INFO: [ app_begin ] --START--
INFO: Run Behavior\ReadHtmlCacheBehavior [ RunTime:0.001280s ]
INFO: [ app_begin ] --END-- [ RunTime:0.001600s ]
SQL: SHOW COLUMNS FROM `wrt_pro_decorate` [ RunTime:0.004224s ]
SQL: SELECT * FROM `wrt_pro_decorate` WHERE ( rid=2 ) LIMIT 1   [ RunTime:0.000359s ]

[ 2014-12-16T16:13:50+08:00 ] ::1 /whr/index.php?s=/Home/ProInfo/url_ajaxdecorate
INFO: [ app_begin ] --START--
INFO: Run Behavior\ReadHtmlCacheBehavior [ RunTime:0.000411s ]
INFO: [ app_begin ] --END-- [ RunTime:0.000691s ]
SQL: SHOW COLUMNS FROM `wrt_pro_decorate` [ RunTime:0.004028s ]
SQL: SELECT * FROM `wrt_pro_decorate` WHERE ( rid=1 ) LIMIT 1   [ RunTime:0.000279s ]

[ 2014-12-16T16:13:55+08:00 ] ::1 /whr/index.php?s=/Home/ProInfo/url_ajaxdecorate
INFO: [ app_begin ] --START--
INFO: Run Behavior\ReadHtmlCacheBehavior [ RunTime:0.000424s ]
INFO: [ app_begin ] --END-- [ RunTime:0.000709s ]
SQL: SHOW COLUMNS FROM `wrt_pro_decorate` [ RunTime:0.004010s ]
SQL: SELECT * FROM `wrt_pro_decorate` WHERE ( rid=2 ) LIMIT 1   [ RunTime:0.000263s ]

[ 2014-12-16T16:14:29+08:00 ] ::1 /whr/index.php?s=/Home/ProInfo/repair
ERR: 非法数据对象！:[add_time=>1418717669]

[ 2014-12-16T16:15:15+08:00 ] ::1 /whr/index.php?s=/Home/ProInfo/url_ajaxrepair
INFO: [ app_begin ] --START--
INFO: Run Behavior\ReadHtmlCacheBehavior [ RunTime:0.001174s ]
INFO: [ app_begin ] --END-- [ RunTime:0.001470s ]
SQL: SHOW COLUMNS FROM `wrt_pro_complaints` [ RunTime:0.004367s ]
SQL: SELECT * FROM `wrt_pro_complaints` WHERE ( rid=0 ) LIMIT 1   [ RunTime:0.000325s ]

[ 2014-12-16T17:17:56+08:00 ] ::1 /whr/index.php?s=/Home/ProInfo/url_ajaxdecorate
INFO: [ app_begin ] --START--
INFO: Run Behavior\ReadHtmlCacheBehavior [ RunTime:0.001350s ]
INFO: [ app_begin ] --END-- [ RunTime:0.001673s ]
SQL: SHOW COLUMNS FROM `wrt_pro_decorate` [ RunTime:0.004594s ]
SQL: SELECT * FROM `wrt_pro_decorate` WHERE ( rid=1 ) LIMIT 1   [ RunTime:0.000360s ]

[ 2014-12-16T17:41:53+08:00 ] ::1 /whr/index.php?s=/Home/ProInfo/url_ajaxdecorate
INFO: [ app_begin ] --START--
INFO: Run Behavior\ReadHtmlCacheBehavior [ RunTime:0.000406s ]
INFO: [ app_begin ] --END-- [ RunTime:0.000675s ]
SQL: SHOW COLUMNS FROM `wrt_pro_decorate` [ RunTime:0.004872s ]
SQL: SELECT * FROM `wrt_pro_decorate` WHERE ( rid=2 ) LIMIT 1   [ RunTime:0.000307s ]

[ 2014-12-16T17:41:56+08:00 ] ::1 /whr/index.php?s=/Home/ProInfo/url_ajaxdecorate
INFO: [ app_begin ] --START--
INFO: Run Behavior\ReadHtmlCacheBehavior [ RunTime:0.001289s ]
INFO: [ app_begin ] --END-- [ RunTime:0.001567s ]
SQL: SHOW COLUMNS FROM `wrt_pro_decorate` [ RunTime:0.004017s ]
SQL: SELECT * FROM `wrt_pro_decorate` WHERE ( rid=2 ) LIMIT 1   [ RunTime:0.000334s ]

[ 2014-12-16T17:44:15+08:00 ] ::1 /whr/index.php?s=/Home/ProInfo/url_ajaxdecorate
INFO: [ app_begin ] --START--
INFO: Run Behavior\ReadHtmlCacheBehavior [ RunTime:0.000538s ]
INFO: [ app_begin ] --END-- [ RunTime:0.000856s ]
SQL: SHOW COLUMNS FROM `wrt_pro_decorate` [ RunTime:0.004222s ]
SQL: SELECT * FROM `wrt_pro_decorate` WHERE ( rid=1 ) LIMIT 1   [ RunTime:0.000337s ]

[ 2014-12-16T17:44:21+08:00 ] ::1 /whr/index.php?s=/Home/ProInfo/url_ajaxdecorate
INFO: [ app_begin ] --START--
INFO: Run Behavior\ReadHtmlCacheBehavior [ RunTime:0.000581s ]
INFO: [ app_begin ] --END-- [ RunTime:0.000947s ]
SQL: SHOW COLUMNS FROM `wrt_pro_decorate` [ RunTime:0.004114s ]
SQL: SELECT * FROM `wrt_pro_decorate` WHERE ( rid=1 ) LIMIT 1   [ RunTime:0.000379s ]

[ 2014-12-16T17:45:19+08:00 ] ::1 /whr/index.php?s=/Home/ProInfo/url_ajaxdecorate
INFO: [ app_begin ] --START--
INFO: Run Behavior\ReadHtmlCacheBehavior [ RunTime:0.000488s ]
INFO: [ app_begin ] --END-- [ RunTime:0.000827s ]
SQL: SHOW COLUMNS FROM `wrt_pro_decorate` [ RunTime:0.004198s ]
SQL: SELECT * FROM `wrt_pro_decorate` WHERE ( rid=1 ) LIMIT 1   [ RunTime:0.000367s ]

[ 2014-12-16T18:04:52+08:00 ] ::1 /whr/index.php?s=/Home/ProInfo/url_ajaxdecorate
INFO: [ app_begin ] --START--
INFO: Run Behavior\ReadHtmlCacheBehavior [ RunTime:0.000471s ]
INFO: [ app_begin ] --END-- [ RunTime:0.000910s ]
SQL: SHOW COLUMNS FROM `wrt_pro_decorate` [ RunTime:0.004181s ]
SQL: SELECT * FROM `wrt_pro_decorate` WHERE ( rid=1 ) LIMIT 1   [ RunTime:0.000311s ]

[ 2014-12-16T18:04:59+08:00 ] ::1 /whr/index.php?s=/Home/ProInfo/url_ajaxdecorate
INFO: [ app_begin ] --START--
INFO: Run Behavior\ReadHtmlCacheBehavior [ RunTime:0.001352s ]
INFO: [ app_begin ] --END-- [ RunTime:0.001673s ]
SQL: SHOW COLUMNS FROM `wrt_pro_decorate` [ RunTime:0.004077s ]
SQL: SELECT * FROM `wrt_pro_decorate` WHERE ( rid=2 ) LIMIT 1   [ RunTime:0.000281s ]

[ 2014-12-16T18:06:40+08:00 ] ::1 /whr/index.php?s=/Home/ProInfo/url_ajaxdecorate
INFO: [ app_begin ] --START--
INFO: Run Behavior\ReadHtmlCacheBehavior [ RunTime:0.000479s ]
INFO: [ app_begin ] --END-- [ RunTime:0.000852s ]
SQL: SHOW COLUMNS FROM `wrt_pro_decorate` [ RunTime:0.004583s ]
SQL: SELECT * FROM `wrt_pro_decorate` WHERE ( rid=1 ) LIMIT 1   [ RunTime:0.000490s ]

[ 2014-12-16T18:06:44+08:00 ] ::1 /whr/index.php?s=/Home/ProInfo/url_ajaxdecorate
INFO: [ app_begin ] --START--
INFO: Run Behavior\ReadHtmlCacheBehavior [ RunTime:0.000419s ]
INFO: [ app_begin ] --END-- [ RunTime:0.000698s ]
SQL: SHOW COLUMNS FROM `wrt_pro_decorate` [ RunTime:0.003993s ]
SQL: SELECT * FROM `wrt_pro_decorate` WHERE ( rid=1 ) LIMIT 1   [ RunTime:0.000283s ]

[ 2014-12-16T18:08:34+08:00 ] ::1 /whr/index.php?s=/Home/ProInfo/url_ajaxdecorate
INFO: [ app_begin ] --START--
INFO: Run Behavior\ReadHtmlCacheBehavior [ RunTime:0.000484s ]
INFO: [ app_begin ] --END-- [ RunTime:0.000794s ]
SQL: SHOW COLUMNS FROM `wrt_pro_decorate` [ RunTime:0.004367s ]
SQL: SELECT * FROM `wrt_pro_decorate` WHERE ( rid=1 ) LIMIT 1   [ RunTime:0.000392s ]

[ 2014-12-16T18:08:46+08:00 ] ::1 /whr/index.php?s=/Home/ProInfo/url_ajaxdecorate
INFO: [ app_begin ] --START--
INFO: Run Behavior\ReadHtmlCacheBehavior [ RunTime:0.000541s ]
INFO: [ app_begin ] --END-- [ RunTime:0.000859s ]
SQL: SHOW COLUMNS FROM `wrt_pro_decorate` [ RunTime:0.003991s ]
SQL: SELECT * FROM `wrt_pro_decorate` WHERE ( rid=1 ) LIMIT 1   [ RunTime:0.000223s ]

[ 2014-12-16T18:09:01+08:00 ] ::1 /whr/index.php?s=/Home/ProInfo/url_ajaxdecorate
INFO: [ app_begin ] --START--
INFO: Run Behavior\ReadHtmlCacheBehavior [ RunTime:0.000448s ]
INFO: [ app_begin ] --END-- [ RunTime:0.000758s ]
SQL: SHOW COLUMNS FROM `wrt_pro_decorate` [ RunTime:0.004587s ]
SQL: SELECT * FROM `wrt_pro_decorate` WHERE ( rid=1 ) LIMIT 1   [ RunTime:0.000256s ]

[ 2014-12-16T18:16:39+08:00 ] ::1 /whr/index.php?s=/Home/ProInfo/url_ajaxdecorate
INFO: [ app_begin ] --START--
INFO: Run Behavior\ReadHtmlCacheBehavior [ RunTime:0.000408s ]
INFO: [ app_begin ] --END-- [ RunTime:0.000669s ]
SQL: SHOW COLUMNS FROM `wrt_pro_decorate` [ RunTime:0.004259s ]
SQL: SELECT * FROM `wrt_pro_decorate` WHERE ( rid=1 ) LIMIT 1   [ RunTime:0.000323s ]

[ 2014-12-16T18:16:48+08:00 ] ::1 /whr/index.php?s=/Home/ProInfo/url_ajaxdecorate
INFO: [ app_begin ] --START--
INFO: Run Behavior\ReadHtmlCacheBehavior [ RunTime:0.002036s ]
INFO: [ app_begin ] --END-- [ RunTime:0.002354s ]
SQL: SHOW COLUMNS FROM `wrt_pro_decorate` [ RunTime:0.004433s ]
SQL: SELECT * FROM `wrt_pro_decorate` WHERE ( rid=1 ) LIMIT 1   [ RunTime:0.000253s ]

[ 2014-12-16T18:17:00+08:00 ] ::1 /whr/index.php?s=/Home/ProInfo/url_ajaxdecorate
INFO: [ app_begin ] --START--
INFO: Run Behavior\ReadHtmlCacheBehavior [ RunTime:0.000496s ]
INFO: [ app_begin ] --END-- [ RunTime:0.000775s ]
SQL: SHOW COLUMNS FROM `wrt_pro_decorate` [ RunTime:0.003934s ]
SQL: SELECT * FROM `wrt_pro_decorate` WHERE ( rid=1 ) LIMIT 1   [ RunTime:0.000284s ]

[ 2014-12-16T18:17:03+08:00 ] ::1 /whr/index.php?s=/Home/ProInfo/url_ajaxdecorate
INFO: [ app_begin ] --START--
INFO: Run Behavior\ReadHtmlCacheBehavior [ RunTime:0.001411s ]
INFO: [ app_begin ] --END-- [ RunTime:0.001685s ]
SQL: SHOW COLUMNS FROM `wrt_pro_decorate` [ RunTime:0.004280s ]
SQL: SELECT * FROM `wrt_pro_decorate` WHERE ( rid=1 ) LIMIT 1   [ RunTime:0.000267s ]

[ 2014-12-16T18:17:13+08:00 ] ::1 /whr/index.php?s=/Home/ProInfo/url_ajaxdecorate
INFO: [ app_begin ] --START--
INFO: Run Behavior\ReadHtmlCacheBehavior [ RunTime:0.000403s ]
INFO: [ app_begin ] --END-- [ RunTime:0.000676s ]
SQL: SHOW COLUMNS FROM `wrt_pro_decorate` [ RunTime:0.004343s ]
SQL: SELECT * FROM `wrt_pro_decorate` WHERE ( rid=1 ) LIMIT 1   [ RunTime:0.000262s ]

[ 2014-12-16T18:17:57+08:00 ] ::1 /whr/index.php?s=/Home/ProInfo/url_ajaxdecorate
INFO: [ app_begin ] --START--
INFO: Run Behavior\ReadHtmlCacheBehavior [ RunTime:0.000466s ]
INFO: [ app_begin ] --END-- [ RunTime:0.000794s ]
SQL: SHOW COLUMNS FROM `wrt_pro_decorate` [ RunTime:0.005162s ]
SQL: SELECT * FROM `wrt_pro_decorate` WHERE ( rid=1 ) LIMIT 1   [ RunTime:0.000399s ]

[ 2014-12-16T18:18:38+08:00 ] ::1 /whr/index.php?s=/Home/ProInfo/url_ajaxdecorate
INFO: [ app_begin ] --START--
INFO: Run Behavior\ReadHtmlCacheBehavior [ RunTime:0.000542s ]
INFO: [ app_begin ] --END-- [ RunTime:0.000868s ]
SQL: SHOW COLUMNS FROM `wrt_pro_decorate` [ RunTime:0.003999s ]
SQL: SELECT * FROM `wrt_pro_decorate` WHERE ( rid=1 ) LIMIT 1   [ RunTime:0.000271s ]

[ 2014-12-16T18:18:51+08:00 ] ::1 /whr/index.php?s=/Home/ProInfo/url_ajaxdecorate
INFO: [ app_begin ] --START--
INFO: Run Behavior\ReadHtmlCacheBehavior [ RunTime:0.000416s ]
INFO: [ app_begin ] --END-- [ RunTime:0.000803s ]
SQL: SHOW COLUMNS FROM `wrt_pro_decorate` [ RunTime:0.004073s ]
SQL: SELECT * FROM `wrt_pro_decorate` WHERE ( rid=1 ) LIMIT 1   [ RunTime:0.000297s ]

[ 2014-12-16T18:19:08+08:00 ] ::1 /whr/index.php?s=/Home/ProInfo/url_ajaxdecorate
INFO: [ app_begin ] --START--
INFO: Run Behavior\ReadHtmlCacheBehavior [ RunTime:0.000575s ]
INFO: [ app_begin ] --END-- [ RunTime:0.000916s ]
SQL: SHOW COLUMNS FROM `wrt_pro_decorate` [ RunTime:0.004198s ]
SQL: SELECT * FROM `wrt_pro_decorate` WHERE ( rid=1 ) LIMIT 1   [ RunTime:0.000316s ]

[ 2014-12-16T18:24:10+08:00 ] ::1 /whr/index.php?s=/Home/ProInfo/url_ajaxdecorate
INFO: [ app_begin ] --START--
INFO: Run Behavior\ReadHtmlCacheBehavior [ RunTime:0.000461s ]
INFO: [ app_begin ] --END-- [ RunTime:0.000791s ]
SQL: SHOW COLUMNS FROM `wrt_pro_decorate` [ RunTime:0.004604s ]
SQL: SELECT * FROM `wrt_pro_decorate` WHERE ( rid=1 ) LIMIT 1   [ RunTime:0.000320s ]

[ 2014-12-16T18:24:29+08:00 ] ::1 /whr/index.php?s=/Home/ProInfo/url_ajaxdecorate
INFO: [ app_begin ] --START--
INFO: Run Behavior\ReadHtmlCacheBehavior [ RunTime:0.000429s ]
INFO: [ app_begin ] --END-- [ RunTime:0.000714s ]
SQL: SHOW COLUMNS FROM `wrt_pro_decorate` [ RunTime:0.004352s ]
SQL: SELECT * FROM `wrt_pro_decorate` WHERE ( rid=1 ) LIMIT 1   [ RunTime:0.000382s ]

[ 2014-12-16T18:24:56+08:00 ] ::1 /whr/index.php?s=/Home/ProInfo/url_ajaxdecorate
INFO: [ app_begin ] --START--
INFO: Run Behavior\ReadHtmlCacheBehavior [ RunTime:0.000421s ]
INFO: [ app_begin ] --END-- [ RunTime:0.000704s ]
SQL: SHOW COLUMNS FROM `wrt_pro_decorate` [ RunTime:0.004322s ]
SQL: SELECT * FROM `wrt_pro_decorate` WHERE ( rid=1 ) LIMIT 1   [ RunTime:0.000346s ]

[ 2014-12-16T18:25:49+08:00 ] ::1 /whr/index.php?s=/Home/ProInfo/url_ajaxdecorate
INFO: [ app_begin ] --START--
INFO: Run Behavior\ReadHtmlCacheBehavior [ RunTime:0.000419s ]
INFO: [ app_begin ] --END-- [ RunTime:0.000697s ]
SQL: SHOW COLUMNS FROM `wrt_pro_decorate` [ RunTime:0.003950s ]
SQL: SELECT * FROM `wrt_pro_decorate` WHERE ( rid=1 ) LIMIT 1   [ RunTime:0.000270s ]

[ 2014-12-16T18:26:40+08:00 ] ::1 /whr/index.php?s=/Home/ProInfo/url_ajaxdecorate
INFO: [ app_begin ] --START--
INFO: Run Behavior\ReadHtmlCacheBehavior [ RunTime:0.000572s ]
INFO: [ app_begin ] --END-- [ RunTime:0.000917s ]
SQL: SHOW COLUMNS FROM `wrt_pro_decorate` [ RunTime:0.003935s ]
SQL: SELECT * FROM `wrt_pro_decorate` WHERE ( rid=1 ) LIMIT 1   [ RunTime:0.000300s ]

[ 2014-12-16T18:27:44+08:00 ] ::1 /whr/index.php?s=/Home/ProInfo/url_ajaxdecorate
INFO: [ app_begin ] --START--
INFO: Run Behavior\ReadHtmlCacheBehavior [ RunTime:0.000549s ]
INFO: [ app_begin ] --END-- [ RunTime:0.000882s ]
SQL: SHOW COLUMNS FROM `wrt_pro_decorate` [ RunTime:0.004034s ]
SQL: SELECT * FROM `wrt_pro_decorate` WHERE ( rid=1 ) LIMIT 1   [ RunTime:0.000333s ]

[ 2014-12-16T18:29:13+08:00 ] ::1 /whr/index.php?s=/Home/ProInfo/url_ajaxdecorate
INFO: [ app_begin ] --START--
INFO: Run Behavior\ReadHtmlCacheBehavior [ RunTime:0.000415s ]
INFO: [ app_begin ] --END-- [ RunTime:0.000679s ]
SQL: SHOW COLUMNS FROM `wrt_pro_decorate` [ RunTime:0.004362s ]
SQL: SELECT * FROM `wrt_pro_decorate` WHERE ( rid=3 ) LIMIT 1   [ RunTime:0.000421s ]

[ 2014-12-16T18:29:21+08:00 ] ::1 /whr/index.php?s=/Home/ProInfo/url_ajaxdecorate
INFO: [ app_begin ] --START--
INFO: Run Behavior\ReadHtmlCacheBehavior [ RunTime:0.000400s ]
INFO: [ app_begin ] --END-- [ RunTime:0.000669s ]
SQL: SHOW COLUMNS FROM `wrt_pro_decorate` [ RunTime:0.003982s ]
SQL: SELECT * FROM `wrt_pro_decorate` WHERE ( rid=1 ) LIMIT 1   [ RunTime:0.000304s ]

[ 2014-12-16T18:29:23+08:00 ] ::1 /whr/index.php?s=/Home/ProInfo/url_ajaxdecorate
INFO: [ app_begin ] --START--
INFO: Run Behavior\ReadHtmlCacheBehavior [ RunTime:0.000410s ]
INFO: [ app_begin ] --END-- [ RunTime:0.000701s ]
SQL: SHOW COLUMNS FROM `wrt_pro_decorate` [ RunTime:0.004188s ]
SQL: SELECT * FROM `wrt_pro_decorate` WHERE ( rid=1 ) LIMIT 1   [ RunTime:0.000346s ]

[ 2014-12-16T18:30:25+08:00 ] ::1 /whr/index.php?s=/Home/ProInfo/url_ajaxdecorate
INFO: [ app_begin ] --START--
INFO: Run Behavior\ReadHtmlCacheBehavior [ RunTime:0.000429s ]
INFO: [ app_begin ] --END-- [ RunTime:0.000713s ]
SQL: SHOW COLUMNS FROM `wrt_pro_decorate` [ RunTime:0.004726s ]
SQL: SELECT * FROM `wrt_pro_decorate` WHERE ( rid=1 ) LIMIT 1   [ RunTime:0.000302s ]

[ 2014-12-16T18:31:15+08:00 ] ::1 /whr/index.php?s=/Home/ProInfo/url_ajaxdecorate
INFO: [ app_begin ] --START--
INFO: Run Behavior\ReadHtmlCacheBehavior [ RunTime:0.000535s ]
INFO: [ app_begin ] --END-- [ RunTime:0.000887s ]
SQL: SHOW COLUMNS FROM `wrt_pro_decorate` [ RunTime:0.004078s ]
SQL: SELECT * FROM `wrt_pro_decorate` WHERE ( rid=1 ) LIMIT 1   [ RunTime:0.000296s ]

[ 2014-12-16T18:31:26+08:00 ] ::1 /whr/index.php?s=/Home/ProInfo/url_ajaxdecorate
INFO: [ app_begin ] --START--
INFO: Run Behavior\ReadHtmlCacheBehavior [ RunTime:0.001296s ]
INFO: [ app_begin ] --END-- [ RunTime:0.001574s ]
SQL: SHOW COLUMNS FROM `wrt_pro_decorate` [ RunTime:0.004319s ]
SQL: SELECT * FROM `wrt_pro_decorate` WHERE ( rid=1 ) LIMIT 1   [ RunTime:0.000374s ]

[ 2014-12-16T18:31:29+08:00 ] ::1 /whr/index.php?s=/Home/ProInfo/url_ajaxdecorate
INFO: [ app_begin ] --START--
INFO: Run Behavior\ReadHtmlCacheBehavior [ RunTime:0.000428s ]
INFO: [ app_begin ] --END-- [ RunTime:0.000713s ]
SQL: SHOW COLUMNS FROM `wrt_pro_decorate` [ RunTime:0.004826s ]
SQL: SELECT * FROM `wrt_pro_decorate` WHERE ( rid=1 ) LIMIT 1   [ RunTime:0.000322s ]

[ 2014-12-16T18:31:57+08:00 ] ::1 /whr/index.php?s=/Home/ProInfo/url_ajaxdecorate
INFO: [ app_begin ] --START--
INFO: Run Behavior\ReadHtmlCacheBehavior [ RunTime:0.000399s ]
INFO: [ app_begin ] --END-- [ RunTime:0.000712s ]
SQL: SHOW COLUMNS FROM `wrt_pro_decorate` [ RunTime:0.004178s ]
SQL: SELECT * FROM `wrt_pro_decorate` WHERE ( rid=1 ) LIMIT 1   [ RunTime:0.000298s ]

[ 2014-12-16T18:33:14+08:00 ] ::1 /whr/index.php?s=/Home/ProInfo/url_ajaxdecorate
INFO: [ app_begin ] --START--
INFO: Run Behavior\ReadHtmlCacheBehavior [ RunTime:0.000411s ]
INFO: [ app_begin ] --END-- [ RunTime:0.000701s ]
SQL: SHOW COLUMNS FROM `wrt_pro_decorate` [ RunTime:0.004069s ]
SQL: SELECT * FROM `wrt_pro_decorate` WHERE ( rid=1 ) LIMIT 1   [ RunTime:0.000301s ]

[ 2014-12-16T18:33:17+08:00 ] ::1 /whr/index.php?s=/Home/ProInfo/url_ajaxdecorate
INFO: [ app_begin ] --START--
INFO: Run Behavior\ReadHtmlCacheBehavior [ RunTime:0.000573s ]
INFO: [ app_begin ] --END-- [ RunTime:0.000916s ]
SQL: SHOW COLUMNS FROM `wrt_pro_decorate` [ RunTime:0.004440s ]
SQL: SELECT * FROM `wrt_pro_decorate` WHERE ( rid=1 ) LIMIT 1   [ RunTime:0.000366s ]

[ 2014-12-16T18:34:14+08:00 ] ::1 /whr/index.php?s=/Home/ProInfo/url_ajaxdecorate
INFO: [ app_begin ] --START--
INFO: Run Behavior\ReadHtmlCacheBehavior [ RunTime:0.000582s ]
INFO: [ app_begin ] --END-- [ RunTime:0.000919s ]
SQL: SHOW COLUMNS FROM `wrt_pro_decorate` [ RunTime:0.004713s ]
SQL: SELECT * FROM `wrt_pro_decorate` WHERE ( rid=1 ) LIMIT 1   [ RunTime:0.000329s ]

[ 2014-12-16T18:56:05+08:00 ] ::1 /whr/index.php?s=/Home/ProInfo/url_ajaxdecorate
INFO: [ app_begin ] --START--
INFO: Run Behavior\ReadHtmlCacheBehavior [ RunTime:0.000561s ]
INFO: [ app_begin ] --END-- [ RunTime:0.000893s ]
SQL: SHOW COLUMNS FROM `wrt_pro_decorate` [ RunTime:0.004112s ]
SQL: SELECT * FROM `wrt_pro_decorate` WHERE ( rid=1 ) LIMIT 1   [ RunTime:0.000309s ]

[ 2014-12-16T18:57:44+08:00 ] ::1 /whr/index.php?s=/Home/ProInfo/url_ajaxdecorate
INFO: [ app_begin ] --START--
INFO: Run Behavior\ReadHtmlCacheBehavior [ RunTime:0.000675s ]
INFO: [ app_begin ] --END-- [ RunTime:0.000983s ]
SQL: SHOW COLUMNS FROM `wrt_pro_decorate` [ RunTime:0.004311s ]
SQL: SELECT * FROM `wrt_pro_decorate` WHERE ( rid=1 ) LIMIT 1   [ RunTime:0.000339s ]

[ 2014-12-16T18:58:53+08:00 ] ::1 /whr/index.php?s=/Home/ProInfo/url_ajaxdecorate
INFO: [ app_begin ] --START--
INFO: Run Behavior\ReadHtmlCacheBehavior [ RunTime:0.000414s ]
INFO: [ app_begin ] --END-- [ RunTime:0.000685s ]
SQL: SHOW COLUMNS FROM `wrt_pro_decorate` [ RunTime:0.004647s ]
SQL: SELECT * FROM `wrt_pro_decorate` WHERE ( rid=1 ) LIMIT 1   [ RunTime:0.000367s ]

[ 2014-12-16T18:59:09+08:00 ] ::1 /whr/index.php?s=/Home/ProInfo/url_ajaxdecorate
INFO: [ app_begin ] --START--
INFO: Run Behavior\ReadHtmlCacheBehavior [ RunTime:0.000540s ]
INFO: [ app_begin ] --END-- [ RunTime:0.000873s ]
SQL: SHOW COLUMNS FROM `wrt_pro_decorate` [ RunTime:0.004488s ]
SQL: SELECT * FROM `wrt_pro_decorate` WHERE ( rid=1 ) LIMIT 1   [ RunTime:0.000339s ]

[ 2014-12-16T19:00:05+08:00 ] ::1 /whr/index.php?s=/Home/ProInfo/url_ajaxdecorate
INFO: [ app_begin ] --START--
INFO: Run Behavior\ReadHtmlCacheBehavior [ RunTime:0.000432s ]
INFO: [ app_begin ] --END-- [ RunTime:0.000717s ]
SQL: SHOW COLUMNS FROM `wrt_pro_decorate` [ RunTime:0.004060s ]
SQL: SELECT * FROM `wrt_pro_decorate` WHERE ( rid=1 ) LIMIT 1   [ RunTime:0.000266s ]

[ 2014-12-16T19:00:23+08:00 ] ::1 /whr/index.php?s=/Home/ProInfo/url_ajaxdecorate
INFO: [ app_begin ] --START--
INFO: Run Behavior\ReadHtmlCacheBehavior [ RunTime:0.000444s ]
INFO: [ app_begin ] --END-- [ RunTime:0.000742s ]
SQL: SHOW COLUMNS FROM `wrt_pro_decorate` [ RunTime:0.004198s ]
SQL: SELECT * FROM `wrt_pro_decorate` WHERE ( rid=1 ) LIMIT 1   [ RunTime:0.000268s ]

[ 2014-12-16T20:06:42+08:00 ] ::1 /whr/index.php?s=/Home/ProInfo/url_ajaxdecorate
INFO: [ app_begin ] --START--
INFO: Run Behavior\ReadHtmlCacheBehavior [ RunTime:0.000450s ]
INFO: [ app_begin ] --END-- [ RunTime:0.000768s ]
SQL: SHOW COLUMNS FROM `wrt_pro_decorate` [ RunTime:0.004284s ]
SQL: SELECT * FROM `wrt_pro_decorate` WHERE ( rid=1 ) LIMIT 1   [ RunTime:0.000348s ]

[ 2014-12-16T20:08:18+08:00 ] ::1 /whr/index.php?s=/Home/ProInfo/url_ajaxdecorate
INFO: [ app_begin ] --START--
INFO: Run Behavior\ReadHtmlCacheBehavior [ RunTime:0.000565s ]
INFO: [ app_begin ] --END-- [ RunTime:0.000896s ]
SQL: SHOW COLUMNS FROM `wrt_pro_decorate` [ RunTime:0.004077s ]
SQL: SELECT * FROM `wrt_pro_decorate` WHERE ( rid=2 ) LIMIT 1   [ RunTime:0.000332s ]

[ 2014-12-16T20:14:32+08:00 ] ::1 /whr/index.php?s=/Home/ProInfo/url_ajaxhinder
INFO: [ app_begin ] --START--
INFO: Run Behavior\ReadHtmlCacheBehavior [ RunTime:0.000415s ]
INFO: [ app_begin ] --END-- [ RunTime:0.000675s ]
SQL: SHOW COLUMNS FROM `wrt_pro_repair` [ RunTime:0.004095s ]
SQL: SELECT * FROM `wrt_pro_repair` WHERE ( rid=1 ) LIMIT 1   [ RunTime:0.000271s ]

[ 2014-12-16T20:15:24+08:00 ] ::1 /whr/index.php?s=/Home/ProInfo/url_ajaxdecorate
INFO: [ app_begin ] --START--
INFO: Run Behavior\ReadHtmlCacheBehavior [ RunTime:0.000580s ]
INFO: [ app_begin ] --END-- [ RunTime:0.000939s ]
SQL: SHOW COLUMNS FROM `wrt_pro_decorate` [ RunTime:0.004083s ]
SQL: SELECT * FROM `wrt_pro_decorate` WHERE ( rid=1 ) LIMIT 1   [ RunTime:0.000307s ]

[ 2014-12-16T20:16:52+08:00 ] ::1 /whr/index.php?s=/Home/ProInfo/url_ajaxdecorate
INFO: [ app_begin ] --START--
INFO: Run Behavior\ReadHtmlCacheBehavior [ RunTime:0.000538s ]
INFO: [ app_begin ] --END-- [ RunTime:0.000838s ]
SQL: SHOW COLUMNS FROM `wrt_pro_decorate` [ RunTime:0.003967s ]
SQL: SELECT * FROM `wrt_pro_decorate` WHERE ( rid=1 ) LIMIT 1   [ RunTime:0.000283s ]

[ 2014-12-16T20:17:11+08:00 ] ::1 /whr/index.php?s=/Home/ProInfo/url_ajaxhinder
INFO: [ app_begin ] --START--
INFO: Run Behavior\ReadHtmlCacheBehavior [ RunTime:0.000412s ]
INFO: [ app_begin ] --END-- [ RunTime:0.000714s ]
SQL: SHOW COLUMNS FROM `wrt_pro_repair` [ RunTime:0.004532s ]
SQL: SELECT * FROM `wrt_pro_repair` WHERE ( rid=1 ) LIMIT 1   [ RunTime:0.000397s ]

[ 2014-12-16T20:17:16+08:00 ] ::1 /whr/index.php?s=/Home/ProInfo/url_ajaxdecorate
INFO: [ app_begin ] --START--
INFO: Run Behavior\ReadHtmlCacheBehavior [ RunTime:0.000430s ]
INFO: [ app_begin ] --END-- [ RunTime:0.000730s ]
SQL: SHOW COLUMNS FROM `wrt_pro_decorate` [ RunTime:0.004652s ]
SQL: SELECT * FROM `wrt_pro_decorate` WHERE ( rid=1 ) LIMIT 1   [ RunTime:0.000275s ]

[ 2014-12-16T20:17:22+08:00 ] ::1 /whr/index.php?s=/Home/ProInfo/url_ajaxhinder
INFO: [ app_begin ] --START--
INFO: Run Behavior\ReadHtmlCacheBehavior [ RunTime:0.000468s ]
INFO: [ app_begin ] --END-- [ RunTime:0.000800s ]
SQL: SHOW COLUMNS FROM `wrt_pro_repair` [ RunTime:0.004196s ]
SQL: SELECT * FROM `wrt_pro_repair` WHERE ( rid=1 ) LIMIT 1   [ RunTime:0.000295s ]

[ 2014-12-16T20:20:42+08:00 ] ::1 /whr/index.php?s=/Home/ProInfo/url_ajaxhinder
INFO: [ app_begin ] --START--
INFO: Run Behavior\ReadHtmlCacheBehavior [ RunTime:0.000664s ]
INFO: [ app_begin ] --END-- [ RunTime:0.001001s ]
SQL: SHOW COLUMNS FROM `wrt_pro_repair` [ RunTime:0.003961s ]
SQL: SELECT * FROM `wrt_pro_repair` WHERE ( rid=1 ) LIMIT 1   [ RunTime:0.000330s ]

[ 2014-12-16T20:21:44+08:00 ] ::1 /whr/index.php?s=/Home/ProInfo/url_ajaxhinder
INFO: [ app_begin ] --START--
INFO: Run Behavior\ReadHtmlCacheBehavior [ RunTime:0.000420s ]
INFO: [ app_begin ] --END-- [ RunTime:0.000701s ]
SQL: SHOW COLUMNS FROM `wrt_pro_repair` [ RunTime:0.004359s ]
SQL: SELECT * FROM `wrt_pro_repair` WHERE ( rid=1 ) LIMIT 1   [ RunTime:0.000405s ]

[ 2014-12-16T20:21:49+08:00 ] ::1 /whr/index.php?s=/Home/ProInfo/url_ajaxhinder
INFO: [ app_begin ] --START--
INFO: Run Behavior\ReadHtmlCacheBehavior [ RunTime:0.001507s ]
INFO: [ app_begin ] --END-- [ RunTime:0.001980s ]
SQL: SHOW COLUMNS FROM `wrt_pro_repair` [ RunTime:0.004441s ]
SQL: SELECT * FROM `wrt_pro_repair` WHERE ( rid=1 ) LIMIT 1   [ RunTime:0.000278s ]

[ 2014-12-16T20:22:51+08:00 ] ::1 /whr/index.php?s=/Home/City/city
INFO: [ app_begin ] --START--
INFO: Run Behavior\ReadHtmlCacheBehavior [ RunTime:0.000720s ]
INFO: [ app_begin ] --END-- [ RunTime:0.001144s ]
SQL: select region_id,region_name from wrt_region where parent_id =20 [ RunTime:0.003678s ]

[ 2014-12-16T20:22:51+08:00 ] ::1 /whr/index.php?s=/Home/City/vallcage
INFO: [ app_begin ] --START--
INFO: Run Behavior\ReadHtmlCacheBehavior [ RunTime:0.000663s ]
INFO: [ app_begin ] --END-- [ RunTime:0.001092s ]
SQL: select region_id,region_name from wrt_region where REGION_ID =2336 [ RunTime:0.000241s ]

[ 2014-12-16T20:22:51+08:00 ] ::1 /whr/index.php?s=/Home/City/vallage
INFO: [ app_begin ] --START--
INFO: Run Behavior\ReadHtmlCacheBehavior [ RunTime:0.005192s ]
INFO: [ app_begin ] --END-- [ RunTime:0.005516s ]
SQL: select region_id,region_name from wrt_region where parent_id =232 [ RunTime:0.003605s ]

[ 2014-12-16T20:22:51+08:00 ] ::1 /whr/index.php?s=/Home/City/city
INFO: [ app_begin ] --START--
INFO: Run Behavior\ReadHtmlCacheBehavior [ RunTime:0.000479s ]
INFO: [ app_begin ] --END-- [ RunTime:0.000805s ]
SQL: select region_id,region_name from wrt_region where parent_id =20 [ RunTime:0.004160s ]

[ 2014-12-16T20:22:51+08:00 ] ::1 /whr/index.php?s=/Home/Business/sonCate
INFO: [ app_begin ] --START--
INFO: Run Behavior\ReadHtmlCacheBehavior [ RunTime:0.000615s ]
INFO: [ app_begin ] --END-- [ RunTime:0.001054s ]
SQL: select type_id,type_name from wrt_type where parent_id = 1 [ RunTime:0.000456s ]

[ 2014-12-16T20:34:58+08:00 ] ::1 /whr/index.php?s=/Home/ProInfo/url_ajaxrepair
INFO: [ app_begin ] --START--
INFO: Run Behavior\ReadHtmlCacheBehavior [ RunTime:0.000839s ]
INFO: [ app_begin ] --END-- [ RunTime:0.001246s ]
SQL: SHOW COLUMNS FROM `wrt_pro_complaints` [ RunTime:0.004077s ]
SQL: SELECT * FROM `wrt_pro_complaints` WHERE ( rid=0 ) LIMIT 1   [ RunTime:0.000290s ]

[ 2014-12-16T20:36:23+08:00 ] ::1 /whr/index.php?s=/Home/ProInfo/url_ajaxrepair
INFO: [ app_begin ] --START--
INFO: Run Behavior\ReadHtmlCacheBehavior [ RunTime:0.000828s ]
INFO: [ app_begin ] --END-- [ RunTime:0.001183s ]
SQL: SHOW COLUMNS FROM `wrt_pro_complaints` [ RunTime:0.004170s ]
SQL: SELECT * FROM `wrt_pro_complaints` WHERE ( rid=0 ) LIMIT 1   [ RunTime:0.000271s ]

[ 2014-12-16T20:36:59+08:00 ] ::1 /whr/index.php?s=/Home/ProInfo/url_ajaxrepair
INFO: [ app_begin ] --START--
INFO: Run Behavior\ReadHtmlCacheBehavior [ RunTime:0.000726s ]
INFO: [ app_begin ] --END-- [ RunTime:0.001086s ]
SQL: SHOW COLUMNS FROM `wrt_pro_complaints` [ RunTime:0.004027s ]
SQL: SELECT * FROM `wrt_pro_complaints` WHERE ( rid=0 ) LIMIT 1   [ RunTime:0.000328s ]

