[ 2014-12-15T10:49:10+08:00 ] ::1 /whr/index.php?s=/Home/ProInfo/examine
INFO: [ app_begin ] --START--
INFO: Run Behavior\ReadHtmlCacheBehavior [ RunTime:0.000565s ]
INFO: [ app_begin ] --END-- [ RunTime:0.000892s ]
SQL: SHOW COLUMNS FROM `wrt_pro_survey` [ RunTime:0.003942s ]
SQL: SELECT * FROM `wrt_pro_survey`  [ RunTime:0.000250s ]
INFO: [ view_parse ] --START--
INFO: [ template_filter ] --START--
INFO: Run Behavior\ContentReplaceBehavior [ RunTime:0.000076s ]
INFO: [ template_filter ] --END-- [ RunTime:0.000108s ]
NOTIC: [8] Use of undefined constant id - assumed 'id' C:\xampp\htdocs\whr\Runtime\Cache\Home\7a0ab00bcf4f514d8d0a6424880e812d.php 第 149 行.
NOTIC: [8] Undefined index: nid C:\xampp\htdocs\whr\Runtime\Cache\Home\7a0ab00bcf4f514d8d0a6424880e812d.php 第 149 行.
NOTIC: [8] Use of undefined constant id - assumed 'id' C:\xampp\htdocs\whr\Runtime\Cache\Home\7a0ab00bcf4f514d8d0a6424880e812d.php 第 149 行.
NOTIC: [8] Undefined index: nid C:\xampp\htdocs\whr\Runtime\Cache\Home\7a0ab00bcf4f514d8d0a6424880e812d.php 第 149 行.
NOTIC: [8] Undefined variable: word C:\xampp\htdocs\whr\Runtime\Cache\Home\7a0ab00bcf4f514d8d0a6424880e812d.php 第 160 行.
NOTIC: [8] Undefined index: admin C:\xampp\htdocs\whr\Runtime\Cache\Home\7a0ab00bcf4f514d8d0a6424880e812d.php 第 162 行.
INFO: Run Behavior\ParseTemplateBehavior [ RunTime:0.007939s ]
INFO: [ view_parse ] --END-- [ RunTime:0.007972s ]
INFO: [ view_filter ] --START--
INFO: Run Behavior\WriteHtmlCacheBehavior [ RunTime:0.000371s ]
INFO: [ view_filter ] --END-- [ RunTime:0.000398s ]
INFO: [ app_end ] --START--
INFO: Run Behavior\ShowPageTraceBehavior [ RunTime:0.000594s ]
INFO: [ app_end ] --END-- [ RunTime:0.000624s ]

[ 2014-12-15T10:51:17+08:00 ] ::1 /whr/index.php?s=/Home/ProInfo/url_ajaxCalendar
INFO: [ app_begin ] --START--
INFO: Run Behavior\ReadHtmlCacheBehavior [ RunTime:0.000591s ]
INFO: [ app_begin ] --END-- [ RunTime:0.001102s ]
SQL: SHOW COLUMNS FROM `wrt_pro_survey` [ RunTime:0.004097s ]
NOTIC: [8] Use of undefined constant id - assumed 'id' C:\xampp\htdocs\whr\App\Home\Controller\ProInfoController.class.php 第 158 行.
SQL: SELECT * FROM `wrt_pro_survey` WHERE ( id=id ) LIMIT 1   [ RunTime:0.000286s ]

[ 2014-12-15T10:56:19+08:00 ] ::1 /whr/index.php?s=/Home/ProInfo/url_ajaxCalendar
INFO: [ app_begin ] --START--
INFO: Run Behavior\ReadHtmlCacheBehavior [ RunTime:0.000569s ]
INFO: [ app_begin ] --END-- [ RunTime:0.000879s ]
SQL: SHOW COLUMNS FROM `wrt_pro_survey` [ RunTime:0.004254s ]
NOTIC: [8] Use of undefined constant id - assumed 'id' C:\xampp\htdocs\whr\App\Home\Controller\ProInfoController.class.php 第 158 行.
SQL: SELECT * FROM `wrt_pro_survey` WHERE ( id=id ) LIMIT 1   [ RunTime:0.000375s ]

[ 2014-12-15T10:56:27+08:00 ] ::1 /whr/index.php?s=/Home/ProInfo/url_ajaxCalendar
INFO: [ app_begin ] --START--
INFO: Run Behavior\ReadHtmlCacheBehavior [ RunTime:0.001232s ]
INFO: [ app_begin ] --END-- [ RunTime:0.001499s ]
SQL: SHOW COLUMNS FROM `wrt_pro_survey` [ RunTime:0.004154s ]
NOTIC: [8] Use of undefined constant id - assumed 'id' C:\xampp\htdocs\whr\App\Home\Controller\ProInfoController.class.php 第 158 行.
SQL: SELECT * FROM `wrt_pro_survey` WHERE ( id=id ) LIMIT 1   [ RunTime:0.000322s ]

[ 2014-12-15T11:07:48+08:00 ] ::1 /whr/index.php?s=/Home/ProInfo/url_ajaxCalendar
INFO: [ app_begin ] --START--
INFO: Run Behavior\ReadHtmlCacheBehavior [ RunTime:0.000537s ]
INFO: [ app_begin ] --END-- [ RunTime:0.000857s ]
SQL: SHOW COLUMNS FROM `wrt_pro_survey` [ RunTime:0.003924s ]
NOTIC: [8] Use of undefined constant id - assumed 'id' C:\xampp\htdocs\whr\App\Home\Controller\ProInfoController.class.php 第 157 行.
SQL: SELECT * FROM `wrt_pro_survey` WHERE ( id=id ) LIMIT 1   [ RunTime:0.000259s ]

[ 2014-12-15T11:08:12+08:00 ] ::1 /whr/index.php?s=/Home/ProInfo/url_ajaxCalendar
INFO: [ app_begin ] --START--
INFO: Run Behavior\ReadHtmlCacheBehavior [ RunTime:0.000396s ]
INFO: [ app_begin ] --END-- [ RunTime:0.000665s ]
SQL: SHOW COLUMNS FROM `wrt_pro_survey` [ RunTime:0.004116s ]
NOTIC: [8] Use of undefined constant id - assumed 'id' C:\xampp\htdocs\whr\App\Home\Controller\ProInfoController.class.php 第 157 行.
SQL: SELECT * FROM `wrt_pro_survey` WHERE ( id=id ) LIMIT 1   [ RunTime:0.000266s ]

[ 2014-12-15T11:08:40+08:00 ] ::1 /whr/index.php?s=/Home/ProInfo/url_ajaxCalendar
INFO: [ app_begin ] --START--
INFO: Run Behavior\ReadHtmlCacheBehavior [ RunTime:0.001112s ]
INFO: [ app_begin ] --END-- [ RunTime:0.001384s ]
SQL: SHOW COLUMNS FROM `wrt_pro_survey` [ RunTime:0.004198s ]
NOTIC: [8] Use of undefined constant id - assumed 'id' C:\xampp\htdocs\whr\App\Home\Controller\ProInfoController.class.php 第 157 行.
SQL: SELECT * FROM `wrt_pro_survey` WHERE ( id=id ) LIMIT 1   [ RunTime:0.000250s ]

[ 2014-12-15T11:08:46+08:00 ] ::1 /whr/index.php?s=/Home/ProInfo/url_ajaxCalendar
INFO: [ app_begin ] --START--
INFO: Run Behavior\ReadHtmlCacheBehavior [ RunTime:0.000418s ]
INFO: [ app_begin ] --END-- [ RunTime:0.000704s ]
SQL: SHOW COLUMNS FROM `wrt_pro_survey` [ RunTime:0.003993s ]
NOTIC: [8] Use of undefined constant id - assumed 'id' C:\xampp\htdocs\whr\App\Home\Controller\ProInfoController.class.php 第 157 行.
SQL: SELECT * FROM `wrt_pro_survey` WHERE ( id=id ) LIMIT 1   [ RunTime:0.000296s ]

[ 2014-12-15T11:10:08+08:00 ] ::1 /whr/index.php?s=/Home/ProInfo/url_ajaxCalendar
INFO: [ app_begin ] --START--
INFO: Run Behavior\ReadHtmlCacheBehavior [ RunTime:0.000650s ]
INFO: [ app_begin ] --END-- [ RunTime:0.000982s ]
SQL: SHOW COLUMNS FROM `wrt_pro_survey` [ RunTime:0.004208s ]
NOTIC: [8] Use of undefined constant id - assumed 'id' C:\xampp\htdocs\whr\App\Home\Controller\ProInfoController.class.php 第 157 行.
SQL: SELECT * FROM `wrt_pro_survey` WHERE ( id=id ) LIMIT 1   [ RunTime:0.000250s ]

[ 2014-12-15T11:10:44+08:00 ] ::1 /whr/index.php?s=/Home/ProInfo/url_ajaxCalendar
INFO: [ app_begin ] --START--
INFO: Run Behavior\ReadHtmlCacheBehavior [ RunTime:0.000419s ]
INFO: [ app_begin ] --END-- [ RunTime:0.000708s ]
SQL: SHOW COLUMNS FROM `wrt_pro_survey` [ RunTime:0.003955s ]
NOTIC: [8] Use of undefined constant id - assumed 'id' C:\xampp\htdocs\whr\App\Home\Controller\ProInfoController.class.php 第 157 行.
SQL: SELECT * FROM `wrt_pro_survey` WHERE ( id=id ) LIMIT 1   [ RunTime:0.000241s ]

[ 2014-12-15T11:17:28+08:00 ] ::1 /whr/index.php?s=/Home/ProInfo/url_ajaxCalendar
INFO: [ app_begin ] --START--
INFO: Run Behavior\ReadHtmlCacheBehavior [ RunTime:0.000611s ]
INFO: [ app_begin ] --END-- [ RunTime:0.000957s ]
SQL: SHOW COLUMNS FROM `wrt_pro_survey` [ RunTime:0.004315s ]
NOTIC: [8] Use of undefined constant id - assumed 'id' C:\xampp\htdocs\whr\App\Home\Controller\ProInfoController.class.php 第 157 行.
SQL: SELECT * FROM `wrt_pro_survey` WHERE ( id=id ) LIMIT 1   [ RunTime:0.000264s ]

[ 2014-12-15T11:20:12+08:00 ] ::1 /whr/index.php?s=/Home/ProInfo/url_ajaxCalendar
INFO: [ app_begin ] --START--
INFO: Run Behavior\ReadHtmlCacheBehavior [ RunTime:0.000466s ]
INFO: [ app_begin ] --END-- [ RunTime:0.000751s ]
SQL: SHOW COLUMNS FROM `wrt_pro_survey` [ RunTime:0.003813s ]
NOTIC: [8] Use of undefined constant id - assumed 'id' C:\xampp\htdocs\whr\App\Home\Controller\ProInfoController.class.php 第 157 行.
SQL: SELECT * FROM `wrt_pro_survey` WHERE ( id=id ) LIMIT 1   [ RunTime:0.000256s ]

[ 2014-12-15T11:23:15+08:00 ] ::1 /whr/index.php?s=/Home/ProInfo/url_ajaxCalendar
INFO: [ app_begin ] --START--
INFO: Run Behavior\ReadHtmlCacheBehavior [ RunTime:0.001280s ]
INFO: [ app_begin ] --END-- [ RunTime:0.002460s ]
SQL: SHOW COLUMNS FROM `wrt_pro_survey` [ RunTime:0.004162s ]
NOTIC: [8] Use of undefined constant id - assumed 'id' C:\xampp\htdocs\whr\App\Home\Controller\ProInfoController.class.php 第 157 行.
SQL: SELECT * FROM `wrt_pro_survey` WHERE ( id=id ) LIMIT 1   [ RunTime:0.000376s ]

[ 2014-12-15T11:23:19+08:00 ] ::1 /whr/index.php?s=/Home/ProInfo/url_ajaxCalendar
INFO: [ app_begin ] --START--
INFO: Run Behavior\ReadHtmlCacheBehavior [ RunTime:0.001680s ]
INFO: [ app_begin ] --END-- [ RunTime:0.002068s ]
SQL: SHOW COLUMNS FROM `wrt_pro_survey` [ RunTime:0.004042s ]
NOTIC: [8] Use of undefined constant id - assumed 'id' C:\xampp\htdocs\whr\App\Home\Controller\ProInfoController.class.php 第 157 行.
SQL: SELECT * FROM `wrt_pro_survey` WHERE ( id=id ) LIMIT 1   [ RunTime:0.000279s ]

[ 2014-12-15T11:23:46+08:00 ] ::1 /whr/index.php?s=/Home/ProInfo/url_ajaxCalendar
INFO: [ app_begin ] --START--
INFO: Run Behavior\ReadHtmlCacheBehavior [ RunTime:0.000557s ]
INFO: [ app_begin ] --END-- [ RunTime:0.001031s ]
SQL: SHOW COLUMNS FROM `wrt_pro_survey` [ RunTime:0.004121s ]
NOTIC: [8] Use of undefined constant id - assumed 'id' C:\xampp\htdocs\whr\App\Home\Controller\ProInfoController.class.php 第 157 行.
SQL: SELECT * FROM `wrt_pro_survey` WHERE ( id=id ) LIMIT 1   [ RunTime:0.000300s ]

[ 2014-12-15T11:23:49+08:00 ] ::1 /whr/index.php?s=/Home/ProInfo/url_ajaxCalendar
INFO: [ app_begin ] --START--
INFO: Run Behavior\ReadHtmlCacheBehavior [ RunTime:0.000554s ]
INFO: [ app_begin ] --END-- [ RunTime:0.000841s ]
SQL: SHOW COLUMNS FROM `wrt_pro_survey` [ RunTime:0.004155s ]
NOTIC: [8] Use of undefined constant id - assumed 'id' C:\xampp\htdocs\whr\App\Home\Controller\ProInfoController.class.php 第 157 行.
SQL: SELECT * FROM `wrt_pro_survey` WHERE ( id=id ) LIMIT 1   [ RunTime:0.000390s ]

[ 2014-12-15T11:23:56+08:00 ] ::1 /whr/index.php?s=/Home/ProInfo/url_ajaxCalendar
INFO: [ app_begin ] --START--
INFO: Run Behavior\ReadHtmlCacheBehavior [ RunTime:0.000429s ]
INFO: [ app_begin ] --END-- [ RunTime:0.000711s ]
SQL: SHOW COLUMNS FROM `wrt_pro_survey` [ RunTime:0.004041s ]
NOTIC: [8] Use of undefined constant id - assumed 'id' C:\xampp\htdocs\whr\App\Home\Controller\ProInfoController.class.php 第 157 行.
SQL: SELECT * FROM `wrt_pro_survey` WHERE ( id=id ) LIMIT 1   [ RunTime:0.000274s ]

[ 2014-12-15T13:19:00+08:00 ] ::1 /whr/index.php?s=/Home/ProInfo/url_ajaxCalendar
INFO: [ app_begin ] --START--
INFO: Run Behavior\ReadHtmlCacheBehavior [ RunTime:0.001440s ]
INFO: [ app_begin ] --END-- [ RunTime:0.001794s ]
SQL: SHOW COLUMNS FROM `wrt_pro_survey` [ RunTime:0.004348s ]
NOTIC: [8] Use of undefined constant id - assumed 'id' C:\xampp\htdocs\whr\App\Home\Controller\ProInfoController.class.php 第 157 行.
SQL: SELECT * FROM `wrt_pro_survey` WHERE ( id=id ) LIMIT 1   [ RunTime:0.000305s ]

[ 2014-12-15T14:35:36+08:00 ] ::1 /whr/index.php?s=/Home/ProInfo/hinder
ERR: 非法操作:hinder

[ 2014-12-15T14:35:38+08:00 ] ::1 /whr/index.php?s=/Home/ProInfo/url_ajaxCalendar
INFO: [ app_begin ] --START--
INFO: Run Behavior\ReadHtmlCacheBehavior [ RunTime:0.000495s ]
INFO: [ app_begin ] --END-- [ RunTime:0.000806s ]
SQL: SHOW COLUMNS FROM `wrt_pro_survey` [ RunTime:0.003998s ]
NOTIC: [8] Use of undefined constant id - assumed 'id' C:\xampp\htdocs\whr\App\Home\Controller\ProInfoController.class.php 第 168 行.
SQL: SELECT * FROM `wrt_pro_survey` WHERE ( id=id ) LIMIT 1   [ RunTime:0.000299s ]

[ 2014-12-15T14:36:20+08:00 ] ::1 /whr/index.php?s=/Home/ProInfo/hinder
ERR: 非法操作:hinder

[ 2014-12-15T14:36:23+08:00 ] ::1 /whr/index.php?s=/Home/ProInfo/url_ajaxCalendar
INFO: [ app_begin ] --START--
INFO: Run Behavior\ReadHtmlCacheBehavior [ RunTime:0.000573s ]
INFO: [ app_begin ] --END-- [ RunTime:0.000873s ]
SQL: SHOW COLUMNS FROM `wrt_pro_survey` [ RunTime:0.004345s ]
NOTIC: [8] Use of undefined constant id - assumed 'id' C:\xampp\htdocs\whr\App\Home\Controller\ProInfoController.class.php 第 167 行.
SQL: SELECT * FROM `wrt_pro_survey` WHERE ( id=id ) LIMIT 1   [ RunTime:0.000339s ]

[ 2014-12-15T14:37:51+08:00 ] ::1 /whr/index.php?s=/Home/ProInfo/url_ajaxCalendar
INFO: [ app_begin ] --START--
INFO: Run Behavior\ReadHtmlCacheBehavior [ RunTime:0.000488s ]
INFO: [ app_begin ] --END-- [ RunTime:0.000788s ]
SQL: SHOW COLUMNS FROM `wrt_pro_survey` [ RunTime:0.004160s ]
NOTIC: [8] Use of undefined constant id - assumed 'id' C:\xampp\htdocs\whr\App\Home\Controller\ProInfoController.class.php 第 167 行.
SQL: SELECT * FROM `wrt_pro_survey` WHERE ( id=id ) LIMIT 1   [ RunTime:0.000300s ]

[ 2014-12-15T14:38:16+08:00 ] ::1 /whr/index.php?s=/Home/ProInfo/url_ajaxCalendar
INFO: [ app_begin ] --START--
INFO: Run Behavior\ReadHtmlCacheBehavior [ RunTime:0.000481s ]
INFO: [ app_begin ] --END-- [ RunTime:0.000772s ]
SQL: SHOW COLUMNS FROM `wrt_pro_survey` [ RunTime:0.004005s ]
NOTIC: [8] Use of undefined constant id - assumed 'id' C:\xampp\htdocs\whr\App\Home\Controller\ProInfoController.class.php 第 168 行.
SQL: SELECT * FROM `wrt_pro_survey` WHERE ( id=id ) LIMIT 1   [ RunTime:0.000222s ]

[ 2014-12-15T14:38:37+08:00 ] ::1 /whr/index.php?s=/Home/ProInfo/url_ajaxCalendar
INFO: [ app_begin ] --START--
INFO: Run Behavior\ReadHtmlCacheBehavior [ RunTime:0.000447s ]
INFO: [ app_begin ] --END-- [ RunTime:0.000723s ]
SQL: SHOW COLUMNS FROM `wrt_pro_survey` [ RunTime:0.004465s ]
NOTIC: [8] Use of undefined constant id - assumed 'id' C:\xampp\htdocs\whr\App\Home\Controller\ProInfoController.class.php 第 168 行.
SQL: SELECT * FROM `wrt_pro_survey` WHERE ( id=id ) LIMIT 1   [ RunTime:0.000357s ]

[ 2014-12-15T14:41:09+08:00 ] ::1 /whr/index.php?s=/Home/ProInfo/url_ajaxCalendar
INFO: [ app_begin ] --START--
INFO: Run Behavior\ReadHtmlCacheBehavior [ RunTime:0.000583s ]
INFO: [ app_begin ] --END-- [ RunTime:0.000895s ]
SQL: SHOW COLUMNS FROM `wrt_pro_survey` [ RunTime:0.004339s ]
NOTIC: [8] Use of undefined constant id - assumed 'id' C:\xampp\htdocs\whr\App\Home\Controller\ProInfoController.class.php 第 168 行.
SQL: SELECT * FROM `wrt_pro_survey` WHERE ( id=id ) LIMIT 1   [ RunTime:0.000291s ]

[ 2014-12-15T14:41:21+08:00 ] ::1 /whr/index.php?s=/Home/ProInfo/url_ajaxCalendar
INFO: [ app_begin ] --START--
INFO: Run Behavior\ReadHtmlCacheBehavior [ RunTime:0.000498s ]
INFO: [ app_begin ] --END-- [ RunTime:0.000762s ]
SQL: SHOW COLUMNS FROM `wrt_pro_survey` [ RunTime:0.004731s ]
NOTIC: [8] Use of undefined constant id - assumed 'id' C:\xampp\htdocs\whr\App\Home\Controller\ProInfoController.class.php 第 168 行.
SQL: SELECT * FROM `wrt_pro_survey` WHERE ( id=id ) LIMIT 1   [ RunTime:0.000414s ]

[ 2014-12-15T15:01:47+08:00 ] ::1 /whr/index.php?s=/Home/ProInfo/url_ajaxCalendar
INFO: [ app_begin ] --START--
INFO: Run Behavior\ReadHtmlCacheBehavior [ RunTime:0.000438s ]
INFO: [ app_begin ] --END-- [ RunTime:0.000753s ]
NOTIC: [8] Use of undefined constant id - assumed 'id' C:\xampp\htdocs\whr\App\Home\Controller\ProInfoController.class.php 第 169 行.
SQL: SELECT * FROM `wrt_` WHERE ( id=id ) LIMIT 1   [ RunTime:0.000421s ]
ERR: 1146:Table 'wrtdate.wrt_' doesn't exist
 [ SQL语句 ] : SELECT * FROM `wrt_` WHERE ( id=id ) LIMIT 1  

[ 2014-12-15T15:01:49+08:00 ] ::1 /whr/index.php?s=/Home/ProInfo/url_ajaxCalendar
INFO: [ app_begin ] --START--
INFO: Run Behavior\ReadHtmlCacheBehavior [ RunTime:0.001396s ]
INFO: [ app_begin ] --END-- [ RunTime:0.001756s ]
NOTIC: [8] Use of undefined constant id - assumed 'id' C:\xampp\htdocs\whr\App\Home\Controller\ProInfoController.class.php 第 169 行.
SQL: SELECT * FROM `wrt_` WHERE ( id=id ) LIMIT 1   [ RunTime:0.000953s ]
ERR: 1146:Table 'wrtdate.wrt_' doesn't exist
 [ SQL语句 ] : SELECT * FROM `wrt_` WHERE ( id=id ) LIMIT 1  

[ 2014-12-15T15:02:10+08:00 ] ::1 /whr/index.php?s=/Home/ProInfo/url_ajaxCalendar
INFO: [ app_begin ] --START--
INFO: Run Behavior\ReadHtmlCacheBehavior [ RunTime:0.001085s ]
INFO: [ app_begin ] --END-- [ RunTime:0.001525s ]
NOTIC: [8] Use of undefined constant id - assumed 'id' C:\xampp\htdocs\whr\App\Home\Controller\ProInfoController.class.php 第 169 行.
SQL: SELECT * FROM `wrt_` WHERE ( id=id ) LIMIT 1   [ RunTime:0.000510s ]
ERR: 1146:Table 'wrtdate.wrt_' doesn't exist
 [ SQL语句 ] : SELECT * FROM `wrt_` WHERE ( id=id ) LIMIT 1  

[ 2014-12-15T15:02:12+08:00 ] ::1 /whr/index.php?s=/Home/ProInfo/url_ajaxCalendar
INFO: [ app_begin ] --START--
INFO: Run Behavior\ReadHtmlCacheBehavior [ RunTime:0.000756s ]
INFO: [ app_begin ] --END-- [ RunTime:0.001089s ]
NOTIC: [8] Use of undefined constant id - assumed 'id' C:\xampp\htdocs\whr\App\Home\Controller\ProInfoController.class.php 第 169 行.
SQL: SELECT * FROM `wrt_` WHERE ( id=id ) LIMIT 1   [ RunTime:0.000385s ]
ERR: 1146:Table 'wrtdate.wrt_' doesn't exist
 [ SQL语句 ] : SELECT * FROM `wrt_` WHERE ( id=id ) LIMIT 1  

[ 2014-12-15T15:02:59+08:00 ] ::1 /whr/index.php?s=/Home/ProInfo/url_ajaxCalendar
INFO: [ app_begin ] --START--
INFO: Run Behavior\ReadHtmlCacheBehavior [ RunTime:0.000800s ]
INFO: [ app_begin ] --END-- [ RunTime:0.001230s ]
NOTIC: [8] Use of undefined constant id - assumed 'id' C:\xampp\htdocs\whr\App\Home\Controller\ProInfoController.class.php 第 169 行.
SQL: SELECT * FROM `wrt_` WHERE ( id=id ) LIMIT 1   [ RunTime:0.000458s ]
ERR: 1146:Table 'wrtdate.wrt_' doesn't exist
 [ SQL语句 ] : SELECT * FROM `wrt_` WHERE ( id=id ) LIMIT 1  

[ 2014-12-15T15:05:31+08:00 ] ::1 /whr/index.php?s=/Home/ProInfo/url_ajaxCalendar
INFO: [ app_begin ] --START--
INFO: Run Behavior\ReadHtmlCacheBehavior [ RunTime:0.000550s ]
INFO: [ app_begin ] --END-- [ RunTime:0.000880s ]
NOTIC: [8] Use of undefined constant id - assumed 'id' C:\xampp\htdocs\whr\App\Home\Controller\ProInfoController.class.php 第 169 行.
SQL: SELECT * FROM `wrt_` WHERE ( id=id ) LIMIT 1   [ RunTime:0.000499s ]
ERR: 1146:Table 'wrtdate.wrt_' doesn't exist
 [ SQL语句 ] : SELECT * FROM `wrt_` WHERE ( id=id ) LIMIT 1  

[ 2014-12-15T15:05:49+08:00 ] ::1 /whr/index.php?s=/Home/ProInfo/url_ajaxCalendar
INFO: [ app_begin ] --START--
INFO: Run Behavior\ReadHtmlCacheBehavior [ RunTime:0.000708s ]
INFO: [ app_begin ] --END-- [ RunTime:0.001194s ]
NOTIC: [8] Use of undefined constant id - assumed 'id' C:\xampp\htdocs\whr\App\Home\Controller\ProInfoController.class.php 第 169 行.
SQL: SELECT * FROM `wrt_` WHERE ( id=id ) LIMIT 1   [ RunTime:0.000435s ]
ERR: 1146:Table 'wrtdate.wrt_' doesn't exist
 [ SQL语句 ] : SELECT * FROM `wrt_` WHERE ( id=id ) LIMIT 1  

[ 2014-12-15T15:06:10+08:00 ] ::1 /whr/index.php?s=/Home/ProInfo/url_ajaxCalendar
INFO: [ app_begin ] --START--
INFO: Run Behavior\ReadHtmlCacheBehavior [ RunTime:0.000400s ]
INFO: [ app_begin ] --END-- [ RunTime:0.000668s ]
NOTIC: [8] Use of undefined constant id - assumed 'id' C:\xampp\htdocs\whr\App\Home\Controller\ProInfoController.class.php 第 169 行.
SQL: SELECT * FROM `wrt_` WHERE ( id=id ) LIMIT 1   [ RunTime:0.000422s ]
ERR: 1146:Table 'wrtdate.wrt_' doesn't exist
 [ SQL语句 ] : SELECT * FROM `wrt_` WHERE ( id=id ) LIMIT 1  

[ 2014-12-15T15:06:19+08:00 ] ::1 /whr/index.php?s=/Home/ProInfo/url_ajaxCalendar
INFO: [ app_begin ] --START--
INFO: Run Behavior\ReadHtmlCacheBehavior [ RunTime:0.000452s ]
INFO: [ app_begin ] --END-- [ RunTime:0.000729s ]
NOTIC: [8] Use of undefined constant id - assumed 'id' C:\xampp\htdocs\whr\App\Home\Controller\ProInfoController.class.php 第 169 行.
SQL: SELECT * FROM `wrt_` WHERE ( id=id ) LIMIT 1   [ RunTime:0.000481s ]
ERR: 1146:Table 'wrtdate.wrt_' doesn't exist
 [ SQL语句 ] : SELECT * FROM `wrt_` WHERE ( id=id ) LIMIT 1  

[ 2014-12-15T15:07:01+08:00 ] ::1 /whr/index.php?s=/Home/ProInfo/url_ajaxCalendar
INFO: [ app_begin ] --START--
INFO: Run Behavior\ReadHtmlCacheBehavior [ RunTime:0.000938s ]
INFO: [ app_begin ] --END-- [ RunTime:0.001335s ]
NOTIC: [8] Use of undefined constant id - assumed 'id' C:\xampp\htdocs\whr\App\Home\Controller\ProInfoController.class.php 第 169 行.
SQL: SELECT * FROM `wrt_` WHERE ( id=id ) LIMIT 1   [ RunTime:0.000402s ]
ERR: 1146:Table 'wrtdate.wrt_' doesn't exist
 [ SQL语句 ] : SELECT * FROM `wrt_` WHERE ( id=id ) LIMIT 1  

[ 2014-12-15T15:07:50+08:00 ] ::1 /whr/index.php?s=/Home/ProInfo/url_ajaxCalendar
INFO: [ app_begin ] --START--
INFO: Run Behavior\ReadHtmlCacheBehavior [ RunTime:0.000548s ]
INFO: [ app_begin ] --END-- [ RunTime:0.000924s ]
SQL: SHOW COLUMNS FROM wrt_'0' [ RunTime:0.000105s ]
ERR: 1064:You have an error in your SQL syntax; check the manual that corresponds to your MySQL server version for the right syntax to use near ''0'' at line 1
 [ SQL语句 ] : SHOW COLUMNS FROM wrt_'0'
NOTIC: [8] Use of undefined constant id - assumed 'id' C:\xampp\htdocs\whr\App\Home\Controller\ProInfoController.class.php 第 169 行.
SQL: SELECT * FROM wrt_'0' WHERE ( id=id ) LIMIT 1   [ RunTime:0.000085s ]
ERR: 1064:You have an error in your SQL syntax; check the manual that corresponds to your MySQL server version for the right syntax to use near ''0' WHERE ( id=id ) LIMIT 1' at line 1
 [ SQL语句 ] : SELECT * FROM wrt_'0' WHERE ( id=id ) LIMIT 1  

[ 2014-12-15T15:07:52+08:00 ] ::1 /whr/index.php?s=/Home/ProInfo/url_ajaxCalendar
INFO: [ app_begin ] --START--
INFO: Run Behavior\ReadHtmlCacheBehavior [ RunTime:0.000492s ]
INFO: [ app_begin ] --END-- [ RunTime:0.000803s ]
SQL: SHOW COLUMNS FROM wrt_'0' [ RunTime:0.000109s ]
ERR: 1064:You have an error in your SQL syntax; check the manual that corresponds to your MySQL server version for the right syntax to use near ''0'' at line 1
 [ SQL语句 ] : SHOW COLUMNS FROM wrt_'0'
NOTIC: [8] Use of undefined constant id - assumed 'id' C:\xampp\htdocs\whr\App\Home\Controller\ProInfoController.class.php 第 169 行.
SQL: SELECT * FROM wrt_'0' WHERE ( id=id ) LIMIT 1   [ RunTime:0.000093s ]
ERR: 1064:You have an error in your SQL syntax; check the manual that corresponds to your MySQL server version for the right syntax to use near ''0' WHERE ( id=id ) LIMIT 1' at line 1
 [ SQL语句 ] : SELECT * FROM wrt_'0' WHERE ( id=id ) LIMIT 1  

[ 2014-12-15T15:08:00+08:00 ] ::1 /whr/index.php?s=/Home/ProInfo/url_ajaxCalendar
INFO: [ app_begin ] --START--
INFO: Run Behavior\ReadHtmlCacheBehavior [ RunTime:0.001569s ]
INFO: [ app_begin ] --END-- [ RunTime:0.001901s ]
SQL: SHOW COLUMNS FROM wrt_'0' [ RunTime:0.000177s ]
ERR: 1064:You have an error in your SQL syntax; check the manual that corresponds to your MySQL server version for the right syntax to use near ''0'' at line 1
 [ SQL语句 ] : SHOW COLUMNS FROM wrt_'0'
NOTIC: [8] Use of undefined constant id - assumed 'id' C:\xampp\htdocs\whr\App\Home\Controller\ProInfoController.class.php 第 169 行.
SQL: SELECT * FROM wrt_'0' WHERE ( id=id ) LIMIT 1   [ RunTime:0.000161s ]
ERR: 1064:You have an error in your SQL syntax; check the manual that corresponds to your MySQL server version for the right syntax to use near ''0' WHERE ( id=id ) LIMIT 1' at line 1
 [ SQL语句 ] : SELECT * FROM wrt_'0' WHERE ( id=id ) LIMIT 1  

[ 2014-12-15T15:08:51+08:00 ] ::1 /whr/index.php?s=/Home/ProInfo/url_ajaxCalendar
INFO: [ app_begin ] --START--
INFO: Run Behavior\ReadHtmlCacheBehavior [ RunTime:0.000539s ]
INFO: [ app_begin ] --END-- [ RunTime:0.000908s ]
NOTIC: [8] Use of undefined constant id - assumed 'id' C:\xampp\htdocs\whr\App\Home\Controller\ProInfoController.class.php 第 169 行.
SQL: SELECT * FROM `wrt_` WHERE ( id=id ) LIMIT 1   [ RunTime:0.000494s ]
ERR: 1146:Table 'wrtdate.wrt_' doesn't exist
 [ SQL语句 ] : SELECT * FROM `wrt_` WHERE ( id=id ) LIMIT 1  

[ 2014-12-15T15:09:23+08:00 ] ::1 /whr/index.php?s=/Home/ProInfo/url_ajaxCalendar
INFO: [ app_begin ] --START--
INFO: Run Behavior\ReadHtmlCacheBehavior [ RunTime:0.000469s ]
INFO: [ app_begin ] --END-- [ RunTime:0.000752s ]
SQL: SHOW COLUMNS FROM `wrt_pro_survey` [ RunTime:0.004456s ]
NOTIC: [8] Use of undefined constant id - assumed 'id' C:\xampp\htdocs\whr\App\Home\Controller\ProInfoController.class.php 第 167 行.
SQL: SELECT * FROM `wrt_pro_survey` WHERE ( id=id ) LIMIT 1   [ RunTime:0.000495s ]

[ 2014-12-15T15:34:57+08:00 ] ::1 /whr/index.php?s=/Home/ProInfo/url_ajaxCalendar
INFO: [ app_begin ] --START--
INFO: Run Behavior\ReadHtmlCacheBehavior [ RunTime:0.000467s ]
INFO: [ app_begin ] --END-- [ RunTime:0.000745s ]
SQL: SHOW COLUMNS FROM `wrt_pro_survey` [ RunTime:0.004258s ]
NOTIC: [8] Use of undefined constant id - assumed 'id' C:\xampp\htdocs\whr\App\Home\Controller\ProInfoController.class.php 第 167 行.
SQL: SELECT * FROM `wrt_pro_survey` WHERE ( id=id ) LIMIT 1   [ RunTime:0.000301s ]

[ 2014-12-15T15:34:58+08:00 ] ::1 /whr/index.php?s=/Home/ProInfo/url_ajaxCalendar
INFO: [ app_begin ] --START--
INFO: Run Behavior\ReadHtmlCacheBehavior [ RunTime:0.000554s ]
INFO: [ app_begin ] --END-- [ RunTime:0.000841s ]
SQL: SHOW COLUMNS FROM `wrt_pro_survey` [ RunTime:0.004012s ]
NOTIC: [8] Use of undefined constant id - assumed 'id' C:\xampp\htdocs\whr\App\Home\Controller\ProInfoController.class.php 第 167 行.
SQL: SELECT * FROM `wrt_pro_survey` WHERE ( id=id ) LIMIT 1   [ RunTime:0.000314s ]

[ 2014-12-15T15:40:19+08:00 ] ::1 /whr/index.php?s=/Home/ProInfo/url_ajaxCalendar
INFO: [ app_begin ] --START--
INFO: Run Behavior\ReadHtmlCacheBehavior [ RunTime:0.000872s ]
INFO: [ app_begin ] --END-- [ RunTime:0.001274s ]
SQL: SHOW COLUMNS FROM `wrt_pro_survey` [ RunTime:0.004496s ]
NOTIC: [8] Use of undefined constant id - assumed 'id' C:\xampp\htdocs\whr\App\Home\Controller\ProInfoController.class.php 第 167 行.
SQL: SELECT * FROM `wrt_pro_survey` WHERE ( id=id ) LIMIT 1   [ RunTime:0.000409s ]

[ 2014-12-15T15:40:31+08:00 ] ::1 /whr/index.php?s=/Home/ProInfo/url_ajaxCalendar
INFO: [ app_begin ] --START--
INFO: Run Behavior\ReadHtmlCacheBehavior [ RunTime:0.001460s ]
INFO: [ app_begin ] --END-- [ RunTime:0.002527s ]
SQL: SHOW COLUMNS FROM `wrt_pro_survey` [ RunTime:0.004585s ]
NOTIC: [8] Use of undefined constant id - assumed 'id' C:\xampp\htdocs\whr\App\Home\Controller\ProInfoController.class.php 第 167 行.
SQL: SELECT * FROM `wrt_pro_survey` WHERE ( id=id ) LIMIT 1   [ RunTime:0.000344s ]

[ 2014-12-15T15:41:03+08:00 ] ::1 /whr/index.php?s=/Home/ProInfo/url_ajaxCalendar
INFO: [ app_begin ] --START--
INFO: Run Behavior\ReadHtmlCacheBehavior [ RunTime:0.000632s ]
INFO: [ app_begin ] --END-- [ RunTime:0.000933s ]
SQL: SHOW COLUMNS FROM `wrt_pro_survey` [ RunTime:0.004338s ]
NOTIC: [8] Use of undefined constant id - assumed 'id' C:\xampp\htdocs\whr\App\Home\Controller\ProInfoController.class.php 第 167 行.
SQL: SELECT * FROM `wrt_pro_survey` WHERE ( id=id ) LIMIT 1   [ RunTime:0.000370s ]

[ 2014-12-15T15:41:36+08:00 ] ::1 /whr/index.php?s=/Home/ProInfo/url_ajaxCalendar
INFO: [ app_begin ] --START--
INFO: Run Behavior\ReadHtmlCacheBehavior [ RunTime:0.000623s ]
INFO: [ app_begin ] --END-- [ RunTime:0.000912s ]
SQL: SHOW COLUMNS FROM `wrt_pro_survey` [ RunTime:0.004145s ]
NOTIC: [8] Use of undefined constant id - assumed 'id' C:\xampp\htdocs\whr\App\Home\Controller\ProInfoController.class.php 第 167 行.
SQL: SELECT * FROM `wrt_pro_survey` WHERE ( id=id ) LIMIT 1   [ RunTime:0.000323s ]

[ 2014-12-15T15:44:21+08:00 ] ::1 /whr/index.php?s=/Home/ProInfo/url_ajaxCalendar
INFO: [ app_begin ] --START--
INFO: Run Behavior\ReadHtmlCacheBehavior [ RunTime:0.000881s ]
INFO: [ app_begin ] --END-- [ RunTime:0.001304s ]
SQL: SHOW COLUMNS FROM `wrt_pro_survey` [ RunTime:0.004031s ]
NOTIC: [8] Use of undefined constant id - assumed 'id' C:\xampp\htdocs\whr\App\Home\Controller\ProInfoController.class.php 第 167 行.
SQL: SELECT * FROM `wrt_pro_survey` WHERE ( id=id ) LIMIT 1   [ RunTime:0.000265s ]

[ 2014-12-15T16:15:17+08:00 ] ::1 /whr/index.php?s=/Home/ProInfo/url_ajaxCarpool
INFO: [ app_begin ] --START--
INFO: Run Behavior\ReadHtmlCacheBehavior [ RunTime:0.001449s ]
INFO: [ app_begin ] --END-- [ RunTime:0.001795s ]
SQL: SHOW COLUMNS FROM `wrt_pro_survey` [ RunTime:0.004060s ]
NOTIC: [8] Use of undefined constant id - assumed 'id' C:\xampp\htdocs\whr\App\Home\Controller\ProInfoController.class.php 第 174 行.
SQL: SELECT * FROM `wrt_pro_survey` WHERE ( id=id ) LIMIT 1   [ RunTime:0.000236s ]

[ 2014-12-15T16:16:06+08:00 ] ::1 /whr/index.php?s=/Home/ProInfo/url_ajaxCarpool
INFO: [ app_begin ] --START--
INFO: Run Behavior\ReadHtmlCacheBehavior [ RunTime:0.000442s ]
INFO: [ app_begin ] --END-- [ RunTime:0.000731s ]
SQL: SHOW COLUMNS FROM `wrt_pro_survey` [ RunTime:0.004294s ]
NOTIC: [8] Use of undefined constant id - assumed 'id' C:\xampp\htdocs\whr\App\Home\Controller\ProInfoController.class.php 第 174 行.
SQL: SELECT * FROM `wrt_pro_survey` WHERE ( id=id ) LIMIT 1   [ RunTime:0.000370s ]

[ 2014-12-15T16:19:18+08:00 ] ::1 /whr/index.php?s=/Home/ProInfo/url_ajaxCarpool
INFO: [ app_begin ] --START--
INFO: Run Behavior\ReadHtmlCacheBehavior [ RunTime:0.001471s ]
INFO: [ app_begin ] --END-- [ RunTime:0.001865s ]
SQL: SHOW COLUMNS FROM `wrt_pro_survey` [ RunTime:0.004108s ]
NOTIC: [8] Use of undefined constant id - assumed 'id' C:\xampp\htdocs\whr\App\Home\Controller\ProInfoController.class.php 第 174 行.
SQL: SELECT * FROM `wrt_pro_survey` WHERE ( id=id ) LIMIT 1   [ RunTime:0.000301s ]

[ 2014-12-15T16:19:43+08:00 ] ::1 /whr/index.php?s=/Home/ProInfo/url_ajaxCarpool
INFO: [ app_begin ] --START--
INFO: Run Behavior\ReadHtmlCacheBehavior [ RunTime:0.000426s ]
INFO: [ app_begin ] --END-- [ RunTime:0.000711s ]
SQL: SHOW COLUMNS FROM `wrt_pro_survey` [ RunTime:0.003867s ]
NOTIC: [8] Use of undefined constant id - assumed 'id' C:\xampp\htdocs\whr\App\Home\Controller\ProInfoController.class.php 第 174 行.
SQL: SELECT * FROM `wrt_pro_survey` WHERE ( id=id ) LIMIT 1   [ RunTime:0.000363s ]

[ 2014-12-15T16:20:29+08:00 ] ::1 /whr/index.php?s=/Home/ProInfo/url_ajaxCarpool
INFO: [ app_begin ] --START--
INFO: Run Behavior\ReadHtmlCacheBehavior [ RunTime:0.001244s ]
INFO: [ app_begin ] --END-- [ RunTime:0.001528s ]
SQL: SHOW COLUMNS FROM `wrt_pro_survey` [ RunTime:0.004057s ]
NOTIC: [8] Use of undefined constant id - assumed 'id' C:\xampp\htdocs\whr\App\Home\Controller\ProInfoController.class.php 第 174 行.
SQL: SELECT * FROM `wrt_pro_survey` WHERE ( id=id ) LIMIT 1   [ RunTime:0.000326s ]

[ 2014-12-15T16:21:02+08:00 ] ::1 /whr/index.php?s=/Home/ProInfo/url_ajaxCarpool
INFO: [ app_begin ] --START--
INFO: Run Behavior\ReadHtmlCacheBehavior [ RunTime:0.000454s ]
INFO: [ app_begin ] --END-- [ RunTime:0.000778s ]
SQL: SHOW COLUMNS FROM `wrt_pro_survey` [ RunTime:0.003938s ]
NOTIC: [8] Use of undefined constant id - assumed 'id' C:\xampp\htdocs\whr\App\Home\Controller\ProInfoController.class.php 第 174 行.
SQL: SELECT * FROM `wrt_pro_survey` WHERE ( id=id ) LIMIT 1   [ RunTime:0.000295s ]

[ 2014-12-15T16:22:04+08:00 ] ::1 /whr/index.php?s=/Home/ProInfo/url_ajaxCarpool
INFO: [ app_begin ] --START--
INFO: Run Behavior\ReadHtmlCacheBehavior [ RunTime:0.000465s ]
INFO: [ app_begin ] --END-- [ RunTime:0.000726s ]
SQL: SHOW COLUMNS FROM `wrt_pro_survey` [ RunTime:0.004333s ]
NOTIC: [8] Use of undefined constant id - assumed 'id' C:\xampp\htdocs\whr\App\Home\Controller\ProInfoController.class.php 第 174 行.
SQL: SELECT * FROM `wrt_pro_survey` WHERE ( id=id ) LIMIT 1   [ RunTime:0.000294s ]

[ 2014-12-15T16:22:07+08:00 ] ::1 /whr/index.php?s=/Home/ProInfo/url_ajaxCarpool
INFO: [ app_begin ] --START--
INFO: Run Behavior\ReadHtmlCacheBehavior [ RunTime:0.000658s ]
INFO: [ app_begin ] --END-- [ RunTime:0.001041s ]
SQL: SHOW COLUMNS FROM `wrt_pro_survey` [ RunTime:0.004416s ]
NOTIC: [8] Use of undefined constant id - assumed 'id' C:\xampp\htdocs\whr\App\Home\Controller\ProInfoController.class.php 第 174 行.
SQL: SELECT * FROM `wrt_pro_survey` WHERE ( id=id ) LIMIT 1   [ RunTime:0.000408s ]

[ 2014-12-15T16:22:10+08:00 ] ::1 /whr/index.php?s=/Home/ProInfo/url_ajaxCarpool
INFO: [ app_begin ] --START--
INFO: Run Behavior\ReadHtmlCacheBehavior [ RunTime:0.000642s ]
INFO: [ app_begin ] --END-- [ RunTime:0.000948s ]
SQL: SHOW COLUMNS FROM `wrt_pro_survey` [ RunTime:0.004262s ]
NOTIC: [8] Use of undefined constant id - assumed 'id' C:\xampp\htdocs\whr\App\Home\Controller\ProInfoController.class.php 第 174 行.
SQL: SELECT * FROM `wrt_pro_survey` WHERE ( id=id ) LIMIT 1   [ RunTime:0.000271s ]

[ 2014-12-15T16:22:29+08:00 ] ::1 /whr/index.php?s=/Home/ProInfo/url_ajaxCarpool
INFO: [ app_begin ] --START--
INFO: Run Behavior\ReadHtmlCacheBehavior [ RunTime:0.000471s ]
INFO: [ app_begin ] --END-- [ RunTime:0.000755s ]
SQL: SHOW COLUMNS FROM `wrt_pro_survey` [ RunTime:0.004284s ]
NOTIC: [8] Use of undefined constant id - assumed 'id' C:\xampp\htdocs\whr\App\Home\Controller\ProInfoController.class.php 第 174 行.
SQL: SELECT * FROM `wrt_pro_survey` WHERE ( id=id ) LIMIT 1   [ RunTime:0.000268s ]

[ 2014-12-15T16:22:37+08:00 ] ::1 /whr/index.php?s=/Home/ProInfo/url_ajaxCarpool
INFO: [ app_begin ] --START--
INFO: Run Behavior\ReadHtmlCacheBehavior [ RunTime:0.000541s ]
INFO: [ app_begin ] --END-- [ RunTime:0.000863s ]
SQL: SHOW COLUMNS FROM `wrt_pro_survey` [ RunTime:0.004114s ]
NOTIC: [8] Use of undefined constant id - assumed 'id' C:\xampp\htdocs\whr\App\Home\Controller\ProInfoController.class.php 第 174 行.
SQL: SELECT * FROM `wrt_pro_survey` WHERE ( id=id ) LIMIT 1   [ RunTime:0.000325s ]

[ 2014-12-15T16:24:33+08:00 ] ::1 /whr/index.php?s=/Home/ProInfo/url_ajaxCarpool
INFO: [ app_begin ] --START--
INFO: Run Behavior\ReadHtmlCacheBehavior [ RunTime:0.000564s ]
INFO: [ app_begin ] --END-- [ RunTime:0.000886s ]
SQL: SHOW COLUMNS FROM `wrt_pro_car` [ RunTime:0.004194s ]
NOTIC: [8] Use of undefined constant id - assumed 'id' C:\xampp\htdocs\whr\App\Home\Controller\ProInfoController.class.php 第 174 行.
SQL: SELECT * FROM `wrt_pro_car` WHERE ( id=id ) LIMIT 1   [ RunTime:0.000298s ]

[ 2014-12-15T16:29:04+08:00 ] ::1 /whr/index.php?s=/Home/ProInfo/url_ajaxCarpool
INFO: [ app_begin ] --START--
INFO: Run Behavior\ReadHtmlCacheBehavior [ RunTime:0.001264s ]
INFO: [ app_begin ] --END-- [ RunTime:0.002430s ]
SQL: SHOW COLUMNS FROM `wrt_pro_car` [ RunTime:0.004332s ]
NOTIC: [8] Use of undefined constant id - assumed 'id' C:\xampp\htdocs\whr\App\Home\Controller\ProInfoController.class.php 第 174 行.
SQL: SELECT * FROM `wrt_pro_car` WHERE ( id=id ) LIMIT 1   [ RunTime:0.000339s ]

[ 2014-12-15T16:30:39+08:00 ] ::1 /whr/index.php?s=/Home/ProInfo/url_ajaxCarpool
INFO: [ app_begin ] --START--
INFO: Run Behavior\ReadHtmlCacheBehavior [ RunTime:0.000603s ]
INFO: [ app_begin ] --END-- [ RunTime:0.000948s ]
SQL: SHOW COLUMNS FROM `wrt_pro_car` [ RunTime:0.004298s ]
NOTIC: [8] Use of undefined constant id - assumed 'id' C:\xampp\htdocs\whr\App\Home\Controller\ProInfoController.class.php 第 174 行.
SQL: SELECT * FROM `wrt_pro_car` WHERE ( id=id ) LIMIT 1   [ RunTime:0.000287s ]

[ 2014-12-15T16:31:32+08:00 ] ::1 /whr/index.php?s=/Home/ProInfo/url_ajaxCarpool
INFO: [ app_begin ] --START--
INFO: Run Behavior\ReadHtmlCacheBehavior [ RunTime:0.000616s ]
INFO: [ app_begin ] --END-- [ RunTime:0.000963s ]
SQL: SHOW COLUMNS FROM `wrt_pro_car` [ RunTime:0.004138s ]
NOTIC: [8] Use of undefined constant id - assumed 'id' C:\xampp\htdocs\whr\App\Home\Controller\ProInfoController.class.php 第 174 行.
SQL: SELECT * FROM `wrt_pro_car` WHERE ( id=id ) LIMIT 1   [ RunTime:0.000281s ]

[ 2014-12-15T16:32:14+08:00 ] ::1 /whr/index.php?s=/Home/ProInfo/url_ajaxCarpool
INFO: [ app_begin ] --START--
INFO: Run Behavior\ReadHtmlCacheBehavior [ RunTime:0.000648s ]
INFO: [ app_begin ] --END-- [ RunTime:0.001010s ]
SQL: SHOW COLUMNS FROM `wrt_pro_car` [ RunTime:0.004392s ]
NOTIC: [8] Use of undefined constant id - assumed 'id' C:\xampp\htdocs\whr\App\Home\Controller\ProInfoController.class.php 第 174 行.
SQL: SELECT * FROM `wrt_pro_car` WHERE ( id=id ) LIMIT 1   [ RunTime:0.000574s ]

[ 2014-12-15T16:32:18+08:00 ] ::1 /whr/index.php?s=/Home/ProInfo/url_ajaxCarpool
INFO: [ app_begin ] --START--
INFO: Run Behavior\ReadHtmlCacheBehavior [ RunTime:0.000537s ]
INFO: [ app_begin ] --END-- [ RunTime:0.000873s ]
SQL: SHOW COLUMNS FROM `wrt_pro_car` [ RunTime:0.004400s ]
NOTIC: [8] Use of undefined constant id - assumed 'id' C:\xampp\htdocs\whr\App\Home\Controller\ProInfoController.class.php 第 174 行.
SQL: SELECT * FROM `wrt_pro_car` WHERE ( id=id ) LIMIT 1   [ RunTime:0.000324s ]

[ 2014-12-15T16:32:42+08:00 ] ::1 /whr/index.php?s=/Home/ProInfo/url_ajaxCarpool
INFO: [ app_begin ] --START--
INFO: Run Behavior\ReadHtmlCacheBehavior [ RunTime:0.001409s ]
INFO: [ app_begin ] --END-- [ RunTime:0.001792s ]
SQL: SHOW COLUMNS FROM `wrt_pro_car` [ RunTime:0.004269s ]
NOTIC: [8] Use of undefined constant id - assumed 'id' C:\xampp\htdocs\whr\App\Home\Controller\ProInfoController.class.php 第 174 行.
SQL: SELECT * FROM `wrt_pro_car` WHERE ( id=id ) LIMIT 1   [ RunTime:0.000317s ]

[ 2014-12-15T16:32:57+08:00 ] ::1 /whr/index.php?s=/Home/ProInfo/url_ajaxCarpool
INFO: [ app_begin ] --START--
INFO: Run Behavior\ReadHtmlCacheBehavior [ RunTime:0.000681s ]
INFO: [ app_begin ] --END-- [ RunTime:0.001071s ]
SQL: SHOW COLUMNS FROM `wrt_pro_car` [ RunTime:0.004113s ]
NOTIC: [8] Use of undefined constant id - assumed 'id' C:\xampp\htdocs\whr\App\Home\Controller\ProInfoController.class.php 第 174 行.
SQL: SELECT * FROM `wrt_pro_car` WHERE ( id=id ) LIMIT 1   [ RunTime:0.000326s ]

[ 2014-12-15T16:33:00+08:00 ] ::1 /whr/index.php?s=/Home/ProInfo/url_ajaxCarpool
INFO: [ app_begin ] --START--
INFO: Run Behavior\ReadHtmlCacheBehavior [ RunTime:0.000486s ]
INFO: [ app_begin ] --END-- [ RunTime:0.000788s ]
SQL: SHOW COLUMNS FROM `wrt_pro_car` [ RunTime:0.004094s ]
NOTIC: [8] Use of undefined constant id - assumed 'id' C:\xampp\htdocs\whr\App\Home\Controller\ProInfoController.class.php 第 174 行.
SQL: SELECT * FROM `wrt_pro_car` WHERE ( id=id ) LIMIT 1   [ RunTime:0.000272s ]

[ 2014-12-15T16:34:12+08:00 ] ::1 /whr/index.php?s=/Home/ProInfo/url_ajaxCarpool
INFO: [ app_begin ] --START--
INFO: Run Behavior\ReadHtmlCacheBehavior [ RunTime:0.000601s ]
INFO: [ app_begin ] --END-- [ RunTime:0.000905s ]
SQL: SHOW COLUMNS FROM `wrt_pro_car` [ RunTime:0.004120s ]
NOTIC: [8] Use of undefined constant id - assumed 'id' C:\xampp\htdocs\whr\App\Home\Controller\ProInfoController.class.php 第 174 行.
SQL: SELECT * FROM `wrt_pro_car` WHERE ( id=id ) LIMIT 1   [ RunTime:0.000320s ]

[ 2014-12-15T16:34:15+08:00 ] ::1 /whr/index.php?s=/Home/ProInfo/url_ajaxCarpool
INFO: [ app_begin ] --START--
INFO: Run Behavior\ReadHtmlCacheBehavior [ RunTime:0.001359s ]
INFO: [ app_begin ] --END-- [ RunTime:0.001753s ]
SQL: SHOW COLUMNS FROM `wrt_pro_car` [ RunTime:0.003974s ]
NOTIC: [8] Use of undefined constant id - assumed 'id' C:\xampp\htdocs\whr\App\Home\Controller\ProInfoController.class.php 第 174 行.
SQL: SELECT * FROM `wrt_pro_car` WHERE ( id=id ) LIMIT 1   [ RunTime:0.000310s ]

[ 2014-12-15T16:34:39+08:00 ] ::1 /whr/index.php?s=/Home/ProInfo/url_ajaxCarpool
INFO: [ app_begin ] --START--
INFO: Run Behavior\ReadHtmlCacheBehavior [ RunTime:0.000595s ]
INFO: [ app_begin ] --END-- [ RunTime:0.000919s ]
SQL: SHOW COLUMNS FROM `wrt_pro_car` [ RunTime:0.004411s ]
NOTIC: [8] Use of undefined constant id - assumed 'id' C:\xampp\htdocs\whr\App\Home\Controller\ProInfoController.class.php 第 174 行.
SQL: SELECT * FROM `wrt_pro_car` WHERE ( id=id ) LIMIT 1   [ RunTime:0.000337s ]

[ 2014-12-15T16:34:42+08:00 ] ::1 /whr/index.php?s=/Home/ProInfo/url_ajaxCarpool
INFO: [ app_begin ] --START--
INFO: Run Behavior\ReadHtmlCacheBehavior [ RunTime:0.003055s ]
INFO: [ app_begin ] --END-- [ RunTime:0.003791s ]
SQL: SHOW COLUMNS FROM `wrt_pro_car` [ RunTime:0.008421s ]
NOTIC: [8] Use of undefined constant id - assumed 'id' C:\xampp\htdocs\whr\App\Home\Controller\ProInfoController.class.php 第 174 行.
SQL: SELECT * FROM `wrt_pro_car` WHERE ( id=id ) LIMIT 1   [ RunTime:0.000512s ]

[ 2014-12-15T16:35:58+08:00 ] ::1 /whr/index.php?s=/Home/ProInfo/url_ajaxCalendar
INFO: [ app_begin ] --START--
INFO: Run Behavior\ReadHtmlCacheBehavior [ RunTime:0.000479s ]
INFO: [ app_begin ] --END-- [ RunTime:0.001113s ]
SQL: SHOW COLUMNS FROM `wrt_pro_survey` [ RunTime:0.004842s ]
SQL: SELECT * FROM `wrt_pro_survey` WHERE ( id=0 ) LIMIT 1   [ RunTime:0.000404s ]

[ 2014-12-15T16:36:00+08:00 ] ::1 /whr/index.php?s=/Home/ProInfo/url_ajaxCalendar
INFO: [ app_begin ] --START--
INFO: Run Behavior\ReadHtmlCacheBehavior [ RunTime:0.000588s ]
INFO: [ app_begin ] --END-- [ RunTime:0.000939s ]
SQL: SHOW COLUMNS FROM `wrt_pro_survey` [ RunTime:0.004334s ]
SQL: SELECT * FROM `wrt_pro_survey` WHERE ( id=0 ) LIMIT 1   [ RunTime:0.000304s ]

[ 2014-12-15T16:36:07+08:00 ] ::1 /whr/index.php?s=/Home/ProInfo/url_ajaxCalendar
INFO: [ app_begin ] --START--
INFO: Run Behavior\ReadHtmlCacheBehavior [ RunTime:0.000430s ]
INFO: [ app_begin ] --END-- [ RunTime:0.000701s ]
SQL: SHOW COLUMNS FROM `wrt_pro_survey` [ RunTime:0.004078s ]
SQL: SELECT * FROM `wrt_pro_survey` WHERE ( id=0 ) LIMIT 1   [ RunTime:0.000343s ]

[ 2014-12-15T16:36:13+08:00 ] ::1 /whr/index.php?s=/Home/ProInfo/url_ajaxCarpool
INFO: [ app_begin ] --START--
INFO: Run Behavior\ReadHtmlCacheBehavior [ RunTime:0.000810s ]
INFO: [ app_begin ] --END-- [ RunTime:0.001119s ]
SQL: SHOW COLUMNS FROM `wrt_pro_car` [ RunTime:0.004142s ]
SQL: SELECT * FROM `wrt_pro_car` WHERE ( id=0 ) LIMIT 1   [ RunTime:0.000288s ]

[ 2014-12-15T16:36:52+08:00 ] ::1 /whr/index.php?s=/Home/ProInfo/url_ajaxCalendar
INFO: [ app_begin ] --START--
INFO: Run Behavior\ReadHtmlCacheBehavior [ RunTime:0.001096s ]
INFO: [ app_begin ] --END-- [ RunTime:0.001539s ]
SQL: SHOW COLUMNS FROM `wrt_pro_survey` [ RunTime:0.004278s ]
SQL: SELECT * FROM `wrt_pro_survey` WHERE ( id=0 ) LIMIT 1   [ RunTime:0.000325s ]

[ 2014-12-15T16:37:32+08:00 ] ::1 /whr/index.php?s=/Home/ProInfo/url_ajaxCarpool
INFO: [ app_begin ] --START--
INFO: Run Behavior\ReadHtmlCacheBehavior [ RunTime:0.000566s ]
INFO: [ app_begin ] --END-- [ RunTime:0.000928s ]

[ 2014-12-15T16:37:37+08:00 ] ::1 /whr/index.php?s=/Home/ProInfo/url_ajaxCarpool
INFO: [ app_begin ] --START--
INFO: Run Behavior\ReadHtmlCacheBehavior [ RunTime:0.001349s ]
INFO: [ app_begin ] --END-- [ RunTime:0.001663s ]

[ 2014-12-15T16:37:48+08:00 ] ::1 /whr/index.php?s=/Home/ProInfo/url_ajaxCalendar
INFO: [ app_begin ] --START--
INFO: Run Behavior\ReadHtmlCacheBehavior [ RunTime:0.000451s ]
INFO: [ app_begin ] --END-- [ RunTime:0.000866s ]
SQL: SHOW COLUMNS FROM `wrt_pro_survey` [ RunTime:0.004991s ]
SQL: SELECT * FROM `wrt_pro_survey` WHERE ( id=0 ) LIMIT 1   [ RunTime:0.000251s ]

[ 2014-12-15T16:37:53+08:00 ] ::1 /whr/index.php?s=/Home/ProInfo/url_ajaxCarpool
INFO: [ app_begin ] --START--
INFO: Run Behavior\ReadHtmlCacheBehavior [ RunTime:0.000436s ]
INFO: [ app_begin ] --END-- [ RunTime:0.000697s ]

[ 2014-12-15T16:37:55+08:00 ] ::1 /whr/index.php?s=/Home/ProInfo/url_ajaxCarpool
INFO: [ app_begin ] --START--
INFO: Run Behavior\ReadHtmlCacheBehavior [ RunTime:0.000456s ]
INFO: [ app_begin ] --END-- [ RunTime:0.000725s ]

[ 2014-12-15T16:38:11+08:00 ] ::1 /whr/index.php?s=/Home/ProInfo/url_ajaxCalendar
INFO: [ app_begin ] --START--
INFO: Run Behavior\ReadHtmlCacheBehavior [ RunTime:0.000672s ]
INFO: [ app_begin ] --END-- [ RunTime:0.001009s ]
SQL: SHOW COLUMNS FROM `wrt_pro_survey` [ RunTime:0.004763s ]
NOTIC: [8] Use of undefined constant id - assumed 'id' C:\xampp\htdocs\whr\App\Home\Controller\ProInfoController.class.php 第 167 行.
SQL: SELECT * FROM `wrt_pro_survey` WHERE ( id=id ) LIMIT 1   [ RunTime:0.000322s ]

[ 2014-12-15T16:38:14+08:00 ] ::1 /whr/index.php?s=/Home/ProInfo/url_ajaxCalendar
INFO: [ app_begin ] --START--
INFO: Run Behavior\ReadHtmlCacheBehavior [ RunTime:0.000630s ]
INFO: [ app_begin ] --END-- [ RunTime:0.000952s ]
SQL: SHOW COLUMNS FROM `wrt_pro_survey` [ RunTime:0.004396s ]
NOTIC: [8] Use of undefined constant id - assumed 'id' C:\xampp\htdocs\whr\App\Home\Controller\ProInfoController.class.php 第 167 行.
SQL: SELECT * FROM `wrt_pro_survey` WHERE ( id=id ) LIMIT 1   [ RunTime:0.000239s ]

[ 2014-12-15T16:38:32+08:00 ] ::1 /whr/index.php?s=/Home/ProInfo/url_ajaxCarpool
INFO: [ app_begin ] --START--
INFO: Run Behavior\ReadHtmlCacheBehavior [ RunTime:0.000764s ]
INFO: [ app_begin ] --END-- [ RunTime:0.001086s ]
SQL: SHOW COLUMNS FROM `wrt_pro_car` [ RunTime:0.003940s ]
SQL: SELECT * FROM `wrt_pro_car` WHERE ( id=2 ) LIMIT 1   [ RunTime:0.000309s ]

[ 2014-12-15T16:40:23+08:00 ] ::1 /whr/index.php?s=/Home/ProInfo/url_ajaxCarpool
INFO: [ app_begin ] --START--
INFO: Run Behavior\ReadHtmlCacheBehavior [ RunTime:0.000533s ]
INFO: [ app_begin ] --END-- [ RunTime:0.000839s ]
SQL: SHOW COLUMNS FROM `wrt_pro_car` [ RunTime:0.004556s ]
SQL: SELECT * FROM `wrt_pro_car` WHERE ( id=2 ) LIMIT 1   [ RunTime:0.000319s ]

[ 2014-12-15T16:40:41+08:00 ] ::1 /whr/index.php?s=/Home/ProInfo/url_ajaxCarpool
INFO: [ app_begin ] --START--
INFO: Run Behavior\ReadHtmlCacheBehavior [ RunTime:0.001321s ]
INFO: [ app_begin ] --END-- [ RunTime:0.001612s ]
SQL: SHOW COLUMNS FROM `wrt_pro_car` [ RunTime:0.004101s ]
SQL: SELECT * FROM `wrt_pro_car` WHERE ( id=2 ) LIMIT 1   [ RunTime:0.000278s ]

[ 2014-12-15T17:10:17+08:00 ] ::1 /whr/index.php?s=/Home/ProInfo/hinder
ERR: 非法操作:hinder

[ 2014-12-15T17:35:01+08:00 ] ::1 /whr/index.php?s=/Home/ProInfo/repair
ERR: 非法操作:repair

[ 2014-12-15T17:45:10+08:00 ] ::1 /whr/index.php?s=/Home/ProInfo/url_ajaxCalendar
INFO: [ app_begin ] --START--
INFO: Run Behavior\ReadHtmlCacheBehavior [ RunTime:0.000784s ]
INFO: [ app_begin ] --END-- [ RunTime:0.001229s ]
SQL: SHOW COLUMNS FROM `wrt_pro_survey` [ RunTime:0.004328s ]
SQL: SELECT * FROM `wrt_pro_survey` WHERE ( id=0 ) LIMIT 1   [ RunTime:0.000218s ]

[ 2014-12-15T17:46:49+08:00 ] ::1 /whr/index.php?s=/Home/ProInfo/hinder
ERR: 非法操作:hinder

[ 2014-12-15T17:48:12+08:00 ] ::1 /whr/index.php?s=/Home/ProInfo/hinder
ERR: 非法操作:hinder

[ 2014-12-15T17:51:01+08:00 ] ::1 /whr/index.php?s=/Home/ProInfo/url_ajaxCarpool
INFO: [ app_begin ] --START--
INFO: Run Behavior\ReadHtmlCacheBehavior [ RunTime:0.001620s ]
INFO: [ app_begin ] --END-- [ RunTime:0.001965s ]
SQL: SHOW COLUMNS FROM `wrt_pro_car` [ RunTime:0.004260s ]
SQL: SELECT * FROM `wrt_pro_car` WHERE ( id=2 ) LIMIT 1   [ RunTime:0.000290s ]

[ 2014-12-15T18:09:32+08:00 ] ::1 /whr/index.php?s=/Home/ProInfo/url_ajaxActive
INFO: [ app_begin ] --START--
INFO: Run Behavior\ReadHtmlCacheBehavior [ RunTime:0.000901s ]
INFO: [ app_begin ] --END-- [ RunTime:0.001289s ]
SQL: SHOW COLUMNS FROM `wrt_pro_activity` [ RunTime:0.004454s ]
SQL: SELECT * FROM `wrt_pro_activity` WHERE ( id=3 ) LIMIT 1   [ RunTime:0.000274s ]

[ 2014-12-15T18:10:15+08:00 ] ::1 /whr/index.php?s=/Home/ProInfo/url_ajaxActive
INFO: [ app_begin ] --START--
INFO: Run Behavior\ReadHtmlCacheBehavior [ RunTime:0.000739s ]
INFO: [ app_begin ] --END-- [ RunTime:0.001048s ]
SQL: SHOW COLUMNS FROM `wrt_pro_activity` [ RunTime:0.004108s ]
SQL: SELECT * FROM `wrt_pro_activity` WHERE ( id=3 ) LIMIT 1   [ RunTime:0.000363s ]

[ 2014-12-15T18:10:36+08:00 ] ::1 /whr/index.php?s=/Home/ProInfo/url_ajaxActive
INFO: [ app_begin ] --START--
INFO: Run Behavior\ReadHtmlCacheBehavior [ RunTime:0.000685s ]
INFO: [ app_begin ] --END-- [ RunTime:0.001024s ]
SQL: SHOW COLUMNS FROM `wrt_pro_activity` [ RunTime:0.004037s ]
SQL: SELECT * FROM `wrt_pro_activity` WHERE ( id=3 ) LIMIT 1   [ RunTime:0.000278s ]

[ 2014-12-15T18:12:59+08:00 ] ::1 /whr/index.php?s=/Home/ProInfo/url_ajaxActive
INFO: [ app_begin ] --START--
INFO: Run Behavior\ReadHtmlCacheBehavior [ RunTime:0.000833s ]
INFO: [ app_begin ] --END-- [ RunTime:0.001199s ]
SQL: SHOW COLUMNS FROM `wrt_pro_activity` [ RunTime:0.003910s ]
SQL: SELECT * FROM `wrt_pro_activity` WHERE ( id=3 ) LIMIT 1   [ RunTime:0.000238s ]

[ 2014-12-15T18:14:10+08:00 ] ::1 /whr/index.php?s=/Home/ProInfo/url_ajaxActive
INFO: [ app_begin ] --START--
INFO: Run Behavior\ReadHtmlCacheBehavior [ RunTime:0.000757s ]
INFO: [ app_begin ] --END-- [ RunTime:0.001130s ]
SQL: SHOW COLUMNS FROM `wrt_pro_activity` [ RunTime:0.004256s ]
SQL: SELECT * FROM `wrt_pro_activity` WHERE ( id=3 ) LIMIT 1   [ RunTime:0.000516s ]

[ 2014-12-15T18:14:37+08:00 ] ::1 /whr/index.php?s=/Home/ProInfo/url_ajaxActive
INFO: [ app_begin ] --START--
INFO: Run Behavior\ReadHtmlCacheBehavior [ RunTime:0.000789s ]
INFO: [ app_begin ] --END-- [ RunTime:0.001126s ]
SQL: SHOW COLUMNS FROM `wrt_pro_activity` [ RunTime:0.004260s ]
SQL: SELECT * FROM `wrt_pro_activity` WHERE ( id=3 ) LIMIT 1   [ RunTime:0.000293s ]

[ 2014-12-15T18:22:58+08:00 ] ::1 /whr/index.php?s=/Home/ProInfo/url_ajaxActive
INFO: [ app_begin ] --START--
INFO: Run Behavior\ReadHtmlCacheBehavior [ RunTime:0.000737s ]
INFO: [ app_begin ] --END-- [ RunTime:0.001060s ]
SQL: SHOW COLUMNS FROM `wrt_pro_activity` [ RunTime:0.004168s ]
SQL: SELECT * FROM `wrt_pro_activity` WHERE ( id=3 ) LIMIT 1   [ RunTime:0.000344s ]

[ 2014-12-15T18:25:06+08:00 ] ::1 /whr/index.php?s=/Home/ProInfo/url_ajaxActive
INFO: [ app_begin ] --START--
INFO: Run Behavior\ReadHtmlCacheBehavior [ RunTime:0.000688s ]
INFO: [ app_begin ] --END-- [ RunTime:0.001011s ]
SQL: SHOW COLUMNS FROM `wrt_pro_activity` [ RunTime:0.004267s ]
SQL: SELECT * FROM `wrt_pro_activity` WHERE ( id=3 ) LIMIT 1   [ RunTime:0.000280s ]

[ 2014-12-15T18:26:09+08:00 ] ::1 /whr/index.php?s=/Home/ProInfo/url_ajaxActive
INFO: [ app_begin ] --START--
INFO: Run Behavior\ReadHtmlCacheBehavior [ RunTime:0.000817s ]
INFO: [ app_begin ] --END-- [ RunTime:0.001141s ]
SQL: SHOW COLUMNS FROM `wrt_pro_activity` [ RunTime:0.003972s ]
SQL: SELECT * FROM `wrt_pro_activity` WHERE ( id=3 ) LIMIT 1   [ RunTime:0.000281s ]

[ 2014-12-15T18:28:00+08:00 ] ::1 /whr/index.php?s=/Home/ProInfo/url_ajaxActive
INFO: [ app_begin ] --START--
INFO: Run Behavior\ReadHtmlCacheBehavior [ RunTime:0.001783s ]
INFO: [ app_begin ] --END-- [ RunTime:0.002171s ]
SQL: SHOW COLUMNS FROM `wrt_pro_activity` [ RunTime:0.004579s ]
SQL: SELECT * FROM `wrt_pro_activity` WHERE ( id=3 ) LIMIT 1   [ RunTime:0.000302s ]

[ 2014-12-15T18:36:42+08:00 ] ::1 /whr/index.php?s=/Home/ProInfo/url_ajaxActive
INFO: [ app_begin ] --START--
INFO: Run Behavior\ReadHtmlCacheBehavior [ RunTime:0.001609s ]
INFO: [ app_begin ] --END-- [ RunTime:0.001953s ]
SQL: SHOW COLUMNS FROM `wrt_pro_activity` [ RunTime:0.004620s ]
SQL: SELECT * FROM `wrt_pro_activity` WHERE ( id=3 ) LIMIT 1   [ RunTime:0.000272s ]

[ 2014-12-15T18:37:25+08:00 ] ::1 /whr/index.php?s=/Home/ProInfo/url_ajaxActive
INFO: [ app_begin ] --START--
INFO: Run Behavior\ReadHtmlCacheBehavior [ RunTime:0.001482s ]
INFO: [ app_begin ] --END-- [ RunTime:0.001802s ]
SQL: SHOW COLUMNS FROM `wrt_pro_activity` [ RunTime:0.004199s ]
SQL: SELECT * FROM `wrt_pro_activity` WHERE ( id=3 ) LIMIT 1   [ RunTime:0.000352s ]

[ 2014-12-15T18:38:52+08:00 ] ::1 /whr/index.php?s=/Home/ProInfo/url_ajaxActive
INFO: [ app_begin ] --START--
INFO: Run Behavior\ReadHtmlCacheBehavior [ RunTime:0.001663s ]
INFO: [ app_begin ] --END-- [ RunTime:0.003044s ]
SQL: SHOW COLUMNS FROM `wrt_pro_activity` [ RunTime:0.003963s ]
SQL: SELECT * FROM `wrt_pro_activity` WHERE ( id=3 ) LIMIT 1   [ RunTime:0.000326s ]

[ 2014-12-15T18:38:56+08:00 ] ::1 /whr/index.php?s=/Home/ProInfo/url_ajaxActive
INFO: [ app_begin ] --START--
INFO: Run Behavior\ReadHtmlCacheBehavior [ RunTime:0.000760s ]
INFO: [ app_begin ] --END-- [ RunTime:0.001069s ]
SQL: SHOW COLUMNS FROM `wrt_pro_activity` [ RunTime:0.004145s ]
SQL: SELECT * FROM `wrt_pro_activity` WHERE ( id=3 ) LIMIT 1   [ RunTime:0.000229s ]

[ 2014-12-15T18:39:09+08:00 ] ::1 /whr/index.php?s=/Home/ProInfo/url_ajaxActive
INFO: [ app_begin ] --START--
INFO: Run Behavior\ReadHtmlCacheBehavior [ RunTime:0.000717s ]
INFO: [ app_begin ] --END-- [ RunTime:0.001036s ]
SQL: SHOW COLUMNS FROM `wrt_pro_activity` [ RunTime:0.003964s ]
SQL: SELECT * FROM `wrt_pro_activity` WHERE ( id=3 ) LIMIT 1   [ RunTime:0.000249s ]

[ 2014-12-15T18:39:40+08:00 ] ::1 /whr/index.php?s=/Home/ProInfo/url_ajaxActive
INFO: [ app_begin ] --START--
INFO: Run Behavior\ReadHtmlCacheBehavior [ RunTime:0.001559s ]
INFO: [ app_begin ] --END-- [ RunTime:0.001913s ]
SQL: SHOW COLUMNS FROM `wrt_pro_activity` [ RunTime:0.004032s ]
SQL: SELECT * FROM `wrt_pro_activity` WHERE ( id=3 ) LIMIT 1   [ RunTime:0.000229s ]

[ 2014-12-15T18:40:01+08:00 ] ::1 /whr/index.php?s=/Home/ProInfo/url_ajaxActive
INFO: [ app_begin ] --START--
INFO: Run Behavior\ReadHtmlCacheBehavior [ RunTime:0.000633s ]
INFO: [ app_begin ] --END-- [ RunTime:0.000954s ]
SQL: SHOW COLUMNS FROM `wrt_pro_activity` [ RunTime:0.004069s ]
SQL: SELECT * FROM `wrt_pro_activity` WHERE ( id=3 ) LIMIT 1   [ RunTime:0.000288s ]

[ 2014-12-15T18:42:27+08:00 ] ::1 /whr/index.php?s=/Home/ProInfo/url_ajaxActive
INFO: [ app_begin ] --START--
INFO: Run Behavior\ReadHtmlCacheBehavior [ RunTime:0.000831s ]
INFO: [ app_begin ] --END-- [ RunTime:0.001244s ]
SQL: SHOW COLUMNS FROM `wrt_pro_activity` [ RunTime:0.004172s ]
SQL: SELECT * FROM `wrt_pro_activity` WHERE ( id=3 ) LIMIT 1   [ RunTime:0.000275s ]

[ 2014-12-15T18:42:32+08:00 ] ::1 /whr/index.php?s=/Home/ProInfo/url_ajaxActive
INFO: [ app_begin ] --START--
INFO: Run Behavior\ReadHtmlCacheBehavior [ RunTime:0.001547s ]
INFO: [ app_begin ] --END-- [ RunTime:0.001923s ]
SQL: SHOW COLUMNS FROM `wrt_pro_activity` [ RunTime:0.003956s ]
SQL: SELECT * FROM `wrt_pro_activity` WHERE ( id=3 ) LIMIT 1   [ RunTime:0.000254s ]

[ 2014-12-15T18:43:03+08:00 ] ::1 /whr/index.php?s=/Home/ProInfo/url_ajaxActive
INFO: [ app_begin ] --START--
INFO: Run Behavior\ReadHtmlCacheBehavior [ RunTime:0.001618s ]
INFO: [ app_begin ] --END-- [ RunTime:0.001969s ]
SQL: SHOW COLUMNS FROM `wrt_pro_activity` [ RunTime:0.004006s ]
SQL: SELECT * FROM `wrt_pro_activity` WHERE ( id=3 ) LIMIT 1   [ RunTime:0.000250s ]

[ 2014-12-15T19:04:26+08:00 ] ::1 /whr/index.php?s=/Home/ProInfo/decorate
ERR: 非法操作:decorate

[ 2014-12-15T19:04:29+08:00 ] ::1 /whr/index.php?s=/Home/ProInfo/hinder
ERR: 非法操作:hinder

[ 2014-12-15T19:05:06+08:00 ] ::1 /whr/index.php?s=/Home/ProInfo/url_ajaxCalendar
INFO: [ app_begin ] --START--
INFO: Run Behavior\ReadHtmlCacheBehavior [ RunTime:0.000661s ]
INFO: [ app_begin ] --END-- [ RunTime:0.001029s ]
SQL: SHOW COLUMNS FROM `wrt_pro_survey` [ RunTime:0.004500s ]
SQL: SELECT * FROM `wrt_pro_survey` WHERE ( id=0 ) LIMIT 1   [ RunTime:0.000278s ]

[ 2014-12-15T19:05:11+08:00 ] ::1 /whr/index.php?s=/Home/ProInfo/url_ajaxCalendar
INFO: [ app_begin ] --START--
INFO: Run Behavior\ReadHtmlCacheBehavior [ RunTime:0.000607s ]
INFO: [ app_begin ] --END-- [ RunTime:0.001023s ]
SQL: SHOW COLUMNS FROM `wrt_pro_survey` [ RunTime:0.004031s ]
SQL: SELECT * FROM `wrt_pro_survey` WHERE ( id=0 ) LIMIT 1   [ RunTime:0.000271s ]

[ 2014-12-15T19:06:39+08:00 ] ::1 /whr/index.php?s=/Home/ProInfo/hinder
ERR: 非法操作:hinder

[ 2014-12-15T19:06:40+08:00 ] ::1 /whr/index.php?s=/Home/ProInfo/url_ajaxCalendar
INFO: [ app_begin ] --START--
INFO: Run Behavior\ReadHtmlCacheBehavior [ RunTime:0.000474s ]
INFO: [ app_begin ] --END-- [ RunTime:0.000780s ]
SQL: SHOW COLUMNS FROM `wrt_pro_survey` [ RunTime:0.004660s ]
SQL: SELECT * FROM `wrt_pro_survey` WHERE ( id=2 ) LIMIT 1   [ RunTime:0.000370s ]

[ 2014-12-15T19:06:42+08:00 ] ::1 /whr/index.php?s=/Home/ProInfo/url_ajaxCalendar
INFO: [ app_begin ] --START--
INFO: Run Behavior\ReadHtmlCacheBehavior [ RunTime:0.001322s ]
INFO: [ app_begin ] --END-- [ RunTime:0.001614s ]
SQL: SHOW COLUMNS FROM `wrt_pro_survey` [ RunTime:0.004267s ]
SQL: SELECT * FROM `wrt_pro_survey` WHERE ( id=1 ) LIMIT 1   [ RunTime:0.000392s ]

[ 2014-12-15T19:31:25+08:00 ] ::1 /whr/index.php?s=/Home/ProInfo/url_ajaxCalendar
INFO: [ app_begin ] --START--
INFO: Run Behavior\ReadHtmlCacheBehavior [ RunTime:0.001656s ]
INFO: [ app_begin ] --END-- [ RunTime:0.002047s ]
SQL: SHOW COLUMNS FROM `wrt_pro_survey` [ RunTime:0.003990s ]
SQL: SELECT * FROM `wrt_pro_survey` WHERE ( id=1 ) LIMIT 1   [ RunTime:0.000288s ]

[ 2014-12-15T19:31:40+08:00 ] ::1 /whr/index.php?s=/Home/ProInfo/url_ajaxCalendar
INFO: [ app_begin ] --START--
INFO: Run Behavior\ReadHtmlCacheBehavior [ RunTime:0.000739s ]
INFO: [ app_begin ] --END-- [ RunTime:0.001071s ]
SQL: SHOW COLUMNS FROM `wrt_pro_survey` [ RunTime:0.004275s ]
SQL: SELECT * FROM `wrt_pro_survey` WHERE ( id=1 ) LIMIT 1   [ RunTime:0.000343s ]

[ 2014-12-15T19:31:53+08:00 ] ::1 /whr/index.php?s=/Home/ProInfo/url_ajaxCalendar
INFO: [ app_begin ] --START--
INFO: Run Behavior\ReadHtmlCacheBehavior [ RunTime:0.000461s ]
INFO: [ app_begin ] --END-- [ RunTime:0.000764s ]
SQL: SHOW COLUMNS FROM `wrt_pro_survey` [ RunTime:0.004300s ]
SQL: SELECT * FROM `wrt_pro_survey` WHERE ( id=1 ) LIMIT 1   [ RunTime:0.000314s ]

[ 2014-12-15T19:32:03+08:00 ] ::1 /whr/index.php?s=/Home/ProInfo/url_ajaxCalendar
INFO: [ app_begin ] --START--
INFO: Run Behavior\ReadHtmlCacheBehavior [ RunTime:0.000440s ]
INFO: [ app_begin ] --END-- [ RunTime:0.000739s ]
SQL: SHOW COLUMNS FROM `wrt_pro_survey` [ RunTime:0.004288s ]
SQL: SELECT * FROM `wrt_pro_survey` WHERE ( id=1 ) LIMIT 1   [ RunTime:0.000279s ]

