[ 2015-01-10T10:02:01+08:00 ] ::1 /whr/index.php?s=/Home/Login/index.2
ERR: 非法操作:index.2

[ 2015-01-10T10:24:06+08:00 ] ::1 /whr/index.php?s=/Home/Login/index.2
ERR: 非法操作:index.2

[ 2015-01-10T10:24:14+08:00 ] ::1 /whr/index.php?s=/Home/Login/index.2
ERR: 非法操作:index.2

[ 2015-01-10T11:23:13+08:00 ] ::1 /whr/index.php?s=/Home/Order/urlAjaxOrderFind
INFO: [ app_begin ] --START--
INFO: Run Behavior\ReadHtmlCacheBehavior [ RunTime:0.000443s ]
INFO: [ app_begin ] --END-- [ RunTime:0.000780s ]
SQL: SHOW COLUMNS FROM `wrt_auth_group_access` [ RunTime:0.005457s ]
SQL: SELECT `rules` FROM wrt_auth_group_access a INNER JOIN wrt_auth_group g on a.group_id=g.id  WHERE ( a.uid='8' and g.status='1' )  [ RunTime:0.000457s ]
SQL: SHOW COLUMNS FROM `wrt_auth_rule` [ RunTime:0.004272s ]
SQL: SELECT `condition`,`name` FROM `wrt_auth_rule` WHERE ( `id` IN ('29','30','31','32','33','34','35','36','37','38','39','47','48','49','50','51','52','53') ) AND ( `type` = 1 ) AND ( `status` = 1 )  [ RunTime:0.000511s ]

[ 2015-01-10T11:23:17+08:00 ] ::1 /whr/index.php?s=/Home/Order/urlAjaxOrderFind
INFO: [ app_begin ] --START--
INFO: Run Behavior\ReadHtmlCacheBehavior [ RunTime:0.000339s ]
INFO: [ app_begin ] --END-- [ RunTime:0.000582s ]
SQL: SHOW COLUMNS FROM `wrt_auth_group_access` [ RunTime:0.005181s ]
SQL: SELECT `rules` FROM wrt_auth_group_access a INNER JOIN wrt_auth_group g on a.group_id=g.id  WHERE ( a.uid='8' and g.status='1' )  [ RunTime:0.000356s ]
SQL: SHOW COLUMNS FROM `wrt_auth_rule` [ RunTime:0.004025s ]
SQL: SELECT `condition`,`name` FROM `wrt_auth_rule` WHERE ( `id` IN ('29','30','31','32','33','34','35','36','37','38','39','47','48','49','50','51','52','53') ) AND ( `type` = 1 ) AND ( `status` = 1 )  [ RunTime:0.000461s ]

[ 2015-01-10T11:23:18+08:00 ] ::1 /whr/index.php?s=/Home/Order/urlAjaxOrderFind
INFO: [ app_begin ] --START--
INFO: Run Behavior\ReadHtmlCacheBehavior [ RunTime:0.000303s ]
INFO: [ app_begin ] --END-- [ RunTime:0.000514s ]
SQL: SHOW COLUMNS FROM `wrt_auth_group_access` [ RunTime:0.004820s ]
SQL: SELECT `rules` FROM wrt_auth_group_access a INNER JOIN wrt_auth_group g on a.group_id=g.id  WHERE ( a.uid='8' and g.status='1' )  [ RunTime:0.000347s ]
SQL: SHOW COLUMNS FROM `wrt_auth_rule` [ RunTime:0.003799s ]
SQL: SELECT `condition`,`name` FROM `wrt_auth_rule` WHERE ( `id` IN ('29','30','31','32','33','34','35','36','37','38','39','47','48','49','50','51','52','53') ) AND ( `type` = 1 ) AND ( `status` = 1 )  [ RunTime:0.000404s ]

[ 2015-01-10T11:23:19+08:00 ] ::1 /whr/index.php?s=/Home/Order/urlAjaxOrderFind
INFO: [ app_begin ] --START--
INFO: Run Behavior\ReadHtmlCacheBehavior [ RunTime:0.000349s ]
INFO: [ app_begin ] --END-- [ RunTime:0.000636s ]
SQL: SHOW COLUMNS FROM `wrt_auth_group_access` [ RunTime:0.004957s ]
SQL: SELECT `rules` FROM wrt_auth_group_access a INNER JOIN wrt_auth_group g on a.group_id=g.id  WHERE ( a.uid='8' and g.status='1' )  [ RunTime:0.000305s ]
SQL: SHOW COLUMNS FROM `wrt_auth_rule` [ RunTime:0.004164s ]
SQL: SELECT `condition`,`name` FROM `wrt_auth_rule` WHERE ( `id` IN ('29','30','31','32','33','34','35','36','37','38','39','47','48','49','50','51','52','53') ) AND ( `type` = 1 ) AND ( `status` = 1 )  [ RunTime:0.000367s ]

[ 2015-01-10T11:23:30+08:00 ] ::1 /whr/index.php?s=/Home/Order/urlAjaxOrderFind
INFO: [ app_begin ] --START--
INFO: Run Behavior\ReadHtmlCacheBehavior [ RunTime:0.000334s ]
INFO: [ app_begin ] --END-- [ RunTime:0.000573s ]
SQL: SHOW COLUMNS FROM `wrt_auth_group_access` [ RunTime:0.005288s ]
SQL: SELECT `rules` FROM wrt_auth_group_access a INNER JOIN wrt_auth_group g on a.group_id=g.id  WHERE ( a.uid='8' and g.status='1' )  [ RunTime:0.000277s ]
SQL: SHOW COLUMNS FROM `wrt_auth_rule` [ RunTime:0.003794s ]
SQL: SELECT `condition`,`name` FROM `wrt_auth_rule` WHERE ( `id` IN ('29','30','31','32','33','34','35','36','37','38','39','47','48','49','50','51','52','53') ) AND ( `type` = 1 ) AND ( `status` = 1 )  [ RunTime:0.000426s ]

[ 2015-01-10T14:06:54+08:00 ] ::1 /whr/index.php?s=/Home/Config/details
INFO: [ app_begin ] --START--
INFO: Run Behavior\ReadHtmlCacheBehavior [ RunTime:0.000415s ]
INFO: [ app_begin ] --END-- [ RunTime:0.000673s ]
SQL: SHOW COLUMNS FROM `wrt_auth_group_access` [ RunTime:0.005847s ]
SQL: SELECT `rules` FROM wrt_auth_group_access a INNER JOIN wrt_auth_group g on a.group_id=g.id  WHERE ( a.uid='8' and g.status='1' )  [ RunTime:0.000328s ]
SQL: SHOW COLUMNS FROM `wrt_auth_rule` [ RunTime:0.004819s ]
SQL: SELECT `condition`,`name` FROM `wrt_auth_rule` WHERE ( `id` IN ('29','30','31','32','33','34','35','36','37','38','39','47','48','49','50','51','52','53') ) AND ( `type` = 1 ) AND ( `status` = 1 )  [ RunTime:0.000451s ]

[ 2015-01-10T14:07:03+08:00 ] ::1 /whr/index.php?s=/Home/Config/details
INFO: [ app_begin ] --START--
INFO: Run Behavior\ReadHtmlCacheBehavior [ RunTime:0.000377s ]
INFO: [ app_begin ] --END-- [ RunTime:0.000644s ]
SQL: SHOW COLUMNS FROM `wrt_auth_group_access` [ RunTime:0.005650s ]
SQL: SELECT `rules` FROM wrt_auth_group_access a INNER JOIN wrt_auth_group g on a.group_id=g.id  WHERE ( a.uid='8' and g.status='1' )  [ RunTime:0.000438s ]
SQL: SHOW COLUMNS FROM `wrt_auth_rule` [ RunTime:0.005968s ]
SQL: SELECT `condition`,`name` FROM `wrt_auth_rule` WHERE ( `id` IN ('29','30','31','32','33','34','35','36','37','38','39','47','48','49','50','51','52','53') ) AND ( `type` = 1 ) AND ( `status` = 1 )  [ RunTime:0.000506s ]

[ 2015-01-10T14:07:18+08:00 ] ::1 /whr/index.php?s=/Home/Goods/details
INFO: [ app_begin ] --START--
INFO: Run Behavior\ReadHtmlCacheBehavior [ RunTime:0.000347s ]
INFO: [ app_begin ] --END-- [ RunTime:0.000592s ]
SQL: SHOW COLUMNS FROM wrt_goods g [ RunTime:0.000108s ]
ERR: 1064:You have an error in your SQL syntax; check the manual that corresponds to your MySQL server version for the right syntax to use near 'g' at line 1
 [ SQL语句 ] : SHOW COLUMNS FROM wrt_goods g
SQL: SELECT g.*,c.cat_id,v.store_id,v.store_name,c.cat_name,r.REGION_ID,r.REGION_NAME FROM wrt_goods g INNER JOIN wrt_category AS c ON g.cat_id=c.cat_id INNER JOIN wrt_vip AS v ON v.store_id=g.store_id INNER JOIN wrt_region AS r ON g.province=r.REGION_ID  WHERE ( g.goods_id=1 ) LIMIT 1   [ RunTime:0.074439s ]

[ 2015-01-10T14:07:21+08:00 ] ::1 /whr/index.php?s=/Home/Goods/details
INFO: [ app_begin ] --START--
INFO: Run Behavior\ReadHtmlCacheBehavior [ RunTime:0.000357s ]
INFO: [ app_begin ] --END-- [ RunTime:0.000617s ]
SQL: SHOW COLUMNS FROM wrt_goods g [ RunTime:0.000108s ]
ERR: 1064:You have an error in your SQL syntax; check the manual that corresponds to your MySQL server version for the right syntax to use near 'g' at line 1
 [ SQL语句 ] : SHOW COLUMNS FROM wrt_goods g
SQL: SELECT g.*,c.cat_id,v.store_id,v.store_name,c.cat_name,r.REGION_ID,r.REGION_NAME FROM wrt_goods g INNER JOIN wrt_category AS c ON g.cat_id=c.cat_id INNER JOIN wrt_vip AS v ON v.store_id=g.store_id INNER JOIN wrt_region AS r ON g.province=r.REGION_ID  WHERE ( g.goods_id=1 ) LIMIT 1   [ RunTime:0.000457s ]

[ 2015-01-10T14:09:50+08:00 ] ::1 /whr/index.php?s=/Home/Config/details
INFO: [ app_begin ] --START--
INFO: Run Behavior\ReadHtmlCacheBehavior [ RunTime:0.000543s ]
INFO: [ app_begin ] --END-- [ RunTime:0.000927s ]
SQL: SHOW COLUMNS FROM `wrt_auth_group_access` [ RunTime:0.005972s ]
SQL: SELECT `rules` FROM wrt_auth_group_access a INNER JOIN wrt_auth_group g on a.group_id=g.id  WHERE ( a.uid='8' and g.status='1' )  [ RunTime:0.000365s ]
SQL: SHOW COLUMNS FROM `wrt_auth_rule` [ RunTime:0.005474s ]
SQL: SELECT `condition`,`name` FROM `wrt_auth_rule` WHERE ( `id` IN ('29','30','31','32','33','34','35','36','37','38','39','47','48','49','50','51','52','53') ) AND ( `type` = 1 ) AND ( `status` = 1 )  [ RunTime:0.000448s ]

[ 2015-01-10T14:13:44+08:00 ] ::1 /whr/index.php?s=/Home/Config/details
INFO: [ app_begin ] --START--
INFO: Run Behavior\ReadHtmlCacheBehavior [ RunTime:0.000323s ]
INFO: [ app_begin ] --END-- [ RunTime:0.000549s ]
SQL: SHOW COLUMNS FROM `wrt_auth_group_access` [ RunTime:0.006185s ]
SQL: SELECT `rules` FROM wrt_auth_group_access a INNER JOIN wrt_auth_group g on a.group_id=g.id  WHERE ( a.uid='8' and g.status='1' )  [ RunTime:0.000349s ]
SQL: SHOW COLUMNS FROM `wrt_auth_rule` [ RunTime:0.013068s ]
SQL: SELECT `condition`,`name` FROM `wrt_auth_rule` WHERE ( `id` IN ('29','30','31','32','33','34','35','36','37','38','39','47','48','49','50','51','52','53') ) AND ( `type` = 1 ) AND ( `status` = 1 )  [ RunTime:0.000597s ]

[ 2015-01-10T14:29:34+08:00 ] ::1 /whr/index.php?s=/Home/Month/index
ERR: 无法加载控制器:Month

[ 2015-01-10T15:53:41+08:00 ] ::1 /whr/index.php?s=/Home/Config/details
INFO: [ app_begin ] --START--
INFO: Run Behavior\ReadHtmlCacheBehavior [ RunTime:0.000407s ]
INFO: [ app_begin ] --END-- [ RunTime:0.000667s ]
SQL: SHOW COLUMNS FROM wrt_business_shop b [ RunTime:0.000199s ]
ERR: 1064:You have an error in your SQL syntax; check the manual that corresponds to your MySQL server version for the right syntax to use near 'b' at line 1
 [ SQL语句 ] : SHOW COLUMNS FROM wrt_business_shop b
SQL: SELECT b.*,c.id as sid,c.name as sname FROM wrt_business_shop b INNER JOIN wrt_business AS c ON b.bid=c.id  WHERE ( b.bsid=4 ) LIMIT 1   [ RunTime:0.023002s ]

[ 2015-01-10T15:54:14+08:00 ] ::1 /whr/index.php?s=/Home/Business/app
ERR: 非法操作:app

[ 2015-01-10T16:39:00+08:00 ] ::1 /whr/index.php?s=/Home/Business/order
ERR: 非法操作:order

[ 2015-01-10T16:54:32+08:00 ] ::1 /whr/index.php?s=/Home/City/citySave
INFO: [ app_begin ] --START--
INFO: Run Behavior\ReadHtmlCacheBehavior [ RunTime:0.000356s ]
INFO: [ app_begin ] --END-- [ RunTime:0.000611s ]
SQL: SHOW COLUMNS FROM `wrt_auth_group_access` [ RunTime:0.009317s ]
SQL: SELECT `rules` FROM wrt_auth_group_access a INNER JOIN wrt_auth_group g on a.group_id=g.id  WHERE ( a.uid='8' and g.status='1' )  [ RunTime:0.000424s ]
SQL: SHOW COLUMNS FROM `wrt_auth_rule` [ RunTime:0.023645s ]
SQL: SELECT `condition`,`name` FROM `wrt_auth_rule` WHERE ( `id` IN ('29','30','31','32','34','35','36','37','141','110','114') ) AND ( `type` = 1 ) AND ( `status` = 1 )  [ RunTime:0.000368s ]

[ 2015-01-10T16:54:32+08:00 ] ::1 /whr/index.php?s=/Home/City/vallcage
INFO: [ app_begin ] --START--
INFO: Run Behavior\ReadHtmlCacheBehavior [ RunTime:0.000439s ]
INFO: [ app_begin ] --END-- [ RunTime:0.000713s ]
SQL: SHOW COLUMNS FROM `wrt_auth_group_access` [ RunTime:0.003330s ]
SQL: SELECT `rules` FROM wrt_auth_group_access a INNER JOIN wrt_auth_group g on a.group_id=g.id  WHERE ( a.uid='8' and g.status='1' )  [ RunTime:0.000456s ]
SQL: SHOW COLUMNS FROM `wrt_auth_rule` [ RunTime:0.003526s ]
SQL: SELECT `condition`,`name` FROM `wrt_auth_rule` WHERE ( `id` IN ('29','30','31','32','34','35','36','37','141','110','114') ) AND ( `type` = 1 ) AND ( `status` = 1 )  [ RunTime:0.001011s ]

[ 2015-01-10T17:23:13+08:00 ] ::1 /whr/index.php?s=/Home/Business/order
ERR: 非法操作:order

[ 2015-01-10T17:29:27+08:00 ] ::1 /whr/index.php?s=/Home/Month/index
ERR: 无法加载控制器:Month

[ 2015-01-10T17:37:21+08:00 ] ::1 /whr/index.php?s=/Home/City/citySave
INFO: [ app_begin ] --START--
INFO: Run Behavior\ReadHtmlCacheBehavior [ RunTime:0.000392s ]
INFO: [ app_begin ] --END-- [ RunTime:0.000653s ]
INFO: [ app_end ] --START--
INFO: Run Behavior\ShowPageTraceBehavior [ RunTime:0.000351s ]
INFO: [ app_end ] --END-- [ RunTime:0.000406s ]

[ 2015-01-10T17:37:21+08:00 ] ::1 /whr/index.php?s=/Home/City/vallcage
INFO: [ app_begin ] --START--
INFO: Run Behavior\ReadHtmlCacheBehavior [ RunTime:0.000364s ]
INFO: [ app_begin ] --END-- [ RunTime:0.000617s ]
INFO: [ app_end ] --START--
INFO: Run Behavior\ShowPageTraceBehavior [ RunTime:0.000347s ]
INFO: [ app_end ] --END-- [ RunTime:0.000400s ]

