[ 2015-01-06T09:53:39+08:00 ] ::1 /whr/index.php?s=/Home/City/vallcage
INFO: [ app_begin ] --START--
INFO: Run Behavior\ReadHtmlCacheBehavior [ RunTime:0.000473s ]
INFO: [ app_begin ] --END-- [ RunTime:0.000827s ]
INFO: [ app_end ] --START--
INFO: Run Behavior\ShowPageTraceBehavior [ RunTime:0.000473s ]
INFO: [ app_end ] --END-- [ RunTime:0.000510s ]

[ 2015-01-06T09:53:39+08:00 ] ::1 /whr/index.php?s=/Home/City/citySave
INFO: [ app_begin ] --START--
INFO: Run Behavior\ReadHtmlCacheBehavior [ RunTime:0.000519s ]
INFO: [ app_begin ] --END-- [ RunTime:0.000827s ]
INFO: [ app_end ] --START--
INFO: Run Behavior\ShowPageTraceBehavior [ RunTime:0.000595s ]
INFO: [ app_end ] --END-- [ RunTime:0.000646s ]

[ 2015-01-06T09:53:42+08:00 ] ::1 /whr/index.php?s=/Home/City/citySave
INFO: [ app_begin ] --START--
INFO: Run Behavior\ReadHtmlCacheBehavior [ RunTime:0.000574s ]
INFO: [ app_begin ] --END-- [ RunTime:0.001045s ]
INFO: [ app_end ] --START--
INFO: Run Behavior\ShowPageTraceBehavior [ RunTime:0.001073s ]
INFO: [ app_end ] --END-- [ RunTime:0.001138s ]

[ 2015-01-06T09:53:42+08:00 ] ::1 /whr/index.php?s=/Home/City/vallcage
INFO: [ app_begin ] --START--
INFO: Run Behavior\ReadHtmlCacheBehavior [ RunTime:0.001361s ]
INFO: [ app_begin ] --END-- [ RunTime:0.001792s ]
INFO: [ app_end ] --START--
INFO: Run Behavior\ShowPageTraceBehavior [ RunTime:0.000639s ]
INFO: [ app_end ] --END-- [ RunTime:0.000721s ]

[ 2015-01-06T09:53:46+08:00 ] ::1 /whr/index.php?s=/Home/City/citySave
INFO: [ app_begin ] --START--
INFO: Run Behavior\ReadHtmlCacheBehavior [ RunTime:0.000433s ]
INFO: [ app_begin ] --END-- [ RunTime:0.000722s ]
INFO: [ app_end ] --START--
INFO: Run Behavior\ShowPageTraceBehavior [ RunTime:0.000423s ]
INFO: [ app_end ] --END-- [ RunTime:0.000457s ]

[ 2015-01-06T09:53:46+08:00 ] ::1 /whr/index.php?s=/Home/City/vallcage
INFO: [ app_begin ] --START--
INFO: Run Behavior\ReadHtmlCacheBehavior [ RunTime:0.000451s ]
INFO: [ app_begin ] --END-- [ RunTime:0.000750s ]
INFO: [ app_end ] --START--
INFO: Run Behavior\ShowPageTraceBehavior [ RunTime:0.000438s ]
INFO: [ app_end ] --END-- [ RunTime:0.000480s ]

[ 2015-01-06T10:35:12+08:00 ] ::1 /whr/index.php?s=/Home/City/citySave
INFO: [ app_begin ] --START--
INFO: Run Behavior\ReadHtmlCacheBehavior [ RunTime:0.000467s ]
INFO: [ app_begin ] --END-- [ RunTime:0.000793s ]
INFO: [ app_end ] --START--
INFO: Run Behavior\ShowPageTraceBehavior [ RunTime:0.000482s ]
INFO: [ app_end ] --END-- [ RunTime:0.000526s ]

[ 2015-01-06T10:35:12+08:00 ] ::1 /whr/index.php?s=/Home/City/vallcage
INFO: [ app_begin ] --START--
INFO: Run Behavior\ReadHtmlCacheBehavior [ RunTime:0.000625s ]
INFO: [ app_begin ] --END-- [ RunTime:0.000999s ]
INFO: [ app_end ] --START--
INFO: Run Behavior\ShowPageTraceBehavior [ RunTime:0.000937s ]
INFO: [ app_end ] --END-- [ RunTime:0.000991s ]

[ 2015-01-06T11:01:47+08:00 ] ::1 /whr/index.php?s=/Home/City/citySave
INFO: [ app_begin ] --START--
INFO: Run Behavior\ReadHtmlCacheBehavior [ RunTime:0.000444s ]
INFO: [ app_begin ] --END-- [ RunTime:0.000742s ]
INFO: [ app_end ] --START--
INFO: Run Behavior\ShowPageTraceBehavior [ RunTime:0.000525s ]
INFO: [ app_end ] --END-- [ RunTime:0.000561s ]

[ 2015-01-06T11:01:47+08:00 ] ::1 /whr/index.php?s=/Home/City/vallcage
INFO: [ app_begin ] --START--
INFO: Run Behavior\ReadHtmlCacheBehavior [ RunTime:0.000723s ]
INFO: [ app_begin ] --END-- [ RunTime:0.001081s ]
INFO: [ app_end ] --START--
INFO: Run Behavior\ShowPageTraceBehavior [ RunTime:0.000576s ]
INFO: [ app_end ] --END-- [ RunTime:0.000629s ]

[ 2015-01-06T11:04:45+08:00 ] ::1 /whr/index.php?s=/Home/City/vallcage
INFO: [ app_begin ] --START--
INFO: Run Behavior\ReadHtmlCacheBehavior [ RunTime:0.000599s ]
INFO: [ app_begin ] --END-- [ RunTime:0.000950s ]
INFO: [ app_end ] --START--
INFO: Run Behavior\ShowPageTraceBehavior [ RunTime:0.000644s ]
INFO: [ app_end ] --END-- [ RunTime:0.000705s ]

[ 2015-01-06T11:04:45+08:00 ] ::1 /whr/index.php?s=/Home/City/citySave
INFO: [ app_begin ] --START--
INFO: Run Behavior\ReadHtmlCacheBehavior [ RunTime:0.000590s ]
INFO: [ app_begin ] --END-- [ RunTime:0.000956s ]
INFO: [ app_end ] --START--
INFO: Run Behavior\ShowPageTraceBehavior [ RunTime:0.000546s ]
INFO: [ app_end ] --END-- [ RunTime:0.000601s ]

[ 2015-01-06T11:15:17+08:00 ] ::1 /whr/index.php?s=/Home/City/vallcage
INFO: [ app_begin ] --START--
INFO: Run Behavior\ReadHtmlCacheBehavior [ RunTime:0.000453s ]
INFO: [ app_begin ] --END-- [ RunTime:0.000761s ]
SQL: SHOW COLUMNS FROM `wrt_region` [ RunTime:0.004256s ]
SQL: SELECT * FROM `wrt_region` WHERE ( REGION_ID=2334 ) LIMIT 1   [ RunTime:0.000282s ]
SQL: SELECT * FROM `wrt_region` WHERE ( PARENT_ID=234 and REGION_ID!=2334 )  [ RunTime:0.005127s ]

[ 2015-01-06T11:15:17+08:00 ] ::1 /whr/index.php?s=/Home/City/citySave
INFO: [ app_begin ] --START--
INFO: Run Behavior\ReadHtmlCacheBehavior [ RunTime:0.000584s ]
INFO: [ app_begin ] --END-- [ RunTime:0.000933s ]
SQL: SHOW COLUMNS FROM `wrt_region` [ RunTime:0.003962s ]
SQL: SELECT * FROM `wrt_region` WHERE ( REGION_ID=234 ) LIMIT 1   [ RunTime:0.000272s ]
SQL: SELECT * FROM `wrt_region` WHERE ( PARENT_ID=20 and REGION_ID!=234 )  [ RunTime:0.005204s ]

[ 2015-01-06T11:15:17+08:00 ] ::1 /whr/index.php?s=/Home/Goods/url_ajaxhinder
INFO: [ app_begin ] --START--
INFO: Run Behavior\ReadHtmlCacheBehavior [ RunTime:0.000592s ]
INFO: [ app_begin ] --END-- [ RunTime:0.000940s ]
SQL: SHOW COLUMNS FROM wrt_specification s [ RunTime:0.000111s ]
ERR: 1064:You have an error in your SQL syntax; check the manual that corresponds to your MySQL server version for the right syntax to use near 's' at line 1
 [ SQL语句 ] : SHOW COLUMNS FROM wrt_specification s
SQL: SHOW COLUMNS FROM `wrt_specification_data` [ RunTime:0.004042s ]
SQL: SELECT s.*,c.cat_id,c.cat_name FROM wrt_specification s INNER JOIN wrt_category AS c ON c.parent_id=s.parent_id  WHERE ( c.cat_id=6 ) LIMIT 1   [ RunTime:0.000321s ]
SQL: SELECT * FROM `wrt_specification_data` WHERE ( goods_id=1 ) LIMIT 1   [ RunTime:0.000185s ]

[ 2015-01-06T11:15:24+08:00 ] ::1 /whr/index.php?s=/Home/City/vallcage
INFO: [ app_begin ] --START--
INFO: Run Behavior\ReadHtmlCacheBehavior [ RunTime:0.000495s ]
INFO: [ app_begin ] --END-- [ RunTime:0.000833s ]
INFO: [ app_end ] --START--
INFO: Run Behavior\ShowPageTraceBehavior [ RunTime:0.000459s ]
INFO: [ app_end ] --END-- [ RunTime:0.000498s ]

[ 2015-01-06T11:15:24+08:00 ] ::1 /whr/index.php?s=/Home/City/citySave
INFO: [ app_begin ] --START--
INFO: Run Behavior\ReadHtmlCacheBehavior [ RunTime:0.000512s ]
INFO: [ app_begin ] --END-- [ RunTime:0.000843s ]
INFO: [ app_end ] --START--
INFO: Run Behavior\ShowPageTraceBehavior [ RunTime:0.000611s ]
INFO: [ app_end ] --END-- [ RunTime:0.000661s ]

[ 2015-01-06T11:15:29+08:00 ] ::1 /whr/index.php?s=/Home/Goods/url_ajaxhinder
INFO: [ app_begin ] --START--
INFO: Run Behavior\ReadHtmlCacheBehavior [ RunTime:0.000451s ]
INFO: [ app_begin ] --END-- [ RunTime:0.000762s ]
SQL: SHOW COLUMNS FROM wrt_specification s [ RunTime:0.000121s ]
ERR: 1064:You have an error in your SQL syntax; check the manual that corresponds to your MySQL server version for the right syntax to use near 's' at line 1
 [ SQL语句 ] : SHOW COLUMNS FROM wrt_specification s
SQL: SHOW COLUMNS FROM `wrt_specification_data` [ RunTime:0.005046s ]
SQL: SELECT s.*,c.cat_id,c.cat_name FROM wrt_specification s INNER JOIN wrt_category AS c ON c.parent_id=s.parent_id  WHERE ( c.cat_id=6 ) LIMIT 1   [ RunTime:0.000698s ]
SQL: SELECT * FROM `wrt_specification_data` WHERE ( goods_id=1 ) LIMIT 1   [ RunTime:0.000271s ]

[ 2015-01-06T11:15:29+08:00 ] ::1 /whr/index.php?s=/Home/City/citySave
INFO: [ app_begin ] --START--
INFO: Run Behavior\ReadHtmlCacheBehavior [ RunTime:0.000456s ]
INFO: [ app_begin ] --END-- [ RunTime:0.000746s ]
SQL: SHOW COLUMNS FROM `wrt_region` [ RunTime:0.005290s ]
SQL: SELECT * FROM `wrt_region` WHERE ( REGION_ID=234 ) LIMIT 1   [ RunTime:0.000311s ]
SQL: SELECT * FROM `wrt_region` WHERE ( PARENT_ID=20 and REGION_ID!=234 )  [ RunTime:0.005480s ]

[ 2015-01-06T11:15:30+08:00 ] ::1 /whr/index.php?s=/Home/City/vallcage
INFO: [ app_begin ] --START--
INFO: Run Behavior\ReadHtmlCacheBehavior [ RunTime:0.000449s ]
INFO: [ app_begin ] --END-- [ RunTime:0.000744s ]
SQL: SHOW COLUMNS FROM `wrt_region` [ RunTime:0.004603s ]
SQL: SELECT * FROM `wrt_region` WHERE ( REGION_ID=2334 ) LIMIT 1   [ RunTime:0.000328s ]
SQL: SELECT * FROM `wrt_region` WHERE ( PARENT_ID=234 and REGION_ID!=2334 )  [ RunTime:0.004868s ]

[ 2015-01-06T11:15:37+08:00 ] ::1 /whr/index.php?s=/Home/City/citySave
INFO: [ app_begin ] --START--
INFO: Run Behavior\ReadHtmlCacheBehavior [ RunTime:0.000474s ]
INFO: [ app_begin ] --END-- [ RunTime:0.000869s ]
SQL: SHOW COLUMNS FROM `wrt_region` [ RunTime:0.005491s ]
SQL: SELECT * FROM `wrt_region` WHERE ( REGION_ID=234 ) LIMIT 1   [ RunTime:0.000803s ]
SQL: SELECT * FROM `wrt_region` WHERE ( PARENT_ID=20 and REGION_ID!=234 )  [ RunTime:0.005106s ]

[ 2015-01-06T11:15:37+08:00 ] ::1 /whr/index.php?s=/Home/Goods/url_ajaxhinder
INFO: [ app_begin ] --START--
INFO: Run Behavior\ReadHtmlCacheBehavior [ RunTime:0.000568s ]
INFO: [ app_begin ] --END-- [ RunTime:0.000891s ]
SQL: SHOW COLUMNS FROM wrt_specification s [ RunTime:0.000128s ]
ERR: 1064:You have an error in your SQL syntax; check the manual that corresponds to your MySQL server version for the right syntax to use near 's' at line 1
 [ SQL语句 ] : SHOW COLUMNS FROM wrt_specification s
SQL: SHOW COLUMNS FROM `wrt_specification_data` [ RunTime:0.004358s ]
SQL: SELECT s.*,c.cat_id,c.cat_name FROM wrt_specification s INNER JOIN wrt_category AS c ON c.parent_id=s.parent_id  WHERE ( c.cat_id=6 ) LIMIT 1   [ RunTime:0.000298s ]
SQL: SELECT * FROM `wrt_specification_data` WHERE ( goods_id=1 ) LIMIT 1   [ RunTime:0.000156s ]

[ 2015-01-06T11:15:37+08:00 ] ::1 /whr/index.php?s=/Home/City/vallcage
INFO: [ app_begin ] --START--
INFO: Run Behavior\ReadHtmlCacheBehavior [ RunTime:0.000620s ]
INFO: [ app_begin ] --END-- [ RunTime:0.000987s ]
SQL: SHOW COLUMNS FROM `wrt_region` [ RunTime:0.004237s ]
SQL: SELECT * FROM `wrt_region` WHERE ( REGION_ID=2334 ) LIMIT 1   [ RunTime:0.000455s ]
SQL: SELECT * FROM `wrt_region` WHERE ( PARENT_ID=234 and REGION_ID!=2334 )  [ RunTime:0.005260s ]

[ 2015-01-06T11:15:46+08:00 ] ::1 /whr/index.php?s=/Home/City/vallcage
INFO: [ app_begin ] --START--
INFO: Run Behavior\ReadHtmlCacheBehavior [ RunTime:0.000479s ]
INFO: [ app_begin ] --END-- [ RunTime:0.000789s ]
SQL: SHOW COLUMNS FROM `wrt_region` [ RunTime:0.004904s ]
SQL: SELECT * FROM `wrt_region` WHERE ( REGION_ID=2334 ) LIMIT 1   [ RunTime:0.000365s ]
SQL: SELECT * FROM `wrt_region` WHERE ( PARENT_ID=234 and REGION_ID!=2334 )  [ RunTime:0.005060s ]

[ 2015-01-06T11:15:46+08:00 ] ::1 /whr/index.php?s=/Home/Goods/url_ajaxhinder
INFO: [ app_begin ] --START--
INFO: Run Behavior\ReadHtmlCacheBehavior [ RunTime:0.000612s ]
INFO: [ app_begin ] --END-- [ RunTime:0.001002s ]
SQL: SHOW COLUMNS FROM wrt_specification s [ RunTime:0.000221s ]
ERR: 1064:You have an error in your SQL syntax; check the manual that corresponds to your MySQL server version for the right syntax to use near 's' at line 1
 [ SQL语句 ] : SHOW COLUMNS FROM wrt_specification s
SQL: SHOW COLUMNS FROM `wrt_specification_data` [ RunTime:0.006133s ]
SQL: SELECT s.*,c.cat_id,c.cat_name FROM wrt_specification s INNER JOIN wrt_category AS c ON c.parent_id=s.parent_id  WHERE ( c.cat_id=6 ) LIMIT 1   [ RunTime:0.000737s ]
SQL: SELECT * FROM `wrt_specification_data` WHERE ( goods_id=1 ) LIMIT 1   [ RunTime:0.000405s ]

[ 2015-01-06T11:15:46+08:00 ] ::1 /whr/index.php?s=/Home/City/citySave
INFO: [ app_begin ] --START--
INFO: Run Behavior\ReadHtmlCacheBehavior [ RunTime:0.001463s ]
INFO: [ app_begin ] --END-- [ RunTime:0.002120s ]
SQL: SHOW COLUMNS FROM `wrt_region` [ RunTime:0.005803s ]
SQL: SELECT * FROM `wrt_region` WHERE ( REGION_ID=234 ) LIMIT 1   [ RunTime:0.000358s ]
SQL: SELECT * FROM `wrt_region` WHERE ( PARENT_ID=20 and REGION_ID!=234 )  [ RunTime:0.005214s ]

[ 2015-01-06T11:16:30+08:00 ] ::1 /whr/index.php?s=/Home/City/citySave
INFO: [ app_begin ] --START--
INFO: Run Behavior\ReadHtmlCacheBehavior [ RunTime:0.000448s ]
INFO: [ app_begin ] --END-- [ RunTime:0.000761s ]
SQL: SHOW COLUMNS FROM `wrt_region` [ RunTime:0.004730s ]
SQL: SELECT * FROM `wrt_region` WHERE ( REGION_ID=234 ) LIMIT 1   [ RunTime:0.000297s ]
SQL: SELECT * FROM `wrt_region` WHERE ( PARENT_ID=20 and REGION_ID!=234 )  [ RunTime:0.005380s ]

[ 2015-01-06T11:16:30+08:00 ] ::1 /whr/index.php?s=/Home/City/vallcage
INFO: [ app_begin ] --START--
INFO: Run Behavior\ReadHtmlCacheBehavior [ RunTime:0.000471s ]
INFO: [ app_begin ] --END-- [ RunTime:0.000766s ]
SQL: SHOW COLUMNS FROM `wrt_region` [ RunTime:0.004766s ]
SQL: SELECT * FROM `wrt_region` WHERE ( REGION_ID=2334 ) LIMIT 1   [ RunTime:0.000501s ]
SQL: SELECT * FROM `wrt_region` WHERE ( PARENT_ID=234 and REGION_ID!=2334 )  [ RunTime:0.005187s ]

[ 2015-01-06T11:16:30+08:00 ] ::1 /whr/index.php?s=/Home/Goods/url_ajaxhinder
INFO: [ app_begin ] --START--
INFO: Run Behavior\ReadHtmlCacheBehavior [ RunTime:0.000611s ]
INFO: [ app_begin ] --END-- [ RunTime:0.000963s ]
SQL: SHOW COLUMNS FROM wrt_specification s [ RunTime:0.000087s ]
ERR: 1064:You have an error in your SQL syntax; check the manual that corresponds to your MySQL server version for the right syntax to use near 's' at line 1
 [ SQL语句 ] : SHOW COLUMNS FROM wrt_specification s
SQL: SHOW COLUMNS FROM `wrt_specification_data` [ RunTime:0.004152s ]
SQL: SELECT s.*,c.cat_id,c.cat_name FROM wrt_specification s INNER JOIN wrt_category AS c ON c.parent_id=s.parent_id  WHERE ( c.cat_id=6 ) LIMIT 1   [ RunTime:0.000331s ]
SQL: SELECT * FROM `wrt_specification_data` WHERE ( goods_id=1 ) LIMIT 1   [ RunTime:0.000170s ]

[ 2015-01-06T11:16:32+08:00 ] ::1 /whr/index.php?s=/Home/City/citySave
INFO: [ app_begin ] --START--
INFO: Run Behavior\ReadHtmlCacheBehavior [ RunTime:0.000456s ]
INFO: [ app_begin ] --END-- [ RunTime:0.000750s ]
SQL: SHOW COLUMNS FROM `wrt_region` [ RunTime:0.004552s ]
SQL: SELECT * FROM `wrt_region` WHERE ( REGION_ID=234 ) LIMIT 1   [ RunTime:0.000372s ]
SQL: SELECT * FROM `wrt_region` WHERE ( PARENT_ID=20 and REGION_ID!=234 )  [ RunTime:0.005808s ]

[ 2015-01-06T11:16:32+08:00 ] ::1 /whr/index.php?s=/Home/City/vallcage
INFO: [ app_begin ] --START--
INFO: Run Behavior\ReadHtmlCacheBehavior [ RunTime:0.000499s ]
INFO: [ app_begin ] --END-- [ RunTime:0.000809s ]
SQL: SHOW COLUMNS FROM `wrt_region` [ RunTime:0.004629s ]
SQL: SELECT * FROM `wrt_region` WHERE ( REGION_ID=2334 ) LIMIT 1   [ RunTime:0.000431s ]
SQL: SELECT * FROM `wrt_region` WHERE ( PARENT_ID=234 and REGION_ID!=2334 )  [ RunTime:0.004931s ]

[ 2015-01-06T11:16:32+08:00 ] ::1 /whr/index.php?s=/Home/Goods/url_ajaxhinder
INFO: [ app_begin ] --START--
INFO: Run Behavior\ReadHtmlCacheBehavior [ RunTime:0.000456s ]
INFO: [ app_begin ] --END-- [ RunTime:0.000758s ]
SQL: SHOW COLUMNS FROM wrt_specification s [ RunTime:0.000102s ]
ERR: 1064:You have an error in your SQL syntax; check the manual that corresponds to your MySQL server version for the right syntax to use near 's' at line 1
 [ SQL语句 ] : SHOW COLUMNS FROM wrt_specification s
SQL: SHOW COLUMNS FROM `wrt_specification_data` [ RunTime:0.004338s ]
SQL: SELECT s.*,c.cat_id,c.cat_name FROM wrt_specification s INNER JOIN wrt_category AS c ON c.parent_id=s.parent_id  WHERE ( c.cat_id=6 ) LIMIT 1   [ RunTime:0.000385s ]
SQL: SELECT * FROM `wrt_specification_data` WHERE ( goods_id=1 ) LIMIT 1   [ RunTime:0.000163s ]

[ 2015-01-06T11:23:05+08:00 ] ::1 /whr/index.php?s=/Home/City/citySave
INFO: [ app_begin ] --START--
INFO: Run Behavior\ReadHtmlCacheBehavior [ RunTime:0.000694s ]
INFO: [ app_begin ] --END-- [ RunTime:0.001019s ]
SQL: SHOW COLUMNS FROM `wrt_region` [ RunTime:0.032429s ]
SQL: SELECT * FROM `wrt_region` WHERE ( REGION_ID=234 ) LIMIT 1   [ RunTime:0.000372s ]
SQL: SELECT * FROM `wrt_region` WHERE ( PARENT_ID=20 and REGION_ID!=234 )  [ RunTime:0.005196s ]

[ 2015-01-06T11:23:05+08:00 ] ::1 /whr/index.php?s=/Home/City/vallcage
INFO: [ app_begin ] --START--
INFO: Run Behavior\ReadHtmlCacheBehavior [ RunTime:0.000607s ]
INFO: [ app_begin ] --END-- [ RunTime:0.000979s ]
SQL: SHOW COLUMNS FROM `wrt_region` [ RunTime:0.004292s ]
SQL: SELECT * FROM `wrt_region` WHERE ( REGION_ID=2334 ) LIMIT 1   [ RunTime:0.000452s ]
SQL: SELECT * FROM `wrt_region` WHERE ( PARENT_ID=234 and REGION_ID!=2334 )  [ RunTime:0.004956s ]

[ 2015-01-06T11:23:05+08:00 ] ::1 /whr/index.php?s=/Home/Goods/url_ajaxhinder
INFO: [ app_begin ] --START--
INFO: Run Behavior\ReadHtmlCacheBehavior [ RunTime:0.001985s ]
INFO: [ app_begin ] --END-- [ RunTime:0.005987s ]
SQL: SHOW COLUMNS FROM wrt_specification s [ RunTime:0.000104s ]
ERR: 1064:You have an error in your SQL syntax; check the manual that corresponds to your MySQL server version for the right syntax to use near 's' at line 1
 [ SQL语句 ] : SHOW COLUMNS FROM wrt_specification s
SQL: SHOW COLUMNS FROM `wrt_specification_data` [ RunTime:0.004279s ]
SQL: SELECT s.*,c.cat_id,c.cat_name FROM wrt_specification s INNER JOIN wrt_category AS c ON c.parent_id=s.parent_id  WHERE ( c.cat_id=6 ) LIMIT 1   [ RunTime:0.000374s ]
SQL: SELECT * FROM `wrt_specification_data` WHERE ( goods_id=1 ) LIMIT 1   [ RunTime:0.000212s ]

[ 2015-01-06T11:23:14+08:00 ] ::1 /whr/index.php?s=/Home/Goods/url_ajaxhinder
INFO: [ app_begin ] --START--
INFO: Run Behavior\ReadHtmlCacheBehavior [ RunTime:0.000455s ]
INFO: [ app_begin ] --END-- [ RunTime:0.000796s ]
SQL: SHOW COLUMNS FROM wrt_specification s [ RunTime:0.000208s ]
ERR: 1064:You have an error in your SQL syntax; check the manual that corresponds to your MySQL server version for the right syntax to use near 's' at line 1
 [ SQL语句 ] : SHOW COLUMNS FROM wrt_specification s
SQL: SHOW COLUMNS FROM `wrt_specification_data` [ RunTime:0.004840s ]
SQL: SELECT s.*,c.cat_id,c.cat_name FROM wrt_specification s INNER JOIN wrt_category AS c ON c.parent_id=s.parent_id  WHERE ( c.cat_id=6 ) LIMIT 1   [ RunTime:0.000634s ]
SQL: SELECT * FROM `wrt_specification_data` WHERE ( goods_id=1 ) LIMIT 1   [ RunTime:0.000198s ]

[ 2015-01-06T11:23:14+08:00 ] ::1 /whr/index.php?s=/Home/City/citySave
INFO: [ app_begin ] --START--
INFO: Run Behavior\ReadHtmlCacheBehavior [ RunTime:0.000455s ]
INFO: [ app_begin ] --END-- [ RunTime:0.000791s ]
SQL: SHOW COLUMNS FROM `wrt_region` [ RunTime:0.004816s ]
SQL: SELECT * FROM `wrt_region` WHERE ( REGION_ID=234 ) LIMIT 1   [ RunTime:0.000521s ]
SQL: SELECT * FROM `wrt_region` WHERE ( PARENT_ID=20 and REGION_ID!=234 )  [ RunTime:0.004995s ]

[ 2015-01-06T11:23:14+08:00 ] ::1 /whr/index.php?s=/Home/City/vallcage
INFO: [ app_begin ] --START--
INFO: Run Behavior\ReadHtmlCacheBehavior [ RunTime:0.000501s ]
INFO: [ app_begin ] --END-- [ RunTime:0.000803s ]
SQL: SHOW COLUMNS FROM `wrt_region` [ RunTime:0.004418s ]
SQL: SELECT * FROM `wrt_region` WHERE ( REGION_ID=2334 ) LIMIT 1   [ RunTime:0.000327s ]
SQL: SELECT * FROM `wrt_region` WHERE ( PARENT_ID=234 and REGION_ID!=2334 )  [ RunTime:0.005106s ]

[ 2015-01-06T11:23:27+08:00 ] ::1 /whr/index.php?s=/Home/Goods/url_ajaxhinder
INFO: [ app_begin ] --START--
INFO: Run Behavior\ReadHtmlCacheBehavior [ RunTime:0.001159s ]
INFO: [ app_begin ] --END-- [ RunTime:0.001486s ]
SQL: SHOW COLUMNS FROM wrt_specification s [ RunTime:0.000160s ]
ERR: 1064:You have an error in your SQL syntax; check the manual that corresponds to your MySQL server version for the right syntax to use near 's' at line 1
 [ SQL语句 ] : SHOW COLUMNS FROM wrt_specification s
SQL: SHOW COLUMNS FROM `wrt_specification_data` [ RunTime:0.004530s ]
SQL: SELECT s.*,c.cat_id,c.cat_name FROM wrt_specification s INNER JOIN wrt_category AS c ON c.parent_id=s.parent_id  WHERE ( c.cat_id=6 ) LIMIT 1   [ RunTime:0.000656s ]
SQL: SELECT * FROM `wrt_specification_data` WHERE ( goods_id=1 ) LIMIT 1   [ RunTime:0.000313s ]

[ 2015-01-06T11:23:27+08:00 ] ::1 /whr/index.php?s=/Home/City/vallcage
INFO: [ app_begin ] --START--
INFO: Run Behavior\ReadHtmlCacheBehavior [ RunTime:0.000756s ]
INFO: [ app_begin ] --END-- [ RunTime:0.001089s ]
SQL: SHOW COLUMNS FROM `wrt_region` [ RunTime:0.004332s ]
SQL: SELECT * FROM `wrt_region` WHERE ( REGION_ID=2334 ) LIMIT 1   [ RunTime:0.000353s ]
SQL: SELECT * FROM `wrt_region` WHERE ( PARENT_ID=234 and REGION_ID!=2334 )  [ RunTime:0.005261s ]

[ 2015-01-06T11:23:27+08:00 ] ::1 /whr/index.php?s=/Home/City/citySave
INFO: [ app_begin ] --START--
INFO: Run Behavior\ReadHtmlCacheBehavior [ RunTime:0.000680s ]
INFO: [ app_begin ] --END-- [ RunTime:0.001528s ]
SQL: SHOW COLUMNS FROM `wrt_region` [ RunTime:0.004053s ]
SQL: SELECT * FROM `wrt_region` WHERE ( REGION_ID=234 ) LIMIT 1   [ RunTime:0.000323s ]
SQL: SELECT * FROM `wrt_region` WHERE ( PARENT_ID=20 and REGION_ID!=234 )  [ RunTime:0.005026s ]

[ 2015-01-06T11:27:32+08:00 ] ::1 /whr/index.php?s=/Home/City/citySave
INFO: [ app_begin ] --START--
INFO: Run Behavior\ReadHtmlCacheBehavior [ RunTime:0.000486s ]
INFO: [ app_begin ] --END-- [ RunTime:0.000784s ]
INFO: [ app_end ] --START--
INFO: Run Behavior\ShowPageTraceBehavior [ RunTime:0.000585s ]
INFO: [ app_end ] --END-- [ RunTime:0.000641s ]

[ 2015-01-06T11:27:32+08:00 ] ::1 /whr/index.php?s=/Home/City/vallcage
INFO: [ app_begin ] --START--
INFO: Run Behavior\ReadHtmlCacheBehavior [ RunTime:0.000738s ]
INFO: [ app_begin ] --END-- [ RunTime:0.001109s ]
INFO: [ app_end ] --START--
INFO: Run Behavior\ShowPageTraceBehavior [ RunTime:0.000576s ]
INFO: [ app_end ] --END-- [ RunTime:0.000616s ]

[ 2015-01-06T11:34:03+08:00 ] ::1 /whr/index.php?s=/Home/City/city
INFO: [ app_begin ] --START--
INFO: Run Behavior\ReadHtmlCacheBehavior [ RunTime:0.001449s ]
INFO: [ app_begin ] --END-- [ RunTime:0.001898s ]
SQL: select region_id,region_name from wrt_region where parent_id =20 [ RunTime:0.003552s ]

[ 2015-01-06T11:34:05+08:00 ] ::1 /whr/index.php?s=/Home/City/city
INFO: [ app_begin ] --START--
INFO: Run Behavior\ReadHtmlCacheBehavior [ RunTime:0.001260s ]
INFO: [ app_begin ] --END-- [ RunTime:0.001650s ]
SQL: select region_id,region_name from wrt_region where parent_id =235 [ RunTime:0.003419s ]

[ 2015-01-06T11:34:05+08:00 ] ::1 /whr/index.php?s=/Home/City/vallage
INFO: [ app_begin ] --START--
INFO: Run Behavior\ReadHtmlCacheBehavior [ RunTime:0.000609s ]
INFO: [ app_begin ] --END-- [ RunTime:0.001035s ]
SQL: select region_id,region_name from wrt_region where parent_id =235 [ RunTime:0.003603s ]

[ 2015-01-06T11:35:27+08:00 ] ::1 /whr/index.php?s=/Home/City/vallcage
INFO: [ app_begin ] --START--
INFO: Run Behavior\ReadHtmlCacheBehavior [ RunTime:0.000519s ]
INFO: [ app_begin ] --END-- [ RunTime:0.000913s ]
INFO: [ app_end ] --START--
INFO: Run Behavior\ShowPageTraceBehavior [ RunTime:0.000511s ]
INFO: [ app_end ] --END-- [ RunTime:0.000573s ]

[ 2015-01-06T11:35:27+08:00 ] ::1 /whr/index.php?s=/Home/City/citySave
INFO: [ app_begin ] --START--
INFO: Run Behavior\ReadHtmlCacheBehavior [ RunTime:0.000618s ]
INFO: [ app_begin ] --END-- [ RunTime:0.001046s ]
INFO: [ app_end ] --START--
INFO: Run Behavior\ShowPageTraceBehavior [ RunTime:0.000538s ]
INFO: [ app_end ] --END-- [ RunTime:0.000633s ]

[ 2015-01-06T13:13:43+08:00 ] ::1 /whr/index.php?s=/Home/City/citySave
INFO: [ app_begin ] --START--
INFO: Run Behavior\ReadHtmlCacheBehavior [ RunTime:0.000470s ]
INFO: [ app_begin ] --END-- [ RunTime:0.000802s ]
INFO: [ app_end ] --START--
INFO: Run Behavior\ShowPageTraceBehavior [ RunTime:0.000664s ]
INFO: [ app_end ] --END-- [ RunTime:0.000935s ]

[ 2015-01-06T13:13:43+08:00 ] ::1 /whr/index.php?s=/Home/City/vallcage
INFO: [ app_begin ] --START--
INFO: Run Behavior\ReadHtmlCacheBehavior [ RunTime:0.001457s ]
INFO: [ app_begin ] --END-- [ RunTime:0.001802s ]
INFO: [ app_end ] --START--
INFO: Run Behavior\ShowPageTraceBehavior [ RunTime:0.000559s ]
INFO: [ app_end ] --END-- [ RunTime:0.000604s ]

[ 2015-01-06T13:18:16+08:00 ] ::1 /whr/index.php?s=/Home/City/citySave
INFO: [ app_begin ] --START--
INFO: Run Behavior\ReadHtmlCacheBehavior [ RunTime:0.000494s ]
INFO: [ app_begin ] --END-- [ RunTime:0.000840s ]
INFO: [ app_end ] --START--
INFO: Run Behavior\ShowPageTraceBehavior [ RunTime:0.000652s ]
INFO: [ app_end ] --END-- [ RunTime:0.000708s ]

[ 2015-01-06T13:18:16+08:00 ] ::1 /whr/index.php?s=/Home/City/vallcage
INFO: [ app_begin ] --START--
INFO: Run Behavior\ReadHtmlCacheBehavior [ RunTime:0.000638s ]
INFO: [ app_begin ] --END-- [ RunTime:0.001111s ]
INFO: [ app_end ] --START--
INFO: Run Behavior\ShowPageTraceBehavior [ RunTime:0.000580s ]
INFO: [ app_end ] --END-- [ RunTime:0.000624s ]

[ 2015-01-06T13:19:32+08:00 ] ::1 /whr/index.php?s=/Home/City/citySave
INFO: [ app_begin ] --START--
INFO: Run Behavior\ReadHtmlCacheBehavior [ RunTime:0.000537s ]
INFO: [ app_begin ] --END-- [ RunTime:0.000869s ]
SQL: SHOW COLUMNS FROM `wrt_region` [ RunTime:0.004067s ]
SQL: SELECT * FROM `wrt_region` WHERE ( REGION_ID=234 ) LIMIT 1   [ RunTime:0.000281s ]
SQL: SELECT * FROM `wrt_region` WHERE ( PARENT_ID=20 and REGION_ID!=234 )  [ RunTime:0.005217s ]

[ 2015-01-06T13:19:32+08:00 ] ::1 /whr/index.php?s=/Home/City/vallcage
INFO: [ app_begin ] --START--
INFO: Run Behavior\ReadHtmlCacheBehavior [ RunTime:0.000685s ]
INFO: [ app_begin ] --END-- [ RunTime:0.001090s ]
SQL: SHOW COLUMNS FROM `wrt_region` [ RunTime:0.004545s ]
SQL: SELECT * FROM `wrt_region` WHERE ( REGION_ID=2332 ) LIMIT 1   [ RunTime:0.000363s ]
SQL: SELECT * FROM `wrt_region` WHERE ( PARENT_ID=234 and REGION_ID!=2332 )  [ RunTime:0.004915s ]

[ 2015-01-06T13:19:38+08:00 ] ::1 /whr/index.php?s=/Home/City/citySave
INFO: [ app_begin ] --START--
INFO: Run Behavior\ReadHtmlCacheBehavior [ RunTime:0.000485s ]
INFO: [ app_begin ] --END-- [ RunTime:0.000807s ]
SQL: SHOW COLUMNS FROM `wrt_region` [ RunTime:0.004130s ]
SQL: SELECT * FROM `wrt_region` WHERE ( REGION_ID=234 ) LIMIT 1   [ RunTime:0.000244s ]
SQL: SELECT * FROM `wrt_region` WHERE ( PARENT_ID=20 and REGION_ID!=234 )  [ RunTime:0.004913s ]

[ 2015-01-06T13:19:39+08:00 ] ::1 /whr/index.php?s=/Home/City/vallcage
INFO: [ app_begin ] --START--
INFO: Run Behavior\ReadHtmlCacheBehavior [ RunTime:0.000643s ]
INFO: [ app_begin ] --END-- [ RunTime:0.001021s ]
SQL: SHOW COLUMNS FROM `wrt_region` [ RunTime:0.004126s ]
SQL: SELECT * FROM `wrt_region` WHERE ( REGION_ID=2334 ) LIMIT 1   [ RunTime:0.000321s ]
SQL: SELECT * FROM `wrt_region` WHERE ( PARENT_ID=234 and REGION_ID!=2334 )  [ RunTime:0.004825s ]

[ 2015-01-06T13:19:44+08:00 ] ::1 /whr/index.php?s=/Home/City/vallcage
INFO: [ app_begin ] --START--
INFO: Run Behavior\ReadHtmlCacheBehavior [ RunTime:0.000493s ]
INFO: [ app_begin ] --END-- [ RunTime:0.000809s ]
INFO: [ app_end ] --START--
INFO: Run Behavior\ShowPageTraceBehavior [ RunTime:0.000541s ]
INFO: [ app_end ] --END-- [ RunTime:0.000626s ]

[ 2015-01-06T13:19:44+08:00 ] ::1 /whr/index.php?s=/Home/City/citySave
INFO: [ app_begin ] --START--
INFO: Run Behavior\ReadHtmlCacheBehavior [ RunTime:0.000510s ]
INFO: [ app_begin ] --END-- [ RunTime:0.000866s ]
INFO: [ app_end ] --START--
INFO: Run Behavior\ShowPageTraceBehavior [ RunTime:0.000463s ]
INFO: [ app_end ] --END-- [ RunTime:0.000514s ]

[ 2015-01-06T13:45:29+08:00 ] ::1 /whr/index.php?s=/Home/City/citySave
INFO: [ app_begin ] --START--
INFO: Run Behavior\ReadHtmlCacheBehavior [ RunTime:0.000659s ]
INFO: [ app_begin ] --END-- [ RunTime:0.001030s ]
INFO: [ app_end ] --START--
INFO: Run Behavior\ShowPageTraceBehavior [ RunTime:0.000586s ]
INFO: [ app_end ] --END-- [ RunTime:0.000649s ]

[ 2015-01-06T13:45:29+08:00 ] ::1 /whr/index.php?s=/Home/City/vallcage
INFO: [ app_begin ] --START--
INFO: Run Behavior\ReadHtmlCacheBehavior [ RunTime:0.000673s ]
INFO: [ app_begin ] --END-- [ RunTime:0.001078s ]
INFO: [ app_end ] --START--
INFO: Run Behavior\ShowPageTraceBehavior [ RunTime:0.000573s ]
INFO: [ app_end ] --END-- [ RunTime:0.000656s ]

[ 2015-01-06T13:48:04+08:00 ] ::1 /whr/index.php?s=/Home/City/citySave
INFO: [ app_begin ] --START--
INFO: Run Behavior\ReadHtmlCacheBehavior [ RunTime:0.000926s ]
INFO: [ app_begin ] --END-- [ RunTime:0.001412s ]
INFO: [ app_end ] --START--
INFO: Run Behavior\ShowPageTraceBehavior [ RunTime:0.000670s ]
INFO: [ app_end ] --END-- [ RunTime:0.000744s ]

[ 2015-01-06T13:48:04+08:00 ] ::1 /whr/index.php?s=/Home/City/vallcage
INFO: [ app_begin ] --START--
INFO: Run Behavior\ReadHtmlCacheBehavior [ RunTime:0.001107s ]
INFO: [ app_begin ] --END-- [ RunTime:0.001540s ]
INFO: [ app_end ] --START--
INFO: Run Behavior\ShowPageTraceBehavior [ RunTime:0.000601s ]
INFO: [ app_end ] --END-- [ RunTime:0.000673s ]

[ 2015-01-06T13:49:40+08:00 ] ::1 /whr/index.php?s=/Home/City/vallcage
INFO: [ app_begin ] --START--
INFO: Run Behavior\ReadHtmlCacheBehavior [ RunTime:0.000611s ]
INFO: [ app_begin ] --END-- [ RunTime:0.000950s ]
INFO: [ app_end ] --START--
INFO: Run Behavior\ShowPageTraceBehavior [ RunTime:0.000489s ]
INFO: [ app_end ] --END-- [ RunTime:0.000531s ]

[ 2015-01-06T13:49:40+08:00 ] ::1 /whr/index.php?s=/Home/City/citySave
INFO: [ app_begin ] --START--
INFO: Run Behavior\ReadHtmlCacheBehavior [ RunTime:0.000735s ]
INFO: [ app_begin ] --END-- [ RunTime:0.001093s ]
INFO: [ app_end ] --START--
INFO: Run Behavior\ShowPageTraceBehavior [ RunTime:0.000664s ]
INFO: [ app_end ] --END-- [ RunTime:0.000712s ]

[ 2015-01-06T13:55:45+08:00 ] ::1 /whr/index.php?s=/Home/City/city
INFO: [ app_begin ] --START--
INFO: Run Behavior\ReadHtmlCacheBehavior [ RunTime:0.001423s ]
INFO: [ app_begin ] --END-- [ RunTime:0.002641s ]
SQL: select region_id,region_name from wrt_region where parent_id =20 [ RunTime:0.003666s ]

[ 2015-01-06T13:55:46+08:00 ] ::1 /whr/index.php?s=/Home/City/city
INFO: [ app_begin ] --START--
INFO: Run Behavior\ReadHtmlCacheBehavior [ RunTime:0.000446s ]
INFO: [ app_begin ] --END-- [ RunTime:0.000764s ]
SQL: select region_id,region_name from wrt_region where parent_id =234 [ RunTime:0.003379s ]

[ 2015-01-06T13:55:46+08:00 ] ::1 /whr/index.php?s=/Home/City/vallage
INFO: [ app_begin ] --START--
INFO: Run Behavior\ReadHtmlCacheBehavior [ RunTime:0.000598s ]
INFO: [ app_begin ] --END-- [ RunTime:0.000941s ]
SQL: select region_id,region_name from wrt_region where parent_id =234 [ RunTime:0.003368s ]

[ 2015-01-06T13:55:52+08:00 ] ::1 /whr/index.php?s=/Home/City/vallcage
INFO: [ app_begin ] --START--
INFO: Run Behavior\ReadHtmlCacheBehavior [ RunTime:0.000653s ]
INFO: [ app_begin ] --END-- [ RunTime:0.001110s ]
INFO: [ app_end ] --START--
INFO: Run Behavior\ShowPageTraceBehavior [ RunTime:0.000564s ]
INFO: [ app_end ] --END-- [ RunTime:0.000600s ]

[ 2015-01-06T13:55:52+08:00 ] ::1 /whr/index.php?s=/Home/City/citySave
INFO: [ app_begin ] --START--
INFO: Run Behavior\ReadHtmlCacheBehavior [ RunTime:0.000681s ]
INFO: [ app_begin ] --END-- [ RunTime:0.001129s ]
INFO: [ app_end ] --START--
INFO: Run Behavior\ShowPageTraceBehavior [ RunTime:0.000715s ]
INFO: [ app_end ] --END-- [ RunTime:0.000770s ]

[ 2015-01-06T13:56:34+08:00 ] ::1 /whr/index.php?s=/Home/City/city
INFO: [ app_begin ] --START--
INFO: Run Behavior\ReadHtmlCacheBehavior [ RunTime:0.001286s ]
INFO: [ app_begin ] --END-- [ RunTime:0.001575s ]
SQL: select region_id,region_name from wrt_region where parent_id =4 [ RunTime:0.003460s ]

[ 2015-01-06T13:56:35+08:00 ] ::1 /whr/index.php?s=/Home/City/city
INFO: [ app_begin ] --START--
INFO: Run Behavior\ReadHtmlCacheBehavior [ RunTime:0.000443s ]
INFO: [ app_begin ] --END-- [ RunTime:0.000745s ]
SQL: select region_id,region_name from wrt_region where parent_id =41 [ RunTime:0.003365s ]

[ 2015-01-06T13:56:35+08:00 ] ::1 /whr/index.php?s=/Home/City/vallage
INFO: [ app_begin ] --START--
INFO: Run Behavior\ReadHtmlCacheBehavior [ RunTime:0.000440s ]
INFO: [ app_begin ] --END-- [ RunTime:0.000743s ]
SQL: select region_id,region_name from wrt_region where parent_id =41 [ RunTime:0.003391s ]

[ 2015-01-06T13:56:37+08:00 ] ::1 /whr/index.php?s=/Home/City/vallcage
INFO: [ app_begin ] --START--
INFO: Run Behavior\ReadHtmlCacheBehavior [ RunTime:0.000469s ]
INFO: [ app_begin ] --END-- [ RunTime:0.000832s ]
INFO: [ app_end ] --START--
INFO: Run Behavior\ShowPageTraceBehavior [ RunTime:0.000908s ]
INFO: [ app_end ] --END-- [ RunTime:0.000966s ]

[ 2015-01-06T13:56:37+08:00 ] ::1 /whr/index.php?s=/Home/City/citySave
INFO: [ app_begin ] --START--
INFO: Run Behavior\ReadHtmlCacheBehavior [ RunTime:0.000470s ]
INFO: [ app_begin ] --END-- [ RunTime:0.000813s ]
INFO: [ app_end ] --START--
INFO: Run Behavior\ShowPageTraceBehavior [ RunTime:0.000500s ]
INFO: [ app_end ] --END-- [ RunTime:0.000572s ]

[ 2015-01-06T13:56:57+08:00 ] ::1 /whr/index.php?s=/Home/City/city
INFO: [ app_begin ] --START--
INFO: Run Behavior\ReadHtmlCacheBehavior [ RunTime:0.000416s ]
INFO: [ app_begin ] --END-- [ RunTime:0.000766s ]
SQL: select region_id,region_name from wrt_region where parent_id =6 [ RunTime:0.003283s ]

[ 2015-01-06T13:56:58+08:00 ] ::1 /whr/index.php?s=/Home/City/city
INFO: [ app_begin ] --START--
INFO: Run Behavior\ReadHtmlCacheBehavior [ RunTime:0.000465s ]
INFO: [ app_begin ] --END-- [ RunTime:0.000817s ]
SQL: select region_id,region_name from wrt_region where parent_id =61 [ RunTime:0.003458s ]

[ 2015-01-06T13:56:58+08:00 ] ::1 /whr/index.php?s=/Home/City/vallage
INFO: [ app_begin ] --START--
INFO: Run Behavior\ReadHtmlCacheBehavior [ RunTime:0.000491s ]
INFO: [ app_begin ] --END-- [ RunTime:0.000857s ]
SQL: select region_id,region_name from wrt_region where parent_id =61 [ RunTime:0.003420s ]

[ 2015-01-06T13:57:02+08:00 ] ::1 /whr/index.php?s=/Home/City/citySave
INFO: [ app_begin ] --START--
INFO: Run Behavior\ReadHtmlCacheBehavior [ RunTime:0.000633s ]
INFO: [ app_begin ] --END-- [ RunTime:0.000987s ]
INFO: [ app_end ] --START--
INFO: Run Behavior\ShowPageTraceBehavior [ RunTime:0.000502s ]
INFO: [ app_end ] --END-- [ RunTime:0.000547s ]

[ 2015-01-06T13:57:02+08:00 ] ::1 /whr/index.php?s=/Home/City/vallcage
INFO: [ app_begin ] --START--
INFO: Run Behavior\ReadHtmlCacheBehavior [ RunTime:0.000545s ]
INFO: [ app_begin ] --END-- [ RunTime:0.000941s ]
INFO: [ app_end ] --START--
INFO: Run Behavior\ShowPageTraceBehavior [ RunTime:0.000447s ]
INFO: [ app_end ] --END-- [ RunTime:0.000491s ]

[ 2015-01-06T14:00:31+08:00 ] ::1 /whr/index.php?s=/Home/City/citySave
INFO: [ app_begin ] --START--
INFO: Run Behavior\ReadHtmlCacheBehavior [ RunTime:0.000670s ]
INFO: [ app_begin ] --END-- [ RunTime:0.001098s ]
SQL: SHOW COLUMNS FROM `wrt_region` [ RunTime:0.004030s ]
SQL: SELECT * FROM `wrt_region` WHERE ( REGION_ID=234 ) LIMIT 1   [ RunTime:0.000285s ]
SQL: SELECT * FROM `wrt_region` WHERE ( PARENT_ID=20 and REGION_ID!=234 )  [ RunTime:0.004737s ]

[ 2015-01-06T14:00:31+08:00 ] ::1 /whr/index.php?s=/Home/City/vallcage
INFO: [ app_begin ] --START--
INFO: Run Behavior\ReadHtmlCacheBehavior [ RunTime:0.000724s ]
INFO: [ app_begin ] --END-- [ RunTime:0.001267s ]
SQL: SHOW COLUMNS FROM `wrt_region` [ RunTime:0.004536s ]
SQL: SELECT * FROM `wrt_region` WHERE ( REGION_ID=2334 ) LIMIT 1   [ RunTime:0.000332s ]
SQL: SELECT * FROM `wrt_region` WHERE ( PARENT_ID=234 and REGION_ID!=2334 )  [ RunTime:0.004967s ]

[ 2015-01-06T14:00:33+08:00 ] ::1 /whr/index.php?s=/Home/City/vallcage
INFO: [ app_begin ] --START--
INFO: Run Behavior\ReadHtmlCacheBehavior [ RunTime:0.000571s ]
INFO: [ app_begin ] --END-- [ RunTime:0.000963s ]
INFO: [ app_end ] --START--
INFO: Run Behavior\ShowPageTraceBehavior [ RunTime:0.000506s ]
INFO: [ app_end ] --END-- [ RunTime:0.000556s ]

[ 2015-01-06T14:00:33+08:00 ] ::1 /whr/index.php?s=/Home/City/citySave
INFO: [ app_begin ] --START--
INFO: Run Behavior\ReadHtmlCacheBehavior [ RunTime:0.000632s ]
INFO: [ app_begin ] --END-- [ RunTime:0.001046s ]
INFO: [ app_end ] --START--
INFO: Run Behavior\ShowPageTraceBehavior [ RunTime:0.000575s ]
INFO: [ app_end ] --END-- [ RunTime:0.000624s ]

[ 2015-01-06T14:08:36+08:00 ] ::1 /whr/index.php?s=/Home/City/vallcage
INFO: [ app_begin ] --START--
INFO: Run Behavior\ReadHtmlCacheBehavior [ RunTime:0.000674s ]
INFO: [ app_begin ] --END-- [ RunTime:0.001097s ]
INFO: [ app_end ] --START--
INFO: Run Behavior\ShowPageTraceBehavior [ RunTime:0.000547s ]
INFO: [ app_end ] --END-- [ RunTime:0.000607s ]

[ 2015-01-06T14:08:36+08:00 ] ::1 /whr/index.php?s=/Home/City/citySave
INFO: [ app_begin ] --START--
INFO: Run Behavior\ReadHtmlCacheBehavior [ RunTime:0.000700s ]
INFO: [ app_begin ] --END-- [ RunTime:0.001121s ]
INFO: [ app_end ] --START--
INFO: Run Behavior\ShowPageTraceBehavior [ RunTime:0.000602s ]
INFO: [ app_end ] --END-- [ RunTime:0.000667s ]

[ 2015-01-06T14:08:38+08:00 ] ::1 /whr/index.php?s=/Home/City/citySave
INFO: [ app_begin ] --START--
INFO: Run Behavior\ReadHtmlCacheBehavior [ RunTime:0.000458s ]
INFO: [ app_begin ] --END-- [ RunTime:0.000763s ]
SQL: SHOW COLUMNS FROM `wrt_region` [ RunTime:0.009595s ]
SQL: SELECT * FROM `wrt_region` WHERE ( REGION_ID=61 ) LIMIT 1   [ RunTime:0.000277s ]
SQL: SELECT * FROM `wrt_region` WHERE ( PARENT_ID=6 and REGION_ID!=61 )  [ RunTime:0.004642s ]

[ 2015-01-06T14:08:38+08:00 ] ::1 /whr/index.php?s=/Home/City/vallcage
INFO: [ app_begin ] --START--
INFO: Run Behavior\ReadHtmlCacheBehavior [ RunTime:0.000658s ]
INFO: [ app_begin ] --END-- [ RunTime:0.001165s ]
SQL: SHOW COLUMNS FROM `wrt_region` [ RunTime:0.004625s ]
SQL: SELECT * FROM `wrt_region` WHERE ( REGION_ID=748 ) LIMIT 1   [ RunTime:0.000318s ]
SQL: SELECT * FROM `wrt_region` WHERE ( PARENT_ID=61 and REGION_ID!=748 )  [ RunTime:0.005219s ]

[ 2015-01-06T14:30:24+08:00 ] ::1 /whr/index.php?s=/Home/City/citySave
INFO: [ app_begin ] --START--
INFO: Run Behavior\ReadHtmlCacheBehavior [ RunTime:0.001476s ]
INFO: [ app_begin ] --END-- [ RunTime:0.001792s ]
INFO: [ app_end ] --START--
INFO: Run Behavior\ShowPageTraceBehavior [ RunTime:0.001523s ]
INFO: [ app_end ] --END-- [ RunTime:0.001582s ]

[ 2015-01-06T14:30:24+08:00 ] ::1 /whr/index.php?s=/Home/City/vallcage
INFO: [ app_begin ] --START--
INFO: Run Behavior\ReadHtmlCacheBehavior [ RunTime:0.000702s ]
INFO: [ app_begin ] --END-- [ RunTime:0.001196s ]
INFO: [ app_end ] --START--
INFO: Run Behavior\ShowPageTraceBehavior [ RunTime:0.000628s ]
INFO: [ app_end ] --END-- [ RunTime:0.000684s ]

[ 2015-01-06T14:38:58+08:00 ] ::1 /whr/index.php?s=/Home/City/vallcage
INFO: [ app_begin ] --START--
INFO: Run Behavior\ReadHtmlCacheBehavior [ RunTime:0.000691s ]
INFO: [ app_begin ] --END-- [ RunTime:0.001099s ]
INFO: [ app_end ] --START--
INFO: Run Behavior\ShowPageTraceBehavior [ RunTime:0.000622s ]
INFO: [ app_end ] --END-- [ RunTime:0.000659s ]

[ 2015-01-06T14:38:58+08:00 ] ::1 /whr/index.php?s=/Home/City/citySave
INFO: [ app_begin ] --START--
INFO: Run Behavior\ReadHtmlCacheBehavior [ RunTime:0.000595s ]
INFO: [ app_begin ] --END-- [ RunTime:0.001001s ]
INFO: [ app_end ] --START--
INFO: Run Behavior\ShowPageTraceBehavior [ RunTime:0.000588s ]
INFO: [ app_end ] --END-- [ RunTime:0.000634s ]

[ 2015-01-06T15:58:06+08:00 ] ::1 /whr/index.php?s=/Home/House/index
ERR: 无法加载控制器:House

[ 2015-01-06T15:58:06+08:00 ] ::1 /whr/index.php?s=/Home/House/add
ERR: 无法加载控制器:House

[ 2015-01-06T15:58:09+08:00 ] ::1 /whr/index.php?s=/Home/House/index
ERR: 无法加载控制器:House

[ 2015-01-06T15:58:10+08:00 ] ::1 /whr/index.php?s=/Home/House/add
ERR: 无法加载控制器:House

[ 2015-01-06T15:58:13+08:00 ] ::1 /whr/index.php?s=/Home/House/index
ERR: 无法加载控制器:House

[ 2015-01-06T15:58:14+08:00 ] ::1 /whr/index.php?s=/Home/House/add
ERR: 无法加载控制器:House

[ 2015-01-06T16:02:16+08:00 ] ::1 /whr/index.php?s=/Home/City/vallage
INFO: [ app_begin ] --START--
INFO: Run Behavior\ReadHtmlCacheBehavior [ RunTime:0.000519s ]
INFO: [ app_begin ] --END-- [ RunTime:0.000867s ]
INFO: [ app_end ] --START--
INFO: Run Behavior\ShowPageTraceBehavior [ RunTime:0.000589s ]
INFO: [ app_end ] --END-- [ RunTime:0.000645s ]

[ 2015-01-06T16:02:16+08:00 ] ::1 /whr/index.php?s=/Home/Owner/sonCate
INFO: [ app_begin ] --START--
INFO: Run Behavior\ReadHtmlCacheBehavior [ RunTime:0.000487s ]
INFO: [ app_begin ] --END-- [ RunTime:0.000806s ]
NOTIC: [2048] Declaration of Home\Controller\OwnerController::get() should be compatible with Think\Controller::get($name = '') C:\xampp\htdocs\whr\App\Home\Controller\OwnerController.class.php 第 7 行.
ERR: 非法操作:sonCate

[ 2015-01-06T16:02:16+08:00 ] ::1 /whr/index.php?s=/Home/City/vallcage
INFO: [ app_begin ] --START--
INFO: Run Behavior\ReadHtmlCacheBehavior [ RunTime:0.000642s ]
INFO: [ app_begin ] --END-- [ RunTime:0.001072s ]
INFO: [ app_end ] --START--
INFO: Run Behavior\ShowPageTraceBehavior [ RunTime:0.000608s ]
INFO: [ app_end ] --END-- [ RunTime:0.000650s ]

[ 2015-01-06T16:02:16+08:00 ] ::1 /whr/index.php?s=/Home/City/city
INFO: [ app_begin ] --START--
INFO: Run Behavior\ReadHtmlCacheBehavior [ RunTime:0.000524s ]
INFO: [ app_begin ] --END-- [ RunTime:0.000964s ]
INFO: [ app_end ] --START--
INFO: Run Behavior\ShowPageTraceBehavior [ RunTime:0.000440s ]
INFO: [ app_end ] --END-- [ RunTime:0.000484s ]

[ 2015-01-06T16:02:16+08:00 ] ::1 /whr/index.php?s=/Home/City/city
INFO: [ app_begin ] --START--
INFO: Run Behavior\ReadHtmlCacheBehavior [ RunTime:0.000610s ]
INFO: [ app_begin ] --END-- [ RunTime:0.001006s ]
INFO: [ app_end ] --START--
INFO: Run Behavior\ShowPageTraceBehavior [ RunTime:0.000531s ]
INFO: [ app_end ] --END-- [ RunTime:0.000569s ]

[ 2015-01-06T16:04:01+08:00 ] ::1 /whr/index.php?s=/Home/City/vallcage
INFO: [ app_begin ] --START--
INFO: Run Behavior\ReadHtmlCacheBehavior [ RunTime:0.000496s ]
INFO: [ app_begin ] --END-- [ RunTime:0.000814s ]
INFO: [ app_end ] --START--
INFO: Run Behavior\ShowPageTraceBehavior [ RunTime:0.000452s ]
INFO: [ app_end ] --END-- [ RunTime:0.000501s ]

[ 2015-01-06T16:04:01+08:00 ] ::1 /whr/index.php?s=/Home/City/citySave
INFO: [ app_begin ] --START--
INFO: Run Behavior\ReadHtmlCacheBehavior [ RunTime:0.000495s ]
INFO: [ app_begin ] --END-- [ RunTime:0.000799s ]
INFO: [ app_end ] --START--
INFO: Run Behavior\ShowPageTraceBehavior [ RunTime:0.000590s ]
INFO: [ app_end ] --END-- [ RunTime:0.000649s ]

[ 2015-01-06T16:06:31+08:00 ] ::1 /whr/index.php?s=/Home/Business/sonCate
INFO: [ app_begin ] --START--
INFO: Run Behavior\ReadHtmlCacheBehavior [ RunTime:0.001335s ]
INFO: [ app_begin ] --END-- [ RunTime:0.001663s ]
SQL: select type_id,type_name from wrt_type where parent_id = 4 [ RunTime:0.000803s ]

[ 2015-01-06T16:25:15+08:00 ] ::1 /whr/index.php?s=/Home/City/citySave
INFO: [ app_begin ] --START--
INFO: Run Behavior\ReadHtmlCacheBehavior [ RunTime:0.001388s ]
INFO: [ app_begin ] --END-- [ RunTime:0.001720s ]
INFO: [ app_end ] --START--
INFO: Run Behavior\ShowPageTraceBehavior [ RunTime:0.001458s ]
INFO: [ app_end ] --END-- [ RunTime:0.001508s ]

[ 2015-01-06T16:25:15+08:00 ] ::1 /whr/index.php?s=/Home/City/vallcage
INFO: [ app_begin ] --START--
INFO: Run Behavior\ReadHtmlCacheBehavior [ RunTime:0.000633s ]
INFO: [ app_begin ] --END-- [ RunTime:0.001032s ]
INFO: [ app_end ] --START--
INFO: Run Behavior\ShowPageTraceBehavior [ RunTime:0.000670s ]
INFO: [ app_end ] --END-- [ RunTime:0.000733s ]

[ 2015-01-06T16:27:05+08:00 ] ::1 /whr/index.php?s=/Home/City/citySave
INFO: [ app_begin ] --START--
INFO: Run Behavior\ReadHtmlCacheBehavior [ RunTime:0.000478s ]
INFO: [ app_begin ] --END-- [ RunTime:0.000821s ]
INFO: [ app_end ] --START--
INFO: Run Behavior\ShowPageTraceBehavior [ RunTime:0.000551s ]
INFO: [ app_end ] --END-- [ RunTime:0.000592s ]

[ 2015-01-06T16:27:05+08:00 ] ::1 /whr/index.php?s=/Home/City/vallcage
INFO: [ app_begin ] --START--
INFO: Run Behavior\ReadHtmlCacheBehavior [ RunTime:0.000486s ]
INFO: [ app_begin ] --END-- [ RunTime:0.000815s ]
INFO: [ app_end ] --START--
INFO: Run Behavior\ShowPageTraceBehavior [ RunTime:0.000531s ]
INFO: [ app_end ] --END-- [ RunTime:0.000577s ]

[ 2015-01-06T16:27:44+08:00 ] ::1 /whr/index.php?s=/Home/City/citySave
INFO: [ app_begin ] --START--
INFO: Run Behavior\ReadHtmlCacheBehavior [ RunTime:0.001389s ]
INFO: [ app_begin ] --END-- [ RunTime:0.001743s ]
INFO: [ app_end ] --START--
INFO: Run Behavior\ShowPageTraceBehavior [ RunTime:0.001867s ]
INFO: [ app_end ] --END-- [ RunTime:0.001942s ]

[ 2015-01-06T16:27:44+08:00 ] ::1 /whr/index.php?s=/Home/City/vallcage
INFO: [ app_begin ] --START--
INFO: Run Behavior\ReadHtmlCacheBehavior [ RunTime:0.000665s ]
INFO: [ app_begin ] --END-- [ RunTime:0.001138s ]
INFO: [ app_end ] --START--
INFO: Run Behavior\ShowPageTraceBehavior [ RunTime:0.000556s ]
INFO: [ app_end ] --END-- [ RunTime:0.000604s ]

[ 2015-01-06T16:27:48+08:00 ] ::1 /whr/index.php?s=/Home/City/vallcage
INFO: [ app_begin ] --START--
INFO: Run Behavior\ReadHtmlCacheBehavior [ RunTime:0.000466s ]
INFO: [ app_begin ] --END-- [ RunTime:0.000814s ]
INFO: [ app_end ] --START--
INFO: Run Behavior\ShowPageTraceBehavior [ RunTime:0.000482s ]
INFO: [ app_end ] --END-- [ RunTime:0.000527s ]

[ 2015-01-06T16:27:48+08:00 ] ::1 /whr/index.php?s=/Home/City/citySave
INFO: [ app_begin ] --START--
INFO: Run Behavior\ReadHtmlCacheBehavior [ RunTime:0.000466s ]
INFO: [ app_begin ] --END-- [ RunTime:0.000803s ]
INFO: [ app_end ] --START--
INFO: Run Behavior\ShowPageTraceBehavior [ RunTime:0.000549s ]
INFO: [ app_end ] --END-- [ RunTime:0.000664s ]

[ 2015-01-06T16:27:59+08:00 ] ::1 /whr/index.php?s=/Home/City/vallcage
INFO: [ app_begin ] --START--
INFO: Run Behavior\ReadHtmlCacheBehavior [ RunTime:0.000700s ]
INFO: [ app_begin ] --END-- [ RunTime:0.001088s ]
INFO: [ app_end ] --START--
INFO: Run Behavior\ShowPageTraceBehavior [ RunTime:0.000545s ]
INFO: [ app_end ] --END-- [ RunTime:0.000599s ]

[ 2015-01-06T16:27:59+08:00 ] ::1 /whr/index.php?s=/Home/City/citySave
INFO: [ app_begin ] --START--
INFO: Run Behavior\ReadHtmlCacheBehavior [ RunTime:0.000691s ]
INFO: [ app_begin ] --END-- [ RunTime:0.001128s ]
INFO: [ app_end ] --START--
INFO: Run Behavior\ShowPageTraceBehavior [ RunTime:0.000593s ]
INFO: [ app_end ] --END-- [ RunTime:0.000651s ]

[ 2015-01-06T16:28:04+08:00 ] ::1 /whr/index.php?s=/Home/City/vallcage
INFO: [ app_begin ] --START--
INFO: Run Behavior\ReadHtmlCacheBehavior [ RunTime:0.001384s ]
INFO: [ app_begin ] --END-- [ RunTime:0.001702s ]
INFO: [ app_end ] --START--
INFO: Run Behavior\ShowPageTraceBehavior [ RunTime:0.001772s ]
INFO: [ app_end ] --END-- [ RunTime:0.001846s ]

[ 2015-01-06T16:28:04+08:00 ] ::1 /whr/index.php?s=/Home/City/citySave
INFO: [ app_begin ] --START--
INFO: Run Behavior\ReadHtmlCacheBehavior [ RunTime:0.000553s ]
INFO: [ app_begin ] --END-- [ RunTime:0.001064s ]
INFO: [ app_end ] --START--
INFO: Run Behavior\ShowPageTraceBehavior [ RunTime:0.000545s ]
INFO: [ app_end ] --END-- [ RunTime:0.000612s ]

[ 2015-01-06T16:28:14+08:00 ] ::1 /whr/index.php?s=/Home/City/citySave
INFO: [ app_begin ] --START--
INFO: Run Behavior\ReadHtmlCacheBehavior [ RunTime:0.000448s ]
INFO: [ app_begin ] --END-- [ RunTime:0.000750s ]
INFO: [ app_end ] --START--
INFO: Run Behavior\ShowPageTraceBehavior [ RunTime:0.000493s ]
INFO: [ app_end ] --END-- [ RunTime:0.000544s ]

[ 2015-01-06T16:28:14+08:00 ] ::1 /whr/index.php?s=/Home/City/vallcage
INFO: [ app_begin ] --START--
INFO: Run Behavior\ReadHtmlCacheBehavior [ RunTime:0.000457s ]
INFO: [ app_begin ] --END-- [ RunTime:0.000746s ]
INFO: [ app_end ] --START--
INFO: Run Behavior\ShowPageTraceBehavior [ RunTime:0.000661s ]
INFO: [ app_end ] --END-- [ RunTime:0.000713s ]

[ 2015-01-06T16:28:26+08:00 ] ::1 /whr/index.php?s=/Home/City/vallcage
INFO: [ app_begin ] --START--
INFO: Run Behavior\ReadHtmlCacheBehavior [ RunTime:0.000558s ]
INFO: [ app_begin ] --END-- [ RunTime:0.000911s ]
INFO: [ app_end ] --START--
INFO: Run Behavior\ShowPageTraceBehavior [ RunTime:0.000500s ]
INFO: [ app_end ] --END-- [ RunTime:0.000543s ]

[ 2015-01-06T16:28:26+08:00 ] ::1 /whr/index.php?s=/Home/City/citySave
INFO: [ app_begin ] --START--
INFO: Run Behavior\ReadHtmlCacheBehavior [ RunTime:0.000556s ]
INFO: [ app_begin ] --END-- [ RunTime:0.000915s ]
INFO: [ app_end ] --START--
INFO: Run Behavior\ShowPageTraceBehavior [ RunTime:0.000553s ]
INFO: [ app_end ] --END-- [ RunTime:0.000602s ]

[ 2015-01-06T16:28:31+08:00 ] ::1 /whr/index.php?s=/Home/City/vallcage
INFO: [ app_begin ] --START--
INFO: Run Behavior\ReadHtmlCacheBehavior [ RunTime:0.000548s ]
INFO: [ app_begin ] --END-- [ RunTime:0.000923s ]
INFO: [ app_end ] --START--
INFO: Run Behavior\ShowPageTraceBehavior [ RunTime:0.001403s ]
INFO: [ app_end ] --END-- [ RunTime:0.001456s ]

[ 2015-01-06T16:28:31+08:00 ] ::1 /whr/index.php?s=/Home/City/citySave
INFO: [ app_begin ] --START--
INFO: Run Behavior\ReadHtmlCacheBehavior [ RunTime:0.000563s ]
INFO: [ app_begin ] --END-- [ RunTime:0.000943s ]
INFO: [ app_end ] --START--
INFO: Run Behavior\ShowPageTraceBehavior [ RunTime:0.000530s ]
INFO: [ app_end ] --END-- [ RunTime:0.000587s ]

[ 2015-01-06T16:28:34+08:00 ] ::1 /whr/index.php?s=/Home/City/citySave
INFO: [ app_begin ] --START--
INFO: Run Behavior\ReadHtmlCacheBehavior [ RunTime:0.000484s ]
INFO: [ app_begin ] --END-- [ RunTime:0.000813s ]
INFO: [ app_end ] --START--
INFO: Run Behavior\ShowPageTraceBehavior [ RunTime:0.000470s ]
INFO: [ app_end ] --END-- [ RunTime:0.000531s ]

[ 2015-01-06T16:28:34+08:00 ] ::1 /whr/index.php?s=/Home/City/vallcage
INFO: [ app_begin ] --START--
INFO: Run Behavior\ReadHtmlCacheBehavior [ RunTime:0.000490s ]
INFO: [ app_begin ] --END-- [ RunTime:0.000840s ]
INFO: [ app_end ] --START--
INFO: Run Behavior\ShowPageTraceBehavior [ RunTime:0.000524s ]
INFO: [ app_end ] --END-- [ RunTime:0.000581s ]

[ 2015-01-06T16:29:21+08:00 ] ::1 /whr/index.php?s=/Home/City/vallage
INFO: [ app_begin ] --START--
INFO: Run Behavior\ReadHtmlCacheBehavior [ RunTime:0.000525s ]
INFO: [ app_begin ] --END-- [ RunTime:0.000878s ]
SQL: select region_id,region_name from wrt_region where parent_id =undefined [ RunTime:0.000226s ]
ERR: 1054:Unknown column 'undefined' in 'where clause'
 [ SQL语句 ] : select region_id,region_name from wrt_region where parent_id =undefined

[ 2015-01-06T16:32:44+08:00 ] ::1 /whr/index.php?s=/Home/City/vallage
INFO: [ app_begin ] --START--
INFO: Run Behavior\ReadHtmlCacheBehavior [ RunTime:0.000715s ]
INFO: [ app_begin ] --END-- [ RunTime:0.001211s ]
SQL: select region_id,region_name from wrt_region where parent_id =undefined [ RunTime:0.000186s ]
ERR: 1054:Unknown column 'undefined' in 'where clause'
 [ SQL语句 ] : select region_id,region_name from wrt_region where parent_id =undefined

[ 2015-01-06T16:33:47+08:00 ] ::1 /whr/index.php?s=/Home/City/vallage
INFO: [ app_begin ] --START--
INFO: Run Behavior\ReadHtmlCacheBehavior [ RunTime:0.001388s ]
INFO: [ app_begin ] --END-- [ RunTime:0.001944s ]
SQL: select region_id,region_name from wrt_region where parent_id =undefined [ RunTime:0.000254s ]
ERR: 1054:Unknown column 'undefined' in 'where clause'
 [ SQL语句 ] : select region_id,region_name from wrt_region where parent_id =undefined

[ 2015-01-06T16:33:48+08:00 ] ::1 /whr/index.php?s=/Home/City/vallage
INFO: [ app_begin ] --START--
INFO: Run Behavior\ReadHtmlCacheBehavior [ RunTime:0.000661s ]
INFO: [ app_begin ] --END-- [ RunTime:0.001127s ]
SQL: select region_id,region_name from wrt_region where parent_id =undefined [ RunTime:0.000195s ]
ERR: 1054:Unknown column 'undefined' in 'where clause'
 [ SQL语句 ] : select region_id,region_name from wrt_region where parent_id =undefined

[ 2015-01-06T16:33:55+08:00 ] ::1 /whr/index.php?s=/Home/City/vallage
INFO: [ app_begin ] --START--
INFO: Run Behavior\ReadHtmlCacheBehavior [ RunTime:0.001665s ]
INFO: [ app_begin ] --END-- [ RunTime:0.002089s ]
SQL: select region_id,region_name from wrt_region where parent_id =undefined [ RunTime:0.000192s ]
ERR: 1054:Unknown column 'undefined' in 'where clause'
 [ SQL语句 ] : select region_id,region_name from wrt_region where parent_id =undefined

[ 2015-01-06T16:36:37+08:00 ] ::1 /whr/index.php?s=/Home/Business/GoodstypeAjax
INFO: [ app_begin ] --START--
INFO: Run Behavior\ReadHtmlCacheBehavior [ RunTime:0.000992s ]
INFO: [ app_begin ] --END-- [ RunTime:0.001398s ]
SQL: SHOW COLUMNS FROM `wrt_type` [ RunTime:0.005078s ]
SQL: SHOW COLUMNS FROM `wrt_life_goods` [ RunTime:0.005565s ]
SQL: SELECT * FROM `wrt_life_goods` WHERE ( lgid = 5 ) LIMIT 1   [ RunTime:0.000489s ]
SQL: SELECT * FROM `wrt_type` WHERE ( type_id=115 ) LIMIT 1   [ RunTime:0.000383s ]
SQL: SELECT * FROM `wrt_type` WHERE ( parent_id=7 and type_id!=115 )  [ RunTime:0.000529s ]

[ 2015-01-06T16:36:37+08:00 ] ::1 /whr/index.php?s=/Home/City/vallage
INFO: [ app_begin ] --START--
INFO: Run Behavior\ReadHtmlCacheBehavior [ RunTime:0.001717s ]
INFO: [ app_begin ] --END-- [ RunTime:0.002125s ]
SQL: select region_id,region_name from wrt_region where parent_id =undefined [ RunTime:0.000190s ]
ERR: 1054:Unknown column 'undefined' in 'where clause'
 [ SQL语句 ] : select region_id,region_name from wrt_region where parent_id =undefined

[ 2015-01-06T16:37:20+08:00 ] ::1 /whr/index.php?s=/Home/Business/GoodstypeAjax
INFO: [ app_begin ] --START--
INFO: Run Behavior\ReadHtmlCacheBehavior [ RunTime:0.000621s ]
INFO: [ app_begin ] --END-- [ RunTime:0.000997s ]
SQL: SHOW COLUMNS FROM `wrt_type` [ RunTime:0.004713s ]
SQL: SHOW COLUMNS FROM `wrt_life_goods` [ RunTime:0.004424s ]
SQL: SELECT * FROM `wrt_life_goods` WHERE ( lgid = 5 ) LIMIT 1   [ RunTime:0.000510s ]
SQL: SELECT * FROM `wrt_type` WHERE ( type_id=115 ) LIMIT 1   [ RunTime:0.000533s ]
SQL: SELECT * FROM `wrt_type` WHERE ( parent_id=7 and type_id!=115 )  [ RunTime:0.000619s ]

[ 2015-01-06T16:37:20+08:00 ] ::1 /whr/index.php?s=/Home/City/vallage
INFO: [ app_begin ] --START--
INFO: Run Behavior\ReadHtmlCacheBehavior [ RunTime:0.000891s ]
INFO: [ app_begin ] --END-- [ RunTime:0.001268s ]
SQL: select region_id,region_name from wrt_region where parent_id =undefined [ RunTime:0.000134s ]
ERR: 1054:Unknown column 'undefined' in 'where clause'
 [ SQL语句 ] : select region_id,region_name from wrt_region where parent_id =undefined

[ 2015-01-06T16:37:23+08:00 ] ::1 /whr/index.php?s=/Home/Business/GoodstypeAjax
INFO: [ app_begin ] --START--
INFO: Run Behavior\ReadHtmlCacheBehavior [ RunTime:0.000570s ]
INFO: [ app_begin ] --END-- [ RunTime:0.001021s ]
SQL: SHOW COLUMNS FROM `wrt_type` [ RunTime:0.003961s ]
SQL: SHOW COLUMNS FROM `wrt_life_goods` [ RunTime:0.005572s ]
SQL: SELECT * FROM `wrt_life_goods` WHERE ( lgid = 5 ) LIMIT 1   [ RunTime:0.000492s ]
SQL: SELECT * FROM `wrt_type` WHERE ( type_id=115 ) LIMIT 1   [ RunTime:0.000257s ]
SQL: SELECT * FROM `wrt_type` WHERE ( parent_id=7 and type_id!=115 )  [ RunTime:0.000417s ]

[ 2015-01-06T16:37:23+08:00 ] ::1 /whr/index.php?s=/Home/City/vallage
INFO: [ app_begin ] --START--
INFO: Run Behavior\ReadHtmlCacheBehavior [ RunTime:0.000698s ]
INFO: [ app_begin ] --END-- [ RunTime:0.001143s ]
SQL: select region_id,region_name from wrt_region where parent_id =undefined [ RunTime:0.000218s ]
ERR: 1054:Unknown column 'undefined' in 'where clause'
 [ SQL语句 ] : select region_id,region_name from wrt_region where parent_id =undefined

[ 2015-01-06T16:39:47+08:00 ] ::1 /whr/index.php?s=/Home/Business/GoodstypeAjax
INFO: [ app_begin ] --START--
INFO: Run Behavior\ReadHtmlCacheBehavior [ RunTime:0.000661s ]
INFO: [ app_begin ] --END-- [ RunTime:0.001068s ]
SQL: SHOW COLUMNS FROM `wrt_type` [ RunTime:0.004585s ]
SQL: SHOW COLUMNS FROM `wrt_life_goods` [ RunTime:0.004793s ]
SQL: SELECT * FROM `wrt_life_goods` WHERE ( lgid = 1 ) LIMIT 1   [ RunTime:0.000546s ]
SQL: SELECT * FROM `wrt_type` WHERE ( type_id=11 ) LIMIT 1   [ RunTime:0.000459s ]
SQL: SELECT * FROM `wrt_type` WHERE ( parent_id=1 and type_id!=11 )  [ RunTime:0.000597s ]

[ 2015-01-06T16:39:47+08:00 ] ::1 /whr/index.php?s=/Home/City/vallage
INFO: [ app_begin ] --START--
INFO: Run Behavior\ReadHtmlCacheBehavior [ RunTime:0.000493s ]
INFO: [ app_begin ] --END-- [ RunTime:0.000805s ]
SQL: select region_id,region_name from wrt_region where parent_id =undefined [ RunTime:0.000139s ]
ERR: 1054:Unknown column 'undefined' in 'where clause'
 [ SQL语句 ] : select region_id,region_name from wrt_region where parent_id =undefined

[ 2015-01-06T16:39:54+08:00 ] ::1 /whr/index.php?s=/Home/City/vallage
INFO: [ app_begin ] --START--
INFO: Run Behavior\ReadHtmlCacheBehavior [ RunTime:0.000746s ]
INFO: [ app_begin ] --END-- [ RunTime:0.001262s ]
SQL: select region_id,region_name from wrt_region where parent_id =undefined [ RunTime:0.000211s ]
ERR: 1054:Unknown column 'undefined' in 'where clause'
 [ SQL语句 ] : select region_id,region_name from wrt_region where parent_id =undefined

[ 2015-01-06T16:39:54+08:00 ] ::1 /whr/index.php?s=/Home/Business/GoodstypeAjax
INFO: [ app_begin ] --START--
INFO: Run Behavior\ReadHtmlCacheBehavior [ RunTime:0.002204s ]
INFO: [ app_begin ] --END-- [ RunTime:0.002893s ]
SQL: SHOW COLUMNS FROM `wrt_type` [ RunTime:0.003968s ]
SQL: SHOW COLUMNS FROM `wrt_life_goods` [ RunTime:0.003990s ]
SQL: SELECT * FROM `wrt_life_goods` WHERE ( lgid = 1 ) LIMIT 1   [ RunTime:0.000416s ]
SQL: SELECT * FROM `wrt_type` WHERE ( type_id=11 ) LIMIT 1   [ RunTime:0.000227s ]
SQL: SELECT * FROM `wrt_type` WHERE ( parent_id=1 and type_id!=11 )  [ RunTime:0.000438s ]

[ 2015-01-06T16:39:57+08:00 ] ::1 /whr/index.php?s=/Home/Business/GoodstypeAjax
INFO: [ app_begin ] --START--
INFO: Run Behavior\ReadHtmlCacheBehavior [ RunTime:0.000834s ]
INFO: [ app_begin ] --END-- [ RunTime:0.001229s ]
SQL: SHOW COLUMNS FROM `wrt_type` [ RunTime:0.006175s ]
SQL: SHOW COLUMNS FROM `wrt_life_goods` [ RunTime:0.004284s ]
SQL: SELECT * FROM `wrt_life_goods` WHERE ( lgid = 1 ) LIMIT 1   [ RunTime:0.000414s ]
SQL: SELECT * FROM `wrt_type` WHERE ( type_id=11 ) LIMIT 1   [ RunTime:0.000202s ]
SQL: SELECT * FROM `wrt_type` WHERE ( parent_id=1 and type_id!=11 )  [ RunTime:0.000412s ]

[ 2015-01-06T16:39:57+08:00 ] ::1 /whr/index.php?s=/Home/City/vallage
INFO: [ app_begin ] --START--
INFO: Run Behavior\ReadHtmlCacheBehavior [ RunTime:0.001767s ]
INFO: [ app_begin ] --END-- [ RunTime:0.002507s ]
SQL: select region_id,region_name from wrt_region where parent_id =undefined [ RunTime:0.000170s ]
ERR: 1054:Unknown column 'undefined' in 'where clause'
 [ SQL语句 ] : select region_id,region_name from wrt_region where parent_id =undefined

[ 2015-01-06T16:40:22+08:00 ] ::1 /whr/index.php?s=/Home/Business/order
ERR: 非法操作:order

[ 2015-01-06T16:40:23+08:00 ] ::1 /whr/index.php?s=/Home/City/vallage
INFO: [ app_begin ] --START--
INFO: Run Behavior\ReadHtmlCacheBehavior [ RunTime:0.000479s ]
INFO: [ app_begin ] --END-- [ RunTime:0.000833s ]
SQL: select region_id,region_name from wrt_region where parent_id =undefined [ RunTime:0.000214s ]
ERR: 1054:Unknown column 'undefined' in 'where clause'
 [ SQL语句 ] : select region_id,region_name from wrt_region where parent_id =undefined

[ 2015-01-06T16:53:53+08:00 ] ::1 /whr/index.php?s=/Home/City/vallage
INFO: [ app_begin ] --START--
INFO: Run Behavior\ReadHtmlCacheBehavior [ RunTime:0.000880s ]
INFO: [ app_begin ] --END-- [ RunTime:0.001266s ]
SQL: select region_id,region_name from wrt_region where parent_id =undefined [ RunTime:0.000268s ]
ERR: 1054:Unknown column 'undefined' in 'where clause'
 [ SQL语句 ] : select region_id,region_name from wrt_region where parent_id =undefined

[ 2015-01-06T16:53:54+08:00 ] ::1 /whr/index.php?s=/Home/City/vallage
INFO: [ app_begin ] --START--
INFO: Run Behavior\ReadHtmlCacheBehavior [ RunTime:0.000450s ]
INFO: [ app_begin ] --END-- [ RunTime:0.000767s ]
SQL: select region_id,region_name from wrt_region where parent_id =undefined [ RunTime:0.000166s ]
ERR: 1054:Unknown column 'undefined' in 'where clause'
 [ SQL语句 ] : select region_id,region_name from wrt_region where parent_id =undefined

[ 2015-01-06T16:53:58+08:00 ] ::1 /whr/index.php?s=/Home/City/vallage
INFO: [ app_begin ] --START--
INFO: Run Behavior\ReadHtmlCacheBehavior [ RunTime:0.000552s ]
INFO: [ app_begin ] --END-- [ RunTime:0.000915s ]
SQL: select region_id,region_name from wrt_region where parent_id =undefined [ RunTime:0.000214s ]
ERR: 1054:Unknown column 'undefined' in 'where clause'
 [ SQL语句 ] : select region_id,region_name from wrt_region where parent_id =undefined

[ 2015-01-06T17:30:29+08:00 ] ::1 /whr/index.php?s=/Home/City/citySave
INFO: [ app_begin ] --START--
INFO: Run Behavior\ReadHtmlCacheBehavior [ RunTime:0.000493s ]
INFO: [ app_begin ] --END-- [ RunTime:0.000844s ]
INFO: [ app_end ] --START--
INFO: Run Behavior\ShowPageTraceBehavior [ RunTime:0.000462s ]
INFO: [ app_end ] --END-- [ RunTime:0.000497s ]

[ 2015-01-06T17:30:29+08:00 ] ::1 /whr/index.php?s=/Home/City/vallcage
INFO: [ app_begin ] --START--
INFO: Run Behavior\ReadHtmlCacheBehavior [ RunTime:0.000710s ]
INFO: [ app_begin ] --END-- [ RunTime:0.001064s ]
INFO: [ app_end ] --START--
INFO: Run Behavior\ShowPageTraceBehavior [ RunTime:0.000684s ]
INFO: [ app_end ] --END-- [ RunTime:0.000728s ]

[ 2015-01-06T17:30:40+08:00 ] ::1 /whr/index.php?s=/Home/City/vallcage
INFO: [ app_begin ] --START--
INFO: Run Behavior\ReadHtmlCacheBehavior [ RunTime:0.000591s ]
INFO: [ app_begin ] --END-- [ RunTime:0.001026s ]
INFO: [ app_end ] --START--
INFO: Run Behavior\ShowPageTraceBehavior [ RunTime:0.000556s ]
INFO: [ app_end ] --END-- [ RunTime:0.000618s ]

[ 2015-01-06T17:30:40+08:00 ] ::1 /whr/index.php?s=/Home/City/citySave
INFO: [ app_begin ] --START--
INFO: Run Behavior\ReadHtmlCacheBehavior [ RunTime:0.000830s ]
INFO: [ app_begin ] --END-- [ RunTime:0.001291s ]
INFO: [ app_end ] --START--
INFO: Run Behavior\ShowPageTraceBehavior [ RunTime:0.000695s ]
INFO: [ app_end ] --END-- [ RunTime:0.000742s ]

[ 2015-01-06T18:15:09+08:00 ] ::1 /whr/index.php?s=/Home/City/citySave
INFO: [ app_begin ] --START--
INFO: Run Behavior\ReadHtmlCacheBehavior [ RunTime:0.000452s ]
INFO: [ app_begin ] --END-- [ RunTime:0.000764s ]
INFO: [ app_end ] --START--
INFO: Run Behavior\ShowPageTraceBehavior [ RunTime:0.000432s ]
INFO: [ app_end ] --END-- [ RunTime:0.000468s ]

[ 2015-01-06T18:15:09+08:00 ] ::1 /whr/index.php?s=/Home/City/vallcage
INFO: [ app_begin ] --START--
INFO: Run Behavior\ReadHtmlCacheBehavior [ RunTime:0.000622s ]
INFO: [ app_begin ] --END-- [ RunTime:0.000958s ]
INFO: [ app_end ] --START--
INFO: Run Behavior\ShowPageTraceBehavior [ RunTime:0.000550s ]
INFO: [ app_end ] --END-- [ RunTime:0.000594s ]

[ 2015-01-06T18:22:46+08:00 ] ::1 /whr/index.php?s=/Home/City/vallcage
INFO: [ app_begin ] --START--
INFO: Run Behavior\ReadHtmlCacheBehavior [ RunTime:0.001492s ]
INFO: [ app_begin ] --END-- [ RunTime:0.001811s ]
SQL: SHOW COLUMNS FROM `wrt_region` [ RunTime:0.004407s ]
SQL: SELECT * FROM `wrt_region` WHERE ( REGION_ID=2334 ) LIMIT 1   [ RunTime:0.000379s ]
SQL: SELECT * FROM `wrt_region` WHERE ( PARENT_ID=234 and REGION_ID!=2334 )  [ RunTime:0.005344s ]

[ 2015-01-06T18:22:46+08:00 ] ::1 /whr/index.php?s=/Home/City/citySave
INFO: [ app_begin ] --START--
INFO: Run Behavior\ReadHtmlCacheBehavior [ RunTime:0.000780s ]
INFO: [ app_begin ] --END-- [ RunTime:0.001154s ]
SQL: SHOW COLUMNS FROM `wrt_region` [ RunTime:0.004334s ]
SQL: SELECT * FROM `wrt_region` WHERE ( REGION_ID=234 ) LIMIT 1   [ RunTime:0.000317s ]
SQL: SELECT * FROM `wrt_region` WHERE ( PARENT_ID=20 and REGION_ID!=234 )  [ RunTime:0.005394s ]

[ 2015-01-06T18:23:05+08:00 ] ::1 /whr/index.php?s=/Home/City/citySave
INFO: [ app_begin ] --START--
INFO: Run Behavior\ReadHtmlCacheBehavior [ RunTime:0.000703s ]
INFO: [ app_begin ] --END-- [ RunTime:0.001113s ]
SQL: SHOW COLUMNS FROM `wrt_region` [ RunTime:0.003966s ]
SQL: SELECT * FROM `wrt_region` WHERE ( REGION_ID=234 ) LIMIT 1   [ RunTime:0.000267s ]
SQL: SELECT * FROM `wrt_region` WHERE ( PARENT_ID=20 and REGION_ID!=234 )  [ RunTime:0.005050s ]

[ 2015-01-06T18:23:05+08:00 ] ::1 /whr/index.php?s=/Home/City/vallcage
INFO: [ app_begin ] --START--
INFO: Run Behavior\ReadHtmlCacheBehavior [ RunTime:0.000644s ]
INFO: [ app_begin ] --END-- [ RunTime:0.001093s ]
SQL: SHOW COLUMNS FROM `wrt_region` [ RunTime:0.004555s ]
SQL: SELECT * FROM `wrt_region` WHERE ( REGION_ID=2334 ) LIMIT 1   [ RunTime:0.000309s ]
SQL: SELECT * FROM `wrt_region` WHERE ( PARENT_ID=234 and REGION_ID!=2334 )  [ RunTime:0.005188s ]

[ 2015-01-06T18:23:14+08:00 ] ::1 /whr/index.php?s=/Home/City/citySave
INFO: [ app_begin ] --START--
INFO: Run Behavior\ReadHtmlCacheBehavior [ RunTime:0.000546s ]
INFO: [ app_begin ] --END-- [ RunTime:0.000899s ]
SQL: SHOW COLUMNS FROM `wrt_region` [ RunTime:0.004184s ]
SQL: SELECT * FROM `wrt_region` WHERE ( REGION_ID=234 ) LIMIT 1   [ RunTime:0.000305s ]
SQL: SELECT * FROM `wrt_region` WHERE ( PARENT_ID=20 and REGION_ID!=234 )  [ RunTime:0.006064s ]

[ 2015-01-06T18:23:14+08:00 ] ::1 /whr/index.php?s=/Home/City/vallcage
INFO: [ app_begin ] --START--
INFO: Run Behavior\ReadHtmlCacheBehavior [ RunTime:0.000683s ]
INFO: [ app_begin ] --END-- [ RunTime:0.001056s ]
SQL: SHOW COLUMNS FROM `wrt_region` [ RunTime:0.004489s ]
SQL: SELECT * FROM `wrt_region` WHERE ( REGION_ID=2334 ) LIMIT 1   [ RunTime:0.000377s ]
SQL: SELECT * FROM `wrt_region` WHERE ( PARENT_ID=234 and REGION_ID!=2334 )  [ RunTime:0.005121s ]

[ 2015-01-06T18:23:19+08:00 ] ::1 /whr/index.php?s=/Home/City/vallcage
INFO: [ app_begin ] --START--
INFO: Run Behavior\ReadHtmlCacheBehavior [ RunTime:0.000468s ]
INFO: [ app_begin ] --END-- [ RunTime:0.000788s ]
INFO: [ app_end ] --START--
INFO: Run Behavior\ShowPageTraceBehavior [ RunTime:0.000457s ]
INFO: [ app_end ] --END-- [ RunTime:0.000513s ]

[ 2015-01-06T18:23:19+08:00 ] ::1 /whr/index.php?s=/Home/City/citySave
INFO: [ app_begin ] --START--
INFO: Run Behavior\ReadHtmlCacheBehavior [ RunTime:0.000976s ]
INFO: [ app_begin ] --END-- [ RunTime:0.001425s ]
INFO: [ app_end ] --START--
INFO: Run Behavior\ShowPageTraceBehavior [ RunTime:0.001089s ]
INFO: [ app_end ] --END-- [ RunTime:0.001154s ]

[ 2015-01-06T18:23:22+08:00 ] ::1 /whr/index.php?s=/Home/City/vallcage
INFO: [ app_begin ] --START--
INFO: Run Behavior\ReadHtmlCacheBehavior [ RunTime:0.000920s ]
INFO: [ app_begin ] --END-- [ RunTime:0.001261s ]
INFO: [ app_end ] --START--
INFO: Run Behavior\ShowPageTraceBehavior [ RunTime:0.000535s ]
INFO: [ app_end ] --END-- [ RunTime:0.000572s ]

[ 2015-01-06T18:23:22+08:00 ] ::1 /whr/index.php?s=/Home/City/citySave
INFO: [ app_begin ] --START--
INFO: Run Behavior\ReadHtmlCacheBehavior [ RunTime:0.000893s ]
INFO: [ app_begin ] --END-- [ RunTime:0.001355s ]
INFO: [ app_end ] --START--
INFO: Run Behavior\ShowPageTraceBehavior [ RunTime:0.000795s ]
INFO: [ app_end ] --END-- [ RunTime:0.000839s ]

[ 2015-01-06T18:40:29+08:00 ] ::1 /whr/index.php?s=/Home/City/vallcage
INFO: [ app_begin ] --START--
INFO: Run Behavior\ReadHtmlCacheBehavior [ RunTime:0.000454s ]
INFO: [ app_begin ] --END-- [ RunTime:0.000765s ]
INFO: [ app_end ] --START--
INFO: Run Behavior\ShowPageTraceBehavior [ RunTime:0.000466s ]
INFO: [ app_end ] --END-- [ RunTime:0.000506s ]

[ 2015-01-06T18:40:29+08:00 ] ::1 /whr/index.php?s=/Home/City/citySave
INFO: [ app_begin ] --START--
INFO: Run Behavior\ReadHtmlCacheBehavior [ RunTime:0.000579s ]
INFO: [ app_begin ] --END-- [ RunTime:0.000921s ]
INFO: [ app_end ] --START--
INFO: Run Behavior\ShowPageTraceBehavior [ RunTime:0.000644s ]
INFO: [ app_end ] --END-- [ RunTime:0.000715s ]

[ 2015-01-06T18:40:30+08:00 ] ::1 /whr/index.php?s=/Home/City/citySave
INFO: [ app_begin ] --START--
INFO: Run Behavior\ReadHtmlCacheBehavior [ RunTime:0.000478s ]
INFO: [ app_begin ] --END-- [ RunTime:0.000811s ]
INFO: [ app_end ] --START--
INFO: Run Behavior\ShowPageTraceBehavior [ RunTime:0.000505s ]
INFO: [ app_end ] --END-- [ RunTime:0.000550s ]

[ 2015-01-06T18:40:30+08:00 ] ::1 /whr/index.php?s=/Home/City/vallcage
INFO: [ app_begin ] --START--
INFO: Run Behavior\ReadHtmlCacheBehavior [ RunTime:0.000658s ]
INFO: [ app_begin ] --END-- [ RunTime:0.001085s ]
INFO: [ app_end ] --START--
INFO: Run Behavior\ShowPageTraceBehavior [ RunTime:0.000579s ]
INFO: [ app_end ] --END-- [ RunTime:0.000636s ]

[ 2015-01-06T18:40:34+08:00 ] ::1 /whr/index.php?s=/Home/City/citySave
INFO: [ app_begin ] --START--
INFO: Run Behavior\ReadHtmlCacheBehavior [ RunTime:0.000941s ]
INFO: [ app_begin ] --END-- [ RunTime:0.001755s ]
INFO: [ app_end ] --START--
INFO: Run Behavior\ShowPageTraceBehavior [ RunTime:0.001194s ]
INFO: [ app_end ] --END-- [ RunTime:0.001253s ]

[ 2015-01-06T18:40:34+08:00 ] ::1 /whr/index.php?s=/Home/City/vallcage
INFO: [ app_begin ] --START--
INFO: Run Behavior\ReadHtmlCacheBehavior [ RunTime:0.002129s ]
INFO: [ app_begin ] --END-- [ RunTime:0.002685s ]
INFO: [ app_end ] --START--
INFO: Run Behavior\ShowPageTraceBehavior [ RunTime:0.000501s ]
INFO: [ app_end ] --END-- [ RunTime:0.000579s ]

[ 2015-01-06T18:40:44+08:00 ] ::1 /whr/index.php?s=/Home/City/vallcage
INFO: [ app_begin ] --START--
INFO: Run Behavior\ReadHtmlCacheBehavior [ RunTime:0.000537s ]
INFO: [ app_begin ] --END-- [ RunTime:0.000853s ]
INFO: [ app_end ] --START--
INFO: Run Behavior\ShowPageTraceBehavior [ RunTime:0.000558s ]
INFO: [ app_end ] --END-- [ RunTime:0.000648s ]

[ 2015-01-06T18:40:44+08:00 ] ::1 /whr/index.php?s=/Home/City/citySave
INFO: [ app_begin ] --START--
INFO: Run Behavior\ReadHtmlCacheBehavior [ RunTime:0.000606s ]
INFO: [ app_begin ] --END-- [ RunTime:0.000921s ]
INFO: [ app_end ] --START--
INFO: Run Behavior\ShowPageTraceBehavior [ RunTime:0.000473s ]
INFO: [ app_end ] --END-- [ RunTime:0.000516s ]

[ 2015-01-06T18:40:46+08:00 ] ::1 /whr/index.php?s=/Home/City/citySave
INFO: [ app_begin ] --START--
INFO: Run Behavior\ReadHtmlCacheBehavior [ RunTime:0.000465s ]
INFO: [ app_begin ] --END-- [ RunTime:0.000787s ]
INFO: [ app_end ] --START--
INFO: Run Behavior\ShowPageTraceBehavior [ RunTime:0.000441s ]
INFO: [ app_end ] --END-- [ RunTime:0.000479s ]

[ 2015-01-06T18:40:46+08:00 ] ::1 /whr/index.php?s=/Home/City/vallcage
INFO: [ app_begin ] --START--
INFO: Run Behavior\ReadHtmlCacheBehavior [ RunTime:0.000484s ]
INFO: [ app_begin ] --END-- [ RunTime:0.000798s ]
INFO: [ app_end ] --START--
INFO: Run Behavior\ShowPageTraceBehavior [ RunTime:0.000480s ]
INFO: [ app_end ] --END-- [ RunTime:0.000532s ]

[ 2015-01-06T19:04:44+08:00 ] ::1 /whr/index.php?s=/Home/City/citySave
INFO: [ app_begin ] --START--
INFO: Run Behavior\ReadHtmlCacheBehavior [ RunTime:0.000714s ]
INFO: [ app_begin ] --END-- [ RunTime:0.001087s ]
INFO: [ app_end ] --START--
INFO: Run Behavior\ShowPageTraceBehavior [ RunTime:0.001428s ]
INFO: [ app_end ] --END-- [ RunTime:0.001465s ]

[ 2015-01-06T19:04:44+08:00 ] ::1 /whr/index.php?s=/Home/City/vallcage
INFO: [ app_begin ] --START--
INFO: Run Behavior\ReadHtmlCacheBehavior [ RunTime:0.000732s ]
INFO: [ app_begin ] --END-- [ RunTime:0.001091s ]
INFO: [ app_end ] --START--
INFO: Run Behavior\ShowPageTraceBehavior [ RunTime:0.000734s ]
INFO: [ app_end ] --END-- [ RunTime:0.000788s ]

[ 2015-01-06T19:04:48+08:00 ] ::1 /whr/index.php?s=/Home/City/vallcage
INFO: [ app_begin ] --START--
INFO: Run Behavior\ReadHtmlCacheBehavior [ RunTime:0.000753s ]
INFO: [ app_begin ] --END-- [ RunTime:0.001238s ]
INFO: [ app_end ] --START--
INFO: Run Behavior\ShowPageTraceBehavior [ RunTime:0.001452s ]
INFO: [ app_end ] --END-- [ RunTime:0.001534s ]

[ 2015-01-06T19:04:48+08:00 ] ::1 /whr/index.php?s=/Home/City/citySave
INFO: [ app_begin ] --START--
INFO: Run Behavior\ReadHtmlCacheBehavior [ RunTime:0.000957s ]
INFO: [ app_begin ] --END-- [ RunTime:0.001289s ]
INFO: [ app_end ] --START--
INFO: Run Behavior\ShowPageTraceBehavior [ RunTime:0.000658s ]
INFO: [ app_end ] --END-- [ RunTime:0.000705s ]

[ 2015-01-06T19:08:00+08:00 ] ::1 /whr/index.php?s=/Home/City/citySave
INFO: [ app_begin ] --START--
INFO: Run Behavior\ReadHtmlCacheBehavior [ RunTime:0.000764s ]
INFO: [ app_begin ] --END-- [ RunTime:0.001155s ]
SQL: SHOW COLUMNS FROM `wrt_region` [ RunTime:0.004476s ]
SQL: SELECT * FROM `wrt_region` WHERE ( REGION_ID=94 ) LIMIT 1   [ RunTime:0.000260s ]
SQL: SELECT * FROM `wrt_region` WHERE ( PARENT_ID=9 and REGION_ID!=94 )  [ RunTime:0.004780s ]

[ 2015-01-06T19:08:00+08:00 ] ::1 /whr/index.php?s=/Home/City/vallcage
INFO: [ app_begin ] --START--
INFO: Run Behavior\ReadHtmlCacheBehavior [ RunTime:0.000978s ]
INFO: [ app_begin ] --END-- [ RunTime:0.001399s ]
SQL: SHOW COLUMNS FROM `wrt_region` [ RunTime:0.005130s ]
SQL: SELECT * FROM `wrt_region` WHERE ( REGION_ID=1018 ) LIMIT 1   [ RunTime:0.000332s ]
SQL: SELECT * FROM `wrt_region` WHERE ( PARENT_ID=94 and REGION_ID!=1018 )  [ RunTime:0.004953s ]

[ 2015-01-06T19:08:05+08:00 ] ::1 /whr/index.php?s=/Home/City/vallcage
INFO: [ app_begin ] --START--
INFO: Run Behavior\ReadHtmlCacheBehavior [ RunTime:0.000715s ]
INFO: [ app_begin ] --END-- [ RunTime:0.001086s ]
SQL: SHOW COLUMNS FROM `wrt_region` [ RunTime:0.004024s ]
SQL: SELECT * FROM `wrt_region` WHERE ( REGION_ID=1018 ) LIMIT 1   [ RunTime:0.000315s ]
SQL: SELECT * FROM `wrt_region` WHERE ( PARENT_ID=94 and REGION_ID!=1018 )  [ RunTime:0.004843s ]

[ 2015-01-06T19:08:05+08:00 ] ::1 /whr/index.php?s=/Home/City/citySave
INFO: [ app_begin ] --START--
INFO: Run Behavior\ReadHtmlCacheBehavior [ RunTime:0.000913s ]
INFO: [ app_begin ] --END-- [ RunTime:0.001298s ]
SQL: SHOW COLUMNS FROM `wrt_region` [ RunTime:0.004567s ]
SQL: SELECT * FROM `wrt_region` WHERE ( REGION_ID=94 ) LIMIT 1   [ RunTime:0.000325s ]
SQL: SELECT * FROM `wrt_region` WHERE ( PARENT_ID=9 and REGION_ID!=94 )  [ RunTime:0.005029s ]

[ 2015-01-06T19:08:19+08:00 ] ::1 /whr/index.php?s=/Home/City/vallcage
INFO: [ app_begin ] --START--
INFO: Run Behavior\ReadHtmlCacheBehavior [ RunTime:0.000804s ]
INFO: [ app_begin ] --END-- [ RunTime:0.001210s ]
SQL: SHOW COLUMNS FROM `wrt_region` [ RunTime:0.004703s ]
SQL: SELECT * FROM `wrt_region` WHERE ( REGION_ID=1018 ) LIMIT 1   [ RunTime:0.000280s ]
SQL: SELECT * FROM `wrt_region` WHERE ( PARENT_ID=94 and REGION_ID!=1018 )  [ RunTime:0.004920s ]

[ 2015-01-06T19:08:19+08:00 ] ::1 /whr/index.php?s=/Home/City/citySave
INFO: [ app_begin ] --START--
INFO: Run Behavior\ReadHtmlCacheBehavior [ RunTime:0.000858s ]
INFO: [ app_begin ] --END-- [ RunTime:0.001320s ]
SQL: SHOW COLUMNS FROM `wrt_region` [ RunTime:0.004658s ]
SQL: SELECT * FROM `wrt_region` WHERE ( REGION_ID=94 ) LIMIT 1   [ RunTime:0.000372s ]
SQL: SELECT * FROM `wrt_region` WHERE ( PARENT_ID=9 and REGION_ID!=94 )  [ RunTime:0.004874s ]

[ 2015-01-06T19:08:23+08:00 ] ::1 /whr/index.php?s=/Home/City/vallcage
INFO: [ app_begin ] --START--
INFO: Run Behavior\ReadHtmlCacheBehavior [ RunTime:0.000640s ]
INFO: [ app_begin ] --END-- [ RunTime:0.001029s ]
SQL: SHOW COLUMNS FROM `wrt_region` [ RunTime:0.004359s ]
SQL: SELECT * FROM `wrt_region` WHERE ( REGION_ID=1018 ) LIMIT 1   [ RunTime:0.000344s ]
SQL: SELECT * FROM `wrt_region` WHERE ( PARENT_ID=94 and REGION_ID!=1018 )  [ RunTime:0.004964s ]

[ 2015-01-06T19:08:23+08:00 ] ::1 /whr/index.php?s=/Home/City/citySave
INFO: [ app_begin ] --START--
INFO: Run Behavior\ReadHtmlCacheBehavior [ RunTime:0.000849s ]
INFO: [ app_begin ] --END-- [ RunTime:0.001235s ]
SQL: SHOW COLUMNS FROM `wrt_region` [ RunTime:0.004102s ]
SQL: SELECT * FROM `wrt_region` WHERE ( REGION_ID=94 ) LIMIT 1   [ RunTime:0.000246s ]
SQL: SELECT * FROM `wrt_region` WHERE ( PARENT_ID=9 and REGION_ID!=94 )  [ RunTime:0.005209s ]

[ 2015-01-06T19:08:28+08:00 ] ::1 /whr/index.php?s=/Home/City/citySave
INFO: [ app_begin ] --START--
INFO: Run Behavior\ReadHtmlCacheBehavior [ RunTime:0.000846s ]
INFO: [ app_begin ] --END-- [ RunTime:0.001242s ]
SQL: SHOW COLUMNS FROM `wrt_region` [ RunTime:0.004389s ]
SQL: SELECT * FROM `wrt_region` WHERE ( REGION_ID=94 ) LIMIT 1   [ RunTime:0.000288s ]
SQL: SELECT * FROM `wrt_region` WHERE ( PARENT_ID=9 and REGION_ID!=94 )  [ RunTime:0.004863s ]

[ 2015-01-06T19:08:28+08:00 ] ::1 /whr/index.php?s=/Home/City/vallcage
INFO: [ app_begin ] --START--
INFO: Run Behavior\ReadHtmlCacheBehavior [ RunTime:0.000996s ]
INFO: [ app_begin ] --END-- [ RunTime:0.001423s ]
SQL: SHOW COLUMNS FROM `wrt_region` [ RunTime:0.004326s ]
SQL: SELECT * FROM `wrt_region` WHERE ( REGION_ID=1018 ) LIMIT 1   [ RunTime:0.000291s ]
SQL: SELECT * FROM `wrt_region` WHERE ( PARENT_ID=94 and REGION_ID!=1018 )  [ RunTime:0.005689s ]

[ 2015-01-06T19:12:59+08:00 ] ::1 /whr/index.php?s=/Home/City/vallcage
INFO: [ app_begin ] --START--
INFO: Run Behavior\ReadHtmlCacheBehavior [ RunTime:0.000691s ]
INFO: [ app_begin ] --END-- [ RunTime:0.001062s ]
INFO: [ app_end ] --START--
INFO: Run Behavior\ShowPageTraceBehavior [ RunTime:0.000711s ]
INFO: [ app_end ] --END-- [ RunTime:0.000767s ]

[ 2015-01-06T19:12:59+08:00 ] ::1 /whr/index.php?s=/Home/City/citySave
INFO: [ app_begin ] --START--
INFO: Run Behavior\ReadHtmlCacheBehavior [ RunTime:0.000977s ]
INFO: [ app_begin ] --END-- [ RunTime:0.001458s ]
INFO: [ app_end ] --START--
INFO: Run Behavior\ShowPageTraceBehavior [ RunTime:0.000801s ]
INFO: [ app_end ] --END-- [ RunTime:0.000844s ]

[ 2015-01-06T19:50:38+08:00 ] ::1 /whr/index.php?s=/Home/City/vallage
INFO: [ app_begin ] --START--
INFO: Run Behavior\ReadHtmlCacheBehavior [ RunTime:0.000832s ]
INFO: [ app_begin ] --END-- [ RunTime:0.001307s ]
SQL: select region_id,region_name from wrt_region where parent_id =undefined [ RunTime:0.000173s ]
ERR: 1054:Unknown column 'undefined' in 'where clause'
 [ SQL语句 ] : select region_id,region_name from wrt_region where parent_id =undefined

[ 2015-01-06T20:38:14+08:00 ] ::1 /whr/index.php?s=/Home/Order/urlAjaxOrderFind
INFO: [ app_begin ] --START--
INFO: Run Behavior\ReadHtmlCacheBehavior [ RunTime:0.000448s ]
INFO: [ app_begin ] --END-- [ RunTime:0.000759s ]
SQL: SHOW COLUMNS FROM wrt_order o [ RunTime:0.000170s ]
ERR: 1064:You have an error in your SQL syntax; check the manual that corresponds to your MySQL server version for the right syntax to use near 'o' at line 1
 [ SQL语句 ] : SHOW COLUMNS FROM wrt_order o
SQL: SELECT o.*,u.user_id,b.id,b.name,u.user_name FROM wrt_order o INNER JOIN wrt_user AS u ON u.user_id=o.user_id INNER JOIN wrt_business AS b ON b.id=o.bid  WHERE ( o.oid=4 ) LIMIT 1   [ RunTime:0.000394s ]

[ 2015-01-06T20:38:14+08:00 ] ::1 /whr/index.php?s=/Home/Order/urlAjaxOrderFind
INFO: [ app_begin ] --START--
INFO: Run Behavior\ReadHtmlCacheBehavior [ RunTime:0.000439s ]
INFO: [ app_begin ] --END-- [ RunTime:0.000760s ]
SQL: SHOW COLUMNS FROM wrt_order o [ RunTime:0.000089s ]
ERR: 1064:You have an error in your SQL syntax; check the manual that corresponds to your MySQL server version for the right syntax to use near 'o' at line 1
 [ SQL语句 ] : SHOW COLUMNS FROM wrt_order o
SQL: SELECT o.*,u.user_id,b.id,b.name,u.user_name FROM wrt_order o INNER JOIN wrt_user AS u ON u.user_id=o.user_id INNER JOIN wrt_business AS b ON b.id=o.bid  WHERE ( o.oid=6 ) LIMIT 1   [ RunTime:0.000350s ]

[ 2015-01-06T20:38:15+08:00 ] ::1 /whr/index.php?s=/Home/Order/urlAjaxOrderFind
INFO: [ app_begin ] --START--
INFO: Run Behavior\ReadHtmlCacheBehavior [ RunTime:0.000425s ]
INFO: [ app_begin ] --END-- [ RunTime:0.000711s ]
SQL: SHOW COLUMNS FROM wrt_order o [ RunTime:0.000118s ]
ERR: 1064:You have an error in your SQL syntax; check the manual that corresponds to your MySQL server version for the right syntax to use near 'o' at line 1
 [ SQL语句 ] : SHOW COLUMNS FROM wrt_order o
SQL: SELECT o.*,u.user_id,b.id,b.name,u.user_name FROM wrt_order o INNER JOIN wrt_user AS u ON u.user_id=o.user_id INNER JOIN wrt_business AS b ON b.id=o.bid  WHERE ( o.oid=12 ) LIMIT 1   [ RunTime:0.000323s ]

[ 2015-01-06T20:38:15+08:00 ] ::1 /whr/index.php?s=/Home/Order/urlAjaxOrderFind
INFO: [ app_begin ] --START--
INFO: Run Behavior\ReadHtmlCacheBehavior [ RunTime:0.000453s ]
INFO: [ app_begin ] --END-- [ RunTime:0.000773s ]
SQL: SHOW COLUMNS FROM wrt_order o [ RunTime:0.000185s ]
ERR: 1064:You have an error in your SQL syntax; check the manual that corresponds to your MySQL server version for the right syntax to use near 'o' at line 1
 [ SQL语句 ] : SHOW COLUMNS FROM wrt_order o
SQL: SELECT o.*,u.user_id,b.id,b.name,u.user_name FROM wrt_order o INNER JOIN wrt_user AS u ON u.user_id=o.user_id INNER JOIN wrt_business AS b ON b.id=o.bid  WHERE ( o.oid=4 ) LIMIT 1   [ RunTime:0.000370s ]

[ 2015-01-06T20:38:24+08:00 ] ::1 /whr/index.php?s=/Home/Order/urlAjaxOrderFind
INFO: [ app_begin ] --START--
INFO: Run Behavior\ReadHtmlCacheBehavior [ RunTime:0.001274s ]
INFO: [ app_begin ] --END-- [ RunTime:0.001618s ]
SQL: SHOW COLUMNS FROM wrt_order o [ RunTime:0.000103s ]
ERR: 1064:You have an error in your SQL syntax; check the manual that corresponds to your MySQL server version for the right syntax to use near 'o' at line 1
 [ SQL语句 ] : SHOW COLUMNS FROM wrt_order o
SQL: SELECT o.*,u.user_id,b.id,b.name,u.user_name FROM wrt_order o INNER JOIN wrt_user AS u ON u.user_id=o.user_id INNER JOIN wrt_business AS b ON b.id=o.bid  WHERE ( o.oid=12 ) LIMIT 1   [ RunTime:0.000287s ]

[ 2015-01-06T20:38:42+08:00 ] ::1 /whr/index.php?s=/Home/Order/urlAjaxOrderFind
INFO: [ app_begin ] --START--
INFO: Run Behavior\ReadHtmlCacheBehavior [ RunTime:0.001414s ]
INFO: [ app_begin ] --END-- [ RunTime:0.001783s ]
SQL: SHOW COLUMNS FROM wrt_order o [ RunTime:0.000171s ]
ERR: 1064:You have an error in your SQL syntax; check the manual that corresponds to your MySQL server version for the right syntax to use near 'o' at line 1
 [ SQL语句 ] : SHOW COLUMNS FROM wrt_order o
SQL: SELECT o.*,u.user_id,b.id,b.name,u.user_name FROM wrt_order o INNER JOIN wrt_user AS u ON u.user_id=o.user_id INNER JOIN wrt_business AS b ON b.id=o.bid  WHERE ( o.oid=4 ) LIMIT 1   [ RunTime:0.000378s ]

[ 2015-01-06T20:38:53+08:00 ] ::1 /whr/index.php?s=/Home/Order/urlAjaxOrderFind
INFO: [ app_begin ] --START--
INFO: Run Behavior\ReadHtmlCacheBehavior [ RunTime:0.000454s ]
INFO: [ app_begin ] --END-- [ RunTime:0.000809s ]
SQL: SHOW COLUMNS FROM wrt_order o [ RunTime:0.000156s ]
ERR: 1064:You have an error in your SQL syntax; check the manual that corresponds to your MySQL server version for the right syntax to use near 'o' at line 1
 [ SQL语句 ] : SHOW COLUMNS FROM wrt_order o
SQL: SELECT o.*,u.user_id,b.id,b.name,u.user_name FROM wrt_order o INNER JOIN wrt_user AS u ON u.user_id=o.user_id INNER JOIN wrt_business AS b ON b.id=o.bid  WHERE ( o.oid=4 ) LIMIT 1   [ RunTime:0.000340s ]

[ 2015-01-06T20:39:22+08:00 ] ::1 /whr/index.php?s=/Home/Order/urlAjaxOrderFind
INFO: [ app_begin ] --START--
INFO: Run Behavior\ReadHtmlCacheBehavior [ RunTime:0.000423s ]
INFO: [ app_begin ] --END-- [ RunTime:0.000705s ]
SQL: SHOW COLUMNS FROM wrt_order o [ RunTime:0.000111s ]
ERR: 1064:You have an error in your SQL syntax; check the manual that corresponds to your MySQL server version for the right syntax to use near 'o' at line 1
 [ SQL语句 ] : SHOW COLUMNS FROM wrt_order o
SQL: SELECT o.*,u.user_id,b.id,b.name,u.user_name FROM wrt_order o INNER JOIN wrt_user AS u ON u.user_id=o.user_id INNER JOIN wrt_business AS b ON b.id=o.bid  WHERE ( o.oid=4 ) LIMIT 1   [ RunTime:0.000375s ]

[ 2015-01-06T20:39:25+08:00 ] ::1 /whr/index.php?s=/Home/Order/urlAjaxOrderFind
INFO: [ app_begin ] --START--
INFO: Run Behavior\ReadHtmlCacheBehavior [ RunTime:0.001473s ]
INFO: [ app_begin ] --END-- [ RunTime:0.001860s ]
SQL: SHOW COLUMNS FROM wrt_order o [ RunTime:0.000179s ]
ERR: 1064:You have an error in your SQL syntax; check the manual that corresponds to your MySQL server version for the right syntax to use near 'o' at line 1
 [ SQL语句 ] : SHOW COLUMNS FROM wrt_order o
SQL: SELECT o.*,u.user_id,b.id,b.name,u.user_name FROM wrt_order o INNER JOIN wrt_user AS u ON u.user_id=o.user_id INNER JOIN wrt_business AS b ON b.id=o.bid  WHERE ( o.oid=4 ) LIMIT 1   [ RunTime:0.000368s ]

[ 2015-01-06T20:39:30+08:00 ] ::1 /whr/index.php?s=/Home/Order/urlAjaxOrderFind
INFO: [ app_begin ] --START--
INFO: Run Behavior\ReadHtmlCacheBehavior [ RunTime:0.000836s ]
INFO: [ app_begin ] --END-- [ RunTime:0.001193s ]
SQL: SHOW COLUMNS FROM wrt_order o [ RunTime:0.000085s ]
ERR: 1064:You have an error in your SQL syntax; check the manual that corresponds to your MySQL server version for the right syntax to use near 'o' at line 1
 [ SQL语句 ] : SHOW COLUMNS FROM wrt_order o
SQL: SELECT o.*,u.user_id,b.id,b.name,u.user_name FROM wrt_order o INNER JOIN wrt_user AS u ON u.user_id=o.user_id INNER JOIN wrt_business AS b ON b.id=o.bid  WHERE ( o.oid=4 ) LIMIT 1   [ RunTime:0.000297s ]

[ 2015-01-06T20:39:56+08:00 ] ::1 /whr/index.php?s=/Home/Order/urlAjaxOrderFind
INFO: [ app_begin ] --START--
INFO: Run Behavior\ReadHtmlCacheBehavior [ RunTime:0.000543s ]
INFO: [ app_begin ] --END-- [ RunTime:0.000865s ]
SQL: SHOW COLUMNS FROM wrt_order o [ RunTime:0.000117s ]
ERR: 1064:You have an error in your SQL syntax; check the manual that corresponds to your MySQL server version for the right syntax to use near 'o' at line 1
 [ SQL语句 ] : SHOW COLUMNS FROM wrt_order o
SQL: SELECT o.*,u.user_id,b.id,b.name,u.user_name FROM wrt_order o INNER JOIN wrt_user AS u ON u.user_id=o.user_id INNER JOIN wrt_business AS b ON b.id=o.bid  WHERE ( o.oid=4 ) LIMIT 1   [ RunTime:0.000356s ]

[ 2015-01-06T20:40:42+08:00 ] ::1 /whr/index.php?s=/Home/Order/urlAjaxOrderFind
INFO: [ app_begin ] --START--
INFO: Run Behavior\ReadHtmlCacheBehavior [ RunTime:0.000568s ]
INFO: [ app_begin ] --END-- [ RunTime:0.000898s ]
SQL: SHOW COLUMNS FROM wrt_order o [ RunTime:0.000134s ]
ERR: 1064:You have an error in your SQL syntax; check the manual that corresponds to your MySQL server version for the right syntax to use near 'o' at line 1
 [ SQL语句 ] : SHOW COLUMNS FROM wrt_order o
SQL: SELECT o.*,u.user_id,b.id,b.name,u.user_name FROM wrt_order o INNER JOIN wrt_user AS u ON u.user_id=o.user_id INNER JOIN wrt_business AS b ON b.id=o.bid  WHERE ( o.oid=4 ) LIMIT 1   [ RunTime:0.000347s ]

[ 2015-01-06T20:40:44+08:00 ] ::1 /whr/index.php?s=/Home/Order/urlAjaxOrderFind
INFO: [ app_begin ] --START--
INFO: Run Behavior\ReadHtmlCacheBehavior [ RunTime:0.000492s ]
INFO: [ app_begin ] --END-- [ RunTime:0.000839s ]
SQL: SHOW COLUMNS FROM wrt_order o [ RunTime:0.000229s ]
ERR: 1064:You have an error in your SQL syntax; check the manual that corresponds to your MySQL server version for the right syntax to use near 'o' at line 1
 [ SQL语句 ] : SHOW COLUMNS FROM wrt_order o
SQL: SELECT o.*,u.user_id,b.id,b.name,u.user_name FROM wrt_order o INNER JOIN wrt_user AS u ON u.user_id=o.user_id INNER JOIN wrt_business AS b ON b.id=o.bid  WHERE ( o.oid=11 ) LIMIT 1   [ RunTime:0.000400s ]

[ 2015-01-06T20:40:59+08:00 ] ::1 /whr/index.php?s=/Home/Order/urlAjaxOrderFind
INFO: [ app_begin ] --START--
INFO: Run Behavior\ReadHtmlCacheBehavior [ RunTime:0.000584s ]
INFO: [ app_begin ] --END-- [ RunTime:0.001039s ]
SQL: SHOW COLUMNS FROM wrt_order o [ RunTime:0.000143s ]
ERR: 1064:You have an error in your SQL syntax; check the manual that corresponds to your MySQL server version for the right syntax to use near 'o' at line 1
 [ SQL语句 ] : SHOW COLUMNS FROM wrt_order o
SQL: SELECT o.*,u.user_id,b.id,b.name,u.user_name FROM wrt_order o INNER JOIN wrt_user AS u ON u.user_id=o.user_id INNER JOIN wrt_business AS b ON b.id=o.bid  WHERE ( o.oid=17 ) LIMIT 1   [ RunTime:0.000339s ]

[ 2015-01-06T20:41:23+08:00 ] ::1 /whr/index.php?s=/Home/Order/urlAjaxOrderFind
INFO: [ app_begin ] --START--
INFO: Run Behavior\ReadHtmlCacheBehavior [ RunTime:0.000449s ]
INFO: [ app_begin ] --END-- [ RunTime:0.000748s ]
SQL: SHOW COLUMNS FROM wrt_order o [ RunTime:0.000186s ]
ERR: 1064:You have an error in your SQL syntax; check the manual that corresponds to your MySQL server version for the right syntax to use near 'o' at line 1
 [ SQL语句 ] : SHOW COLUMNS FROM wrt_order o
SQL: SELECT o.*,u.user_id,b.id,b.name,u.user_name FROM wrt_order o INNER JOIN wrt_user AS u ON u.user_id=o.user_id INNER JOIN wrt_business AS b ON b.id=o.bid  WHERE ( o.oid=2 ) LIMIT 1   [ RunTime:0.000619s ]

[ 2015-01-06T20:41:37+08:00 ] ::1 /whr/index.php?s=/Home/Order/urlAjaxOrderFind
INFO: [ app_begin ] --START--
INFO: Run Behavior\ReadHtmlCacheBehavior [ RunTime:0.001637s ]
INFO: [ app_begin ] --END-- [ RunTime:0.001982s ]
SQL: SHOW COLUMNS FROM wrt_order o [ RunTime:0.000095s ]
ERR: 1064:You have an error in your SQL syntax; check the manual that corresponds to your MySQL server version for the right syntax to use near 'o' at line 1
 [ SQL语句 ] : SHOW COLUMNS FROM wrt_order o
SQL: SELECT o.*,u.user_id,b.id,b.name,u.user_name FROM wrt_order o INNER JOIN wrt_user AS u ON u.user_id=o.user_id INNER JOIN wrt_business AS b ON b.id=o.bid  WHERE ( o.oid=2 ) LIMIT 1   [ RunTime:0.000296s ]

[ 2015-01-06T20:45:41+08:00 ] ::1 /whr/index.php?s=/Home/Order/urlAjaxOrderFind
INFO: [ app_begin ] --START--
INFO: Run Behavior\ReadHtmlCacheBehavior [ RunTime:0.000584s ]
INFO: [ app_begin ] --END-- [ RunTime:0.000923s ]
SQL: SHOW COLUMNS FROM wrt_order o [ RunTime:0.000164s ]
ERR: 1064:You have an error in your SQL syntax; check the manual that corresponds to your MySQL server version for the right syntax to use near 'o' at line 1
 [ SQL语句 ] : SHOW COLUMNS FROM wrt_order o
SQL: SELECT o.*,u.user_id,b.id,b.name,u.user_name FROM wrt_order o INNER JOIN wrt_user AS u ON u.user_id=o.user_id INNER JOIN wrt_business AS b ON b.id=o.bid  WHERE ( o.oid=2 ) LIMIT 1   [ RunTime:0.000365s ]

[ 2015-01-06T20:45:49+08:00 ] ::1 /whr/index.php?s=/Home/Order/urlAjaxOrderFind
INFO: [ app_begin ] --START--
INFO: Run Behavior\ReadHtmlCacheBehavior [ RunTime:0.001145s ]
INFO: [ app_begin ] --END-- [ RunTime:0.001431s ]
SQL: SHOW COLUMNS FROM wrt_order o [ RunTime:0.000232s ]
ERR: 1064:You have an error in your SQL syntax; check the manual that corresponds to your MySQL server version for the right syntax to use near 'o' at line 1
 [ SQL语句 ] : SHOW COLUMNS FROM wrt_order o
SQL: SELECT o.*,u.user_id,b.id,b.name,u.user_name FROM wrt_order o INNER JOIN wrt_user AS u ON u.user_id=o.user_id INNER JOIN wrt_business AS b ON b.id=o.bid  WHERE ( o.oid=2 ) LIMIT 1   [ RunTime:0.000402s ]

[ 2015-01-06T20:45:50+08:00 ] ::1 /whr/index.php?s=/Home/Order/urlAjaxOrderFind
INFO: [ app_begin ] --START--
INFO: Run Behavior\ReadHtmlCacheBehavior [ RunTime:0.000410s ]
INFO: [ app_begin ] --END-- [ RunTime:0.000696s ]
SQL: SHOW COLUMNS FROM wrt_order o [ RunTime:0.000192s ]
ERR: 1064:You have an error in your SQL syntax; check the manual that corresponds to your MySQL server version for the right syntax to use near 'o' at line 1
 [ SQL语句 ] : SHOW COLUMNS FROM wrt_order o
SQL: SELECT o.*,u.user_id,b.id,b.name,u.user_name FROM wrt_order o INNER JOIN wrt_user AS u ON u.user_id=o.user_id INNER JOIN wrt_business AS b ON b.id=o.bid  WHERE ( o.oid=1 ) LIMIT 1   [ RunTime:0.000388s ]

[ 2015-01-06T20:45:53+08:00 ] ::1 /whr/index.php?s=/Home/Order/urlAjaxOrderFind
INFO: [ app_begin ] --START--
INFO: Run Behavior\ReadHtmlCacheBehavior [ RunTime:0.000437s ]
INFO: [ app_begin ] --END-- [ RunTime:0.000728s ]
SQL: SHOW COLUMNS FROM wrt_order o [ RunTime:0.000124s ]
ERR: 1064:You have an error in your SQL syntax; check the manual that corresponds to your MySQL server version for the right syntax to use near 'o' at line 1
 [ SQL语句 ] : SHOW COLUMNS FROM wrt_order o
SQL: SELECT o.*,u.user_id,b.id,b.name,u.user_name FROM wrt_order o INNER JOIN wrt_user AS u ON u.user_id=o.user_id INNER JOIN wrt_business AS b ON b.id=o.bid  WHERE ( o.oid=14 ) LIMIT 1   [ RunTime:0.000360s ]

[ 2015-01-06T20:45:55+08:00 ] ::1 /whr/index.php?s=/Home/Order/urlAjaxOrderFind
INFO: [ app_begin ] --START--
INFO: Run Behavior\ReadHtmlCacheBehavior [ RunTime:0.000419s ]
INFO: [ app_begin ] --END-- [ RunTime:0.000725s ]
SQL: SHOW COLUMNS FROM wrt_order o [ RunTime:0.000232s ]
ERR: 1064:You have an error in your SQL syntax; check the manual that corresponds to your MySQL server version for the right syntax to use near 'o' at line 1
 [ SQL语句 ] : SHOW COLUMNS FROM wrt_order o
SQL: SELECT o.*,u.user_id,b.id,b.name,u.user_name FROM wrt_order o INNER JOIN wrt_user AS u ON u.user_id=o.user_id INNER JOIN wrt_business AS b ON b.id=o.bid  WHERE ( o.oid=16 ) LIMIT 1   [ RunTime:0.000420s ]

[ 2015-01-06T20:45:55+08:00 ] ::1 /whr/index.php?s=/Home/Order/urlAjaxOrderFind
INFO: [ app_begin ] --START--
INFO: Run Behavior\ReadHtmlCacheBehavior [ RunTime:0.000419s ]
INFO: [ app_begin ] --END-- [ RunTime:0.000698s ]
SQL: SHOW COLUMNS FROM wrt_order o [ RunTime:0.000169s ]
ERR: 1064:You have an error in your SQL syntax; check the manual that corresponds to your MySQL server version for the right syntax to use near 'o' at line 1
 [ SQL语句 ] : SHOW COLUMNS FROM wrt_order o
SQL: SELECT o.*,u.user_id,b.id,b.name,u.user_name FROM wrt_order o INNER JOIN wrt_user AS u ON u.user_id=o.user_id INNER JOIN wrt_business AS b ON b.id=o.bid  WHERE ( o.oid=15 ) LIMIT 1   [ RunTime:0.000521s ]

[ 2015-01-06T20:45:56+08:00 ] ::1 /whr/index.php?s=/Home/Order/urlAjaxOrderFind
INFO: [ app_begin ] --START--
INFO: Run Behavior\ReadHtmlCacheBehavior [ RunTime:0.000425s ]
INFO: [ app_begin ] --END-- [ RunTime:0.000707s ]
SQL: SHOW COLUMNS FROM wrt_order o [ RunTime:0.000172s ]
ERR: 1064:You have an error in your SQL syntax; check the manual that corresponds to your MySQL server version for the right syntax to use near 'o' at line 1
 [ SQL语句 ] : SHOW COLUMNS FROM wrt_order o
SQL: SELECT o.*,u.user_id,b.id,b.name,u.user_name FROM wrt_order o INNER JOIN wrt_user AS u ON u.user_id=o.user_id INNER JOIN wrt_business AS b ON b.id=o.bid  WHERE ( o.oid=14 ) LIMIT 1   [ RunTime:0.000362s ]

[ 2015-01-06T20:56:20+08:00 ] ::1 /whr/index.php?s=/Home/City/vallcage
INFO: [ app_begin ] --START--
INFO: Run Behavior\ReadHtmlCacheBehavior [ RunTime:0.000731s ]
INFO: [ app_begin ] --END-- [ RunTime:0.001206s ]
INFO: [ app_end ] --START--
INFO: Run Behavior\ShowPageTraceBehavior [ RunTime:0.000668s ]
INFO: [ app_end ] --END-- [ RunTime:0.000703s ]

[ 2015-01-06T20:56:20+08:00 ] ::1 /whr/index.php?s=/Home/City/citySave
INFO: [ app_begin ] --START--
INFO: Run Behavior\ReadHtmlCacheBehavior [ RunTime:0.000848s ]
INFO: [ app_begin ] --END-- [ RunTime:0.001233s ]
INFO: [ app_end ] --START--
INFO: Run Behavior\ShowPageTraceBehavior [ RunTime:0.000824s ]
INFO: [ app_end ] --END-- [ RunTime:0.000865s ]

